[21/07/2010 17:05:22] Conhaque: muito
[21/07/2010 18:07:47] Dunga Burro: ta ae
[21/07/2010 18:07:48] Dunga Burro: god
[21/07/2010 18:07:48] Dunga Burro: ?
[21/07/2010 18:18:28] Destination Noiszx: pode usa bot no treinner ?
[21/07/2010 18:18:47] GOD Rapha: sim
[21/07/2010 18:18:51] Destination Noiszx: =)
[21/07/2010 18:18:55] Destination Noiszx: na hunt pode ?
[21/07/2010 18:19:09] GOD Rapha: se eu pega nao vai pode
[21/07/2010 18:19:18] Destination Noiszx: ata
[21/07/2010 18:19:20] Destination Noiszx: ty
[21/07/2010 18:19:21] Destination Noiszx: =)
[21/07/2010 18:19:23] Destination Noiszx: se pega e ban 
[21/07/2010 18:19:23] Destination Noiszx: ?
[21/07/2010 18:19:27] GOD Rapha: s
[21/07/2010 18:19:37] Destination Noiszx: ainda bem q so uso pra treinnar :]
[21/07/2010 18:19:54] GOD Rapha: sei
[21/07/2010 18:19:55] GOD Rapha: wioaiwoiawoia
[21/07/2010 18:20:08] Destination Noiszx: uso n 
[21/07/2010 18:20:12] Destination Noiszx: serio =)
[21/07/2010 18:20:26] Madaleninha: sim sim muito lag
[21/07/2010 18:20:28] Destination Noiszx: pra upa eu uso minhas habilidade msm =D
[21/07/2010 18:20:34] Destination Noiszx: nem ta lag nao ...
[21/07/2010 18:20:40] Dunga Burro: GOD
[21/07/2010 18:20:41] Dunga Burro: ta ae
[21/07/2010 18:20:43] Dunga Burro: tira meu ban
[21/07/2010 18:20:45] Dunga Burro: kra por favor
[21/07/2010 18:20:50] Dunga Burro: tira ban meu no mlk doido
[21/07/2010 18:20:52] Dunga Burro: veio
[21/07/2010 18:20:56] Dunga Burro: por favor
[21/07/2010 18:20:57] GOD Rapha: n fui eu que dei ban
[21/07/2010 18:20:58] Pedriinhoo: God
[21/07/2010 18:21:01] Dunga Burro: aff
[21/07/2010 18:21:02] Dunga Burro: veio
[21/07/2010 18:21:05] Dunga Burro: kem ke deu ban
[21/07/2010 18:21:06] Dunga Burro: mano
[21/07/2010 18:21:08] Dunga Burro: tira AE
[21/07/2010 18:21:08] Pedriinhoo: god tem um bot nos treiner
[21/07/2010 18:21:08] Dunga Burro: pow
[21/07/2010 18:21:10] Dunga Burro: aff
[21/07/2010 18:21:17] Dunga Burro: aff
[21/07/2010 18:21:18] Dunga Burro: flw
[21/07/2010 18:21:19] GOD Rapha: bot nos treino pode
[21/07/2010 18:21:21] GOD Rapha: nao pode caçando
[21/07/2010 18:21:21] Destination Noiszx: Pedriinhooo noob
[21/07/2010 18:21:23] Destination Noiszx: Pedriinhooo noob
[21/07/2010 18:21:46] Pedriinhoo: kkkkkkkkkkkkkkkkkkkkk
[21/07/2010 18:22:04] Destination Noiszx: ou o mouse do kalil estrago ne ?
[21/07/2010 18:23:09] Mirna: pow mlk doido gente boa sacanage tira o ban deli ae o leke ta desesperado kerendo joga
[21/07/2010 18:23:10] Pedriinhoo: kkk
[21/07/2010 18:23:16] Mirna: o mlk se arrependeu do que fex
[21/07/2010 18:24:40] Destination Noiszx: oq ja fez ta feito , n tem como volta atras ...
[21/07/2010 18:25:14] GOD Rapha: nao fui eu que dei ban
[21/07/2010 18:25:15] Mirna: leke mas foi boberinha a deixa
[21/07/2010 18:25:18] GOD Rapha: o god real que deu
[21/07/2010 18:25:24] GOD Rapha: ele falo que nao vai tira
[21/07/2010 18:25:27] GOD Rapha: pq ele xingo ele
[21/07/2010 18:25:57] Mirna: olo esse god real era amigo do leke a deixa keto vcs n entende mermo
[21/07/2010 18:25:58] Mirna: pow
[21/07/2010 18:26:02] Mirna: ot fera
[21/07/2010 18:26:13] Destination Noiszx: mas cara chinga gm e ban .
[21/07/2010 18:26:53] GOD Rapha: sim
[21/07/2010 18:27:26] Mirna: a eskece
[21/07/2010 18:27:34] Destination Noiszx: ou god , vip e 3kk certo ?
[21/07/2010 18:27:37] Pedriinhoo: s
[21/07/2010 18:27:47] Destination Noiszx: perguntei pro c n noob '-'
[21/07/2010 18:28:15] Mirna: nb olha  lvl do leke e ker fala
[21/07/2010 18:28:16] Mirna: kkkkkkkkkkkkkk
[21/07/2010 18:28:20] Pedriinhoo: kkk
[21/07/2010 18:28:21] Destination Noiszx: mirna xiu
[21/07/2010 18:28:21] Destination Noiszx: ae
[21/07/2010 18:28:22] Pedriinhoo: mata nem rat
[21/07/2010 18:28:26] Destination Noiszx: criei esse char agr
[21/07/2010 18:28:28] Destination Noiszx: atade
[21/07/2010 18:28:31] Destination Noiszx: atarde*
[21/07/2010 18:28:33] Pedriinhoo: mentira
[21/07/2010 18:28:37] Pedriinhoo: tem 3 dia ja
[21/07/2010 18:28:38] Destination Noiszx: eu vo madruga hj tu vai ve o lvl q eu vo pega
[21/07/2010 18:28:43] Destination Noiszx: teu CU 
[21/07/2010 18:28:46] Mirna: upa ae mas n tem pvp
[21/07/2010 18:28:47] Mirna: kkkkkkk
[21/07/2010 18:28:51] Mirna: mata ninguem
[21/07/2010 18:28:53] Destination Noiszx: jae
[21/07/2010 18:28:53] Pedriinhoo: boteiro do krai
[21/07/2010 18:28:55] Destination Noiszx: dexa eu pega 
[21/07/2010 18:28:56] Destination Noiszx: lvl
[21/07/2010 18:28:57] Destination Noiszx: 150
[21/07/2010 18:29:01] Destination Noiszx: ai nois vai x2
[21/07/2010 18:29:02] Destination Noiszx: x1
[21/07/2010 18:29:03] Destination Noiszx: noobao[
[21/07/2010 18:29:06] Pedriinhoo: vai continua noob
[21/07/2010 18:29:09] Destination Noiszx: eu e seu pai
[21/07/2010 18:29:29] Pedriinhoo: meu pai
[21/07/2010 18:29:30] Pedriinhoo: te sola
[21/07/2010 18:29:31] Pedriinhoo: facil
[21/07/2010 18:29:39] Destination Noiszx: kkk .
[21/07/2010 18:29:50] Destination Noiszx: vo discuti n
[21/07/2010 18:29:52] Destination Noiszx: qndo tu ve
[21/07/2010 18:29:54] Destination Noiszx: meu lvl
[21/07/2010 18:29:57] Destination Noiszx: ..
[21/07/2010 18:38:21] Craraaarrara: tem god on?
[21/07/2010 18:38:58] GOD Rapha: eu
[21/07/2010 18:38:58] GOD Rapha: fala
[21/07/2010 18:40:44] Craraaarrara: ou da uma infomasao ai
[21/07/2010 18:41:00] Craraaarrara: onde arrumo itens baik
[21/07/2010 18:41:16] Craraaarrara: baiak
[21/07/2010 18:46:27] GOD Rapha: are a vip
[21/07/2010 18:46:29] GOD Rapha: area vip
[21/07/2010 18:46:35] GOD Rapha: npc la vende
[21/07/2010 18:49:42] Craraaarrara: god
[21/07/2010 18:49:47] Craraaarrara: to bugado
[21/07/2010 18:49:48] Craraaarrara: to bugado
[21/07/2010 18:49:49] Craraaarrara: to bugado
[21/07/2010 18:49:53] Craraaarrara: to preso
[21/07/2010 18:57:35] Destination Noiszx: ;x
[21/07/2010 19:22:39] Craraaarrara: to preso
[21/07/2010 19:22:40] Craraaarrara: to preso
[21/07/2010 19:22:41] Craraaarrara: to preso
[21/07/2010 19:22:43] Craraaarrara: to preso
[21/07/2010 19:23:33] Craraaarrara: sai
[21/07/2010 19:23:34] Craraaarrara: ¬¬
[21/07/2010 19:30:47] Lukinha of war: quanto custa vip...?
[21/07/2010 19:31:27] GOD Rapha: 3kk
[21/07/2010 19:31:30] Lukinha of war: fmz
[21/07/2010 20:54:06] Itubaina: tem god on ?
[21/07/2010 20:56:14] Itubaina: tem god on ?
[21/07/2010 22:33:30] Destination Noiszx: ot online 24hrs ?
[21/07/2010 22:45:13] Destination Noiszx: ALGM AE ?
[21/07/2010 22:46:08] Destination Noiszx: OUUUU MANO
[22/07/2010 00:34:57] Lukinha of war: é
[22/07/2010 00:35:00] Lukinha of war: ot on 24h
[22/07/2010 00:40:31] Lukinha of war: god ta aew?
[22/07/2010 10:48:51] Gabysita Sorc: goood ta ai?
[22/07/2010 11:41:12] Destination Noiszx: GM ON KERU COMPRA VIP
[22/07/2010 11:57:42] Destination Noiszx: gm ?
[22/07/2010 11:57:47] Destination Noiszx: keru compra vip
[22/07/2010 11:58:37] Destination Noiszx: KERU COMPRA VIP
[22/07/2010 12:05:30] Destination Noiszx: GM TA AII ?
[22/07/2010 12:15:51] Xibito: vc fas?
[22/07/2010 12:26:14] Rosoolek: n fala
[22/07/2010 12:26:15] Rosoolek: god
[22/07/2010 12:27:16] Rosoolek: porraaaaaaaaa
[22/07/2010 12:37:56] Google: ALGUM TUTOR OU GM AI ?:
[22/07/2010 12:46:57] Zorba: q bixo cai addon dol
[22/07/2010 12:46:58] Zorba: ??
[22/07/2010 18:35:26] Slim Shady: gm
[22/07/2010 18:35:27] Slim Shady: ae
[22/07/2010 18:46:40] Royal Silvas: da onde eu dropo addon ? ou compro ?
[22/07/2010 18:46:42] Royal Silvas: da onde eu dropo addon ? ou compro ?
[22/07/2010 18:47:03] Royal Silvas: de que bixo eu dopro addon  ou onde compro ?
[22/07/2010 19:18:52] Mr Pet: god on
[22/07/2010 19:18:53] Mr Pet: ?
[22/07/2010 19:35:59] Zorba: GM onn
[22/07/2010 19:38:04] Zorba: oweu quero compra uma casa
[22/07/2010 19:38:32] Zorba: gmmmm
[22/07/2010 19:38:36] Zorba: ADM
[22/07/2010 19:41:48] Reppol: o server tem arena?
[22/07/2010 19:48:54] Zorba: admmm aee?
[22/07/2010 19:54:32] Falcon Fak: onde coloca promotion ?
[22/07/2010 20:34:18] Pedriinhoo: god
[22/07/2010 20:34:19] Pedriinhoo: o sabako
[22/07/2010 20:34:20] Pedriinhoo: e vip
[22/07/2010 20:34:26] Pedriinhoo: e god
[22/07/2010 20:34:28] Pedriinhoo: que dize
[22/07/2010 21:01:18] Popy: tem alguem ae?
[22/07/2010 21:01:24] Pedriinhoo: eu'
[22/07/2010 21:01:34] Popy: to trapado no meio da agua >> do depot
[22/07/2010 21:01:36] Popy: comofaz?
[22/07/2010 21:01:36] Popy: D:
[22/07/2010 22:05:41] Dragon hell: god ta ae ou cm?
[22/07/2010 22:44:33] Slim Shady: como faz pra ser vip ?
[22/07/2010 22:44:42] Slim Shady: adm ae?
[22/07/2010 22:44:43] Popy: paga 3kk
[22/07/2010 22:44:44] Popy: pro god
[22/07/2010 22:44:49] Slim Shady: ave maria
[22/07/2010 22:44:54] Slim Shady: nao tem condições n
[23/07/2010 00:03:18] Impostor: vai reiniciar de novo?
[23/07/2010 11:28:54] Mr pedro: god
[23/07/2010 11:28:58] Mr pedro: ta aew?
[23/07/2010 12:22:46] Ice'witch: ow
[23/07/2010 12:22:48] Ice'witch: Rapa
[23/07/2010 12:22:50] Ice'witch: Rapha
[23/07/2010 12:23:03] Ice'witch: quero compra uma casa
[23/07/2010 12:23:11] Ice'witch: mais nao ta dando
[23/07/2010 12:23:27] Pequeno Morcego: onde
[23/07/2010 12:23:29] Pequeno Morcego: vc tah
[23/07/2010 12:23:29] Pequeno Morcego: ?
[23/07/2010 12:23:35] Ice'witch: temple
[23/07/2010 12:39:16] Game: GOD
[23/07/2010 12:39:20] Game: GOD
[23/07/2010 12:39:28] Game: fala onde eu upo
[23/07/2010 12:39:36] Impostor: oxi
[23/07/2010 12:39:37] Impostor: drag
[23/07/2010 12:40:01] Game: manow
[23/07/2010 12:40:04] Game: n conssigo
[23/07/2010 12:40:08] Impostor: entao vai rot
[23/07/2010 12:40:12] Game: lol
[23/07/2010 12:40:15] Game: da itens aew
[23/07/2010 12:40:16] Game: ?
[23/07/2010 12:40:28] Impostor: n posso, to fazendo uma parada pra minha mae
[23/07/2010 12:40:50] Game: olha quanto é a addon?
[23/07/2010 12:40:59] Impostor: vc tem q usar o bonequinho chama addon doll
[23/07/2010 12:41:05] Impostor: ai vc fala !addon (outfit)
[23/07/2010 12:41:07] Impostor: ja era
[23/07/2010 12:41:08] Impostor: tipo
[23/07/2010 12:41:10] Impostor: .!addon shaman
[23/07/2010 12:41:11] Impostor: ai faz
[23/07/2010 12:42:15] Alix: help i need money for potions!!!! god plx help or a gm or cm 
[23/07/2010 12:42:24] Impostor: no need money for potion
[23/07/2010 12:42:28] Impostor: buy a single mana potion
[23/07/2010 12:42:31] Impostor: and it is forever.
[23/07/2010 12:42:40] Impostor: 12:44 Using the last great mana potion... 12:44 Using the last great mana potion... 12:44 Using the last great mana potion... 12:44 Using the last great mana potion... 12:44 Using the last great mana potion...
[23/07/2010 12:42:42] Game: 12:42 Voce não possui Addon Doll!
[23/07/2010 12:42:46] Game: n da
[23/07/2010 12:42:47] Impostor: to falando
[23/07/2010 12:42:49] Impostor: vc tem q ter o boneco
[23/07/2010 12:42:56] Game: queal
[23/07/2010 12:42:57] Game: ?
[23/07/2010 12:43:01] Impostor: vai dp
[23/07/2010 12:43:04] Impostor: templo*
[23/07/2010 12:49:25] Game: ta aew?
[23/07/2010 12:49:47] Game: tem alguem aew?
[23/07/2010 12:49:48] Game: tem alguem aew?
[23/07/2010 12:49:49] Game: tem alguem aew?
[23/07/2010 12:49:49] Game: tem alguem aew?
[23/07/2010 12:49:50] Game: tem alguem aew?
[23/07/2010 12:49:50] Game: tem alguem aew?
[23/07/2010 12:49:51] Game: tem alguem aew?
[23/07/2010 12:49:57] Game: tem alguem aew?
[23/07/2010 12:49:57] Game: tem alguem aew?
[23/07/2010 12:49:58] Game: tem alguem aew?
[23/07/2010 12:49:58] Game: tem alguem aew?
[23/07/2010 14:35:56] Rosoolek: god
[23/07/2010 14:35:56] Rosoolek: ta ai
[23/07/2010 14:35:57] Rosoolek: ?
[23/07/2010 14:40:04] Goathi Boladao: como compra outfit?
[23/07/2010 15:07:17] Impostor: lag pls
[23/07/2010 18:11:23] Slim Shady: god quanto eh a vip?
[23/07/2010 18:12:14] Slim Shady: muito caro
[23/07/2010 18:12:15] Slim Shady: ixi
[23/07/2010 18:12:26] Slim Shady: ate pq eh mto dificil de upar
[23/07/2010 18:55:17] Jack ralirena: god qro vip tenho a grana
[23/07/2010 22:04:51] Primo Da Lores: gm on ?
[23/07/2010 22:06:54] Primo Da Lores: gm n ?
[23/07/2010 23:45:24] Lady Power: god
[23/07/2010 23:45:26] Lady Power: eu quero
[23/07/2010 23:45:27] Lady Power: vip
[23/07/2010 23:45:38] Lady Power: eu quero comprar vip
[24/07/2010 10:11:25] Tibia: ot bugado
[24/07/2010 13:01:49] Primo Da Lores: gm on plz ?
[24/07/2010 20:53:11] Bcss: aonde cato o novo addon inteiro?
[24/07/2010 22:05:41] Free Style: ajuda
[24/07/2010 22:05:42] Free Style: plx
[24/07/2010 22:09:00] Free Style: AJUDAAAAAAAAAAAA
[24/07/2010 22:55:23] Primo Da Lores: opa
[24/07/2010 22:55:27] Primo Da Lores: help plz
[25/07/2010 01:38:58] Falcon Fak: alguem ? ><
[25/07/2010 02:14:17] Master Fox: aff n da pra sair daki
[25/07/2010 04:36:08] Popy: armaggedon
[25/07/2010 10:59:13] Dona Popet: como compra vip aki ?
[25/07/2010 12:37:52] Elder Knight: QUANTOS CUSTA A VIP
[25/07/2010 12:37:52] Elder Knight: ?
[25/07/2010 12:38:21] Devil: quanto e a vip star ?
[25/07/2010 12:50:02] Elder Knight: cade
[25/07/2010 12:50:03] Elder Knight: o god
[25/07/2010 12:51:58] Elder Knight: demonwing axe
[25/07/2010 12:52:26] Elder Knight: ?
[25/07/2010 14:21:47] Supeer Man: LAGGGGGGGGGGGGGGGGGGGGGGGGGGGGG
[25/07/2010 14:45:59] Master Killer: quanto custa vip..
[25/07/2010 15:59:53] Welcome: aff god leg do carai
[25/07/2010 16:08:26] Welcome: aff god leg do carai q porra de ot
[25/07/2010 17:19:08] Welcome: aff vai tomar no cu leg do carai
[25/07/2010 17:19:43] Welcome: aff god para de ver video porno ai
[25/07/2010 17:20:06] Welcome: ai
[25/07/2010 19:55:19] Newba: printscreen.zapto.org
[25/07/2010 19:55:40] Newba: entra ae seus pau no cuh
[25/07/2010 19:55:43] Newba: sem top
[25/07/2010 19:55:45] Newba: e sem lag
[25/07/2010 20:21:38] Newba: printscreen.zapto.org
[25/07/2010 20:21:39] Newba: entra ae
[25/07/2010 21:27:11] Master Killer: buy vip gm
[25/07/2010 21:29:26] Erza Scarlet: eu
[26/07/2010 02:47:02] Dragon hell: GOD-CM-GM-TUTOR ALGUEM ON POR FAVOR
[26/07/2010 09:24:23] Aniquiladora: TEAM ANIHI FALTA 2 lvl 100
[26/07/2010 11:12:23] Aniquiladora: EU ANIHI
[26/07/2010 13:21:23] Demoniac Saintz: god ou gm on ?
[26/07/2010 05:12:40] Mago Das Trevas: a onde poi promot
[26/07/2010 05:12:41] Dark knight: adm
[26/07/2010 05:12:46] Dark knight: onde tem drakens
[26/07/2010 05:12:46] Atra Miles: quero comprar vip
[26/07/2010 05:12:46] Dark knight: ?
[26/07/2010 05:12:50] Mago Das Trevas: a onde poi promot
[26/07/2010 05:12:55] Corey: tah lag po
[26/07/2010 05:13:03] Atra Miles: quero comprar vip
[26/07/2010 05:13:10] Mago Das Trevas: eu
[26/07/2010 05:13:42] Porkoo Aranha: ADM BUY VIP 3KK AKE
[26/07/2010 05:13:45] Cararararr: adm
[26/07/2010 05:13:47] Mago Das Trevas: a onde compra promot
[26/07/2010 05:13:53] Cararararr: buy vip ake
[26/07/2010 05:13:59] Cararararr: 3kk
[26/07/2010 05:14:26] Dark knight: god
[26/07/2010 05:14:34] Dark knight: adm
[26/07/2010 05:14:36] Dark knight: adm
[26/07/2010 05:14:40] Dark knight: onde ten drakens
[26/07/2010 05:14:49] Porkoo Aranha: jd vs ?
[26/07/2010 05:16:22] Mago: akspoaops
[26/07/2010 05:18:17] Dark knight: qanto ki ´´e a area vip
[26/07/2010 05:26:20] Dark knight: god
[26/07/2010 05:26:22] Dark knight: adm
[26/07/2010 05:26:26] Dark knight: me vende addon doll
[26/07/2010 05:26:27] Dark knight: ?
[26/07/2010 05:29:17] Lost Druidera: adm ta ai ?
[26/07/2010 05:29:28] Dark knight: Buy addon doll !!
[26/07/2010 05:29:31] Cararararr: fala no help[
[26/07/2010 05:29:35] Dark knight: Buy addon doll !!
[26/07/2010 05:29:56] Lost Druidera: adm nao tem respaw vip de frost nao ?
[26/07/2010 05:30:02] Lost Druidera: nao tem nem 1 bixo aki
[26/07/2010 05:30:11] Lost Druidera: aee
[26/07/2010 05:30:12] Lost Druidera: axei 1
[26/07/2010 05:30:14] Lost Druidera: ¬¬
[26/07/2010 05:46:02] Corey: laaaaaaaag porrra
[26/07/2010 05:46:31] Cararararr: lagg
[26/07/2010 05:52:51] Lost Druidera: porra
[26/07/2010 05:53:02] Lost Druidera: a staff of baiak nao faz nada
[26/07/2010 05:53:15] Lost Druidera: a staff of baiak nao faz nada e custa 1,5kk    
[26/07/2010 06:10:57] Krompax: Como compra promotion???
[26/07/2010 06:11:43] Mathuza Boladao: GM QUE LAGGGGGGGGGGG
[26/07/2010 06:11:50] Mathuza Boladao: TA DEMAIIS
[26/07/2010 06:11:53] Krompax: Como compra promotion???
[26/07/2010 06:11:55] Krompax: Como compra promotion???
[26/07/2010 06:12:07] Mathuza Boladao: ali na city msm
[26/07/2010 06:12:10] Mathuza Boladao: >>> do dp
[26/07/2010 06:12:15] Krompax: qual npc
[26/07/2010 06:12:17] Krompax: ??
[26/07/2010 06:12:33] Krompax: um de assassin?
[26/07/2010 06:12:50] Mathuza Boladao: andar de cima
[26/07/2010 06:12:51] Mathuza Boladao: dele
[26/07/2010 06:13:24] Krompax: vlw
[26/07/2010 06:25:35] Krompax: Como sai de uma guild???
[26/07/2010 06:25:43] Krompax: Como sai de uma guild???
[26/07/2010 06:26:04] Krompax: alguem aiii?
[26/07/2010 06:27:02] Krompax: quem aeee??
[26/07/2010 06:27:24] Krompax: alguem respondeee
[26/07/2010 06:27:27] Krompax: invita eu aee
[26/07/2010 06:27:34] Lost Druidera: fala no chata da gui !leaveguild
[26/07/2010 06:27:43] Lost Druidera: guild*
[26/07/2010 06:28:25] Krompax: como chama o cara
[26/07/2010 06:28:28] Krompax: q ta 333
[26/07/2010 06:28:30] Krompax: no lvl
[26/07/2010 06:28:33] Krompax: ele tava aqui no help
[26/07/2010 06:28:34] Krompax: agora
[26/07/2010 06:28:40] Lost Druidera: nao sei
[26/07/2010 06:29:50] Krompax: caraio
[26/07/2010 06:29:52] Krompax: pode dar pk?
[26/07/2010 06:29:57] Krompax: o cara quase me mata ake
[26/07/2010 06:42:04] Lost Druidera: ADM PQ TA TANTO LAG ???
[26/07/2010 06:54:59] Cararararr: adm ta ai
[26/07/2010 06:55:00] Cararararr: ??
[26/07/2010 06:55:39] Lord Loko: alguem?
[26/07/2010 06:55:50] Cararararr: tgod
[26/07/2010 06:55:51] Cararararr: ta ai
[26/07/2010 06:56:17] Lord Loko: ow pode me responder uma pergunta
[26/07/2010 06:56:18] Lord Loko: ?
[26/07/2010 06:56:49] Cararararr: tinha q vim mais
[26/07/2010 07:00:15] Lord Loko: tem os itens novos??????
[26/07/2010 07:01:40] Lost Druidera: s
[26/07/2010 07:02:12] Lord Loko: vlw
[26/07/2010 07:28:41] Lost Druidera: gm ta ae ?
[26/07/2010 07:43:42] Kaka Boladao: god ta on ?
[26/07/2010 07:50:47] Kaka Boladao: adm on
[26/07/2010 07:50:49] Kaka Boladao: ?
[26/07/2010 07:50:50] Kaka Boladao: alguem
[26/07/2010 08:38:51] Tavinho Crash: GM
[26/07/2010 08:39:02] Tavinho Crash: TÃO TRAPANDO OS NEWBIE
[26/07/2010 09:15:16] Kaka Boladao: God ta on  ?
[26/07/2010 09:19:51] Krompax: Nusssa ta muito laaaaaaag
[26/07/2010 09:19:53] Krompax: =/
[26/07/2010 12:28:32] Terrorista: affs mano tnc krl sumonaro um hero lah nos dragon maiis que krl mano
[26/07/2010 17:26:43] Constantin's: GOD
[26/07/2010 17:26:44] Constantin's: ...
[26/07/2010 17:28:57] Constantin's: GM...
[17/06/2011 11:57:52] Vingador: 8kk nao é muito caro nao veio?
[17/06/2011 11:57:59] Vingador: 80kk
[14/11/2012 19:03:49] Manager account: panca^^
[14/11/2012 19:03:53] Super Man: curti
[14/11/2012 19:03:56] Vinicius: eu achei massa
[14/11/2012 19:04:05] GOD Rox: lag?
[14/11/2012 19:04:09] Manager account: um poco
[14/11/2012 19:04:10] Manager account: ;\
[14/11/2012 19:04:12] Vinicius: nao
[14/11/2012 19:04:15] Super Man: um pouco
[14/11/2012 19:04:15] Super Man: rs
[14/11/2012 19:04:28] Manager account: ou aq
[14/11/2012 19:04:31] Manager account: o xp abaixa mt ne?
[14/11/2012 19:04:37] GOD Rox: nao
[14/11/2012 19:04:40] Manager account: porq ot de lvl 1k
[14/11/2012 19:04:41] Manager account: e foda;s
[14/11/2012 19:04:43] Vinicius: nao ta boa
[14/11/2012 19:04:58] Manager account: to falando po qando chega la pro lvl 600,700
[14/11/2012 19:04:59] Super Man: adm
[14/11/2012 19:05:03] Super Man: a staff para todos
[14/11/2012 19:05:07] Super Man: não funciona
[14/11/2012 19:05:13] GOD Rox: funciona sim
[14/11/2012 19:05:29] Super Man: comigo n
[14/11/2012 19:05:31] Vinicius: funciona sim
[14/11/2012 19:05:35] Vinicius: so ter mais lvl
[14/11/2012 19:05:45] Super Man: probtoi
[14/11/2012 19:05:54] Manager account: ias
[14/11/2012 19:05:56] Manager account: ekips de pally
[14/11/2012 19:05:56] Manager account: ?
[14/11/2012 19:06:26] Super Man: vlw s2
[14/11/2012 19:06:54] Manager account: ae god
[14/11/2012 19:06:57] Manager account: aq tem coisa pra compra na rl
[14/11/2012 19:06:58] Manager account: ?
[14/11/2012 19:07:01] GOD Rox: n
[14/11/2012 19:07:09] Manager account: aa
[14/11/2012 19:07:10] Manager account: entao fmz
[14/11/2012 19:07:19] Manager account: qando chega no lvl 700 qanto fica a xp?
[14/11/2012 19:07:26] GOD Rox: nao sei
[14/11/2012 19:07:48] Manager account: pally
[14/11/2012 19:07:50] Manager account: aq e bom
[14/11/2012 19:07:50] Manager account: ?
[14/11/2012 19:07:55] GOD Rox: s
[14/11/2012 19:07:57] Super Man: carai para de encher o saco !
[14/11/2012 19:08:06] Manager account: vai si fuder mlk¬¬
[14/11/2012 19:08:14] Super Man: MO PIDÃO DO CARALHO
[14/11/2012 19:08:14] Super Man: !
[14/11/2012 19:08:18] Super Man: vai joga man
[14/11/2012 19:08:30] Manager account: fdp
[14/11/2012 19:08:30] Manager account: si eu to perguntando e porq nao qero upar digraça¬¬
[14/11/2012 19:08:32] Manager account: so jogo de mage
[14/11/2012 19:08:38] Manager account: agora fis pallu
[14/11/2012 19:08:45] Super Man: foda-se
[14/11/2012 19:08:48] Super Man: joga pra ver
[14/11/2012 19:08:48] Manager account: pally* ta encomado ?
[14/11/2012 19:08:48] Manager account: foda-se
[14/11/2012 19:08:51] Manager account: otario
[14/11/2012 19:08:59] Super Man: toma no cu
[14/11/2012 19:09:17] Manager account: xio lezado
[14/11/2012 19:09:29] Super Man: haha demoro
[14/11/2012 19:09:32] Super Man: (yn'
[14/11/2012 19:09:35] Super Man: acha que manda
[14/11/2012 19:09:37] Manager account: ^^
[14/11/2012 19:09:44] Manager account: entao deixa eu upa ai noois ve^^
[14/11/2012 19:10:12] Super Man: não to afim
[14/11/2012 19:10:19] Manager account: e logico e nob^^
[14/11/2012 19:10:43] Super Man: hahha
[14/11/2012 19:10:45] Super Man: foda-=se
[14/11/2012 19:22:30] Super Man: leg
[14/11/2012 19:34:51] Vinicius: quanto tempo pk sai?
[16/11/2012 11:47:31] Daron: god on??
[16/11/2012 12:19:32] Druidao'maldito: dm
[16/11/2012 12:19:39] Druidao'maldito: almenta loot
[16/11/2012 12:19:40] Druidao'maldito: plix
[20/11/2012 18:50:40] Mato correno: aee
[20/11/2012 18:50:40] Mato correno: to ake
[20/11/2012 18:50:52] Mato correno: iae 
[20/11/2012 18:50:54] Mato correno: so tem 2
[20/11/2012 18:50:55] Mato correno: :D
[20/11/2012 18:51:33] Mato correno: ee god ta ae
[20/11/2012 18:51:34] Mato correno: ?
[20/11/2012 18:51:51] Mato correno: e god
[20/11/2012 18:51:55] Ytras: god on
[20/11/2012 18:51:55] Ytras: ?
[20/11/2012 18:51:57] Mato correno: falaram
[20/11/2012 18:52:01] Mato correno: pra mim e eu vim
[20/11/2012 18:52:06] Mato correno: fui segundo a entra no ot
[20/11/2012 18:52:06] Mato correno: :
[20/11/2012 18:52:08] Mato correno: :D
[20/11/2012 18:52:30] Ytras: ot lixo 
[20/11/2012 18:53:56] Mato correno: iae god
[20/11/2012 18:53:57] Mato correno: ta ae
[20/11/2012 18:53:58] Mato correno: ?
[20/11/2012 18:54:21] Mato correno: god ta ae
[20/11/2012 18:54:22] Mato correno: :S
[24/11/2012 16:16:50] Volcom deu errado: VOLCOMM AKII CAD VCCC
[24/11/2012 16:16:51] Volcom deu errado: VOLCOMM AKII CAD VCCC
