[07/10/2014 20:16:49] /goto Marcola xxt
[07/10/2014 20:17:10] /t
[07/10/2014 20:18:10] /goto Marcola xxt
[07/10/2014 20:20:27] /rename Marcola xxt, {ADM} PaLLyzInhOW
[07/10/2014 20:20:41] /r
[07/10/2014 20:27:29] /goto {ADM} PaLLyzInhOW
[07/10/2014 20:27:40] /a
[07/10/2014 20:27:58] /a 100
[07/10/2014 20:28:00] /a 10
[07/10/2014 20:28:01] /a 10
[07/10/2014 20:28:01] /a 10
[07/10/2014 20:28:01] /a 10
[07/10/2014 20:29:31] /goto {ADM} PaLLyzInhOW
[07/10/2014 23:05:07] /attr group 6
[07/10/2014 23:05:08] /r
[07/10/2014 23:06:30] /attr group 2
[07/10/2014 23:06:31] /r
[07/10/2014 23:17:00] /attr group 6
[07/10/2014 23:17:27] /m ancient evil 
[07/10/2014 23:17:36] /m An ancient evil 
[07/10/2014 23:32:38] /i 10309
[07/10/2014 23:34:05] /t
[08/10/2014 17:20:21] /a 5
[08/10/2014 17:20:21] /a 5
[08/10/2014 17:20:22] /a 5
[08/10/2014 17:20:23] /a 5
[08/10/2014 17:20:23] /a 5
[08/10/2014 17:20:24] /a 5
[08/10/2014 17:20:25] /a 5
[08/10/2014 17:20:25] /a 5
[08/10/2014 17:20:25] /a 5
[08/10/2014 17:20:26] /a 5
[08/10/2014 17:20:27] /a 5
[08/10/2014 17:20:29] /a
[08/10/2014 17:20:34] /a
[08/10/2014 17:42:14] /reload globalevents
[08/10/2014 17:42:34] /m trainer slayer
[08/10/2014 17:43:02] /i rox staff
[08/10/2014 17:43:07] /i mega staff
[08/10/2014 17:43:32] /m demon
[08/10/2014 17:43:44] /r
[08/10/2014 17:44:43] /t
[08/10/2014 17:44:51] /t
[08/10/2014 17:46:04] /t
[08/10/2014 17:46:32] /a
[08/10/2014 17:46:39] /t
[08/10/2014 17:48:24] /t
[08/10/2014 17:54:45] /m demon
[08/10/2014 17:54:58] /r
[08/10/2014 17:55:05] /m trainer slayer
[08/10/2014 18:08:10] /m demon
[08/10/2014 18:08:20] /m demon
[08/10/2014 18:09:22] /m trainer slayer
[08/10/2014 18:10:42] /t
[08/10/2014 18:11:01] /i 2160
[08/10/2014 18:11:02] /i 2160
[08/10/2014 18:11:57] /reload talkaction
[08/10/2014 18:12:09] /i 2160
[08/10/2014 18:13:40] /reload globalevents
[08/10/2014 18:18:16] /reload action
[08/10/2014 18:18:42] /reload action
[08/10/2014 18:19:01] /i stamina potion
[08/10/2014 18:19:02] /i stamina potion
[08/10/2014 18:19:02] /i stamina potion
[08/10/2014 18:21:29] /m traienr slayer
[08/10/2014 18:21:39] /m trainer slayer
[08/10/2014 18:23:15] /a
[08/10/2014 18:23:16] /a
[08/10/2014 18:23:19] /a
[08/10/2014 18:24:08] /i master robe
[08/10/2014 18:24:31] /i master cape
[08/10/2014 18:27:27] /t
[08/10/2014 18:27:35] /t
[08/10/2014 18:28:17] /a 4[
[08/10/2014 18:28:19] /a 4
[08/10/2014 18:28:22] /t
[08/10/2014 18:28:36] /a
[08/10/2014 18:28:44] /a 4
[08/10/2014 18:28:44] /a 4
[08/10/2014 18:28:45] /a 4
[08/10/2014 18:28:45] /a 4
[08/10/2014 18:28:45] /a 4
[08/10/2014 18:28:46] /a 4
[08/10/2014 18:28:47] /a 4
[08/10/2014 18:28:47] /a 4
[08/10/2014 18:28:47] /a 4
[08/10/2014 18:28:48] /a 4
[08/10/2014 18:28:48] /a 4
[08/10/2014 18:28:49] /a 4
[08/10/2014 18:28:49] /a 4
[08/10/2014 18:28:50] /a 4
[08/10/2014 18:28:50] /a 4
[08/10/2014 18:28:50] /a 4
[08/10/2014 18:28:51] /a 4
[08/10/2014 18:28:52] /a 
[08/10/2014 18:36:16] /a 4
[08/10/2014 18:36:16] /a 4
[08/10/2014 18:36:16] /a 4
[08/10/2014 18:36:17] /a 4
[08/10/2014 18:36:18] /a 4
[08/10/2014 18:36:18] /a 4
[08/10/2014 18:36:19] /a 4
[08/10/2014 18:36:20] /a 4
[08/10/2014 18:36:21] /a 4
[08/10/2014 18:36:21] /a 4
[08/10/2014 18:36:22] /a 4
[08/10/2014 18:36:22] /a 4
[08/10/2014 18:36:22] /a 4
[08/10/2014 18:36:23] /a 4
[08/10/2014 18:36:24] /a
[08/10/2014 18:37:47] /m trainer slayer
[08/10/2014 18:50:14] /a 4
[08/10/2014 18:50:15] /a 4
[08/10/2014 18:50:15] /a 4
[08/10/2014 18:50:15] /a 4
[08/10/2014 18:50:16] /a 4
[08/10/2014 18:50:16] /a 4
[08/10/2014 18:50:17] /a 4
[08/10/2014 18:50:17] /a 4
[08/10/2014 18:50:17] /a 4
[08/10/2014 18:50:18] /a 4
[08/10/2014 18:50:18] /a 4
[08/10/2014 18:50:18] /a 4
[08/10/2014 18:50:21] /t
[08/10/2014 18:55:52] /a
[08/10/2014 19:01:34] /attr group 6
[08/10/2014 19:01:35] /r
[08/10/2014 19:06:43] /goto Jeffinho
[08/10/2014 19:06:53] /a
[08/10/2014 19:08:21] /t
[08/10/2014 19:08:26] /goto Jeffinho
[08/10/2014 19:09:04] /goto Jeffinho
[08/10/2014 19:09:10] /goto Jeffinho
[08/10/2014 19:12:04] /goto Jeffinho
[08/10/2014 19:13:11] /goto Jeffinho
[08/10/2014 19:20:18] /a
[08/10/2014 19:20:24] /a
[08/10/2014 19:20:24] /a
[08/10/2014 19:20:24] /a
[08/10/2014 19:20:25] /a 4
[08/10/2014 19:20:25] /a 4
[08/10/2014 19:20:26] /a 4
[08/10/2014 19:20:26] /a 4
[08/10/2014 19:20:27] /a 4
[08/10/2014 19:20:27] /a 4
[08/10/2014 19:20:28] /a 4
[08/10/2014 19:20:28] /a 4
[08/10/2014 19:20:28] /a 4
[08/10/2014 19:20:29] /a 4
[08/10/2014 19:20:30] /a 4
[08/10/2014 19:20:30] /a 4
[08/10/2014 19:20:30] /a 4
[08/10/2014 19:20:31] /a 4
[08/10/2014 19:20:32] /a 4
[08/10/2014 19:20:32] /a 4
[08/10/2014 19:20:34] /a 4
[08/10/2014 19:20:38] /a
[08/10/2014 19:20:40] /a
[08/10/2014 19:20:44] /a 4
[08/10/2014 19:20:46] /a 4
[08/10/2014 19:46:16] /reload talkaction
[09/10/2014 10:58:14] /m trainer slayer
[09/10/2014 10:59:42] /t
[09/10/2014 11:05:04] /m trainer slayer
[09/10/2014 11:05:47] /a
[09/10/2014 11:05:48] /a
[09/10/2014 11:05:56] /t
[09/10/2014 11:06:24] /t
[09/10/2014 11:07:32] /i Master Slingshot 
[09/10/2014 11:07:39] /i master armor
[09/10/2014 11:07:41] /i master legs
[09/10/2014 11:07:43] /i master helmet
[09/10/2014 11:07:46] /i master shield
[09/10/2014 11:07:56] /i Donate Boots 
[09/10/2014 11:08:42] /m exp bug
[09/10/2014 11:11:31] /i dodge skill
[09/10/2014 11:11:37] /i dodge critical skill
[09/10/2014 11:11:40] /i backpack
[09/10/2014 11:11:41] /i backpack
[09/10/2014 11:11:47] /i critical skill
[09/10/2014 11:11:50] /i dodge critical skill
[09/10/2014 11:11:53] /i dodge skill
[09/10/2014 11:11:55] /i critical skill
[09/10/2014 11:12:08] /i master cape
[09/10/2014 11:12:16] /i master shorts
[09/10/2014 11:12:19] /i master book
[09/10/2014 11:12:24] /i master cap
[09/10/2014 11:12:35] /i master staff
[09/10/2014 11:12:59] /i master staff
[09/10/2014 11:13:06] /i master sword
[09/10/2014 11:13:07] /i master sword
[09/10/2014 11:13:09] /i master axe
[09/10/2014 11:13:09] /i master axe
[09/10/2014 11:13:13] /i backpack
[09/10/2014 11:13:20] /i club
[09/10/2014 11:13:25] /i donate boots
[09/10/2014 11:13:34] /i donate boots
[09/10/2014 11:13:45] /i donate boots
[09/10/2014 11:13:53] /i master slingshot
[09/10/2014 11:13:54] /i master slingshot
[09/10/2014 11:26:09] /i 30190
[09/10/2014 11:26:21] /i 10309
[09/10/2014 11:26:23] /i 10309
[09/10/2014 11:26:24] /i 10309
[09/10/2014 11:26:25] /i 10309
[09/10/2014 11:26:26] /i 10309
[09/10/2014 11:31:46] /reload spells
[09/10/2014 11:36:49] /reload spells
[09/10/2014 11:38:41] /rename {ADM} PaLLyzInhOW, [ADM] Marcola
[09/10/2014 11:58:46] /i 8844
[09/10/2014 12:02:26] /t
[10/10/2014 11:29:23] /t
[10/10/2014 11:29:48] /i backpack
[10/10/2014 11:29:53] /i master staff
[10/10/2014 11:55:51] /m  trainer slayer
[10/10/2014 11:56:44] /i 2160
[10/10/2014 11:56:45] /i 2160
[10/10/2014 11:58:32] /r
[10/10/2014 11:58:38] /m draken abominator
[10/10/2014 11:58:41] /m draken abomination
[10/10/2014 11:58:52] /m draken abomination
[10/10/2014 11:58:52] /m draken abomination
[10/10/2014 11:58:52] /m draken abomination
[10/10/2014 11:58:53] /m draken abomination
[10/10/2014 11:58:53] /m draken abomination
[10/10/2014 11:59:08] /m draken abomination
[10/10/2014 12:00:46] /t
[10/10/2014 18:06:15] /a
[10/10/2014 18:06:32] /a
[10/10/2014 18:10:23] /i Hyper Wand
[10/10/2014 18:10:28] /m demon
[10/10/2014 18:10:50] /a
[10/10/2014 18:10:51] /a
[10/10/2014 18:10:52] /a
[10/10/2014 18:10:53] /r
[10/10/2014 18:10:55] /r
[10/10/2014 18:10:57] /r
[10/10/2014 18:10:59] /r
[10/10/2014 18:11:00] /r
[10/10/2014 18:11:02] /t
[10/10/2014 18:11:18] /i hyper sword
[10/10/2014 18:11:47] /i Mega Star
[10/10/2014 18:11:57] /m trainer slayer
[10/10/2014 18:12:22] /i hyper star
[10/10/2014 18:18:43] /i trainer slayer
[10/10/2014 18:18:48] /m trainer slayer
[10/10/2014 18:21:18] /i master armor
[10/10/2014 18:21:23] /i master legs
[10/10/2014 18:21:29] /i master shield
[10/10/2014 18:23:53] /t
[10/10/2014 18:32:16] /m trainer slayer
[10/10/2014 18:37:29] /a
[10/10/2014 18:37:29] /a
[10/10/2014 18:37:30] /a
[10/10/2014 18:37:33] /t
[10/10/2014 18:52:16] /goto [ADM] Marcola
[10/10/2014 18:52:18] /goto [ADM] Marcola
[10/10/2014 18:52:19] /goto [ADM] Marcola
[10/10/2014 18:52:20] /goto [ADM] Marcola
[10/10/2014 18:52:21] /goto [ADM] Marcola
[10/10/2014 18:52:22] /goto [ADM] Marcola
[10/10/2014 18:52:23] /goto [ADM] Marcola
[10/10/2014 18:52:24] /goto [ADM] Marcola
[10/10/2014 18:52:26] /goto [ADM] Marcola
[10/10/2014 18:52:27] /goto [ADM] Marcola
[10/10/2014 18:52:28] /goto [ADM] Marcola
[10/10/2014 18:52:30] /goto [ADM] Marcola
[10/10/2014 18:52:32] /goto [ADM] Marcola
[10/10/2014 18:52:33] /goto [ADM] Marcola
[10/10/2014 18:52:34] /goto [ADM] Marcola
[10/10/2014 18:52:35] /goto [ADM] Marcola
[10/10/2014 18:52:37] /goto [ADM] Marcola
[10/10/2014 18:52:38] /goto [ADM] Marcola
[10/10/2014 18:52:39] /goto [ADM] Marcola
[10/10/2014 18:52:39] /goto [ADM] Marcola
[10/10/2014 18:52:41] /goto [ADM] Marcola
[10/10/2014 18:52:43] /goto [ADM] Marcola
[10/10/2014 18:52:44] /goto [ADM] Marcola
[10/10/2014 18:52:50] /goto [ADM] Marcola
[10/10/2014 18:52:51] /goto [ADM] Marcola
[10/10/2014 18:52:52] /goto [ADM] Marcola
[10/10/2014 18:52:53] /goto [ADM] Marcola
[10/10/2014 18:52:53] /goto [ADM] Marcola
[10/10/2014 18:52:54] /goto [ADM] Marcola
[10/10/2014 18:52:57] /goto [ADM] Marcola
[10/10/2014 18:52:58] /goto [ADM] Marcola
[10/10/2014 18:52:58] /goto [ADM] Marcola
[10/10/2014 18:52:59] /goto [ADM] Marcola
[10/10/2014 18:52:59] /goto [ADM] Marcola
[10/10/2014 18:53:00] /goto [ADM] Marcola
[10/10/2014 18:53:00] /goto [ADM] Marcola
[10/10/2014 18:53:00] /goto [ADM] Marcola
[10/10/2014 18:53:01] /goto [ADM] Marcola
[10/10/2014 18:53:01] /goto [ADM] Marcola
[10/10/2014 18:53:02] /goto [ADM] Marcola
[10/10/2014 18:53:07] /goto [ADM] Marcola
[10/10/2014 18:53:54] /goto [ADM] Marcola
[10/10/2014 18:53:56] /goto [ADM] Marcola
[10/10/2014 18:53:57] /goto [ADM] Marcola
[10/10/2014 18:53:57] /goto [ADM] Marcola
[10/10/2014 18:53:58] /goto [ADM] Marcola
[10/10/2014 18:53:59] /goto [ADM] Marcola
[10/10/2014 18:55:14] /i 2160
[10/10/2014 18:55:41] /t
[10/10/2014 18:56:24] /t
[10/10/2014 18:57:13] /reload movements
[10/10/2014 18:57:41] /reload movements
[10/10/2014 18:58:39] /reload movements
[11/10/2014 10:12:45] /ghost
[11/10/2014 10:14:30] /reload movements
[11/10/2014 10:17:09] /down
[11/10/2014 10:17:14] /down
[11/10/2014 10:20:51] /t
[11/10/2014 10:21:30] /t
[11/10/2014 10:24:54] /m Annihilon
[11/10/2014 10:25:01] /reload spells
[11/10/2014 12:30:19] /reload movements
[11/10/2014 12:30:23] /t
[11/10/2014 12:32:05] /reload movements
[11/10/2014 12:32:54] /reload movements
[11/10/2014 12:33:35] /reload globalevents
[11/10/2014 12:33:40] /reload movements
[11/10/2014 12:35:09] /reload globalevents
[11/10/2014 12:35:35] /reload globalevents
[11/10/2014 12:36:25] /reload globalevents
[11/10/2014 18:49:35] /t
[11/10/2014 18:57:27] /i shiver arrow
[11/10/2014 19:00:34] /m trainer slayer
[11/10/2014 19:08:02] /m trainer slayer
[11/10/2014 19:08:28] /i master helmet
[11/10/2014 19:10:04] /i master slingshot
[21/12/2014 14:51:03] /t
[21/12/2014 14:52:28] /t
[21/12/2014 14:52:59] /town 
[21/12/2014 14:53:02] /town 2
[21/12/2014 14:53:04] /town 3
[21/12/2014 14:54:25] /a 5
[21/12/2014 14:54:25] /a 5
[21/12/2014 14:54:25] /a 5
[21/12/2014 14:54:25] /a 5
[21/12/2014 14:54:25] /a 5
[21/12/2014 14:54:25] /a 5
[21/12/2014 14:54:26] /a 5
[21/12/2014 14:54:26] /a 5
[21/12/2014 14:54:26] /a 5
[21/12/2014 14:54:26] /a 5
[21/12/2014 14:54:26] /a 5
[21/12/2014 14:54:26] /a 5
[21/12/2014 14:54:26] /a 5
[21/12/2014 14:54:26] /a 5
[21/12/2014 14:54:26] /a 5
[21/12/2014 14:54:26] /a 5
[21/12/2014 14:54:27] /a 5
[21/12/2014 14:54:27] /a 5
[21/12/2014 14:54:27] /a 5
[21/12/2014 14:54:27] /a 5
[21/12/2014 14:54:27] /a 5
[21/12/2014 14:54:28] /a 5
[21/12/2014 14:54:28] /a 5
[21/12/2014 14:54:28] /a 5
[21/12/2014 14:54:28] /a 5
[21/12/2014 14:54:28] /a 5
[21/12/2014 14:54:29] /a 5
[21/12/2014 14:54:29] /a 5
[21/12/2014 14:54:29] /a 5
[21/12/2014 14:54:30] /a 5
[21/12/2014 14:54:30] /a 5
[21/12/2014 14:54:30] /a 5
[21/12/2014 14:54:31] /a 5
[21/12/2014 14:54:31] /a 5
[21/12/2014 14:54:31] /a 5
[21/12/2014 14:54:31] /a 5
[21/12/2014 14:54:31] /a 5
[21/12/2014 14:54:31] /a 5
[21/12/2014 14:54:32] /a 5
[21/12/2014 14:54:33] /a 5
[21/12/2014 14:54:33] /a 5
[21/12/2014 14:54:33] /a 5
[21/12/2014 14:54:34] /a 5
[21/12/2014 14:54:36] /a 5
[21/12/2014 14:54:43] /a 5
[21/12/2014 14:54:44] /a 5
[21/12/2014 14:54:45] /a 5
[21/12/2014 14:54:46] /a 5
[21/12/2014 14:54:47] /a 5
[21/12/2014 14:54:48] /a 5
[21/12/2014 14:54:49] /a 5
[21/12/2014 14:54:49] /a 5
[21/12/2014 14:54:50] /a 5
[21/12/2014 14:54:50] /a 5
[21/12/2014 14:54:50] /a 5
[21/12/2014 14:54:50] /a 5
[21/12/2014 14:54:51] /a 5
[21/12/2014 14:54:52] /a 5
[21/12/2014 14:54:53] /a 5
[21/12/2014 14:54:55] /a 5
[21/12/2014 14:54:55] /a 5
[21/12/2014 14:54:55] /a 5
[21/12/2014 14:54:56] /a 5
[21/12/2014 14:54:56] /a 5
[21/12/2014 14:54:57] /a 5
[21/12/2014 14:54:57] /a 5
[21/12/2014 14:54:57] /a 5
[21/12/2014 14:54:58] /a 5
[21/12/2014 14:54:58] /a 5
[21/12/2014 14:54:58] /a 5
[21/12/2014 14:54:59] /a 5
[21/12/2014 14:54:59] /a 5
[21/12/2014 14:54:59] /a 5
[21/12/2014 14:55:00] /a 5
[21/12/2014 14:55:00] /a 5
[21/12/2014 14:55:01] /a 5
[21/12/2014 14:55:02] /a 5
[21/12/2014 14:55:02] /a 5
[21/12/2014 14:55:02] /a 5
[21/12/2014 14:55:03] /a 5
[21/12/2014 14:55:03] /a 5
[21/12/2014 14:55:03] /a 5
[21/12/2014 14:55:03] /a 5
[21/12/2014 14:55:04] /a 5
[21/12/2014 14:55:04] /a 5
[21/12/2014 14:55:05] /a 5
[21/12/2014 14:55:05] /a 5
[21/12/2014 14:55:06] /a 5
[21/12/2014 14:55:06] /a 5
[21/12/2014 14:55:06] /a 5
[21/12/2014 14:55:07] /a 5
[21/12/2014 14:55:07] /a 5
[21/12/2014 14:55:08] /a 5
[21/12/2014 14:55:08] /a 5
[21/12/2014 14:55:09] /a 5
[21/12/2014 14:55:11] /up
[21/12/2014 14:55:13] /a 5
[21/12/2014 14:55:13] /a 5
[21/12/2014 14:55:13] /a 5
[21/12/2014 14:55:14] /a 5
[21/12/2014 14:55:14] /a 5
[21/12/2014 14:55:14] /a 5
[21/12/2014 14:55:15] /a 5
[21/12/2014 14:55:16] /a 5
[21/12/2014 14:55:18] /up
[21/12/2014 14:55:19] /a 5
[21/12/2014 14:55:20] /a 5
[21/12/2014 14:55:20] /a 5
[21/12/2014 14:55:20] /a 5
[21/12/2014 14:55:20] /a 5
[21/12/2014 14:55:21] /a 5
[21/12/2014 14:55:21] /a 5
[21/12/2014 14:55:22] /a 5
[21/12/2014 14:55:22] /a 5
[21/12/2014 14:55:22] /a 5
[21/12/2014 14:55:22] /a 5
[21/12/2014 14:55:22] /a 5
[21/12/2014 14:55:23] /a 5
[21/12/2014 14:55:23] /a 5
[21/12/2014 14:55:24] /a 5
[21/12/2014 14:55:24] /a 5
[21/12/2014 14:55:24] /a 5
[21/12/2014 14:55:25] /a 5
[21/12/2014 14:55:26] /a 5
[21/12/2014 14:55:27] /a 5
[21/12/2014 14:55:27] /a 5
[21/12/2014 14:55:28] /a 5
[21/12/2014 14:55:28] /a 5
[21/12/2014 14:55:29] /a 5
[21/12/2014 14:55:29] /a 5
[21/12/2014 14:55:29] /a 5
[21/12/2014 14:55:29] /a 5
[21/12/2014 14:55:29] /a 5
[21/12/2014 14:55:30] /a 5
[21/12/2014 14:55:30] /a 5
[21/12/2014 14:55:30] /a 5
[21/12/2014 14:55:30] /a 5
[21/12/2014 14:55:30] /a 5
[21/12/2014 14:55:31] /a 5
[21/12/2014 14:55:31] /a 5
[21/12/2014 14:55:31] /a 5
[21/12/2014 14:55:31] /a 5
[21/12/2014 14:55:32] /a 5
[21/12/2014 14:55:32] /a 5
[21/12/2014 14:55:33] /a 5
[21/12/2014 14:55:34] /a 5
[21/12/2014 14:55:34] /a 5
[21/12/2014 14:55:34] /a 5
[21/12/2014 14:55:34] /a 5
[21/12/2014 14:55:34] /a 5
[21/12/2014 14:55:35] /a 5
[21/12/2014 14:55:35] /a 5
[21/12/2014 14:55:36] /a 5
[21/12/2014 14:55:37] /a 5
[21/12/2014 14:55:40] /a 5
[21/12/2014 14:55:41] /a 5
[21/12/2014 14:55:41] /a 5
[21/12/2014 14:55:41] /a 5
[21/12/2014 14:55:42] /a 5
[21/12/2014 14:55:42] /a 5
[21/12/2014 14:55:43] /a 5
[21/12/2014 14:55:43] /a 5
[21/12/2014 14:55:44] /a 5
[21/12/2014 14:55:44] /a 5
[21/12/2014 14:55:44] /a 5
[21/12/2014 14:55:44] /a 5
[21/12/2014 14:55:45] /a 5
[21/12/2014 14:55:46] /a 5
[21/12/2014 14:55:47] /a 5
[21/12/2014 14:55:47] /a 5
[21/12/2014 14:55:48] /a 5
[21/12/2014 14:55:49] /a 5
[21/12/2014 14:55:49] /a 5
[21/12/2014 14:55:54] /a 5
[21/12/2014 14:55:55] /a 5
[21/12/2014 14:55:58] /t
[21/12/2014 14:56:45] /a 5
[21/12/2014 14:56:45] /a 5
[21/12/2014 14:56:45] /a 5
[21/12/2014 14:56:46] /a 5
[21/12/2014 14:56:46] /a 5
[21/12/2014 14:56:46] /a 5
[21/12/2014 14:56:46] /a 5
[21/12/2014 14:56:46] /a 5
[21/12/2014 14:56:46] /a 5
[21/12/2014 14:56:46] /a 5
[21/12/2014 14:56:46] /a 5
[21/12/2014 14:56:46] /a 5
[21/12/2014 14:56:46] /a 5
[21/12/2014 14:56:46] /a 5
[21/12/2014 14:56:46] /a 5
[21/12/2014 14:56:46] /a 5
[21/12/2014 14:56:47] /a 5
[21/12/2014 14:56:48] /a 5
[21/12/2014 14:56:48] /a 5
[21/12/2014 14:56:48] /a 5
[21/12/2014 14:56:48] /a 5
[21/12/2014 14:56:48] /a 5
[21/12/2014 14:56:48] /a 5
[21/12/2014 14:56:49] /a 5
[21/12/2014 14:56:49] /a 5
[21/12/2014 14:56:49] /a 5
[21/12/2014 14:56:50] /a 5
[21/12/2014 14:56:50] /a 5
[21/12/2014 14:56:50] /a 5
[21/12/2014 14:56:50] /a 5
[21/12/2014 14:56:50] /a 5
[21/12/2014 14:56:50] /a 5
[21/12/2014 14:56:50] /a 5
[21/12/2014 14:56:50] /a 5
[21/12/2014 14:56:50] /a 5
[21/12/2014 14:56:50] /a 5
[21/12/2014 14:56:50] /a 5
[21/12/2014 14:56:50] /a 5
[21/12/2014 14:56:50] /a 5
[21/12/2014 14:56:50] /a 5
[21/12/2014 14:56:50] /a 5
[21/12/2014 14:56:50] /a 5
[21/12/2014 14:56:50] /a 5
[21/12/2014 14:56:50] /a 5
[21/12/2014 14:56:50] /a 5
[21/12/2014 14:56:50] /a 5
[21/12/2014 14:56:50] /a 5
[21/12/2014 14:56:51] /a 5
[21/12/2014 14:56:51] /a 5
[21/12/2014 14:56:51] /a 5
[21/12/2014 14:56:51] /a 5
[21/12/2014 14:56:51] /a 5
[21/12/2014 14:56:51] /a 5
[21/12/2014 14:56:51] /a 5
[21/12/2014 14:56:51] /a 5
[21/12/2014 14:56:52] /a 5
[21/12/2014 14:56:52] /a 5
[21/12/2014 14:56:52] /a 5
[21/12/2014 14:56:52] /a 5
[21/12/2014 14:56:52] /a 5
[21/12/2014 14:56:52] /a 5
[21/12/2014 14:56:52] /a 5
[21/12/2014 14:56:52] /a 5
[21/12/2014 14:56:52] /a 5
[21/12/2014 14:56:52] /a 5
[21/12/2014 14:56:52] /a 5
[21/12/2014 14:56:52] /a 5
[21/12/2014 14:56:52] /a 5
[21/12/2014 14:56:52] /a 5
[21/12/2014 14:56:52] /a 5
[21/12/2014 14:56:52] /a 5
[21/12/2014 14:56:52] /a 5
[21/12/2014 14:56:52] /a 5
[21/12/2014 14:56:52] /a 5
[21/12/2014 14:56:52] /a 5
[21/12/2014 14:56:52] /a 5
[21/12/2014 14:56:52] /a 5
[21/12/2014 14:56:52] /a 5
[21/12/2014 14:56:52] /a 5
[21/12/2014 14:56:52] /a 5
[21/12/2014 14:56:52] /a 5
[21/12/2014 14:56:52] /a 5
[21/12/2014 14:56:52] /a 5
[21/12/2014 14:56:52] /a 5
[21/12/2014 14:56:53] /a 5
[21/12/2014 14:56:53] /a 5
[21/12/2014 14:56:53] /a 5
[21/12/2014 14:56:53] /a 5
[21/12/2014 14:56:53] /a 5
[21/12/2014 14:56:53] /a 5
[21/12/2014 14:56:53] /a 5
[21/12/2014 14:56:53] /a 5
[21/12/2014 14:56:53] /a 5
[21/12/2014 14:56:54] /a 5
[21/12/2014 14:56:54] /a 5
[21/12/2014 14:56:54] /a 5
[21/12/2014 14:56:54] /a 5
[21/12/2014 14:56:54] /a 5
[21/12/2014 14:56:54] /a 5
[21/12/2014 14:56:54] /a 5
[21/12/2014 14:56:54] /a 5
[21/12/2014 14:56:54] /a 5
[21/12/2014 14:56:54] /a 5
[21/12/2014 14:56:55] /a 5
[21/12/2014 14:56:55] /a 5
[21/12/2014 14:56:55] /a 5
[21/12/2014 14:56:55] /a 5
[21/12/2014 14:56:55] /a 5
[21/12/2014 14:56:55] /a 5
[21/12/2014 14:56:55] /a 5
[21/12/2014 14:56:55] /a 5
[21/12/2014 14:56:55] /a 5
[21/12/2014 14:56:55] /a 5
[21/12/2014 14:56:55] /a 5
[21/12/2014 14:56:55] /a 5
[21/12/2014 14:56:55] /a 5
[21/12/2014 14:56:55] /a 5
[21/12/2014 14:56:55] /a 5
[21/12/2014 14:56:55] /a 5
[21/12/2014 14:56:55] /a 5
[21/12/2014 14:56:55] /a 5
[21/12/2014 14:56:55] /a 5
[21/12/2014 14:56:55] /a 5
[21/12/2014 14:56:55] /a 5
[21/12/2014 14:56:55] /a 5
[21/12/2014 14:56:55] /a 5
[21/12/2014 14:56:56] /a 5
[21/12/2014 14:56:56] /a 5
[21/12/2014 14:56:56] /a 5
[21/12/2014 14:56:56] /a 5
[21/12/2014 14:56:56] /a 5
[21/12/2014 14:56:56] /a 5
[21/12/2014 14:56:56] /a 5
[21/12/2014 14:56:56] /a 5
[21/12/2014 14:56:56] /a 5
[21/12/2014 14:56:56] /a 5
[21/12/2014 14:56:56] /a 5
[21/12/2014 14:56:57] /a 5
[21/12/2014 14:56:57] /a 5
[21/12/2014 14:56:57] /a 5
[21/12/2014 14:56:57] /a 5
[21/12/2014 14:56:57] /a 5
[21/12/2014 14:56:57] /a 5
[21/12/2014 14:56:57] /a 5
[21/12/2014 14:56:57] /a 5
[21/12/2014 14:56:57] /a 5
[21/12/2014 14:56:57] /a 5
[21/12/2014 14:56:57] /a 5
[21/12/2014 14:56:57] /a 5
[21/12/2014 14:56:57] /a 5
[21/12/2014 14:56:57] /a 5
[21/12/2014 14:56:57] /a 5
[21/12/2014 14:56:57] /a 5
[21/12/2014 14:56:58] /t
[21/12/2014 14:58:14] /t
[21/12/2014 14:59:30] /t
[21/12/2014 15:05:24] /t
[21/12/2014 15:07:27] /up
[21/12/2014 15:07:28] /up
[21/12/2014 15:07:30] /t
[21/12/2014 15:09:47] /i crystal coin
[21/12/2014 15:09:48] /i crystal coin
[21/12/2014 15:09:48] /i crystal coin
[21/12/2014 15:09:49] /i crystal coin
[21/12/2014 15:09:49] /i crystal coin
[21/12/2014 15:09:50] /i crystal coin
[21/12/2014 15:09:50] /i crystal coin
[21/12/2014 15:09:51] /i crystal coin
[21/12/2014 15:09:51] /i crystal coin
[21/12/2014 15:09:52] /i crystal coin
[21/12/2014 15:09:52] /i crystal coin
[21/12/2014 15:09:53] /i crystal coin
[21/12/2014 15:10:04] /i backpack
[21/12/2014 15:10:06] /i crystal coin
[21/12/2014 15:10:07] /i crystal coin
[21/12/2014 15:10:07] /i crystal coin
[21/12/2014 15:10:08] /i crystal coin
[21/12/2014 15:10:08] /i crystal coin
[21/12/2014 15:10:09] /i crystal coin
[21/12/2014 15:10:09] /i crystal coin
[21/12/2014 15:10:10] /i crystal coin
[21/12/2014 15:10:10] /i crystal coin
[21/12/2014 15:10:11] /i crystal coin
[21/12/2014 15:10:22] /i crystal coin
[21/12/2014 15:10:22] /i crystal coin
[21/12/2014 15:10:22] /i crystal coin
[21/12/2014 15:10:22] /i crystal coin
[21/12/2014 15:10:22] /i crystal coin
[21/12/2014 15:10:22] /i crystal coin
[21/12/2014 15:10:22] /i crystal coin
[21/12/2014 15:10:22] /i crystal coin
[21/12/2014 15:10:22] /i crystal coin
[21/12/2014 15:10:22] /i crystal coin
[21/12/2014 15:10:22] /i crystal coin
[21/12/2014 15:10:22] /i crystal coin
[21/12/2014 15:10:22] /i crystal coin
[21/12/2014 15:10:22] /i crystal coin
[21/12/2014 15:10:22] /i crystal coin
[21/12/2014 15:10:22] /i crystal coin
[21/12/2014 15:10:22] /i crystal coin
[21/12/2014 15:10:22] /i crystal coin
[21/12/2014 15:10:22] /i crystal coin
[21/12/2014 15:10:22] /i crystal coin
[21/12/2014 15:10:23] /i crystal coin
[21/12/2014 15:10:23] /i crystal coin
[21/12/2014 15:10:23] /i crystal coin
[21/12/2014 15:10:23] /i crystal coin
[21/12/2014 15:10:23] /i crystal coin
[21/12/2014 15:10:23] /i crystal coin
[21/12/2014 15:10:23] /i crystal coin
[21/12/2014 15:10:23] /i crystal coin
[21/12/2014 15:10:23] /i crystal coin
[21/12/2014 15:10:23] /i crystal coin
[21/12/2014 15:10:23] /i crystal coin
[21/12/2014 15:10:23] /i crystal coin
[21/12/2014 15:10:23] /i crystal coin
[21/12/2014 15:10:23] /i crystal coin
[21/12/2014 15:10:23] /i crystal coin
[21/12/2014 15:10:26] /i crystal coin
[21/12/2014 15:10:26] /i crystal coin
[21/12/2014 15:10:26] /i crystal coin
[21/12/2014 15:10:26] /i crystal coin
[21/12/2014 15:10:26] /i crystal coin
[21/12/2014 15:10:31] /clean
[21/12/2014 15:10:37] /i backpack
[21/12/2014 15:10:37] /i backpack
[21/12/2014 15:10:38] /i backpack
[21/12/2014 15:10:39] /i backpack
[21/12/2014 15:10:40] /i crystal coin
[21/12/2014 15:10:40] /i crystal coin
[21/12/2014 15:10:40] /i crystal coin
[21/12/2014 15:10:40] /i crystal coin
[21/12/2014 15:10:40] /i crystal coin
[21/12/2014 15:10:40] /i crystal coin
[21/12/2014 15:10:40] /i crystal coin
[21/12/2014 15:10:40] /i crystal coin
[21/12/2014 15:10:40] /i crystal coin
[21/12/2014 15:10:40] /i crystal coin
[21/12/2014 15:10:40] /i crystal coin
[21/12/2014 15:10:40] /i crystal coin
[21/12/2014 15:10:40] /i crystal coin
[21/12/2014 15:10:40] /i crystal coin
[21/12/2014 15:10:40] /i crystal coin
[21/12/2014 15:10:40] /i crystal coin
[21/12/2014 15:10:40] /i crystal coin
[21/12/2014 15:10:40] /i crystal coin
[21/12/2014 15:10:40] /i crystal coin
[21/12/2014 15:10:40] /i crystal coin
[21/12/2014 15:10:41] /i crystal coin
[21/12/2014 15:10:41] /i crystal coin
[21/12/2014 15:10:41] /i crystal coin
[21/12/2014 15:10:41] /i crystal coin
[21/12/2014 15:10:41] /i crystal coin
[21/12/2014 15:10:41] /i crystal coin
[21/12/2014 15:10:41] /i crystal coin
[21/12/2014 15:10:41] /i crystal coin
[21/12/2014 15:10:41] /i crystal coin
[21/12/2014 15:10:41] /i crystal coin
[21/12/2014 15:10:41] /i crystal coin
[21/12/2014 15:10:41] /i crystal coin
[21/12/2014 15:10:41] /i crystal coin
[21/12/2014 15:10:41] /i crystal coin
[21/12/2014 15:10:41] /i crystal coin
[21/12/2014 15:10:41] /i crystal coin
[21/12/2014 15:10:41] /i crystal coin
[21/12/2014 15:10:41] /i crystal coin
[21/12/2014 15:10:41] /i crystal coin
[21/12/2014 15:10:41] /i crystal coin
[21/12/2014 15:10:41] /i crystal coin
[21/12/2014 15:10:41] /i crystal coin
[21/12/2014 15:10:41] /i crystal coin
[21/12/2014 15:10:41] /i crystal coin
[21/12/2014 15:10:41] /i crystal coin
[21/12/2014 15:10:41] /i crystal coin
[21/12/2014 15:10:42] /i crystal coin
[21/12/2014 15:10:42] /i crystal coin
[21/12/2014 15:10:42] /i crystal coin
[21/12/2014 15:10:42] /i crystal coin
[21/12/2014 15:10:42] /i crystal coin
[21/12/2014 15:10:42] /i crystal coin
[21/12/2014 15:10:42] /i crystal coin
[21/12/2014 15:10:42] /i crystal coin
[21/12/2014 15:10:42] /i crystal coin
[21/12/2014 15:10:42] /i crystal coin
[21/12/2014 15:10:42] /i crystal coin
[21/12/2014 15:10:42] /i crystal coin
[21/12/2014 15:10:42] /i crystal coin
[21/12/2014 15:10:42] /i crystal coin
[21/12/2014 15:10:42] /i crystal coin
[21/12/2014 15:10:42] /i crystal coin
[21/12/2014 15:10:42] /i crystal coin
[21/12/2014 15:10:42] /i crystal coin
[21/12/2014 15:10:42] /i crystal coin
[21/12/2014 15:10:42] /i crystal coin
[21/12/2014 15:10:42] /i crystal coin
[21/12/2014 15:10:42] /i crystal coin
[21/12/2014 15:10:42] /i crystal coin
[21/12/2014 15:10:42] /i crystal coin
[21/12/2014 15:10:43] /i crystal coin
[21/12/2014 15:10:43] /i crystal coin
[21/12/2014 15:10:43] /i crystal coin
[21/12/2014 15:10:43] /i crystal coin
[21/12/2014 15:10:43] /i crystal coin
[21/12/2014 15:10:43] /i crystal coin
[21/12/2014 15:10:43] /i crystal coin
[21/12/2014 15:10:43] /i crystal coin
[21/12/2014 15:10:43] /i crystal coin
[21/12/2014 15:10:43] /i crystal coin
[21/12/2014 15:10:43] /i crystal coin
[21/12/2014 15:10:43] /i crystal coin
[21/12/2014 15:10:43] /i crystal coin
[21/12/2014 15:10:43] /i crystal coin
[21/12/2014 15:10:43] /i crystal coin
[21/12/2014 15:10:43] /i crystal coin
[21/12/2014 15:10:43] /i crystal coin
[21/12/2014 15:10:43] /i crystal coin
[21/12/2014 15:10:43] /i crystal coin
[21/12/2014 15:10:43] /i crystal coin
[21/12/2014 15:10:43] /i crystal coin
[21/12/2014 15:10:43] /i crystal coin
[21/12/2014 15:10:43] /i crystal coin
[21/12/2014 15:10:43] /i crystal coin
[21/12/2014 15:10:43] /i crystal coin
[21/12/2014 15:10:44] /i crystal coin
[21/12/2014 15:10:44] /i crystal coin
[21/12/2014 15:10:44] /i crystal coin
[21/12/2014 15:10:44] /i crystal coin
[21/12/2014 15:10:44] /i crystal coin
[21/12/2014 15:10:48] /i backpack
[21/12/2014 15:10:49] /i backpack
[21/12/2014 15:10:49] /i backpack
[21/12/2014 15:10:50] /i backpack
[21/12/2014 15:10:51] /i backpack
[21/12/2014 15:10:51] /i backpack
[21/12/2014 15:10:52] /i backpack
[21/12/2014 15:10:52] /i backpack
[21/12/2014 15:10:55] /clean
[21/12/2014 15:10:55] /i crystal coin
[21/12/2014 15:10:56] /i crystal coin
[21/12/2014 15:10:56] /i crystal coin
[21/12/2014 15:10:56] /i crystal coin
[21/12/2014 15:10:56] /i crystal coin
[21/12/2014 15:10:56] /i crystal coin
[21/12/2014 15:10:56] /i crystal coin
[21/12/2014 15:10:56] /i crystal coin
[21/12/2014 15:10:56] /i crystal coin
[21/12/2014 15:10:56] /i crystal coin
[21/12/2014 15:10:56] /i crystal coin
[21/12/2014 15:10:56] /i crystal coin
[21/12/2014 15:10:56] /i crystal coin
[21/12/2014 15:10:56] /i crystal coin
[21/12/2014 15:10:56] /i crystal coin
[21/12/2014 15:10:56] /i crystal coin
[21/12/2014 15:10:56] /i crystal coin
[21/12/2014 15:10:56] /i crystal coin
[21/12/2014 15:10:56] /i crystal coin
[21/12/2014 15:10:56] /i crystal coin
[21/12/2014 15:10:56] /i crystal coin
[21/12/2014 15:10:57] /i crystal coin
[21/12/2014 15:10:57] /i crystal coin
[21/12/2014 15:10:57] /i crystal coin
[21/12/2014 15:10:57] /i crystal coin
[21/12/2014 15:10:57] /i crystal coin
[21/12/2014 15:10:57] /i crystal coin
[21/12/2014 15:10:57] /i crystal coin
[21/12/2014 15:10:57] /i crystal coin
[21/12/2014 15:10:57] /i crystal coin
[21/12/2014 15:10:57] /i crystal coin
[21/12/2014 15:10:57] /i crystal coin
[21/12/2014 15:10:57] /i crystal coin
[21/12/2014 15:10:57] /i crystal coin
[21/12/2014 15:10:57] /i crystal coin
[21/12/2014 15:10:57] /i crystal coin
[21/12/2014 15:10:57] /i crystal coin
[21/12/2014 15:10:57] /i crystal coin
[21/12/2014 15:10:57] /i crystal coin
[21/12/2014 15:10:57] /i crystal coin
[21/12/2014 15:10:57] /i crystal coin
[21/12/2014 15:10:57] /i crystal coin
[21/12/2014 15:10:57] /i crystal coin
[21/12/2014 15:10:57] /i crystal coin
[21/12/2014 15:10:57] /i crystal coin
[21/12/2014 15:10:57] /i crystal coin
[21/12/2014 15:10:58] /i crystal coin
[21/12/2014 15:10:58] /i crystal coin
[21/12/2014 15:10:58] /i crystal coin
[21/12/2014 15:10:58] /i crystal coin
[21/12/2014 15:10:58] /i crystal coin
[21/12/2014 15:10:58] /i crystal coin
[21/12/2014 15:10:58] /i crystal coin
[21/12/2014 15:10:58] /i crystal coin
[21/12/2014 15:10:58] /i crystal coin
[21/12/2014 15:10:58] /i crystal coin
[21/12/2014 15:10:58] /i crystal coin
[21/12/2014 15:10:58] /i crystal coin
[21/12/2014 15:10:58] /i crystal coin
[21/12/2014 15:10:58] /i crystal coin
[21/12/2014 15:10:58] /i crystal coin
[21/12/2014 15:10:58] /i crystal coin
[21/12/2014 15:10:58] /i crystal coin
[21/12/2014 15:10:58] /i crystal coin
[21/12/2014 15:10:58] /i crystal coin
[21/12/2014 15:10:58] /i crystal coin
[21/12/2014 15:11:09] /i crystal coin
[21/12/2014 15:11:09] /i crystal coin
[21/12/2014 15:11:09] /i crystal coin
[21/12/2014 15:11:09] /i crystal coin
[21/12/2014 15:11:09] /i crystal coin
[21/12/2014 15:11:09] /i crystal coin
[21/12/2014 15:11:09] /i crystal coin
[21/12/2014 15:11:09] /i crystal coin
[21/12/2014 15:11:09] /i crystal coin
[21/12/2014 15:11:09] /i crystal coin
[21/12/2014 15:11:09] /i crystal coin
[21/12/2014 15:11:09] /i crystal coin
[21/12/2014 15:11:09] /i crystal coin
[21/12/2014 15:11:09] /i crystal coin
[21/12/2014 15:11:09] /i crystal coin
[21/12/2014 15:11:09] /i crystal coin
[21/12/2014 15:11:10] /i crystal coin
[21/12/2014 15:11:10] /i crystal coin
[21/12/2014 15:11:10] /i crystal coin
[21/12/2014 15:11:10] /i crystal coin
[21/12/2014 15:11:10] /i crystal coin
[21/12/2014 15:11:10] /i crystal coin
[21/12/2014 15:11:10] /i crystal coin
[21/12/2014 15:11:10] /i crystal coin
[21/12/2014 15:11:10] /i crystal coin
[21/12/2014 15:11:10] /i crystal coin
[21/12/2014 15:11:10] /i crystal coin
[21/12/2014 15:11:10] /i crystal coin
[21/12/2014 15:11:10] /i crystal coin
[21/12/2014 15:11:10] /i crystal coin
[21/12/2014 15:11:10] /i crystal coin
[21/12/2014 15:11:10] /i crystal coin
[21/12/2014 15:11:10] /i crystal coin
[21/12/2014 15:11:10] /i crystal coin
[21/12/2014 15:11:10] /i crystal coin
[21/12/2014 15:11:10] /i crystal coin
[21/12/2014 15:11:10] /i crystal coin
[21/12/2014 15:11:10] /i crystal coin
[21/12/2014 15:11:10] /i crystal coin
[21/12/2014 15:11:10] /i crystal coin
[21/12/2014 15:11:11] /i crystal coin
[21/12/2014 15:11:11] /i crystal coin
[21/12/2014 15:11:11] /i crystal coin
[21/12/2014 15:11:11] /i crystal coin
[21/12/2014 15:11:11] /i crystal coin
[21/12/2014 15:11:11] /i crystal coin
[21/12/2014 15:11:11] /i crystal coin
[21/12/2014 15:11:11] /i crystal coin
[21/12/2014 15:11:11] /i crystal coin
[21/12/2014 15:11:11] /i crystal coin
[21/12/2014 15:11:11] /i crystal coin
[21/12/2014 15:11:11] /i crystal coin
[21/12/2014 15:11:11] /i crystal coin
[21/12/2014 15:11:11] /i crystal coin
[21/12/2014 15:11:11] /i crystal coin
[21/12/2014 15:11:11] /i crystal coin
[21/12/2014 15:11:11] /i crystal coin
[21/12/2014 15:11:11] /i crystal coin
[21/12/2014 15:11:11] /i crystal coin
[21/12/2014 15:11:11] /i crystal coin
[21/12/2014 15:11:11] /i crystal coin
[21/12/2014 15:11:11] /i crystal coin
[21/12/2014 15:11:11] /i crystal coin
[21/12/2014 15:11:11] /i crystal coin
[21/12/2014 15:11:11] /i crystal coin
[21/12/2014 15:11:11] /i crystal coin
[21/12/2014 15:11:12] /i crystal coin
[21/12/2014 15:11:12] /i crystal coin
[21/12/2014 15:11:12] /i crystal coin
[21/12/2014 15:11:12] /i crystal coin
[21/12/2014 15:11:12] /i crystal coin
[21/12/2014 15:11:12] /i crystal coin
[21/12/2014 15:11:12] /i crystal coin
[21/12/2014 15:11:12] /i crystal coin
[21/12/2014 15:11:12] /i crystal coin
[21/12/2014 15:11:12] /i crystal coin
[21/12/2014 15:11:12] /i crystal coin
[21/12/2014 15:11:12] /i crystal coin
[21/12/2014 15:11:12] /i crystal coin
[21/12/2014 15:11:12] /i crystal coin
[21/12/2014 15:11:12] /i crystal coin
[21/12/2014 15:11:12] /i crystal coin
[21/12/2014 15:11:12] /i crystal coin
[21/12/2014 15:11:12] /i crystal coin
[21/12/2014 15:11:12] /i crystal coin
[21/12/2014 15:11:12] /i crystal coin
[21/12/2014 15:11:12] /i crystal coin
[21/12/2014 15:11:12] /i crystal coin
[21/12/2014 15:11:12] /i crystal coin
[21/12/2014 15:11:12] /i crystal coin
[21/12/2014 15:11:13] /i crystal coin
[21/12/2014 15:11:13] /i crystal coin
[21/12/2014 15:11:13] /i crystal coin
[21/12/2014 15:11:13] /i crystal coin
[21/12/2014 15:11:13] /i crystal coin
[21/12/2014 15:11:13] /i crystal coin
[21/12/2014 15:11:13] /i crystal coin
[21/12/2014 15:11:13] /i crystal coin
[21/12/2014 15:11:13] /i crystal coin
[21/12/2014 15:11:13] /i crystal coin
[21/12/2014 15:11:13] /i crystal coin
[21/12/2014 15:11:13] /i crystal coin
[21/12/2014 15:11:13] /i crystal coin
[21/12/2014 15:11:13] /i crystal coin
[21/12/2014 15:11:13] /i crystal coin
[21/12/2014 15:11:13] /i crystal coin
[21/12/2014 15:11:13] /i crystal coin
[21/12/2014 15:11:13] /i crystal coin
[21/12/2014 15:11:13] /i crystal coin
[21/12/2014 15:11:13] /i crystal coin
[21/12/2014 15:11:13] /i crystal coin
[21/12/2014 15:11:13] /i crystal coin
[21/12/2014 15:11:13] /i crystal coin
[21/12/2014 15:11:13] /i crystal coin
[21/12/2014 15:11:13] /i crystal coin
[21/12/2014 15:11:13] /i crystal coin
[21/12/2014 15:11:13] /i crystal coin
[21/12/2014 15:11:14] /i crystal coin
[21/12/2014 15:11:14] /i crystal coin
[21/12/2014 15:11:14] /i crystal coin
[21/12/2014 15:11:14] /i crystal coin
[21/12/2014 15:11:14] /i crystal coin
[21/12/2014 15:11:14] /i crystal coin
[21/12/2014 15:11:14] /i crystal coin
[21/12/2014 15:11:14] /i crystal coin
[21/12/2014 15:11:14] /i crystal coin
[21/12/2014 15:11:14] /i crystal coin
[21/12/2014 15:11:14] /i crystal coin
[21/12/2014 15:11:14] /i crystal coin
[21/12/2014 15:11:14] /i crystal coin
[21/12/2014 15:11:14] /i crystal coin
[21/12/2014 15:11:14] /i crystal coin
[21/12/2014 15:11:14] /i crystal coin
[21/12/2014 15:11:14] /i crystal coin
[21/12/2014 15:11:14] /i crystal coin
[21/12/2014 15:11:14] /i crystal coin
[21/12/2014 15:11:14] /i crystal coin
[21/12/2014 15:11:14] /i crystal coin
[21/12/2014 15:11:14] /i crystal coin
[21/12/2014 15:11:14] /i crystal coin
[21/12/2014 15:11:14] /i crystal coin
[21/12/2014 15:11:14] /i crystal coin
[21/12/2014 15:11:15] /i crystal coin
[21/12/2014 15:11:15] /i crystal coin
[21/12/2014 15:11:15] /i crystal coin
[21/12/2014 15:11:15] /i crystal coin
[21/12/2014 15:11:15] /i crystal coin
[21/12/2014 15:11:15] /i crystal coin
[21/12/2014 15:11:15] /i crystal coin
[21/12/2014 15:17:25] /i backpack
[21/12/2014 15:17:48] /i  crystal coin
[21/12/2014 15:17:49] /i  crystal coin
[21/12/2014 15:17:49] /i  crystal coin
[21/12/2014 15:17:49] /i  crystal coin
[21/12/2014 15:17:49] /i  crystal coin
[21/12/2014 15:17:49] /i  crystal coin
[21/12/2014 15:17:49] /i  crystal coin
[21/12/2014 15:17:49] /i  crystal coin
[21/12/2014 15:17:49] /i  crystal coin
[21/12/2014 15:17:49] /i  crystal coin
[21/12/2014 15:17:49] /i  crystal coin
[21/12/2014 15:17:49] /i  crystal coin
[21/12/2014 15:17:49] /i  crystal coin
[21/12/2014 15:17:49] /i  crystal coin
[21/12/2014 15:17:49] /i  crystal coin
[21/12/2014 15:17:49] /i  crystal coin
[21/12/2014 15:17:49] /i  crystal coin
[21/12/2014 15:17:49] /i  crystal coin
[21/12/2014 15:17:49] /i  crystal coin
[21/12/2014 15:17:49] /i  crystal coin
[21/12/2014 15:17:49] /i  crystal coin
[21/12/2014 15:17:49] /i  crystal coin
[21/12/2014 15:17:49] /i  crystal coin
[21/12/2014 15:17:49] /i  crystal coin
[21/12/2014 15:17:49] /i  crystal coin
[21/12/2014 15:17:49] /i  crystal coin
[21/12/2014 15:17:49] /i  crystal coin
[21/12/2014 15:17:49] /i  crystal coin
[21/12/2014 15:17:49] /i  crystal coin
[21/12/2014 15:17:50] /i  crystal coin
[21/12/2014 15:17:50] /i  crystal coin
[21/12/2014 15:18:07] /i  backpack
[21/12/2014 15:18:08] /i  backpack
[21/12/2014 15:18:09] /i  backpack
[21/12/2014 15:18:10] /i  backpack
[21/12/2014 15:18:11] /i  backpack
[21/12/2014 15:18:11] /i  backpack
[21/12/2014 15:18:12] /i  backpack
[21/12/2014 15:18:12] /i  backpack
[21/12/2014 15:18:13] /i  backpack
[21/12/2014 15:18:13] /i  backpack
[21/12/2014 15:18:14] /i  backpack
[21/12/2014 15:18:14] /i  backpack
[21/12/2014 15:18:15] /i  backpack
[21/12/2014 15:18:15] /i  backpack
[21/12/2014 15:18:16] /i  backpack
[21/12/2014 15:18:16] /i  crystal coin
[21/12/2014 15:18:16] /i  crystal coin
[21/12/2014 15:18:16] /i  crystal coin
[21/12/2014 15:18:16] /i  crystal coin
[21/12/2014 15:18:16] /i  crystal coin
[21/12/2014 15:18:16] /i  crystal coin
[21/12/2014 15:18:17] /i  crystal coin
[21/12/2014 15:18:17] /i  crystal coin
[21/12/2014 15:18:17] /i  crystal coin
[21/12/2014 15:18:17] /i  crystal coin
[21/12/2014 15:18:17] /i  crystal coin
[21/12/2014 15:18:17] /i  crystal coin
[21/12/2014 15:18:17] /i  crystal coin
[21/12/2014 15:18:17] /i  crystal coin
[21/12/2014 15:18:17] /i  crystal coin
[21/12/2014 15:18:17] /i  crystal coin
[21/12/2014 15:18:17] /i  crystal coin
[21/12/2014 15:18:17] /i  crystal coin
[21/12/2014 15:18:17] /i  crystal coin
[21/12/2014 15:18:17] /i  crystal coin
[21/12/2014 15:18:17] /i  crystal coin
[21/12/2014 15:18:17] /i  crystal coin
[21/12/2014 15:18:17] /i  crystal coin
[21/12/2014 15:18:17] /i  crystal coin
[21/12/2014 15:18:17] /i  crystal coin
[21/12/2014 15:18:17] /i  crystal coin
[21/12/2014 15:18:17] /i  crystal coin
[21/12/2014 15:18:17] /i  crystal coin
[21/12/2014 15:18:17] /i  crystal coin
[21/12/2014 15:18:17] /i  crystal coin
[21/12/2014 15:18:17] /i  crystal coin
[21/12/2014 15:18:17] /i  crystal coin
[21/12/2014 15:18:17] /i  crystal coin
[21/12/2014 15:18:17] /i  crystal coin
[21/12/2014 15:18:17] /i  crystal coin
[21/12/2014 15:18:17] /i  crystal coin
[21/12/2014 15:18:18] /i  crystal coin
[21/12/2014 15:18:18] /i  crystal coin
[21/12/2014 15:18:18] /i  crystal coin
[21/12/2014 15:18:18] /i  crystal coin
[21/12/2014 15:18:18] /i  crystal coin
[21/12/2014 15:18:18] /i  crystal coin
[21/12/2014 15:18:18] /i  crystal coin
[21/12/2014 15:18:18] /i  crystal coin
[21/12/2014 15:18:18] /i  crystal coin
[21/12/2014 15:18:18] /i  crystal coin
[21/12/2014 15:18:18] /i  crystal coin
[21/12/2014 15:18:18] /i  crystal coin
[21/12/2014 15:18:18] /i  crystal coin
[21/12/2014 15:18:18] /i  crystal coin
[21/12/2014 15:18:18] /i  crystal coin
[21/12/2014 15:18:18] /i  crystal coin
[21/12/2014 15:18:18] /i  crystal coin
[21/12/2014 15:18:18] /i  crystal coin
[21/12/2014 15:18:18] /i  crystal coin
[21/12/2014 15:18:18] /i  crystal coin
[21/12/2014 15:18:18] /i  crystal coin
[21/12/2014 15:18:18] /i  crystal coin
[21/12/2014 15:18:18] /i  crystal coin
[21/12/2014 15:18:18] /i  crystal coin
[21/12/2014 15:18:18] /i  crystal coin
[21/12/2014 15:18:18] /i  crystal coin
[21/12/2014 15:18:18] /i  crystal coin
[21/12/2014 15:18:18] /i  crystal coin
[21/12/2014 15:18:18] /i  crystal coin
[21/12/2014 15:18:18] /i  crystal coin
[21/12/2014 15:18:19] /i  crystal coin
[21/12/2014 15:18:19] /i  crystal coin
[21/12/2014 15:18:19] /i  crystal coin
[21/12/2014 15:18:19] /i  crystal coin
[21/12/2014 15:18:19] /i  crystal coin
[21/12/2014 15:18:19] /i  crystal coin
[21/12/2014 15:18:19] /i  crystal coin
[21/12/2014 15:18:19] /i  crystal coin
[21/12/2014 15:18:19] /i  crystal coin
[21/12/2014 15:18:19] /i  crystal coin
[21/12/2014 15:18:19] /i  crystal coin
[21/12/2014 15:18:19] /i  crystal coin
[21/12/2014 15:18:19] /i  crystal coin
[21/12/2014 15:18:19] /i  crystal coin
[21/12/2014 15:18:19] /i  crystal coin
[21/12/2014 15:18:19] /i  crystal coin
[21/12/2014 15:18:19] /i  crystal coin
[21/12/2014 15:18:19] /i  crystal coin
[21/12/2014 15:18:19] /i  crystal coin
[21/12/2014 15:18:19] /i  crystal coin
[21/12/2014 15:18:20] /i  crystal coin
[21/12/2014 15:18:20] /i  crystal coin
[21/12/2014 15:18:20] /i  crystal coin
[21/12/2014 15:18:20] /i  crystal coin
[21/12/2014 15:18:20] /i  crystal coin
[21/12/2014 15:18:20] /i  crystal coin
[21/12/2014 15:18:20] /i  crystal coin
[21/12/2014 15:18:20] /i  crystal coin
[21/12/2014 15:18:20] /i  crystal coin
[21/12/2014 15:18:20] /i  crystal coin
[21/12/2014 15:18:20] /i  crystal coin
[21/12/2014 15:18:20] /i  crystal coin
[21/12/2014 15:18:20] /i  crystal coin
[21/12/2014 15:18:20] /i  crystal coin
[21/12/2014 15:18:20] /i  crystal coin
[21/12/2014 15:18:20] /i  crystal coin
[21/12/2014 15:18:20] /i  crystal coin
[21/12/2014 15:18:20] /i  crystal coin
[21/12/2014 15:18:20] /i  crystal coin
[21/12/2014 15:18:20] /i  crystal coin
[21/12/2014 15:18:21] /i  crystal coin
[21/12/2014 15:18:21] /i  crystal coin
[21/12/2014 15:18:21] /i  crystal coin
[21/12/2014 15:18:21] /i  crystal coin
[21/12/2014 15:18:21] /i  crystal coin
[21/12/2014 15:18:21] /i  crystal coin
[21/12/2014 15:18:21] /i  crystal coin
[21/12/2014 15:18:21] /i  crystal coin
[21/12/2014 15:18:21] /i  crystal coin
[21/12/2014 15:18:21] /i  crystal coin
[21/12/2014 15:18:21] /i  crystal coin
[21/12/2014 15:18:21] /i  crystal coin
[21/12/2014 15:18:21] /i  crystal coin
[21/12/2014 15:18:21] /i  crystal coin
[21/12/2014 15:18:21] /i  crystal coin
[21/12/2014 15:18:21] /i  crystal coin
[21/12/2014 15:18:21] /i  crystal coin
[21/12/2014 15:18:21] /i  crystal coin
[21/12/2014 15:18:21] /i  crystal coin
[21/12/2014 15:18:21] /i  crystal coin
[21/12/2014 15:18:21] /i  crystal coin
[21/12/2014 15:18:21] /i  crystal coin
[21/12/2014 15:18:21] /i  crystal coin
[21/12/2014 15:18:21] /i  crystal coin
[21/12/2014 15:18:21] /i  crystal coin
[21/12/2014 15:18:21] /i  crystal coin
[21/12/2014 15:18:21] /i  crystal coin
[21/12/2014 15:18:21] /i  crystal coin
[21/12/2014 15:18:21] /i  crystal coin
[21/12/2014 15:18:21] /i  crystal coin
[21/12/2014 15:18:21] /i  crystal coin
[21/12/2014 15:18:22] /i  crystal coin
[21/12/2014 15:18:22] /i  crystal coin
[21/12/2014 15:18:22] /i  crystal coin
[21/12/2014 15:18:22] /i  crystal coin
[21/12/2014 15:18:22] /i  crystal coin
[21/12/2014 15:18:22] /i  crystal coin
[21/12/2014 15:18:22] /i  crystal coin
[21/12/2014 15:18:22] /i  crystal coin
[21/12/2014 15:18:22] /i  crystal coin
[21/12/2014 15:18:22] /i  crystal coin
[21/12/2014 15:18:22] /i  crystal coin
[21/12/2014 15:18:22] /i  crystal coin
[21/12/2014 15:18:22] /i  crystal coin
[21/12/2014 15:18:22] /i  crystal coin
[21/12/2014 15:18:22] /i  crystal coin
[21/12/2014 15:18:22] /i  crystal coin
[21/12/2014 15:18:22] /i  crystal coin
[21/12/2014 15:18:22] /i  crystal coin
[21/12/2014 15:18:22] /i  crystal coin
[21/12/2014 15:18:22] /i  crystal coin
[21/12/2014 15:18:22] /i  crystal coin
[21/12/2014 15:18:22] /i  crystal coin
[21/12/2014 15:18:22] /i  crystal coin
[21/12/2014 15:18:22] /i  crystal coin
[21/12/2014 15:18:22] /i  crystal coin
[21/12/2014 15:18:22] /i  crystal coin
[21/12/2014 15:18:22] /i  crystal coin
[21/12/2014 15:18:22] /i  crystal coin
[21/12/2014 15:18:22] /i  crystal coin
[21/12/2014 15:18:23] /i  crystal coin
[21/12/2014 15:18:23] /i  crystal coin
[21/12/2014 15:18:23] /i  crystal coin
[21/12/2014 15:18:23] /i  crystal coin
[21/12/2014 15:18:23] /i  crystal coin
[21/12/2014 15:18:23] /i  crystal coin
[21/12/2014 15:18:23] /i  crystal coin
[21/12/2014 15:18:23] /i  crystal coin
[21/12/2014 15:18:23] /i  crystal coin
[21/12/2014 15:18:23] /i  crystal coin
[21/12/2014 15:18:23] /i  crystal coin
[21/12/2014 15:18:23] /i  crystal coin
[21/12/2014 15:18:23] /i  crystal coin
[21/12/2014 15:18:23] /i  crystal coin
[21/12/2014 15:18:23] /i  crystal coin
[21/12/2014 15:18:23] /i  crystal coin
[21/12/2014 15:18:23] /i  crystal coin
[21/12/2014 15:18:23] /i  crystal coin
[21/12/2014 15:18:23] /i  crystal coin
[21/12/2014 15:18:23] /i  crystal coin
[21/12/2014 15:18:23] /i  crystal coin
[21/12/2014 15:18:23] /i  crystal coin
[21/12/2014 15:18:23] /i  crystal coin
[21/12/2014 15:18:23] /i  crystal coin
[21/12/2014 15:18:23] /i  crystal coin
[21/12/2014 15:18:23] /i  crystal coin
[21/12/2014 15:18:23] /i  crystal coin
[21/12/2014 15:18:23] /i  crystal coin
[21/12/2014 15:18:23] /i  crystal coin
[21/12/2014 15:18:23] /i  crystal coin
[21/12/2014 15:18:24] /i  crystal coin
[21/12/2014 15:18:24] /i  crystal coin
[21/12/2014 15:18:24] /i  crystal coin
[21/12/2014 15:18:24] /i  crystal coin
[21/12/2014 15:18:24] /i  crystal coin
[21/12/2014 15:18:24] /i  crystal coin
[21/12/2014 15:18:24] /i  crystal coin
[21/12/2014 15:18:24] /i  crystal coin
[21/12/2014 15:18:24] /i  crystal coin
[21/12/2014 15:18:24] /i  crystal coin
[21/12/2014 15:18:24] /i  crystal coin
[21/12/2014 15:18:24] /i  crystal coin
[21/12/2014 15:18:24] /i  crystal coin
[21/12/2014 15:18:24] /i  crystal coin
[21/12/2014 15:18:24] /i  crystal coin
[21/12/2014 15:18:24] /i  crystal coin
[21/12/2014 15:18:24] /i  crystal coin
[21/12/2014 15:18:24] /i  crystal coin
[21/12/2014 15:18:24] /i  crystal coin
[21/12/2014 15:18:24] /i  crystal coin
[21/12/2014 15:18:24] /i  crystal coin
[21/12/2014 15:18:24] /i  crystal coin
[21/12/2014 15:18:24] /i  crystal coin
[21/12/2014 15:18:24] /i  crystal coin
[21/12/2014 15:18:24] /i  crystal coin
[21/12/2014 15:18:24] /i  crystal coin
[21/12/2014 15:18:24] /i  crystal coin
[21/12/2014 15:18:24] /i  crystal coin
[21/12/2014 15:18:24] /i  crystal coin
[21/12/2014 15:18:24] /i  crystal coin
[21/12/2014 15:18:24] /i  crystal coin
[21/12/2014 15:18:25] /i  crystal coin
[21/12/2014 15:18:25] /i  crystal coin
[21/12/2014 15:18:25] /i  crystal coin
[21/12/2014 15:18:25] /i  crystal coin
[21/12/2014 15:18:25] /i  crystal coin
[21/12/2014 15:18:25] /i  crystal coin
[21/12/2014 15:18:25] /i  crystal coin
[21/12/2014 15:18:25] /i  crystal coin
[21/12/2014 15:18:25] /i  crystal coin
[21/12/2014 15:18:25] /i  crystal coin
[21/12/2014 15:18:25] /i  crystal coin
[21/12/2014 15:18:25] /i  crystal coin
[21/12/2014 15:18:25] /i  crystal coin
[21/12/2014 15:18:25] /i  crystal coin
[21/12/2014 15:18:25] /i  crystal coin
[21/12/2014 15:18:25] /i  crystal coin
[21/12/2014 15:18:25] /i  crystal coin
[21/12/2014 15:18:25] /i  crystal coin
[21/12/2014 15:18:25] /i  crystal coin
[21/12/2014 15:18:25] /i  crystal coin
[21/12/2014 15:18:25] /i  crystal coin
[21/12/2014 15:18:25] /i  crystal coin
[21/12/2014 15:18:25] /i  crystal coin
[21/12/2014 15:18:25] /i  crystal coin
[21/12/2014 15:18:25] /i  crystal coin
[21/12/2014 15:18:25] /i  crystal coin
[21/12/2014 15:18:25] /i  crystal coin
[21/12/2014 15:18:25] /i  crystal coin
[21/12/2014 15:18:25] /i  crystal coin
[21/12/2014 15:18:25] /i  crystal coin
[21/12/2014 15:18:26] /i  crystal coin
[21/12/2014 15:18:26] /i  crystal coin
[21/12/2014 15:18:26] /i  crystal coin
[21/12/2014 15:18:26] /i  crystal coin
[21/12/2014 15:18:26] /i  crystal coin
[21/12/2014 15:18:26] /i  crystal coin
[21/12/2014 15:18:26] /i  crystal coin
[21/12/2014 15:18:26] /i  crystal coin
[21/12/2014 15:18:26] /i  crystal coin
[21/12/2014 15:18:26] /i  crystal coin
[21/12/2014 15:18:26] /i  crystal coin
[21/12/2014 15:18:26] /i  crystal coin
[21/12/2014 15:18:26] /i  crystal coin
[21/12/2014 15:18:26] /i  crystal coin
[21/12/2014 15:18:26] /i  crystal coin
[21/12/2014 15:18:26] /i  crystal coin
[21/12/2014 15:18:26] /i  crystal coin
[21/12/2014 15:18:26] /i  crystal coin
[21/12/2014 15:18:26] /i  crystal coin
[21/12/2014 15:18:26] /i  crystal coin
[21/12/2014 15:18:27] /i  crystal coin
[21/12/2014 15:18:27] /i  crystal coin
[21/12/2014 15:18:27] /i  crystal coin
[21/12/2014 15:18:27] /i  crystal coin
[21/12/2014 15:18:27] /i  crystal coin
[21/12/2014 15:18:27] /i  crystal coin
[21/12/2014 15:18:27] /i  crystal coin
[21/12/2014 15:18:27] /i  crystal coin
[21/12/2014 15:18:27] /i  crystal coin
[21/12/2014 15:18:27] /i  crystal coin
[21/12/2014 15:18:27] /i  crystal coin
[21/12/2014 15:18:27] /i  crystal coin
[21/12/2014 15:18:27] /i  crystal coin
[21/12/2014 15:18:27] /i  crystal coin
[21/12/2014 15:18:27] /i  crystal coin
[21/12/2014 15:18:27] /i  crystal coin
[21/12/2014 15:18:27] /i  crystal coin
[21/12/2014 15:18:27] /i  crystal coin
[21/12/2014 15:18:27] /i  crystal coin
[21/12/2014 15:18:27] /i  crystal coin
[21/12/2014 15:18:27] /i  crystal coin
[21/12/2014 15:18:27] /i  crystal coin
[21/12/2014 15:18:27] /i  crystal coin
[21/12/2014 15:18:27] /i  crystal coin
[21/12/2014 15:18:27] /i  crystal coin
[21/12/2014 15:18:27] /i  crystal coin
[21/12/2014 15:18:27] /i  crystal coin
[21/12/2014 15:19:26] /i  crystal coin
[21/12/2014 15:19:26] /i  crystal coin
[21/12/2014 15:19:26] /i  crystal coin
[21/12/2014 15:19:26] /i  crystal coin
[21/12/2014 15:19:26] /i  crystal coin
[21/12/2014 15:19:27] /i  crystal coin
[21/12/2014 15:19:27] /i  crystal coin
[21/12/2014 15:19:27] /i  crystal coin
[21/12/2014 15:19:27] /i  crystal coin
[21/12/2014 15:19:27] /i  crystal coin
[21/12/2014 15:19:27] /i  crystal coin
[21/12/2014 15:19:27] /i  crystal coin
[21/12/2014 15:19:27] /i  crystal coin
[21/12/2014 15:19:27] /i  crystal coin
[21/12/2014 15:19:27] /i  crystal coin
[21/12/2014 15:19:27] /i  crystal coin
[21/12/2014 15:19:27] /i  crystal coin
[21/12/2014 15:19:27] /i  crystal coin
[21/12/2014 15:19:27] /i  crystal coin
[21/12/2014 15:19:27] /i  crystal coin
[21/12/2014 15:19:27] /i  crystal coin
[21/12/2014 15:19:27] /i  crystal coin
[21/12/2014 15:19:27] /i  crystal coin
[21/12/2014 15:19:27] /i  crystal coin
[21/12/2014 15:19:27] /i  crystal coin
[21/12/2014 15:19:27] /i  crystal coin
[21/12/2014 15:19:27] /i  crystal coin
[21/12/2014 15:19:27] /i  crystal coin
[21/12/2014 15:19:27] /i  crystal coin
[21/12/2014 15:19:27] /i  crystal coin
[21/12/2014 15:19:27] /i  crystal coin
[21/12/2014 15:19:27] /i  crystal coin
[21/12/2014 15:19:27] /i  crystal coin
[21/12/2014 15:19:27] /i  crystal coin
[21/12/2014 15:19:27] /i  crystal coin
[21/12/2014 15:19:27] /i  crystal coin
[21/12/2014 15:19:28] /i  crystal coin
[21/12/2014 15:19:28] /i  crystal coin
[21/12/2014 15:19:28] /i  crystal coin
[21/12/2014 15:19:28] /i  crystal coin
[21/12/2014 15:19:28] /i  crystal coin
[21/12/2014 15:19:28] /i  crystal coin
[21/12/2014 15:19:28] /i  crystal coin
[21/12/2014 15:19:28] /i  crystal coin
[21/12/2014 15:19:28] /i  crystal coin
[21/12/2014 15:19:28] /i  crystal coin
[21/12/2014 15:19:28] /i  crystal coin
[21/12/2014 15:19:28] /i  crystal coin
[21/12/2014 15:19:28] /i  crystal coin
[21/12/2014 15:19:28] /i  crystal coin
[21/12/2014 15:19:28] /i  crystal coin
[21/12/2014 15:19:28] /i  crystal coin
[21/12/2014 15:19:28] /i  crystal coin
[21/12/2014 15:19:28] /i  crystal coin
[21/12/2014 15:19:28] /i  crystal coin
[21/12/2014 15:19:28] /i  crystal coin
[21/12/2014 15:19:28] /i  crystal coin
[21/12/2014 15:19:28] /i  crystal coin
[21/12/2014 15:19:28] /i  crystal coin
[21/12/2014 15:19:28] /i  crystal coin
[21/12/2014 15:19:28] /i  crystal coin
[21/12/2014 15:19:28] /i  crystal coin
[21/12/2014 15:19:28] /i  crystal coin
[21/12/2014 15:19:28] /i  crystal coin
[21/12/2014 15:19:28] /i  crystal coin
[21/12/2014 15:19:28] /i  crystal coin
[21/12/2014 15:19:29] /i  crystal coin
[21/12/2014 15:19:29] /i  crystal coin
[21/12/2014 15:19:29] /i  crystal coin
[21/12/2014 15:19:29] /i  crystal coin
[21/12/2014 15:19:29] /i  crystal coin
[21/12/2014 15:19:29] /i  crystal coin
[21/12/2014 15:19:29] /i  crystal coin
[21/12/2014 15:19:29] /i  crystal coin
[21/12/2014 15:19:29] /i  crystal coin
[21/12/2014 15:19:29] /i  crystal coin
[21/12/2014 15:19:29] /i  crystal coin
[21/12/2014 15:19:29] /i  crystal coin
[21/12/2014 15:19:29] /i  crystal coin
[21/12/2014 15:19:29] /i  crystal coin
[21/12/2014 15:19:29] /i  crystal coin
[21/12/2014 15:19:29] /i  crystal coin
[21/12/2014 15:19:29] /i  crystal coin
[21/12/2014 15:19:29] /i  crystal coin
[21/12/2014 15:19:29] /i  crystal coin
[21/12/2014 15:19:29] /i  crystal coin
[21/12/2014 15:19:29] /i  crystal coin
[21/12/2014 15:19:29] /i  crystal coin
[21/12/2014 15:19:29] /i  crystal coin
[21/12/2014 15:19:29] /i  crystal coin
[21/12/2014 15:19:29] /i  crystal coin
[21/12/2014 15:19:29] /i  crystal coin
[21/12/2014 15:19:29] /i  crystal coin
[21/12/2014 15:19:29] /i  crystal coin
[21/12/2014 15:19:29] /i  crystal coin
[21/12/2014 15:19:29] /i  crystal coin
[21/12/2014 15:19:30] /i  crystal coin
[21/12/2014 15:19:30] /i  crystal coin
[21/12/2014 15:19:30] /i  crystal coin
[21/12/2014 15:19:30] /i  crystal coin
[21/12/2014 15:19:30] /i  crystal coin
[21/12/2014 15:19:30] /i  crystal coin
[21/12/2014 15:19:30] /i  crystal coin
[21/12/2014 15:19:30] /i  crystal coin
[21/12/2014 15:19:30] /i  crystal coin
[21/12/2014 15:19:30] /i  crystal coin
[21/12/2014 15:19:30] /i  crystal coin
[21/12/2014 15:19:30] /i  crystal coin
[21/12/2014 15:19:30] /i  crystal coin
[21/12/2014 15:19:30] /i  crystal coin
[21/12/2014 15:19:30] /i  crystal coin
[21/12/2014 15:19:30] /i  crystal coin
[21/12/2014 15:19:30] /i  crystal coin
[21/12/2014 15:19:30] /i  crystal coin
[21/12/2014 15:19:30] /i  crystal coin
[21/12/2014 15:19:30] /i  crystal coin
[21/12/2014 15:19:30] /i  crystal coin
[21/12/2014 15:19:30] /i  crystal coin
[21/12/2014 15:19:30] /i  crystal coin
[21/12/2014 15:19:30] /i  crystal coin
[21/12/2014 15:19:30] /i  crystal coin
[21/12/2014 15:19:30] /i  crystal coin
[21/12/2014 15:19:30] /i  crystal coin
[21/12/2014 15:19:30] /i  crystal coin
[21/12/2014 15:19:30] /i  crystal coin
[21/12/2014 15:19:30] /i  crystal coin
[21/12/2014 15:19:31] /i  crystal coin
[21/12/2014 15:19:31] /i  crystal coin
[21/12/2014 15:19:31] /i  crystal coin
[21/12/2014 15:19:31] /i  crystal coin
[21/12/2014 15:19:31] /i  crystal coin
[21/12/2014 15:19:31] /i  crystal coin
[21/12/2014 15:19:31] /i  crystal coin
[21/12/2014 15:19:31] /i  crystal coin
[21/12/2014 15:19:31] /i  crystal coin
[21/12/2014 15:19:31] /i  crystal coin
[21/12/2014 15:19:31] /i  crystal coin
[21/12/2014 15:19:31] /i  crystal coin
[21/12/2014 15:19:31] /i  crystal coin
[21/12/2014 15:19:31] /i  crystal coin
[21/12/2014 15:19:31] /i  crystal coin
[21/12/2014 15:19:31] /i  crystal coin
[21/12/2014 15:19:31] /i  crystal coin
[21/12/2014 15:19:31] /i  crystal coin
[21/12/2014 15:19:31] /i  crystal coin
[21/12/2014 15:19:31] /i  crystal coin
[21/12/2014 15:19:31] /i  crystal coin
[21/12/2014 15:19:31] /i  crystal coin
[21/12/2014 15:19:31] /i  crystal coin
[21/12/2014 15:19:31] /i  crystal coin
[21/12/2014 15:19:31] /i  crystal coin
[21/12/2014 15:19:31] /i  crystal coin
[21/12/2014 15:19:31] /i  crystal coin
[21/12/2014 15:19:31] /i  crystal coin
[21/12/2014 15:19:31] /i  crystal coin
[21/12/2014 15:19:31] /i  crystal coin
[21/12/2014 15:19:31] /i  crystal coin
[21/12/2014 15:19:32] /i  crystal coin
[21/12/2014 15:19:32] /i  crystal coin
[21/12/2014 15:19:32] /i  crystal coin
[21/12/2014 15:19:32] /i  crystal coin
[21/12/2014 15:19:32] /i  crystal coin
[21/12/2014 15:19:32] /i  crystal coin
[21/12/2014 15:19:32] /i  crystal coin
[21/12/2014 15:19:32] /i  crystal coin
[21/12/2014 15:19:32] /i  crystal coin
[21/12/2014 15:19:32] /i  crystal coin
[21/12/2014 15:19:32] /i  crystal coin
[21/12/2014 15:19:32] /i  crystal coin
[21/12/2014 15:19:32] /i  crystal coin
[21/12/2014 15:19:32] /i  crystal coin
[21/12/2014 15:19:32] /i  crystal coin
[21/12/2014 15:19:32] /i  crystal coin
[21/12/2014 15:19:32] /i  crystal coin
[21/12/2014 15:19:32] /i  crystal coin
[21/12/2014 15:19:32] /i  crystal coin
[21/12/2014 15:19:32] /i  crystal coin
[21/12/2014 15:19:32] /i  crystal coin
[21/12/2014 15:19:32] /i  crystal coin
[21/12/2014 15:19:32] /i  crystal coin
[21/12/2014 15:19:32] /i  crystal coin
[21/12/2014 15:19:32] /i  crystal coin
[21/12/2014 15:19:32] /i  crystal coin
[21/12/2014 15:19:32] /i  crystal coin
[21/12/2014 15:19:32] /i  crystal coin
[21/12/2014 15:20:11] /i  crystal coin
[21/12/2014 15:20:11] /i  crystal coin
[21/12/2014 15:20:11] /i  crystal coin
[21/12/2014 15:20:11] /i  crystal coin
[21/12/2014 15:20:11] /i  crystal coin
[21/12/2014 15:20:11] /i  crystal coin
[21/12/2014 15:20:11] /i  crystal coin
[21/12/2014 15:20:11] /i  crystal coin
[21/12/2014 15:20:11] /i  crystal coin
[21/12/2014 15:20:11] /i  crystal coin
[21/12/2014 15:20:11] /i  crystal coin
[21/12/2014 15:20:11] /i  crystal coin
[21/12/2014 15:20:11] /i  crystal coin
[21/12/2014 15:20:12] /i  crystal coin
[21/12/2014 15:20:12] /i  crystal coin
[21/12/2014 15:20:12] /i  crystal coin
[21/12/2014 15:20:12] /i  crystal coin
[21/12/2014 15:20:12] /i  crystal coin
[21/12/2014 15:20:12] /i  crystal coin
[21/12/2014 15:20:12] /i  crystal coin
[21/12/2014 15:20:12] /i  crystal coin
[21/12/2014 15:20:12] /i  crystal coin
[21/12/2014 15:20:12] /i  crystal coin
[21/12/2014 15:20:12] /i  crystal coin
[21/12/2014 15:20:12] /i  crystal coin
[21/12/2014 15:20:12] /i  crystal coin
[21/12/2014 15:20:12] /i  crystal coin
[21/12/2014 15:20:12] /i  crystal coin
[21/12/2014 15:20:12] /i  crystal coin
[21/12/2014 15:20:12] /i  crystal coin
[21/12/2014 15:20:12] /i  crystal coin
[21/12/2014 15:20:12] /i  crystal coin
[21/12/2014 15:20:12] /i  crystal coin
[21/12/2014 15:20:12] /i  crystal coin
[21/12/2014 15:20:12] /i  crystal coin
[21/12/2014 15:20:12] /i  crystal coin
[21/12/2014 15:20:12] /i  crystal coin
[21/12/2014 15:20:12] /i  crystal coin
[21/12/2014 15:20:12] /i  crystal coin
[21/12/2014 15:20:12] /i  crystal coin
[21/12/2014 15:20:12] /i  crystal coin
[21/12/2014 15:20:13] /i  crystal coin
[21/12/2014 15:20:13] /i  crystal coin
[21/12/2014 15:20:13] /i  crystal coin
[21/12/2014 15:20:13] /i  crystal coin
[21/12/2014 15:20:13] /i  crystal coin
[21/12/2014 15:20:13] /i  crystal coin
[21/12/2014 15:20:13] /i  crystal coin
[21/12/2014 15:20:13] /i  crystal coin
[21/12/2014 15:20:13] /i  crystal coin
[21/12/2014 15:20:13] /i  crystal coin
[21/12/2014 15:20:13] /i  crystal coin
[21/12/2014 15:20:13] /i  crystal coin
[21/12/2014 15:20:13] /i  crystal coin
[21/12/2014 15:20:13] /i  crystal coin
[21/12/2014 15:20:13] /i  crystal coin
[21/12/2014 15:20:13] /i  crystal coin
[21/12/2014 15:20:13] /i  crystal coin
[21/12/2014 15:20:13] /i  crystal coin
[21/12/2014 15:20:13] /i  crystal coin
[21/12/2014 15:20:13] /i  crystal coin
[21/12/2014 15:20:13] /i  crystal coin
[21/12/2014 15:20:15] /i  crystal coin
[21/12/2014 15:20:15] /i  crystal coin
[21/12/2014 15:20:15] /i  crystal coin
[21/12/2014 15:20:15] /i  crystal coin
[21/12/2014 15:20:15] /i  crystal coin
[21/12/2014 15:20:16] /i  crystal coin
[21/12/2014 15:20:16] /i  crystal coin
[21/12/2014 15:20:16] /i  crystal coin
[21/12/2014 15:20:16] /i  crystal coin
[21/12/2014 15:20:16] /i  crystal coin
[21/12/2014 15:20:16] /i  crystal coin
[21/12/2014 15:20:16] /i  crystal coin
[21/12/2014 15:20:16] /i  crystal coin
[21/12/2014 15:20:16] /i  crystal coin
[21/12/2014 15:20:16] /i  crystal coin
[21/12/2014 15:20:16] /i  crystal coin
[21/12/2014 15:20:16] /i  crystal coin
[21/12/2014 15:20:16] /i  crystal coin
[21/12/2014 15:20:16] /i  crystal coin
[21/12/2014 15:20:16] /i  crystal coin
[21/12/2014 15:20:16] /i  crystal coin
[21/12/2014 15:20:16] /i  crystal coin
[21/12/2014 15:20:16] /i  crystal coin
[21/12/2014 15:20:16] /i  crystal coin
[21/12/2014 15:20:16] /i  crystal coin
[21/12/2014 15:20:16] /i  crystal coin
[21/12/2014 15:20:16] /i  crystal coin
[21/12/2014 15:20:16] /i  crystal coin
[21/12/2014 15:20:16] /i  crystal coin
[21/12/2014 15:20:16] /i  crystal coin
[21/12/2014 15:20:16] /i  crystal coin
[21/12/2014 15:20:17] /i  crystal coin
[21/12/2014 15:20:17] /i  crystal coin
[21/12/2014 15:20:17] /i  crystal coin
[21/12/2014 15:20:17] /i  crystal coin
[21/12/2014 15:20:17] /i  crystal coin
[21/12/2014 15:20:17] /i  crystal coin
[21/12/2014 15:20:17] /i  crystal coin
[21/12/2014 15:20:17] /i  crystal coin
[21/12/2014 15:20:17] /i  crystal coin
[21/12/2014 15:20:17] /i  crystal coin
[21/12/2014 15:20:17] /i  crystal coin
[21/12/2014 15:20:17] /i  crystal coin
[21/12/2014 15:20:17] /i  crystal coin
[21/12/2014 15:20:17] /i  crystal coin
[21/12/2014 15:20:17] /i  crystal coin
[21/12/2014 15:20:17] /i  crystal coin
[21/12/2014 15:20:17] /i  crystal coin
[21/12/2014 15:20:17] /i  crystal coin
[21/12/2014 15:20:17] /i  crystal coin
[21/12/2014 15:20:17] /i  crystal coin
[21/12/2014 15:20:17] /i  crystal coin
[21/12/2014 15:20:17] /i  crystal coin
[21/12/2014 15:20:17] /i  crystal coin
[21/12/2014 15:20:17] /i  crystal coin
[21/12/2014 15:20:17] /i  crystal coin
[21/12/2014 15:20:17] /i  crystal coin
[21/12/2014 15:20:17] /i  crystal coin
[21/12/2014 15:20:17] /i  crystal coin
[21/12/2014 15:20:17] /i  crystal coin
[21/12/2014 15:20:17] /i  crystal coin
[21/12/2014 15:20:17] /i  crystal coin
[21/12/2014 15:20:18] /i  crystal coin
[21/12/2014 15:20:18] /i  crystal coin
[21/12/2014 15:20:18] /i  crystal coin
[21/12/2014 15:20:18] /i  crystal coin
[21/12/2014 15:20:18] /i  crystal coin
[21/12/2014 15:20:18] /i  crystal coin
[21/12/2014 15:20:18] /i  crystal coin
[21/12/2014 15:20:18] /i  crystal coin
[21/12/2014 15:20:18] /i  crystal coin
[21/12/2014 15:20:18] /i  crystal coin
[21/12/2014 15:20:18] /i  crystal coin
[21/12/2014 15:20:18] /i  crystal coin
[21/12/2014 15:20:18] /i  crystal coin
[21/12/2014 15:20:18] /i  crystal coin
[21/12/2014 15:20:18] /i  crystal coin
[21/12/2014 15:20:18] /i  crystal coin
[21/12/2014 15:20:18] /i  crystal coin
[21/12/2014 15:20:18] /i  crystal coin
[21/12/2014 15:20:18] /i  crystal coin
[21/12/2014 15:20:18] /i  crystal coin
[21/12/2014 15:20:18] /i  crystal coin
[21/12/2014 15:20:18] /i  crystal coin
[21/12/2014 15:20:18] /i  crystal coin
[21/12/2014 15:20:18] /i  crystal coin
[21/12/2014 15:20:18] /i  crystal coin
[21/12/2014 15:20:18] /i  crystal coin
[21/12/2014 15:20:18] /i  crystal coin
[21/12/2014 15:20:18] /i  crystal coin
[21/12/2014 15:20:18] /i  crystal coin
[21/12/2014 15:20:18] /i  crystal coin
[21/12/2014 15:20:19] /i  crystal coin
[21/12/2014 15:20:19] /i  crystal coin
[21/12/2014 15:20:19] /i  crystal coin
[21/12/2014 15:20:19] /i  crystal coin
[21/12/2014 15:20:19] /i  crystal coin
[21/12/2014 15:20:19] /i  crystal coin
[21/12/2014 15:20:19] /i  crystal coin
[21/12/2014 15:20:19] /i  crystal coin
[21/12/2014 15:20:19] /i  crystal coin
[21/12/2014 15:20:19] /i  crystal coin
[21/12/2014 15:20:19] /i  crystal coin
[21/12/2014 15:20:19] /i  crystal coin
[21/12/2014 15:20:19] /i  crystal coin
[21/12/2014 15:20:19] /i  crystal coin
[21/12/2014 15:20:19] /i  crystal coin
[21/12/2014 15:20:19] /i  crystal coin
[21/12/2014 15:20:19] /i  crystal coin
[21/12/2014 15:20:19] /i  crystal coin
[21/12/2014 15:20:19] /i  crystal coin
[21/12/2014 15:20:19] /i  crystal coin
[21/12/2014 15:20:19] /i  crystal coin
[21/12/2014 15:20:19] /i  crystal coin
[21/12/2014 15:20:19] /i  crystal coin
[21/12/2014 15:20:19] /i  crystal coin
[21/12/2014 15:20:20] /i  crystal coin
[21/12/2014 15:20:20] /i  crystal coin
[21/12/2014 15:20:20] /i  crystal coin
[21/12/2014 15:20:20] /i  crystal coin
[21/12/2014 15:20:20] /i  crystal coin
[21/12/2014 15:20:20] /i  crystal coin
[21/12/2014 15:20:20] /i  crystal coin
[21/12/2014 15:20:20] /i  crystal coin
[21/12/2014 15:20:20] /i  crystal coin
[21/12/2014 15:20:20] /i  crystal coin
[21/12/2014 15:20:20] /i  crystal coin
[21/12/2014 15:20:20] /i  crystal coin
[21/12/2014 15:20:20] /i  crystal coin
[21/12/2014 15:20:20] /i  crystal coin
[21/12/2014 15:20:20] /i  crystal coin
[21/12/2014 15:20:20] /i  crystal coin
[21/12/2014 15:20:20] /i  crystal coin
[21/12/2014 15:20:20] /i  crystal coin
[21/12/2014 15:20:20] /i  crystal coin
[21/12/2014 15:20:21] /i  crystal coin
[21/12/2014 15:20:21] /i  crystal coin
[21/12/2014 15:20:21] /i  crystal coin
[21/12/2014 15:20:21] /i  crystal coin
[21/12/2014 15:20:21] /i  crystal coin
[21/12/2014 15:20:21] /i  crystal coin
[21/12/2014 15:20:21] /i  crystal coin
[21/12/2014 15:20:21] /i  crystal coin
[21/12/2014 15:20:21] /i  crystal coin
[21/12/2014 15:20:21] /i  crystal coin
[21/12/2014 15:20:21] /i  crystal coin
[21/12/2014 15:20:21] /i  crystal coin
[21/12/2014 15:20:21] /i  crystal coin
[21/12/2014 15:20:21] /i  crystal coin
[21/12/2014 15:20:21] /i  crystal coin
[21/12/2014 15:20:21] /i  crystal coin
[21/12/2014 15:20:21] /i  crystal coin
[21/12/2014 15:20:21] /i  crystal coin
[21/12/2014 15:20:21] /i  crystal coin
[21/12/2014 15:20:21] /i  crystal coin
[21/12/2014 15:20:21] /i  crystal coin
[21/12/2014 15:20:31] /i  crystal coin
[21/12/2014 15:20:32] /i  crystal coin
[21/12/2014 15:20:32] /i  crystal coin
[21/12/2014 15:20:32] /i  crystal coin
[21/12/2014 15:20:32] /i  crystal coin
[21/12/2014 15:20:32] /i  crystal coin
[21/12/2014 15:20:32] /i  crystal coin
[21/12/2014 15:20:32] /i  crystal coin
[21/12/2014 15:20:32] /i  crystal coin
[21/12/2014 15:20:32] /i  crystal coin
[21/12/2014 15:20:32] /i  crystal coin
[21/12/2014 15:20:32] /i  crystal coin
[21/12/2014 15:20:32] /i  crystal coin
[21/12/2014 15:20:32] /i  crystal coin
[21/12/2014 15:20:32] /i  crystal coin
[21/12/2014 15:20:32] /i  crystal coin
[21/12/2014 15:20:32] /i  crystal coin
[21/12/2014 15:20:32] /i  crystal coin
[21/12/2014 15:20:32] /i  crystal coin
[21/12/2014 15:20:32] /i  crystal coin
[21/12/2014 15:20:32] /i  crystal coin
[21/12/2014 15:20:32] /i  crystal coin
[21/12/2014 15:20:32] /i  crystal coin
[21/12/2014 15:20:32] /i  crystal coin
[21/12/2014 15:20:32] /i  crystal coin
[21/12/2014 15:20:32] /i  crystal coin
[21/12/2014 15:20:32] /i  crystal coin
[21/12/2014 15:20:32] /i  crystal coin
[21/12/2014 15:20:32] /i  crystal coin
[21/12/2014 15:20:32] /i  crystal coin
[21/12/2014 15:20:33] /i  crystal coin
[21/12/2014 15:20:33] /i  crystal coin
[21/12/2014 15:20:33] /i  crystal coin
[21/12/2014 15:20:33] /i  crystal coin
[21/12/2014 15:20:33] /i  crystal coin
[21/12/2014 15:20:33] /i  crystal coin
[21/12/2014 15:20:33] /i  crystal coin
[21/12/2014 15:20:33] /i  crystal coin
[21/12/2014 15:20:33] /i  crystal coin
[21/12/2014 15:20:33] /i  crystal coin
[21/12/2014 15:20:33] /i  crystal coin
[21/12/2014 15:20:33] /i  crystal coin
[21/12/2014 15:20:33] /i  crystal coin
[21/12/2014 15:20:33] /i  crystal coin
[21/12/2014 15:20:33] /i  crystal coin
[21/12/2014 15:20:33] /i  crystal coin
[21/12/2014 15:20:33] /i  crystal coin
[21/12/2014 15:20:33] /i  crystal coin
[21/12/2014 15:20:33] /i  crystal coin
[21/12/2014 15:20:33] /i  crystal coin
[21/12/2014 15:20:33] /i  crystal coin
[21/12/2014 15:20:33] /i  crystal coin
[21/12/2014 15:20:33] /i  crystal coin
[21/12/2014 15:20:33] /i  crystal coin
[21/12/2014 15:20:33] /i  crystal coin
[21/12/2014 15:20:33] /i  crystal coin
[21/12/2014 15:20:33] /i  crystal coin
[21/12/2014 15:20:33] /i  crystal coin
[21/12/2014 15:20:33] /i  crystal coin
[21/12/2014 15:20:33] /i  crystal coin
[21/12/2014 15:20:34] /i  crystal coin
[21/12/2014 15:20:34] /i  crystal coin
[21/12/2014 15:20:34] /i  crystal coin
[21/12/2014 15:20:34] /i  crystal coin
[21/12/2014 15:20:34] /i  crystal coin
[21/12/2014 15:20:34] /i  crystal coin
[21/12/2014 15:20:34] /i  crystal coin
[21/12/2014 15:20:34] /i  crystal coin
[21/12/2014 15:20:34] /i  crystal coin
[21/12/2014 15:20:34] /i  crystal coin
[21/12/2014 15:20:34] /i  crystal coin
[21/12/2014 15:20:34] /i  crystal coin
[21/12/2014 15:20:34] /i  crystal coin
[21/12/2014 15:20:34] /i  crystal coin
[21/12/2014 15:20:34] /i  crystal coin
[21/12/2014 15:20:34] /i  crystal coin
[21/12/2014 15:20:34] /i  crystal coin
[21/12/2014 15:20:34] /i  crystal coin
[21/12/2014 15:20:34] /i  crystal coin
[21/12/2014 15:20:34] /i  crystal coin
[21/12/2014 15:20:34] /i  crystal coin
[21/12/2014 15:20:34] /i  crystal coin
[21/12/2014 15:20:34] /i  crystal coin
[21/12/2014 15:20:34] /i  crystal coin
[21/12/2014 15:20:34] /i  crystal coin
[21/12/2014 15:20:34] /i  crystal coin
[21/12/2014 15:20:34] /i  crystal coin
[21/12/2014 15:20:34] /i  crystal coin
[21/12/2014 15:20:34] /i  crystal coin
[21/12/2014 15:20:34] /i  crystal coin
[21/12/2014 15:20:35] /i  crystal coin
[21/12/2014 15:20:35] /i  crystal coin
[21/12/2014 15:20:35] /i  crystal coin
[21/12/2014 15:20:35] /i  crystal coin
[21/12/2014 15:20:35] /i  crystal coin
[21/12/2014 15:20:35] /i  crystal coin
[21/12/2014 15:20:35] /i  crystal coin
[21/12/2014 15:20:40] /i  crystal coin
[21/12/2014 15:20:40] /i  crystal coin
[21/12/2014 15:20:40] /i  crystal coin
[21/12/2014 15:20:40] /i  crystal coin
[21/12/2014 15:20:40] /i  crystal coin
[21/12/2014 15:20:40] /i  crystal coin
[21/12/2014 15:20:40] /i  crystal coin
[21/12/2014 15:20:40] /i  crystal coin
[21/12/2014 15:20:40] /i  crystal coin
[21/12/2014 15:20:40] /i  crystal coin
[21/12/2014 15:20:40] /i  crystal coin
[21/12/2014 15:20:40] /i  crystal coin
[21/12/2014 15:20:40] /i  crystal coin
[21/12/2014 15:20:40] /i  crystal coin
[21/12/2014 15:20:40] /i  crystal coin
[21/12/2014 15:20:40] /i  crystal coin
[21/12/2014 15:20:40] /i  crystal coin
[21/12/2014 15:20:41] /i  crystal coin
[21/12/2014 15:20:41] /i  crystal coin
[21/12/2014 15:20:41] /i  crystal coin
[21/12/2014 15:20:41] /i  crystal coin
[21/12/2014 15:20:41] /i  crystal coin
[21/12/2014 15:20:41] /i  crystal coin
[21/12/2014 15:20:41] /i  crystal coin
[21/12/2014 15:20:41] /i  crystal coin
[21/12/2014 15:20:43] /i  crystal coin
[21/12/2014 15:20:43] /i  crystal coin
[21/12/2014 15:20:43] /i  crystal coin
[21/12/2014 15:20:43] /i  crystal coin
[21/12/2014 15:20:43] /i  crystal coin
[21/12/2014 15:20:43] /i  crystal coin
[21/12/2014 15:20:43] /i  crystal coin
[21/12/2014 15:20:43] /i  crystal coin
[21/12/2014 15:20:43] /i  crystal coin
[21/12/2014 15:20:43] /i  crystal coin
[21/12/2014 15:20:43] /i  crystal coin
[21/12/2014 15:20:43] /i  crystal coin
[21/12/2014 15:20:43] /i  crystal coin
[21/12/2014 15:20:43] /i  crystal coin
[21/12/2014 15:20:43] /i  crystal coin
[21/12/2014 15:20:43] /i  crystal coin
[21/12/2014 15:20:44] /i  crystal coin
[21/12/2014 15:20:44] /i  crystal coin
[21/12/2014 15:20:44] /i  crystal coin
[21/12/2014 15:20:44] /i  crystal coin
[21/12/2014 15:20:44] /i  crystal coin
[21/12/2014 15:20:44] /i  crystal coin
[21/12/2014 15:20:44] /i  crystal coin
[21/12/2014 15:20:44] /i  crystal coin
[21/12/2014 15:20:44] /i  crystal coin
[21/12/2014 15:20:44] /i  crystal coin
[21/12/2014 15:20:44] /i  crystal coin
[21/12/2014 15:20:44] /i  crystal coin
[21/12/2014 15:20:44] /i  crystal coin
[21/12/2014 15:20:44] /i  crystal coin
[21/12/2014 15:20:44] /i  crystal coin
[21/12/2014 15:20:44] /i  crystal coin
[21/12/2014 15:20:44] /i  crystal coin
[21/12/2014 15:20:44] /i  crystal coin
[21/12/2014 15:20:44] /i  crystal coin
[21/12/2014 15:20:44] /i  crystal coin
[21/12/2014 15:20:44] /i  crystal coin
[21/12/2014 15:20:44] /i  crystal coin
[21/12/2014 15:20:44] /i  crystal coin
[21/12/2014 15:20:44] /i  crystal coin
[21/12/2014 15:20:44] /i  crystal coin
[21/12/2014 15:20:44] /i  crystal coin
[21/12/2014 15:20:44] /i  crystal coin
[21/12/2014 15:20:44] /i  crystal coin
[21/12/2014 15:20:44] /i  crystal coin
[21/12/2014 15:20:44] /i  crystal coin
[21/12/2014 15:20:45] /i  crystal coin
[21/12/2014 15:20:45] /i  crystal coin
[21/12/2014 15:20:45] /i  crystal coin
[21/12/2014 15:20:45] /i  crystal coin
[21/12/2014 15:20:45] /i  crystal coin
[21/12/2014 15:20:45] /i  crystal coin
[21/12/2014 15:20:45] /i  crystal coin
[21/12/2014 15:34:35] /t
[21/12/2014 15:35:55] /t
[21/12/2014 15:37:52] /t
[21/12/2014 15:40:41] /t
[21/12/2014 15:43:01] /t
[21/12/2014 15:46:27] /t
[21/12/2014 15:49:32] /t
[21/12/2014 17:15:51] /up
[21/12/2014 17:17:11] /a 5
[21/12/2014 17:17:12] /a 5
[21/12/2014 17:17:12] /a 5
[21/12/2014 17:17:13] /a 5
[21/12/2014 17:17:13] /a 5
[21/12/2014 17:17:13] /a 5
[21/12/2014 17:17:14] /a 5
[21/12/2014 17:17:14] /a 5
[21/12/2014 17:17:15] /a 5
[21/12/2014 17:17:15] /a 5
[21/12/2014 17:17:15] /a 5
[21/12/2014 17:17:16] /a 5
[21/12/2014 17:17:16] /a 5
[21/12/2014 17:17:17] /a 5
[21/12/2014 17:17:17] /a 5
[21/12/2014 17:17:17] /a 5
[21/12/2014 17:17:17] /a 5
[21/12/2014 17:17:17] /a 5
[21/12/2014 17:17:17] /a 5
[21/12/2014 17:17:18] /a 5
[21/12/2014 17:17:19] /a 5
[21/12/2014 17:17:19] /a 5
[21/12/2014 17:17:21] /a 5
[21/12/2014 17:17:22] /a 5
[21/12/2014 17:17:22] /a 5
[21/12/2014 17:17:22] /a 5
[21/12/2014 17:17:23] /a 5
[21/12/2014 17:17:24] /a 5
[21/12/2014 17:17:24] /a 5
[21/12/2014 17:17:24] /a 5
[21/12/2014 17:17:25] /a 5
[21/12/2014 17:17:26] /a 5
[21/12/2014 17:17:26] /a 5
[21/12/2014 17:17:26] /a 5
[21/12/2014 17:17:27] /a 5
[21/12/2014 17:17:27] /a 5
[21/12/2014 17:17:27] /a 5
[21/12/2014 17:17:27] /a 5
[21/12/2014 17:17:28] /a 5
[21/12/2014 17:17:28] /a 5
[21/12/2014 17:17:28] /a 5
[21/12/2014 17:17:28] /a 5
[21/12/2014 17:17:29] /a 5
[21/12/2014 17:17:30] /a 5
[21/12/2014 17:17:31] /a 5
[21/12/2014 17:17:32] /a 5
[21/12/2014 17:17:33] /a 5
[21/12/2014 17:17:33] /a 5
[21/12/2014 17:17:34] /a 5
[21/12/2014 17:17:34] /a 5
[21/12/2014 17:17:35] /a 5
[21/12/2014 17:17:36] /a 5
[21/12/2014 17:17:36] /a 5
[21/12/2014 17:17:36] /a 5
[21/12/2014 17:17:36] /a 5
[21/12/2014 17:17:37] /a 5
[21/12/2014 17:17:37] /a 5
[21/12/2014 17:17:38] /a 5
[21/12/2014 17:17:38] /a 5
[21/12/2014 17:17:38] /a 5
[21/12/2014 17:17:38] /a 5
[21/12/2014 17:17:39] /a 5
[21/12/2014 17:17:39] /a 5
[21/12/2014 17:17:40] /a 5
[21/12/2014 17:17:40] /a 5
[21/12/2014 17:17:40] /a 5
[21/12/2014 17:17:42] /a 5
[21/12/2014 17:17:42] /a 5
[21/12/2014 17:17:42] /a 5
[21/12/2014 17:17:42] /a 5
[21/12/2014 17:17:43] /a 5
[21/12/2014 17:17:43] /a 5
[21/12/2014 17:17:43] /a 5
[21/12/2014 17:17:44] /a 5
[21/12/2014 17:17:44] /a 5
[21/12/2014 17:17:45] /a 5
[21/12/2014 17:17:46] /a 5
[21/12/2014 17:17:47] /a 5
[21/12/2014 17:17:48] /a 5
[21/12/2014 17:17:48] /a 5
[21/12/2014 17:17:48] /a 5
[21/12/2014 17:17:49] /a 5
[21/12/2014 17:17:51] /a 5
[21/12/2014 17:17:51] /a 5
[21/12/2014 17:17:54] /a 5
[21/12/2014 17:17:56] /a 5
[21/12/2014 17:17:59] /a 5
[21/12/2014 17:18:46] /i  crystal coin
[21/12/2014 17:18:50] /i  crystal coin
[21/12/2014 17:18:50] /i  crystal coin
[21/12/2014 17:18:50] /i  crystal coin
[21/12/2014 17:18:51] /i  crystal coin
[21/12/2014 17:18:51] /a 5
[21/12/2014 17:18:51] /a 5
[21/12/2014 17:18:52] /a 5
[21/12/2014 17:18:52] /a 5
[21/12/2014 17:18:52] /a 5
[21/12/2014 17:18:52] /a 5
[21/12/2014 17:18:53] /a 5
[21/12/2014 17:18:53] /a 5
[21/12/2014 17:18:53] /a 5
[21/12/2014 17:18:53] /a 5
[21/12/2014 17:18:54] /a 5
[21/12/2014 17:18:54] /a 5
[21/12/2014 17:18:54] /a 5
[21/12/2014 17:18:55] /a 5
[21/12/2014 17:18:55] /a 5
[21/12/2014 17:18:55] /a 5
[21/12/2014 17:18:56] /a 5
[21/12/2014 17:18:56] /a 5
[21/12/2014 17:18:57] /a 5
[21/12/2014 17:18:57] /a 5
[21/12/2014 17:18:57] /a 5
[21/12/2014 17:18:57] /a 5
[21/12/2014 17:18:57] /a 5
[21/12/2014 17:18:58] /a 5
[21/12/2014 17:18:58] /a 5
[21/12/2014 17:18:58] /a 5
[21/12/2014 17:18:58] /a 5
[21/12/2014 17:18:59] /a 5
[21/12/2014 17:19:00] /a 5
[21/12/2014 17:19:01] /a 5
[21/12/2014 17:19:01] /a 5
[21/12/2014 17:19:01] /a 5
[21/12/2014 17:19:10] /a 5
[21/12/2014 17:19:11] /a 5
[21/12/2014 17:19:11] /a 5
[21/12/2014 17:19:11] /a 5
[21/12/2014 17:19:12] /a 5
[21/12/2014 17:19:12] /a 5
[21/12/2014 17:19:12] /a 5
[21/12/2014 17:19:12] /a 5
[21/12/2014 17:19:12] /a 5
[21/12/2014 17:19:13] /a 5
[21/12/2014 17:19:13] /a 5
[21/12/2014 17:19:13] /a 5
[21/12/2014 17:19:13] /a 5
[21/12/2014 17:19:13] /a 5
[21/12/2014 17:19:14] /a 5
[21/12/2014 17:19:14] /a 5
[21/12/2014 17:19:15] /a 5
[21/12/2014 17:19:15] /a 5
[21/12/2014 17:19:15] /a 5
[21/12/2014 17:19:16] /a 5
[21/12/2014 17:19:16] /a 5
[21/12/2014 17:19:16] /a 5
[21/12/2014 17:19:18] /a 5
[21/12/2014 17:19:18] /a 5
[21/12/2014 17:19:18] /a 5
[21/12/2014 17:19:19] /a 5
[21/12/2014 17:19:19] /a 5
[21/12/2014 17:19:19] /a 5
[21/12/2014 17:19:20] /a 5
[21/12/2014 17:19:20] /a 5
[21/12/2014 17:19:22] /a 5
[21/12/2014 17:19:22] /a 5
[21/12/2014 17:19:22] /a 5
[21/12/2014 17:19:23] /a 5
[21/12/2014 17:19:23] /a 5
[21/12/2014 17:19:24] /a 5
[21/12/2014 17:19:24] /a 5
[21/12/2014 17:19:26] /a 5
[21/12/2014 17:19:26] /a 5
[21/12/2014 17:19:27] /a 5
[21/12/2014 17:19:28] /a 5
[21/12/2014 17:19:28] /a 5
[21/12/2014 17:19:29] /a 5
[21/12/2014 17:19:29] /a 5
[21/12/2014 17:19:29] /a 5
[21/12/2014 17:19:31] /a 5
[21/12/2014 17:59:32] /t
[21/12/2014 18:00:01] /t
[21/12/2014 18:02:09] /r
[21/12/2014 18:02:11] /t
[21/12/2014 18:03:41] /t
[21/12/2014 18:04:02] /ghost
[21/12/2014 18:07:04] /t
[21/12/2014 18:08:40] /i black rune
[21/12/2014 18:08:47] /i blank rune
[21/12/2014 18:08:59] /i sudden stune dead rune
[21/12/2014 18:09:09] /i sudden  dead rune
[21/12/2014 18:09:21] /t
[21/12/2014 18:09:23] /i  crystal coin
[21/12/2014 18:09:23] /i  crystal coin
[21/12/2014 18:09:23] /i  crystal coin
[21/12/2014 18:09:23] /i  crystal coin
[21/12/2014 18:09:23] /i  crystal coin
[21/12/2014 18:09:24] /i  crystal coin
[21/12/2014 18:09:24] /i  crystal coin
[21/12/2014 18:09:25] /a 5
[21/12/2014 18:09:25] /a 5
[21/12/2014 18:09:25] /a 5
[21/12/2014 18:09:25] /a 5
[21/12/2014 18:09:25] /a 5
[21/12/2014 18:09:25] /a 5
[21/12/2014 18:09:25] /a 5
[21/12/2014 18:09:25] /a 5
[21/12/2014 18:09:25] /a 5
[21/12/2014 18:09:25] /a 5
[21/12/2014 18:09:25] /a 5
[21/12/2014 18:09:25] /a 5
[21/12/2014 18:09:26] /a 5
[21/12/2014 18:09:27] /a 5
[21/12/2014 18:09:27] /a 5
[21/12/2014 18:09:27] /a 5
[21/12/2014 18:09:27] /a 5
[21/12/2014 18:09:27] /a 5
[21/12/2014 18:09:48] /i sudden death runes
[21/12/2014 18:09:54] /t
[21/12/2014 18:10:00] /a 5
[21/12/2014 18:10:02] /a 5
[21/12/2014 18:10:05] /i  crystal coin
[21/12/2014 18:10:05] /i  crystal coin
[21/12/2014 18:10:05] /i  crystal coin
[21/12/2014 18:10:05] /i  crystal coin
[21/12/2014 18:10:06] /i  crystal coin
[21/12/2014 18:10:06] /i  crystal coin
[21/12/2014 18:10:06] /i  crystal coin
[21/12/2014 18:10:06] /i  crystal coin
[21/12/2014 18:10:06] /i  crystal coin
[21/12/2014 18:10:07] /i  crystal coin
[21/12/2014 18:10:07] /i  crystal coin
[21/12/2014 18:10:07] /i  crystal coin
[21/12/2014 18:10:07] /i  crystal coin
[21/12/2014 18:10:07] /i  crystal coin
[21/12/2014 18:10:07] /i  crystal coin
[21/12/2014 18:10:08] /i  crystal coin
[21/12/2014 18:10:08] /i  crystal coin
[21/12/2014 18:10:08] /i  crystal coin
[21/12/2014 18:10:08] /i  crystal coin
[21/12/2014 18:10:08] /i  crystal coin
[21/12/2014 18:10:09] /i  crystal coin
[21/12/2014 18:10:09] /i  crystal coin
[21/12/2014 18:10:09] /i  crystal coin
[21/12/2014 18:10:09] /i  crystal coin
[21/12/2014 18:10:09] /i  crystal coin
[21/12/2014 18:10:10] /i  crystal coin
[21/12/2014 18:10:10] /i  crystal coin
[21/12/2014 18:10:10] /i  crystal coin
[21/12/2014 18:10:10] /i  crystal coin
[21/12/2014 18:10:10] /i  crystal coin
[21/12/2014 18:10:10] /i  crystal coin
[21/12/2014 18:10:11] /i  crystal coin
[21/12/2014 18:10:11] /i  crystal coin
[21/12/2014 18:10:11] /i  crystal coin
[21/12/2014 18:10:11] /i  crystal coin
[21/12/2014 18:10:11] /i  crystal coin
[21/12/2014 18:10:12] /i  crystal coin
[21/12/2014 18:10:12] /i  crystal coin
[21/12/2014 18:10:12] /i  crystal coin
[21/12/2014 18:10:12] /i  crystal coin
[21/12/2014 18:10:12] /i  crystal coin
[21/12/2014 18:10:13] /i  crystal coin
[21/12/2014 18:10:13] /i  crystal coin
[21/12/2014 18:10:13] /i  crystal coin
[21/12/2014 18:10:13] /i  crystal coin
[21/12/2014 18:10:13] /i  crystal coin
[21/12/2014 18:10:13] /i  crystal coin
[21/12/2014 18:10:14] /i  crystal coin
[21/12/2014 18:10:14] /i  crystal coin
[21/12/2014 18:10:14] /i  crystal coin
[21/12/2014 18:10:14] /i  crystal coin
[21/12/2014 18:10:14] /i  crystal coin
[21/12/2014 18:10:15] /i  crystal coin
[21/12/2014 18:10:15] /i  crystal coin
[21/12/2014 18:10:15] /i  crystal coin
[21/12/2014 18:10:15] /i  crystal coin
[21/12/2014 18:10:15] /i  crystal coin
[21/12/2014 18:10:15] /i  crystal coin
[21/12/2014 18:10:16] /i  crystal coin
[21/12/2014 18:10:16] /i  crystal coin
[21/12/2014 18:10:16] /i  crystal coin
[21/12/2014 18:10:16] /i  crystal coin
[21/12/2014 18:10:16] /i  crystal coin
[21/12/2014 18:10:17] /i  crystal coin
[21/12/2014 18:10:17] /i  crystal coin
[21/12/2014 18:10:17] /i  crystal coin
[21/12/2014 18:10:17] /i  crystal coin
[21/12/2014 18:10:17] /i  crystal coin
[21/12/2014 18:10:18] /i  crystal coin
[21/12/2014 18:10:18] /i  crystal coin
[21/12/2014 18:10:18] /i  crystal coin
[21/12/2014 18:10:18] /i  crystal coin
[21/12/2014 18:10:18] /i  crystal coin
[21/12/2014 18:10:19] /i  crystal coin
[21/12/2014 18:10:19] /i  crystal coin
[21/12/2014 18:10:19] /i  crystal coin
[21/12/2014 18:10:19] /i  crystal coin
[21/12/2014 18:10:19] /i  crystal coin
[21/12/2014 18:10:20] /i  crystal coin
[21/12/2014 18:10:20] /i  crystal coin
[21/12/2014 18:10:20] /i  crystal coin
[21/12/2014 18:10:20] /i  crystal coin
[21/12/2014 18:10:20] /i  crystal coin
[21/12/2014 18:10:20] /i  crystal coin
[21/12/2014 18:10:20] /i  crystal coin
[21/12/2014 18:10:20] /i  crystal coin
[21/12/2014 18:10:20] /i  crystal coin
[21/12/2014 18:10:20] /i  crystal coin
[21/12/2014 18:10:21] /i  crystal coin
[21/12/2014 18:10:21] /i  crystal coin
[21/12/2014 18:10:21] /i  crystal coin
[21/12/2014 18:10:21] /i  crystal coin
[21/12/2014 18:10:21] /i  crystal coin
[21/12/2014 18:10:21] /i  crystal coin
[21/12/2014 18:10:21] /i  crystal coin
[21/12/2014 18:10:21] /i  crystal coin
[21/12/2014 18:10:21] /i  crystal coin
[21/12/2014 18:10:21] /i  crystal coin
[21/12/2014 18:10:21] /i  crystal coin
[21/12/2014 18:10:21] /i  crystal coin
[21/12/2014 18:10:22] /i  crystal coin
[21/12/2014 18:10:22] /i  crystal coin
[21/12/2014 18:10:22] /i  crystal coin
[21/12/2014 18:10:22] /i  crystal coin
[21/12/2014 18:10:22] /i  crystal coin
[21/12/2014 18:10:22] /i  crystal coin
[21/12/2014 18:10:22] /i  crystal coin
[21/12/2014 18:10:22] /i  crystal coin
[21/12/2014 18:10:22] /i  crystal coin
[21/12/2014 18:10:23] /i  crystal coin
[21/12/2014 18:10:23] /i  crystal coin
[21/12/2014 18:10:23] /i  crystal coin
[21/12/2014 18:10:23] /i  crystal coin
[21/12/2014 18:10:24] /i  crystal coin
[21/12/2014 18:10:24] /i  crystal coin
[21/12/2014 18:10:25] /i  crystal coin
[21/12/2014 18:10:25] /i  crystal coin
[21/12/2014 18:10:25] /i  crystal coin
[21/12/2014 18:10:26] /i  crystal coin
[21/12/2014 18:10:26] /i  crystal coin
[21/12/2014 18:10:26] /i  crystal coin
[21/12/2014 18:10:26] /i  crystal coin
[21/12/2014 18:10:26] /i  crystal coin
[21/12/2014 18:10:38] /i sudden death runes
[21/12/2014 18:10:44] /i sudden death rune
[21/12/2014 18:12:38] /a 5
[21/12/2014 18:12:38] /a 5
[21/12/2014 18:12:38] /a 5
[21/12/2014 18:12:38] /a 5
[21/12/2014 18:12:38] /a 5
[21/12/2014 18:12:38] /a 5
[21/12/2014 18:15:07] /t
[21/12/2014 18:20:02] /t
[21/12/2014 18:20:07] /t
[24/12/2014 09:46:43] /goto frost drago
[24/12/2014 09:46:45] /goto frost dragon
[24/12/2014 09:47:36] /i 6687
[24/12/2014 09:47:39] /i 6687
[24/12/2014 09:47:42] /r
[24/12/2014 09:47:44] /r
[24/12/2014 09:47:45] /r
[24/12/2014 09:47:46] /r
[24/12/2014 09:48:05] /t
[24/12/2014 09:49:02] /t
[24/12/2014 10:08:16] /ghost
[24/12/2014 10:08:27] /r
[24/12/2014 10:08:32] /r
[24/12/2014 10:08:35] /r
[24/12/2014 10:09:17] /i ramp
[24/12/2014 10:09:20] /i ramp
[24/12/2014 10:18:50] /i ramp/t
[24/12/2014 10:18:51] /t
[24/12/2014 10:19:09] /r
[24/12/2014 10:19:13] /r
[24/12/2014 10:19:19] /r
[24/12/2014 10:19:20] /r
[24/12/2014 10:19:21] /r
[24/12/2014 10:19:22] /r
[24/12/2014 10:19:32] /i christmas token
[24/12/2014 10:27:41] /i mega coin
[24/12/2014 10:30:35] /i Nugget Coin
[24/12/2014 10:42:33] /a 5
[24/12/2014 10:42:33] /a 5
[24/12/2014 10:42:33] /a 5
[24/12/2014 10:42:35] /a 5
[24/12/2014 10:42:35] /a 5
[24/12/2014 10:42:35] /a 5
[24/12/2014 10:42:36] /a 5
[24/12/2014 10:42:36] /a 5
[24/12/2014 10:42:37] /a 5
[24/12/2014 10:42:37] /a 5
[24/12/2014 10:42:37] /a 5
[24/12/2014 10:42:37] /a 5
[24/12/2014 10:42:37] /a 5
[24/12/2014 10:42:38] /a 5
[24/12/2014 10:42:38] /a 5
[24/12/2014 10:42:38] /a 5
[24/12/2014 10:42:38] /a 5
[24/12/2014 10:42:39] /a 5
[24/12/2014 10:42:39] /a 5
[24/12/2014 10:42:41] /a 5
[24/12/2014 10:42:41] /a 5
[24/12/2014 10:42:42] /a 5
[24/12/2014 10:42:42] /a 5
[24/12/2014 10:42:42] /a 5
[24/12/2014 10:42:43] /a 5
[24/12/2014 10:42:43] /a 5
[24/12/2014 10:42:43] /a 5
[24/12/2014 10:42:44] /a 5
[24/12/2014 10:42:44] /a 5
[24/12/2014 10:42:44] /a 5
[24/12/2014 10:42:44] /a 5
[24/12/2014 10:42:45] /a 5
[24/12/2014 10:42:45] /a 5
[24/12/2014 10:42:45] /a 5
[24/12/2014 10:42:45] /a 5
[24/12/2014 10:42:46] /a 5
[24/12/2014 10:42:46] /a 5
[24/12/2014 10:42:47] /a 5
[24/12/2014 10:42:47] /a 5
[24/12/2014 10:42:47] /a 5
[24/12/2014 10:42:48] /a 5
[24/12/2014 10:42:48] /a 5
[24/12/2014 10:42:48] /a 5
[24/12/2014 10:42:49] /a 5
[24/12/2014 10:42:49] /a 5
[24/12/2014 10:42:49] /a 5
[24/12/2014 10:42:49] /a 5
[24/12/2014 10:42:50] /a 5
[24/12/2014 10:42:52] /a 5
[24/12/2014 10:43:00] /a 5
[24/12/2014 10:43:00] /a 5
[24/12/2014 10:43:01] /a 5
[24/12/2014 10:43:01] /a 5
[24/12/2014 10:43:01] /a 5
[24/12/2014 10:43:01] /a 5
[24/12/2014 10:43:01] /a 5
[24/12/2014 10:43:02] /a 5
[24/12/2014 10:43:02] /a 5
[24/12/2014 10:43:02] /a 5
[24/12/2014 10:43:02] /a 5
[24/12/2014 10:43:02] /a 5
[24/12/2014 10:43:02] /a 5
[24/12/2014 10:43:03] /a 5
[24/12/2014 10:43:03] /a 5
[24/12/2014 10:43:03] /a 5
[24/12/2014 10:43:03] /a 5
[24/12/2014 10:43:03] /a 5
[24/12/2014 10:43:04] /a 5
[24/12/2014 10:43:04] /a 5
[24/12/2014 10:43:04] /a 5
[24/12/2014 10:43:04] /a 5
[24/12/2014 10:43:04] /a 5
[24/12/2014 10:43:06] /a 5
[24/12/2014 10:43:06] /a 5
[24/12/2014 10:43:06] /a 5
[24/12/2014 10:43:07] /a 5
[24/12/2014 10:43:07] /a 5
[24/12/2014 10:43:07] /a 5
[24/12/2014 10:43:08] /a 5
[24/12/2014 10:43:09] /a 5
[24/12/2014 10:43:09] /a 5
[24/12/2014 10:43:09] /a 5
[24/12/2014 10:43:10] /a 5
[24/12/2014 10:43:10] /a 5
[24/12/2014 10:43:10] /a 5
[24/12/2014 10:43:10] /a 5
[24/12/2014 10:43:10] /a 5
[24/12/2014 10:43:11] /a 5
[24/12/2014 10:43:11] /a 5
[24/12/2014 10:43:12] /a 5
[24/12/2014 10:43:12] /a 5
[24/12/2014 10:43:12] /a 5
[24/12/2014 10:43:13] /a 5
[24/12/2014 10:43:13] /a 5
[24/12/2014 10:43:13] /a 5
[24/12/2014 10:43:13] /a 5
[24/12/2014 10:43:13] /a 5
[24/12/2014 10:43:13] /a 5
[24/12/2014 10:43:14] /a 5
[24/12/2014 10:43:14] /a 5
[24/12/2014 10:43:14] /a 5
[24/12/2014 10:43:14] /a 5
[24/12/2014 10:43:14] /a 5
[24/12/2014 10:43:15] /a 5
[24/12/2014 10:43:15] /a 5
[24/12/2014 10:43:15] /a 5
[24/12/2014 10:43:15] /a 5
[24/12/2014 10:43:16] /a 5
[24/12/2014 10:43:16] /a 5
[24/12/2014 10:43:16] /a 5
[24/12/2014 10:43:16] /a 5
[24/12/2014 10:43:17] /a 5
[24/12/2014 10:43:17] /a 5
[24/12/2014 10:43:18] /a 5
[24/12/2014 10:43:18] /a 5
[24/12/2014 10:43:19] /a 5
[24/12/2014 10:43:19] /a 5
[24/12/2014 10:43:19] /a 5
[24/12/2014 10:43:19] /a 5
[24/12/2014 10:43:19] /a 5
[24/12/2014 10:43:20] /a 5
[24/12/2014 10:43:21] /a 5
[24/12/2014 10:43:21] /a 5
[24/12/2014 10:43:21] /a 5
[24/12/2014 10:43:21] /a 5
[24/12/2014 10:43:22] /a 5
[24/12/2014 10:43:22] /a 5
[24/12/2014 10:43:22] /a 5
[24/12/2014 10:43:23] /a 5
[24/12/2014 10:43:23] /a 5
[24/12/2014 10:43:23] /a 5
[24/12/2014 10:43:23] /a 5
[24/12/2014 10:43:23] /a 5
[24/12/2014 10:43:24] /a 5
[24/12/2014 10:43:24] /a 5
[24/12/2014 10:43:24] /a 5
[24/12/2014 10:43:25] /a 5
[24/12/2014 10:43:25] /a 5
[24/12/2014 10:43:26] /a 5
[24/12/2014 10:43:26] /a 5
[24/12/2014 10:43:26] /a 5
[24/12/2014 10:43:26] /a 5
[24/12/2014 10:43:26] /a 5
[24/12/2014 10:43:26] /a 5
[24/12/2014 10:43:26] /a 5
[24/12/2014 10:43:26] /a 5
[24/12/2014 10:43:26] /a 5
[24/12/2014 10:43:26] /a 5
[24/12/2014 10:43:26] /a 5
[24/12/2014 10:43:26] /a 5
[24/12/2014 10:43:26] /a 5
[24/12/2014 10:43:26] /a 5
[24/12/2014 10:43:26] /a 5
[24/12/2014 10:43:27] /a 5
[24/12/2014 10:43:27] /a 5
[24/12/2014 10:43:28] /a 5
[24/12/2014 10:43:28] /a 5
[24/12/2014 10:43:32] /a 5
[24/12/2014 10:49:35] /a 5
[24/12/2014 10:49:36] /a 5
[24/12/2014 10:49:36] /a 5
[24/12/2014 10:49:36] /a 5
[24/12/2014 10:49:36] /a 5
[24/12/2014 10:49:37] /a 5
[24/12/2014 10:49:37] /a 5
[24/12/2014 10:49:37] /a 5
[24/12/2014 10:49:37] /a 5
[24/12/2014 10:49:37] /a 5
[24/12/2014 10:49:38] /a 5
[24/12/2014 10:49:38] /a 5
[24/12/2014 10:49:38] /a 5
[24/12/2014 10:49:38] /a 5
[24/12/2014 10:49:38] /a 5
[24/12/2014 10:49:39] /a 5
[24/12/2014 10:49:39] /a 5
[24/12/2014 10:49:39] /a 5
[24/12/2014 10:49:39] /a 5
[24/12/2014 10:49:39] /a 5
[24/12/2014 10:49:40] /a 5
[24/12/2014 10:49:40] /a 5
[24/12/2014 10:49:40] /a 5
[24/12/2014 10:49:40] /a 5
[24/12/2014 10:49:40] /a 5
[24/12/2014 10:49:40] /a 5
[24/12/2014 10:49:41] /a 5
[24/12/2014 10:49:43] /a 5
[24/12/2014 11:27:59] /i gold coin
[24/12/2014 11:28:05] /i gold coin
[24/12/2014 11:30:56] /t
[24/12/2014 11:32:26] /t
[24/12/2014 11:33:16] /t
[25/12/2014 15:46:00] /t
