[20/06/2011 11:48:15] /bc green NOVA CITY BEM MAS ORGANISADA
[20/06/2011 11:48:31] /bc green NOVA CITY BEM MAS ORGANISADA
[20/06/2011 11:48:31] /bc green NOVA CITY BEM MAS ORGANISADA
[20/06/2011 11:48:32] /bc green NOVA CITY BEM MAS ORGANISADA
[20/06/2011 11:48:32] /bc green NOVA CITY BEM MAS ORGANISADA
[20/06/2011 11:48:32] /bc green NOVA CITY BEM MAS ORGANISADA
[20/06/2011 11:48:33] /bc green NOVA CITY BEM MAS ORGANISADA
[20/06/2011 11:48:33] /bc green NOVA CITY BEM MAS ORGANISADA
[20/06/2011 11:48:33] /bc green NOVA CITY BEM MAS ORGANISADA
[20/06/2011 11:48:34] /bc green NOVA CITY BEM MAS ORGANISADA
[20/06/2011 11:48:35] /bc green NOVA CITY BEM MAS ORGANISADA
[20/06/2011 11:48:35] /bc green NOVA CITY BEM MAS ORGANISADA
[20/06/2011 11:48:36] /bc green NOVA CITY BEM MAS ORGANISADA
[20/06/2011 11:48:51] /bc green NOVA CITY BEM MAS ORGANISADA
[20/06/2011 11:48:52] /bc green NOVA CITY BEM MAS ORGANISADA
[20/06/2011 11:48:53] /bc green NOVA CITY BEM MAS ORGANISADA
[20/06/2011 11:48:53] /bc green NOVA CITY BEM MAS ORGANISADA
[20/06/2011 11:48:54] /bc green NOVA CITY BEM MAS ORGANISADA
[20/06/2011 11:48:54] /bc green NOVA CITY BEM MAS ORGANISADA
[20/06/2011 11:48:55] /bc green NOVA CITY BEM MAS ORGANISADA
[20/06/2011 11:48:55] /bc green NOVA CITY BEM MAS ORGANISADA
[20/06/2011 11:48:56] /bc green NOVA CITY BEM MAS ORGANISADA
[20/06/2011 11:49:04] /bc green NOVA CITY BEM MAS ORGANISADA
[20/06/2011 11:53:26] /bc green <- ENTRADA PARA A VIP CITY 2
[20/06/2011 11:53:40] /bc green <- ENTRADA PARA A VIP CITY 2
[20/06/2011 11:56:13] /bc green <- ENTRADA PARA A VIP CITY 2 SO OS QUE FISERAO A QUEST VIP 2 PODEM TER O PRIVILEGIO DE PASSA AKI.
[20/06/2011 11:58:57] /i baiak sworsd
[20/06/2011 12:00:18] /b green TELEPORTES COMUM ONDE VC UPARAO NORMAL ATE PEGAR O LEVEL 300 E IR PRA VIP CITY NORMAL 
[20/06/2011 12:00:50] /bc green TELEPORTES COMUM ONDE VC UPARAO NORMAL ATE PEGAR O LEVEL 300 E IR PRA VIP CITY NORMAL 
[20/06/2011 12:00:59] /bc green TELEPORTES COMUM ONDE VC UPARAO NORMAL ATE PEGAR O LEVEL 300 E IR PRA VIP CITY NORMAL 
[20/06/2011 12:03:39] /b 2
[20/06/2011 12:03:43] /a 2
[20/06/2011 12:04:51] /bc Grenn SOMENTE LEVEL 300 MAS PODEM PASSA AKI
[20/06/2011 12:05:05] /bc Green SOMENTE LEVEL 300 MAS PODEM PASSA AKI
[20/06/2011 12:05:17] /bc green SOMENTE LEVEL 300 MAS PODEM PASSA AKI
[20/06/2011 12:05:49] /bc green SOMENTE LEVEL 300 MAS PODEM PASSA AKI
[20/06/2011 12:08:57] /a 2
[20/06/2011 12:10:28] /r
[20/06/2011 12:10:29] /r
[20/06/2011 12:10:32] /r
[20/06/2011 12:11:05] /bc green TELEPORTES VIP 2
[20/06/2011 12:11:10] /bc green TELEPORTES VIP 2
[20/06/2011 12:12:12] /bc green TELEPORTES VIP 2 PARA AQUELES QUE FISERAO A QUEST VIP
[20/06/2011 12:14:19] /a 2
[20/06/2011 12:14:50] /bc green HUNTES DE MOSTROS VIP 2
[20/06/2011 12:14:53] /bc green HUNTES DE MOSTROS VIP 2
[20/06/2011 12:15:04] /bc green HUNTES DE MOSTROS VIP 2
[20/06/2011 12:15:16] /bc green HUNTES DE MOSTROS VIP 2
[20/06/2011 12:17:01] /t
[20/06/2011 12:17:13] /t Felizmentejogomuito
[20/06/2011 12:18:29] /a 2
[23/06/2011 10:34:53] /addskill Mikaels, magic level
[23/06/2011 10:34:54] /addskill Mikaels, magic level
[23/06/2011 10:34:55] /addskill Mikaels, magic level
[23/06/2011 10:34:59] /addskill Mikaels, magic level ,20
[23/06/2011 10:35:01] /addskill Mikaels, magic level ,20
[23/06/2011 10:35:01] /addskill Mikaels, magic level ,20
[23/06/2011 10:35:02] /addskill Mikaels, magic level ,20
[23/06/2011 10:35:26] /addskill Mikaels, magic ,20
[23/06/2011 10:35:32] /addskill Mikaels, magic ,150
[23/06/2011 10:35:33] /addskill Mikaels, magic ,150
[23/06/2011 10:36:14] /addskill Mikaels, magic ,150
[23/06/2011 10:36:18] /addskill Mikaels, magic ,150
[23/06/2011 10:36:19] /addskill Mikaels, magic ,150
[23/06/2011 10:36:30] /addskill [GOD] TECH , magic , 150
[24/06/2011 18:49:58] /t
[24/06/2011 18:50:26] /attr group 6
[25/06/2011 12:27:30] /i soft boots
[25/06/2011 12:27:57] /a 2
[25/06/2011 12:37:23] /a 2
[25/06/2011 12:38:31] /i vip stone
[25/06/2011 12:38:37] /i vip stone
[25/06/2011 12:38:38] /i vip stone
[25/06/2011 12:38:39] /i vip stone
[25/06/2011 12:39:06] /a
[25/06/2011 12:39:06] /a
[25/06/2011 12:39:06] /a
[25/06/2011 12:39:06] /a
[25/06/2011 12:39:06] /a
[25/06/2011 12:39:06] /a
[25/06/2011 12:39:06] /a
[25/06/2011 12:39:07] /a
[25/06/2011 12:39:07] /a
[25/06/2011 12:39:07] /a
[25/06/2011 12:39:07] /a
[25/06/2011 12:39:07] /a
[25/06/2011 12:39:07] /a
[25/06/2011 12:39:07] /a
[25/06/2011 12:39:07] /a
[25/06/2011 12:39:07] /a
[25/06/2011 12:39:07] /a
[25/06/2011 12:39:07] /a
[25/06/2011 12:39:07] /a
[25/06/2011 12:39:07] /a
[25/06/2011 12:39:07] /a
[25/06/2011 12:39:07] /a
[25/06/2011 12:39:07] /a
[25/06/2011 12:39:08] /a
[25/06/2011 12:39:08] /a
[25/06/2011 12:39:08] /a
[25/06/2011 12:39:08] /a
[25/06/2011 12:39:08] /a
[25/06/2011 12:39:08] /a
[25/06/2011 12:39:08] /a
[25/06/2011 12:39:08] /a
[25/06/2011 12:39:08] /a
[25/06/2011 12:39:08] /a
[25/06/2011 12:39:08] /a
[25/06/2011 12:39:08] /a
[25/06/2011 12:39:08] /a
[25/06/2011 12:39:08] /a
[25/06/2011 12:39:08] /a
[25/06/2011 12:39:08] /a
[25/06/2011 12:39:09] /a
[25/06/2011 12:39:09] /a
[25/06/2011 12:39:09] /a
[25/06/2011 12:39:09] /a
[25/06/2011 12:39:09] /a
[25/06/2011 12:39:09] /a
[25/06/2011 12:39:09] /a
[25/06/2011 12:39:09] /a
[25/06/2011 12:39:09] /a
[25/06/2011 12:39:09] /a
[25/06/2011 12:39:09] /a
[25/06/2011 12:39:09] /a
[25/06/2011 12:39:09] /a
[25/06/2011 12:39:09] /a
[25/06/2011 12:39:10] /a
[25/06/2011 12:39:11] /a
[25/06/2011 12:39:11] /a
[25/06/2011 12:39:11] /a
[25/06/2011 12:39:12] /a
[25/06/2011 12:39:12] /a
[25/06/2011 12:39:12] /a
[25/06/2011 12:39:12] /a
[25/06/2011 12:39:12] /a
[25/06/2011 12:39:12] /a
[25/06/2011 12:39:13] /a
[25/06/2011 12:39:13] /a
[25/06/2011 12:39:14] /a
[25/06/2011 12:39:14] /a
[25/06/2011 12:39:14] /a
[25/06/2011 12:39:14] /a
[25/06/2011 12:39:15] /a
[25/06/2011 12:39:15] /a
[25/06/2011 12:39:15] /a
[25/06/2011 12:39:15] /a
[25/06/2011 12:39:15] /a
[25/06/2011 12:39:16] /a
[25/06/2011 12:39:16] /a
[25/06/2011 12:39:16] /a
[25/06/2011 12:39:16] /a
[25/06/2011 12:39:16] /a
[25/06/2011 12:39:17] /a
[25/06/2011 12:39:17] /a
[25/06/2011 12:39:17] /a
[25/06/2011 12:39:17] /a
[25/06/2011 12:39:18] /a
[25/06/2011 12:39:18] /a
[25/06/2011 12:39:18] /a
[25/06/2011 12:39:18] /a
[25/06/2011 12:39:18] /a
[25/06/2011 12:39:19] /a
[25/06/2011 12:39:19] /a
[25/06/2011 12:39:20] /a
[25/06/2011 12:39:20] /a
[25/06/2011 12:39:20] /a
[25/06/2011 12:39:20] /a
[25/06/2011 12:39:20] /a
[25/06/2011 12:39:21] /a
[25/06/2011 12:39:21] /a
[25/06/2011 12:39:21] /a
[25/06/2011 12:39:21] /a
[25/06/2011 12:39:21] /a
[25/06/2011 12:39:21] /a
[25/06/2011 12:39:21] /a
[25/06/2011 12:39:21] /a
[25/06/2011 12:39:22] /a
[25/06/2011 12:39:22] /a
[25/06/2011 12:39:22] /a
[25/06/2011 12:39:22] /a
[25/06/2011 12:39:22] /a
[25/06/2011 12:39:22] /a
[25/06/2011 12:39:22] /a
[25/06/2011 12:39:22] /a
[25/06/2011 12:39:23] /a
[25/06/2011 12:39:23] /a
[25/06/2011 12:39:24] /a
[25/06/2011 12:39:25] /a
[25/06/2011 12:39:25] /a
[25/06/2011 12:39:26] /a
[25/06/2011 12:39:26] /a
[25/06/2011 12:39:26] /a
[25/06/2011 12:39:26] /a
[25/06/2011 12:39:26] /a
[25/06/2011 12:39:26] /a
[25/06/2011 12:39:26] /a
[25/06/2011 12:39:26] /a
[25/06/2011 12:39:26] /a
[25/06/2011 12:39:26] /a
[25/06/2011 12:39:26] /a
[25/06/2011 12:39:26] /a
[25/06/2011 12:39:27] /a
[25/06/2011 12:39:27] /a
[25/06/2011 12:39:27] /a
[25/06/2011 12:39:27] /a
[25/06/2011 12:39:27] /a
[25/06/2011 12:39:27] /a
[25/06/2011 12:39:28] /a
[25/06/2011 12:39:28] /a
[25/06/2011 12:40:03] /a 5
[25/06/2011 12:40:15] /a
[25/06/2011 12:40:33] /up
[25/06/2011 12:40:52] /a 
[25/06/2011 12:40:58] /a 50
[25/06/2011 12:41:54] /m more diabo
[25/06/2011 12:42:08] /m [god] baiak
[25/06/2011 12:42:13] /a
[25/06/2011 12:42:13] /a
[25/06/2011 12:42:13] /a
[25/06/2011 12:42:13] /a
[25/06/2011 12:42:13] /a
[25/06/2011 12:42:13] /a
[25/06/2011 12:42:13] /a
[25/06/2011 12:42:13] /a
[25/06/2011 12:42:13] /a
[25/06/2011 12:42:13] /a
[25/06/2011 12:42:13] /a
[25/06/2011 12:42:14] /a
[25/06/2011 12:42:14] /a
[25/06/2011 12:42:14] /a
[25/06/2011 12:42:14] /a
[25/06/2011 12:42:14] /a
[25/06/2011 12:42:14] /a
[25/06/2011 12:42:14] /a
[25/06/2011 12:42:14] /a
[25/06/2011 12:42:14] /a
[25/06/2011 12:42:14] /a
[25/06/2011 12:42:14] /a
[25/06/2011 12:42:14] /a
[25/06/2011 12:42:14] /a
[25/06/2011 12:42:14] /a
[25/06/2011 12:42:14] /a
[25/06/2011 12:42:15] /a
[25/06/2011 12:42:15] /a
[25/06/2011 12:42:15] /a
[25/06/2011 12:42:15] /a
[25/06/2011 12:42:15] /a
[25/06/2011 12:42:15] /a
[25/06/2011 12:42:15] /a
[25/06/2011 12:42:15] /a
[25/06/2011 12:42:15] /a
[25/06/2011 12:42:15] /a
[25/06/2011 12:42:16] /a
[25/06/2011 12:42:16] /a
[25/06/2011 12:42:16] /a
[25/06/2011 12:42:16] /a
[25/06/2011 12:42:16] /a
[25/06/2011 12:42:16] /a
[25/06/2011 12:42:16] /a
[25/06/2011 12:42:16] /a
[25/06/2011 12:42:16] /a
[25/06/2011 12:42:16] /a
[25/06/2011 12:42:16] /a
[25/06/2011 12:42:16] /a
[25/06/2011 12:42:17] /a
[25/06/2011 12:42:17] /a
[25/06/2011 12:42:17] /a
[25/06/2011 12:42:20] /a
[25/06/2011 12:42:20] /a
[25/06/2011 12:42:20] /a
[25/06/2011 12:42:20] /a
[25/06/2011 12:42:20] /a
[25/06/2011 12:42:20] /a
[25/06/2011 12:42:20] /a
[25/06/2011 12:42:20] /a
[25/06/2011 12:42:20] /a
[25/06/2011 12:42:20] /a
[25/06/2011 12:42:21] /a
[25/06/2011 12:42:21] /a
[25/06/2011 12:42:21] /a
[25/06/2011 12:42:21] /a
[25/06/2011 12:42:21] /a
[25/06/2011 12:42:21] /a
[25/06/2011 12:42:21] /a
[25/06/2011 12:42:21] /a
[25/06/2011 12:42:21] /a
[25/06/2011 12:42:21] /a
[25/06/2011 12:42:21] /a
[25/06/2011 12:42:21] /a
[25/06/2011 12:42:21] /a
[25/06/2011 12:42:21] /a
[25/06/2011 12:42:21] /a
[25/06/2011 12:42:22] /a
[25/06/2011 12:42:22] /a
[25/06/2011 12:42:22] /a
[25/06/2011 12:42:22] /a
[25/06/2011 12:42:23] /a
[25/06/2011 12:42:23] /a
[25/06/2011 12:42:23] /a
[25/06/2011 12:42:23] /a
[25/06/2011 12:42:23] /a
[25/06/2011 12:42:23] /a
[25/06/2011 12:42:24] /a
[25/06/2011 12:42:24] /a
[25/06/2011 12:42:24] /a
[25/06/2011 12:42:24] /a
[25/06/2011 12:42:24] /a
[25/06/2011 12:42:25] /a
[25/06/2011 12:42:25] /a
[25/06/2011 12:42:25] /a
[25/06/2011 12:42:25] /a
[25/06/2011 12:42:26] /a
[25/06/2011 12:42:26] /a
[25/06/2011 12:42:26] /a
[25/06/2011 12:42:26] /a
[25/06/2011 12:42:27] /a
[25/06/2011 12:42:29] /a
[25/06/2011 12:42:29] /a
[25/06/2011 12:42:30] /a
[25/06/2011 12:42:30] /a
[25/06/2011 12:42:30] /a
[25/06/2011 12:42:30] /a
[25/06/2011 12:42:30] /a
[25/06/2011 12:42:30] /a
[25/06/2011 12:42:30] /a
[25/06/2011 12:42:30] /a
[25/06/2011 12:42:30] /a
[25/06/2011 12:42:30] /a
[25/06/2011 12:42:30] /a
[25/06/2011 12:42:30] /a
[25/06/2011 12:42:30] /a
[25/06/2011 12:42:31] /a
[25/06/2011 12:42:31] /a
[25/06/2011 12:42:31] /a
[25/06/2011 12:42:31] /a
[25/06/2011 12:42:31] /a
[25/06/2011 12:42:31] /a
[25/06/2011 12:42:31] /a
[25/06/2011 12:42:31] /a
[25/06/2011 12:42:31] /a
[25/06/2011 12:42:32] /a
[25/06/2011 12:42:32] /a
[25/06/2011 12:42:32] /a
[25/06/2011 12:42:32] /a
[25/06/2011 12:42:32] /a
[25/06/2011 12:42:32] /a
[25/06/2011 12:42:32] /a
[25/06/2011 12:42:33] /a
[25/06/2011 12:42:33] /a
[25/06/2011 12:42:33] /a
[25/06/2011 12:42:33] /a
[25/06/2011 12:42:33] /a
[25/06/2011 12:42:33] /a
[25/06/2011 12:42:33] /a
[25/06/2011 12:42:33] /a
[25/06/2011 12:42:33] /a
[25/06/2011 12:42:33] /a
[25/06/2011 12:42:33] /a
[25/06/2011 12:42:39] /a
[25/06/2011 12:42:40] /a
[25/06/2011 12:42:40] /a
[25/06/2011 12:42:41] /a
[25/06/2011 12:42:41] /a
[25/06/2011 12:42:41] /a
[25/06/2011 12:42:41] /a
[25/06/2011 12:42:41] /a
[25/06/2011 12:42:41] /a
[25/06/2011 12:42:42] /a
[25/06/2011 12:42:42] /a
[25/06/2011 12:42:42] /a
[25/06/2011 12:42:42] /a
[25/06/2011 12:42:42] /a
[25/06/2011 12:42:42] /a
[25/06/2011 12:42:42] /a
[25/06/2011 12:42:42] /a
[25/06/2011 12:42:42] /a
[25/06/2011 12:42:42] /a
[25/06/2011 12:42:42] /a
[25/06/2011 12:42:42] /a
[25/06/2011 12:42:42] /a
[25/06/2011 12:42:42] /a
[25/06/2011 12:42:42] /a
[25/06/2011 12:42:42] /a
[25/06/2011 12:42:42] /a
[25/06/2011 12:42:43] /a
[25/06/2011 12:42:43] /a
[25/06/2011 12:42:43] /a
[25/06/2011 12:42:43] /a
[25/06/2011 12:42:43] /a
[25/06/2011 12:42:43] /a
[25/06/2011 12:42:43] /a
[25/06/2011 12:42:43] /a
[25/06/2011 12:42:43] /a
[25/06/2011 12:42:43] /a
[25/06/2011 12:42:43] /a
[25/06/2011 12:42:43] /a
[25/06/2011 12:42:43] /a
[25/06/2011 12:42:43] /a
[25/06/2011 12:42:43] /a
[25/06/2011 12:42:43] /a
[25/06/2011 12:42:43] /a
[25/06/2011 12:42:43] /a
[25/06/2011 12:42:43] /a
[25/06/2011 12:42:43] /a
[25/06/2011 12:42:44] /a
[25/06/2011 12:42:44] /a
[25/06/2011 12:42:44] /a
[25/06/2011 12:42:44] /a
[25/06/2011 12:42:44] /a
[25/06/2011 12:42:44] /a
[25/06/2011 12:42:44] /a
[25/06/2011 12:42:44] /a
[25/06/2011 12:42:44] /a
[25/06/2011 12:42:44] /a
[25/06/2011 12:42:44] /a
[25/06/2011 12:42:44] /a
[25/06/2011 12:42:44] /a
[25/06/2011 12:42:44] /a
[25/06/2011 12:42:44] /a
[25/06/2011 12:42:44] /a
[25/06/2011 12:42:44] /a
[25/06/2011 12:42:44] /a
[25/06/2011 12:42:46] /a
[25/06/2011 12:42:47] /a
[25/06/2011 12:42:47] /a
[25/06/2011 12:42:47] /a
[25/06/2011 12:42:47] /a
[25/06/2011 12:42:47] /a
[25/06/2011 12:42:48] /a
[25/06/2011 12:42:48] /a
[25/06/2011 12:42:48] /a
[25/06/2011 12:42:48] /a
[25/06/2011 12:42:48] /a
[25/06/2011 12:42:48] /a
[25/06/2011 12:42:48] /a
[25/06/2011 12:42:48] /a
[25/06/2011 12:42:48] /a
[25/06/2011 12:42:48] /a
[25/06/2011 12:42:48] /a
[25/06/2011 12:42:48] /a
[25/06/2011 12:42:48] /a
[25/06/2011 12:42:48] /a
[25/06/2011 12:42:48] /a
[25/06/2011 12:42:48] /a
[25/06/2011 12:42:48] /a
[25/06/2011 12:42:48] /a
[25/06/2011 12:42:48] /a
[25/06/2011 12:42:48] /a
[25/06/2011 12:42:48] /a
[25/06/2011 12:42:49] /a
[25/06/2011 12:42:49] /a
[25/06/2011 12:42:49] /a
[25/06/2011 12:42:49] /a
[25/06/2011 12:42:49] /a
[25/06/2011 12:42:49] /a
[25/06/2011 12:42:49] /a
[25/06/2011 12:42:49] /a
[25/06/2011 12:42:49] /a
[25/06/2011 12:42:49] /a
[25/06/2011 12:42:50] /a
[25/06/2011 12:42:50] /a
[25/06/2011 12:42:50] /a
[25/06/2011 12:42:50] /a
[25/06/2011 12:42:50] /a
[25/06/2011 12:42:50] /a
[25/06/2011 12:42:50] /a
[25/06/2011 12:42:50] /a
[25/06/2011 12:42:50] /a
[25/06/2011 12:42:50] /a
[25/06/2011 12:42:50] /a
[25/06/2011 12:42:51] /a
[25/06/2011 12:42:51] /a
[25/06/2011 12:42:51] /a
[25/06/2011 12:42:51] /a
[25/06/2011 12:42:51] /a
[25/06/2011 12:42:52] /a
[25/06/2011 12:42:52] /a
[25/06/2011 12:42:52] /a
[25/06/2011 12:42:53] /a
[25/06/2011 12:42:54] /a
[25/06/2011 12:42:54] /a
[25/06/2011 12:42:54] /a
[25/06/2011 12:42:54] /a
[25/06/2011 12:42:54] /a
[25/06/2011 12:42:55] /a
[25/06/2011 12:42:56] /a
[25/06/2011 12:42:57] /a
[25/06/2011 12:42:57] /a
[25/06/2011 12:42:57] /a
[25/06/2011 12:42:57] /a
[25/06/2011 12:42:57] /a
[25/06/2011 12:42:58] /a
[25/06/2011 12:43:05] /a
[25/06/2011 12:43:05] /a
[25/06/2011 12:43:07] /a
[25/06/2011 12:43:07] /a
[25/06/2011 12:43:07] /a
[25/06/2011 12:43:07] /a
[25/06/2011 12:43:08] /a
[25/06/2011 12:43:09] /a
[25/06/2011 12:43:09] /a
[25/06/2011 12:43:09] /a
[25/06/2011 12:43:12] /a
[25/06/2011 12:43:13] /a
[25/06/2011 12:43:13] /a
[25/06/2011 12:43:13] /a
[25/06/2011 12:43:13] /a
[25/06/2011 12:43:13] /a
[25/06/2011 12:43:13] /a
[25/06/2011 12:43:13] /a
[25/06/2011 12:43:13] /a
[25/06/2011 12:43:13] /a
[25/06/2011 12:43:13] /a
[25/06/2011 12:43:13] /a
[25/06/2011 12:43:13] /a
[25/06/2011 12:43:13] /a
[25/06/2011 12:43:13] /a
[25/06/2011 12:43:14] /a
[25/06/2011 12:43:14] /a
[25/06/2011 12:43:14] /a
[25/06/2011 12:43:14] /a
[25/06/2011 12:43:14] /a
[25/06/2011 12:43:14] /a
[25/06/2011 12:43:14] /a
[25/06/2011 12:43:14] /a
[25/06/2011 12:43:14] /a
[25/06/2011 12:43:14] /a
[25/06/2011 12:43:14] /a
[25/06/2011 12:43:14] /a
[25/06/2011 12:43:14] /a
[25/06/2011 12:43:14] /a
[25/06/2011 12:43:15] /a
[25/06/2011 12:43:15] /a
[25/06/2011 12:43:15] /a
[25/06/2011 12:43:15] /a
[25/06/2011 12:43:15] /a
[25/06/2011 12:43:15] /a
[25/06/2011 12:43:15] /a
[25/06/2011 12:43:15] /a
[25/06/2011 12:43:15] /a
[25/06/2011 12:43:15] /a
[25/06/2011 12:43:15] /a
[25/06/2011 12:43:15] /a
[25/06/2011 12:43:15] /a
[25/06/2011 12:43:15] /a
[25/06/2011 12:43:15] /a
[25/06/2011 12:43:16] /a
[25/06/2011 12:43:16] /a
[25/06/2011 12:43:16] /a
[25/06/2011 12:43:16] /a
[25/06/2011 12:43:17] /a
[25/06/2011 12:43:17] /a
[25/06/2011 12:43:17] /a
[25/06/2011 12:43:17] /a
[25/06/2011 12:43:17] /a
[25/06/2011 12:43:17] /a
[25/06/2011 12:43:17] /a
[25/06/2011 12:43:17] /a
[25/06/2011 12:43:18] /a
[25/06/2011 12:43:18] /a
[25/06/2011 12:43:18] /a
[25/06/2011 12:43:18] /a
[25/06/2011 12:43:18] /a
[25/06/2011 12:43:18] /a
[25/06/2011 12:43:18] /a
[25/06/2011 12:43:18] /a
[25/06/2011 12:43:18] /a
[25/06/2011 12:43:19] /a
[25/06/2011 12:43:20] /a
[25/06/2011 12:43:20] /a
[25/06/2011 12:43:20] /a
[25/06/2011 12:43:20] /a
[25/06/2011 12:43:20] /a
[25/06/2011 12:43:20] /a
[25/06/2011 12:43:20] /a
[25/06/2011 12:43:20] /a
[25/06/2011 12:43:20] /a
[25/06/2011 12:43:20] /a
[25/06/2011 12:43:20] /a
[25/06/2011 12:43:20] /a
[25/06/2011 12:43:20] /a
[25/06/2011 12:43:20] /a
[25/06/2011 12:43:20] /a
[25/06/2011 12:43:21] /a
[25/06/2011 12:43:21] /a
[25/06/2011 12:43:21] /a
[25/06/2011 12:43:21] /a
[25/06/2011 12:43:21] /a
[25/06/2011 12:43:21] /a
[25/06/2011 12:43:21] /a
[25/06/2011 12:43:21] /a
[25/06/2011 12:43:21] /a
[25/06/2011 12:43:21] /a
[25/06/2011 12:43:21] /a
[25/06/2011 12:43:21] /a
[25/06/2011 12:43:21] /a
[25/06/2011 12:43:21] /a
[25/06/2011 12:43:21] /a
[25/06/2011 12:43:21] /a
[25/06/2011 12:43:21] /a
[25/06/2011 12:43:21] /a
[25/06/2011 12:43:21] /a
[25/06/2011 12:43:21] /a
[25/06/2011 12:43:22] /a
[25/06/2011 12:43:22] /a
[25/06/2011 12:43:22] /a
[25/06/2011 12:43:22] /a
[25/06/2011 12:43:22] /a
[25/06/2011 12:43:22] /a
[25/06/2011 12:43:22] /a
[25/06/2011 12:43:22] /a
[25/06/2011 12:43:22] /a
[25/06/2011 12:43:22] /a
[25/06/2011 12:43:22] /a
[25/06/2011 12:43:22] /a
[25/06/2011 12:43:22] /a
[25/06/2011 12:43:22] /a
[25/06/2011 12:43:22] /a
[25/06/2011 12:43:22] /a
[25/06/2011 12:43:23] /a
[25/06/2011 12:43:23] /a
[25/06/2011 12:43:23] /a
[25/06/2011 12:43:23] /a
[25/06/2011 12:43:23] /a
[25/06/2011 12:43:23] /a
[25/06/2011 12:43:23] /a
[25/06/2011 12:43:23] /a
[25/06/2011 12:43:23] /a
[25/06/2011 12:43:23] /a
[25/06/2011 12:43:23] /a
[25/06/2011 12:43:23] /a
[25/06/2011 12:43:23] /a
[25/06/2011 12:43:23] /a
[25/06/2011 12:43:23] /a
[25/06/2011 12:43:23] /a
[25/06/2011 12:43:23] /a
[25/06/2011 12:43:24] /a
[25/06/2011 12:43:24] /a
[25/06/2011 12:43:24] /a
[25/06/2011 12:43:24] /a
[25/06/2011 12:43:24] /a
[25/06/2011 12:43:24] /a
[25/06/2011 12:43:24] /a
[25/06/2011 12:43:24] /a
[25/06/2011 12:43:24] /a
[25/06/2011 12:43:24] /a
[25/06/2011 12:43:24] /a
[25/06/2011 12:43:24] /a
[25/06/2011 12:43:24] /a
[25/06/2011 12:43:24] /a
[25/06/2011 12:43:24] /a
[25/06/2011 12:43:24] /a
[25/06/2011 12:43:25] /a
[25/06/2011 12:43:25] /a
[25/06/2011 12:43:25] /a
[25/06/2011 12:43:25] /a
[25/06/2011 12:43:25] /a
[25/06/2011 12:43:25] /a
[25/06/2011 12:43:25] /a
[25/06/2011 12:43:25] /a
[25/06/2011 12:43:25] /a
[25/06/2011 12:43:25] /a
[25/06/2011 12:43:25] /a
[25/06/2011 12:43:25] /a
[25/06/2011 12:43:25] /a
[25/06/2011 12:43:25] /a
[25/06/2011 12:43:25] /a
[25/06/2011 12:43:25] /a
[25/06/2011 12:43:25] /a
[25/06/2011 12:43:25] /a
[25/06/2011 12:43:25] /a
[25/06/2011 12:43:26] /a
[25/06/2011 12:43:26] /a
[25/06/2011 12:43:26] /a
[25/06/2011 12:43:26] /a
[25/06/2011 12:43:26] /a
[25/06/2011 12:43:26] /a
[25/06/2011 12:43:26] /a
[25/06/2011 12:43:26] /a
[25/06/2011 12:43:26] /a
[25/06/2011 12:43:26] /a
[25/06/2011 12:43:26] /a
[25/06/2011 12:43:26] /a
[25/06/2011 12:43:26] /a
[25/06/2011 12:43:26] /a
[25/06/2011 12:43:26] /a
[25/06/2011 12:43:26] /a
[25/06/2011 12:43:26] /a
[25/06/2011 12:43:26] /a
[25/06/2011 12:43:26] /a
[25/06/2011 12:43:26] /a
[25/06/2011 12:43:27] /a
[25/06/2011 12:43:27] /a
[25/06/2011 12:43:27] /a
[25/06/2011 12:43:27] /a
[25/06/2011 12:43:27] /a
[25/06/2011 12:43:27] /a
[25/06/2011 12:43:27] /a
[25/06/2011 12:43:27] /a
[25/06/2011 12:43:27] /a
[25/06/2011 12:43:27] /a
[25/06/2011 12:43:27] /a
[25/06/2011 12:43:27] /a
[25/06/2011 12:43:27] /a
[25/06/2011 12:43:27] /a
[25/06/2011 12:43:27] /a
[25/06/2011 12:43:27] /a
[25/06/2011 12:43:27] /a
[25/06/2011 12:43:27] /a
[25/06/2011 12:43:28] /a
[25/06/2011 12:43:28] /a
[25/06/2011 12:43:28] /a
[25/06/2011 12:43:28] /a
[25/06/2011 12:43:28] /a
[25/06/2011 12:43:28] /a
[25/06/2011 12:43:28] /a
[25/06/2011 12:43:28] /a
[25/06/2011 12:43:28] /a
[25/06/2011 12:43:28] /a
[25/06/2011 12:43:28] /a
[25/06/2011 12:43:28] /a
[25/06/2011 12:43:28] /a
[25/06/2011 12:43:28] /a
[25/06/2011 12:43:31] /a
[25/06/2011 12:43:31] /a
[25/06/2011 12:43:31] /a
[25/06/2011 12:43:32] /a
[25/06/2011 12:43:32] /a
[25/06/2011 12:43:32] /a
[25/06/2011 12:43:32] /a
[25/06/2011 12:43:32] /a
[25/06/2011 12:43:33] /a
[25/06/2011 12:43:33] /a
[25/06/2011 12:43:33] /a
[25/06/2011 12:43:33] /a
[25/06/2011 12:43:33] /a
[25/06/2011 12:43:34] /a
[25/06/2011 12:43:34] /a
[25/06/2011 12:43:35] /a
[25/06/2011 12:43:35] /a
[25/06/2011 12:43:35] /a
[25/06/2011 12:43:35] /a
[25/06/2011 12:43:35] /a
[25/06/2011 12:43:35] /a
[25/06/2011 12:43:36] /a
[25/06/2011 12:43:36] /a
[25/06/2011 12:43:36] /a
[25/06/2011 12:43:36] /a
[25/06/2011 12:43:36] /a
[25/06/2011 12:43:37] /a
[25/06/2011 12:43:37] /a
[25/06/2011 12:43:37] /a
[25/06/2011 12:43:37] /a
[25/06/2011 12:43:37] /a
[25/06/2011 12:43:38] /a
[25/06/2011 12:43:38] /a
[25/06/2011 12:43:42] /a
[25/06/2011 12:43:42] /a
[25/06/2011 12:43:42] /a
[25/06/2011 12:43:42] /a
[25/06/2011 12:43:43] /a
[25/06/2011 12:43:43] /a
[25/06/2011 12:43:43] /a
[25/06/2011 12:43:43] /a
[25/06/2011 12:43:43] /a
[25/06/2011 12:43:44] /a
[25/06/2011 12:43:44] /a
[25/06/2011 12:43:45] /a
[25/06/2011 12:43:45] /a
[25/06/2011 12:43:45] /a
[25/06/2011 12:43:46] /a
[25/06/2011 12:43:46] /a
[25/06/2011 12:43:46] /a
[25/06/2011 12:43:47] /a
[25/06/2011 12:43:47] /a
[25/06/2011 12:43:47] /a
[25/06/2011 12:43:47] /a
[25/06/2011 12:43:48] /a
[25/06/2011 12:43:48] /a
[25/06/2011 12:43:48] /a
[25/06/2011 12:43:48] /a
[25/06/2011 12:43:49] /a
[25/06/2011 12:43:49] /a
[25/06/2011 12:43:51] /a
[25/06/2011 12:43:52] /a
[25/06/2011 12:43:52] /a
[25/06/2011 12:43:52] /a
[25/06/2011 12:43:52] /a
[25/06/2011 12:43:52] /a
[25/06/2011 12:43:52] /a
[25/06/2011 12:43:52] /a
[25/06/2011 12:43:52] /a
[25/06/2011 12:43:52] /a
[25/06/2011 12:43:52] /a
[25/06/2011 12:43:52] /a
[25/06/2011 12:43:52] /a
[25/06/2011 12:43:52] /a
[25/06/2011 12:43:52] /a
[25/06/2011 12:43:52] /a
[25/06/2011 12:43:52] /a
[25/06/2011 12:43:52] /a
[25/06/2011 12:43:52] /a
[25/06/2011 12:43:52] /a
[25/06/2011 12:43:53] /a
[25/06/2011 12:43:53] /a
[25/06/2011 12:43:53] /a
[25/06/2011 12:43:53] /a
[25/06/2011 12:43:53] /a
[25/06/2011 12:43:53] /a
[25/06/2011 12:43:53] /a
[25/06/2011 12:43:53] /a
[25/06/2011 12:43:53] /a
[25/06/2011 12:43:53] /a
[25/06/2011 12:43:53] /a
[25/06/2011 12:43:53] /a
[25/06/2011 12:43:53] /a
[25/06/2011 12:43:53] /a
[25/06/2011 12:43:53] /a
[25/06/2011 12:43:53] /a
[25/06/2011 12:43:53] /a
[25/06/2011 12:43:53] /a
[25/06/2011 12:43:53] /a
[25/06/2011 12:43:53] /a
[25/06/2011 12:43:53] /a
[25/06/2011 12:43:54] /a
[25/06/2011 12:43:54] /a
[25/06/2011 12:43:54] /a
[25/06/2011 12:43:54] /a
[25/06/2011 12:43:54] /a
[25/06/2011 12:43:54] /a
[25/06/2011 12:43:54] /a
[25/06/2011 12:43:54] /a
[25/06/2011 12:43:54] /a
[25/06/2011 12:43:54] /a
[25/06/2011 12:43:54] /a
[25/06/2011 12:43:54] /a
[25/06/2011 12:43:54] /a
[25/06/2011 12:43:54] /a
[25/06/2011 12:43:54] /a
[25/06/2011 12:43:54] /a
[25/06/2011 12:43:54] /a
[25/06/2011 12:43:54] /a
[25/06/2011 12:43:54] /a
[25/06/2011 12:43:55] /a
[25/06/2011 12:43:55] /a
[25/06/2011 12:43:55] /a
[25/06/2011 12:43:55] /a
[25/06/2011 12:43:55] /a
[25/06/2011 12:43:55] /a
[25/06/2011 12:43:55] /a
[25/06/2011 12:43:55] /a
[25/06/2011 12:43:55] /a
[25/06/2011 12:43:55] /a
[25/06/2011 12:43:55] /a
[25/06/2011 12:43:55] /a
[25/06/2011 12:43:55] /a
[25/06/2011 12:43:55] /a
[25/06/2011 12:43:55] /a
[25/06/2011 12:43:55] /a
[25/06/2011 12:43:55] /a
[25/06/2011 12:43:55] /a
[25/06/2011 12:43:56] /a
[25/06/2011 12:43:56] /a
[25/06/2011 12:43:56] /a
[25/06/2011 12:43:56] /a
[25/06/2011 12:43:56] /a
[25/06/2011 12:43:56] /a
[25/06/2011 12:43:56] /a
[25/06/2011 12:43:56] /a
[25/06/2011 12:43:56] /a
[25/06/2011 12:43:56] /a
[25/06/2011 12:43:56] /a
[25/06/2011 12:43:56] /a
[25/06/2011 12:43:56] /a
[25/06/2011 12:43:56] /a
[25/06/2011 12:43:56] /a
[25/06/2011 12:43:56] /a
[25/06/2011 12:43:56] /a
[25/06/2011 12:43:56] /a
[25/06/2011 12:43:56] /a
[25/06/2011 12:43:56] /a
[25/06/2011 12:43:56] /a
[25/06/2011 12:43:56] /a
[25/06/2011 12:43:57] /a
[25/06/2011 12:43:57] /a
[25/06/2011 12:43:57] /a
[25/06/2011 12:43:57] /a
[25/06/2011 12:43:57] /a
[25/06/2011 12:43:57] /a
[25/06/2011 12:43:57] /a
[25/06/2011 12:43:57] /a
[25/06/2011 12:43:57] /a
[25/06/2011 12:43:57] /a
[25/06/2011 12:43:57] /a
[25/06/2011 12:43:57] /a
[25/06/2011 12:43:57] /a
[25/06/2011 12:43:57] /a
[25/06/2011 12:43:57] /a
[25/06/2011 12:43:57] /a
[25/06/2011 12:43:57] /a
[25/06/2011 12:43:57] /a
[25/06/2011 12:43:57] /a
[25/06/2011 12:43:58] /a
[25/06/2011 12:43:58] /a
[25/06/2011 12:43:58] /a
[25/06/2011 12:43:58] /a
[25/06/2011 12:43:58] /a
[25/06/2011 12:43:58] /a
[25/06/2011 12:43:58] /a
[25/06/2011 12:43:58] /a
[25/06/2011 12:43:58] /a
[25/06/2011 12:43:58] /a
[25/06/2011 12:43:58] /a
[25/06/2011 12:43:58] /a
[25/06/2011 12:43:58] /a
[25/06/2011 12:43:58] /a
[25/06/2011 12:43:58] /a
[25/06/2011 12:43:58] /a
[25/06/2011 12:43:58] /a
[25/06/2011 12:43:58] /a
[25/06/2011 12:43:58] /a
[25/06/2011 12:43:58] /a
[25/06/2011 12:43:58] /a
[25/06/2011 12:43:59] /a
[25/06/2011 12:43:59] /a
[25/06/2011 12:43:59] /a
[25/06/2011 12:43:59] /a
[25/06/2011 12:43:59] /a
[25/06/2011 12:43:59] /a
[25/06/2011 12:43:59] /a
[25/06/2011 12:43:59] /a
[25/06/2011 12:43:59] /a
[25/06/2011 12:43:59] /a
[25/06/2011 12:43:59] /a
[25/06/2011 12:43:59] /a
[25/06/2011 12:43:59] /a
[25/06/2011 12:43:59] /a
[25/06/2011 12:43:59] /a
[25/06/2011 12:43:59] /a
[25/06/2011 12:43:59] /a
[25/06/2011 12:43:59] /a
[25/06/2011 12:43:59] /a
[25/06/2011 12:44:00] /a
[25/06/2011 12:44:00] /a
[25/06/2011 12:44:00] /a
[25/06/2011 12:44:00] /a
[25/06/2011 12:44:00] /a
[25/06/2011 12:44:00] /a
[25/06/2011 12:44:00] /a
[25/06/2011 12:44:01] /a
[25/06/2011 12:44:01] /a
[25/06/2011 12:44:01] /a
[25/06/2011 12:44:01] /a
[25/06/2011 12:44:01] /a
[25/06/2011 12:44:01] /a
[25/06/2011 12:44:01] /a
[25/06/2011 12:44:01] /a
[25/06/2011 12:44:01] /a
[25/06/2011 12:44:01] /a
[25/06/2011 12:44:02] /a
[25/06/2011 12:44:02] /a
[25/06/2011 12:44:02] /a
[25/06/2011 12:44:02] /a
[25/06/2011 12:44:02] /a
[25/06/2011 12:44:02] /a
[25/06/2011 12:44:02] /a
[25/06/2011 12:44:02] /a
[25/06/2011 12:44:02] /a
[25/06/2011 12:44:02] /a
[25/06/2011 12:44:02] /a
[25/06/2011 12:44:02] /a
[25/06/2011 12:44:02] /a
[25/06/2011 12:44:02] /a
[25/06/2011 12:44:02] /a
[25/06/2011 12:44:02] /a
[25/06/2011 12:44:02] /a
[25/06/2011 12:44:02] /a
[25/06/2011 12:44:02] /a
[25/06/2011 12:44:03] /a
[25/06/2011 12:44:03] /a
[25/06/2011 12:44:03] /a
[25/06/2011 12:44:03] /a
[25/06/2011 12:44:03] /a
[25/06/2011 12:44:03] /a
[25/06/2011 12:44:03] /a
[25/06/2011 12:44:03] /a
[25/06/2011 12:44:03] /a
[25/06/2011 12:44:03] /a
[25/06/2011 12:44:04] /a
[25/06/2011 12:44:04] /a
[25/06/2011 12:44:04] /a
[25/06/2011 12:44:04] /a
[25/06/2011 12:44:04] /a
[25/06/2011 12:44:04] /a
[25/06/2011 12:44:04] /a
[25/06/2011 12:44:04] /a
[25/06/2011 12:44:04] /a
[25/06/2011 12:44:04] /a
[25/06/2011 12:44:05] /a
[25/06/2011 12:44:05] /a
[25/06/2011 12:44:05] /a
[25/06/2011 12:44:05] /a
[25/06/2011 12:44:05] /a
[25/06/2011 12:44:06] /a
[25/06/2011 12:44:06] /a
[25/06/2011 12:44:06] /a
[25/06/2011 12:44:06] /a
[25/06/2011 12:44:06] /a
[25/06/2011 12:44:06] /a
[25/06/2011 12:44:06] /a
[25/06/2011 12:44:06] /a
[25/06/2011 12:44:06] /a
[25/06/2011 12:44:06] /a
[25/06/2011 12:44:06] /a
[25/06/2011 12:44:06] /a
[25/06/2011 12:44:06] /a
[25/06/2011 12:44:06] /a
[25/06/2011 12:44:06] /a
[25/06/2011 12:44:06] /a
[25/06/2011 12:44:06] /a
[25/06/2011 12:44:06] /a
[25/06/2011 12:44:06] /a
[25/06/2011 12:44:06] /a
[25/06/2011 12:44:06] /a
[25/06/2011 12:44:07] /a
[25/06/2011 12:44:07] /a
[25/06/2011 12:44:07] /a
[25/06/2011 12:44:07] /a
[25/06/2011 12:44:07] /a
[25/06/2011 12:44:07] /a
[25/06/2011 12:44:07] /a
[25/06/2011 12:44:07] /a
[25/06/2011 12:44:07] /a
[25/06/2011 12:44:07] /a
[25/06/2011 12:44:07] /a
[25/06/2011 12:44:07] /a
[25/06/2011 12:44:07] /a
[25/06/2011 12:44:07] /a
[25/06/2011 12:44:07] /a
[25/06/2011 12:44:07] /a
[25/06/2011 12:44:07] /a
[25/06/2011 12:44:07] /a
[25/06/2011 12:44:07] /a
[25/06/2011 12:44:07] /a
[25/06/2011 12:44:08] /a
[25/06/2011 12:44:08] /a
[25/06/2011 12:44:08] /a
[25/06/2011 12:44:08] /a
[25/06/2011 12:44:08] /a
[25/06/2011 12:44:08] /a
[25/06/2011 12:44:08] /a
[25/06/2011 12:44:08] /a
[25/06/2011 12:44:08] /a
[25/06/2011 12:44:08] /a
[25/06/2011 12:44:08] /a
[25/06/2011 12:44:08] /a
[25/06/2011 12:44:08] /a
[25/06/2011 12:44:08] /a
[25/06/2011 12:44:08] /a
[25/06/2011 12:44:08] /a
[25/06/2011 12:44:08] /a
[25/06/2011 12:44:08] /a
[25/06/2011 12:44:08] /a
[25/06/2011 12:44:08] /a
[25/06/2011 12:44:08] /a
[25/06/2011 12:44:09] /a
[25/06/2011 12:44:09] /a
[25/06/2011 12:44:09] /a
[25/06/2011 12:44:09] /a
[25/06/2011 12:44:09] /a
[25/06/2011 12:44:09] /a
[25/06/2011 12:44:09] /a
[25/06/2011 12:44:09] /a
[25/06/2011 12:44:09] /a
[25/06/2011 12:44:09] /a
[25/06/2011 12:44:09] /a
[25/06/2011 12:44:09] /a
[25/06/2011 12:44:09] /a
[25/06/2011 12:44:09] /a
[25/06/2011 12:44:09] /a
[25/06/2011 12:44:09] /a
[25/06/2011 12:44:09] /a
[25/06/2011 12:44:09] /a
[25/06/2011 12:44:09] /a
[25/06/2011 12:44:09] /a
[25/06/2011 12:44:09] /a
[25/06/2011 12:44:10] /a
[25/06/2011 12:44:10] /a
[25/06/2011 12:44:10] /a
[25/06/2011 12:44:10] /a
[25/06/2011 12:44:10] /a
[25/06/2011 12:44:10] /a
[25/06/2011 12:44:10] /a
[25/06/2011 12:44:10] /a
[25/06/2011 12:44:10] /a
[25/06/2011 12:44:10] /a
[25/06/2011 12:44:10] /a
[25/06/2011 12:44:10] /a
[25/06/2011 12:44:10] /a
[25/06/2011 12:44:10] /a
[25/06/2011 12:44:10] /a
[25/06/2011 12:44:10] /a
[25/06/2011 12:44:10] /a
[25/06/2011 12:44:10] /a
[25/06/2011 12:44:10] /a
[25/06/2011 12:44:10] /a
[25/06/2011 12:44:10] /a
[25/06/2011 12:44:11] /a
[25/06/2011 12:44:11] /a
[25/06/2011 12:44:11] /a
[25/06/2011 12:44:11] /a
[25/06/2011 12:44:11] /a
[25/06/2011 12:44:11] /a
[25/06/2011 12:44:11] /a
[25/06/2011 12:44:11] /a
[25/06/2011 12:44:11] /a
[25/06/2011 12:44:11] /a
[25/06/2011 12:44:11] /a
[25/06/2011 12:44:11] /a
[25/06/2011 12:44:11] /a
[25/06/2011 12:44:11] /a
[25/06/2011 12:44:11] /a
[25/06/2011 12:44:11] /a
[25/06/2011 12:44:11] /a
[25/06/2011 12:44:11] /a
[25/06/2011 12:44:11] /a
[25/06/2011 12:44:11] /a
[25/06/2011 12:44:11] /a
[25/06/2011 12:44:12] /a
[25/06/2011 12:44:12] /a
[25/06/2011 12:44:12] /a
[25/06/2011 12:44:12] /a
[25/06/2011 12:44:12] /a
[25/06/2011 12:44:12] /a
[25/06/2011 12:44:12] /a
[25/06/2011 12:44:12] /a
[25/06/2011 12:44:12] /a
[25/06/2011 12:44:12] /a
[25/06/2011 12:44:12] /a
[25/06/2011 12:44:12] /a
[25/06/2011 12:44:12] /a
[25/06/2011 12:44:12] /a
[25/06/2011 12:44:12] /a
[25/06/2011 12:44:12] /a
[25/06/2011 12:44:12] /a
[25/06/2011 12:44:12] /a
[25/06/2011 12:44:12] /a
[25/06/2011 12:44:12] /a
[25/06/2011 12:44:13] /a
[25/06/2011 12:44:13] /a
[25/06/2011 12:44:13] /a
[25/06/2011 12:44:13] /a
[25/06/2011 12:44:13] /a
[25/06/2011 12:44:13] /a
[25/06/2011 12:44:13] /a
[25/06/2011 12:44:13] /a
[25/06/2011 12:44:13] /a
[25/06/2011 12:44:13] /a
[25/06/2011 12:44:13] /a
[25/06/2011 12:44:13] /a
[25/06/2011 12:44:13] /a
[25/06/2011 12:44:13] /a
[25/06/2011 12:44:13] /a
[25/06/2011 12:44:13] /a
[25/06/2011 12:44:13] /a
[25/06/2011 12:44:13] /a
[25/06/2011 12:44:13] /a
[25/06/2011 12:44:13] /a
[25/06/2011 12:44:14] /a
[25/06/2011 12:44:14] /a
[25/06/2011 12:44:14] /a
[25/06/2011 12:44:14] /a
[25/06/2011 12:44:14] /a
[25/06/2011 12:44:14] /a
[25/06/2011 12:44:14] /a
[25/06/2011 12:44:14] /a
[25/06/2011 12:44:14] /a
[25/06/2011 12:44:14] /a
[25/06/2011 12:44:14] /a
[25/06/2011 12:44:14] /a
[25/06/2011 12:44:14] /a
[25/06/2011 12:44:14] /a
[25/06/2011 12:44:14] /a
[25/06/2011 12:44:14] /a
[25/06/2011 12:44:14] /a
[25/06/2011 12:44:14] /a
[25/06/2011 12:44:14] /a
[25/06/2011 12:44:14] /a
[25/06/2011 12:44:15] /a
[25/06/2011 12:44:15] /a
[25/06/2011 12:44:15] /a
[25/06/2011 12:44:15] /a
[25/06/2011 12:44:15] /a
[25/06/2011 12:44:15] /a
[25/06/2011 12:44:15] /a
[25/06/2011 12:44:15] /a
[25/06/2011 12:44:15] /a
[25/06/2011 12:44:15] /a
[25/06/2011 12:44:15] /a
[25/06/2011 12:44:15] /a
[25/06/2011 12:44:15] /a
[25/06/2011 12:44:15] /a
[25/06/2011 12:44:15] /a
[25/06/2011 12:44:15] /a
[25/06/2011 12:44:15] /a
[25/06/2011 12:44:15] /a
[25/06/2011 12:44:15] /a
[25/06/2011 12:44:15] /a
[25/06/2011 12:44:16] /a
[25/06/2011 12:44:16] /a
[25/06/2011 12:44:16] /a
[25/06/2011 12:44:16] /a
[25/06/2011 12:44:16] /a
[25/06/2011 12:44:16] /a
[25/06/2011 12:44:16] /a
[25/06/2011 12:44:16] /a
[25/06/2011 12:44:16] /a
[25/06/2011 12:44:16] /a
[25/06/2011 12:44:16] /a
[25/06/2011 12:44:16] /a
[25/06/2011 12:44:16] /a
[25/06/2011 12:44:16] /a
[25/06/2011 12:44:16] /a
[25/06/2011 12:44:16] /a
[25/06/2011 12:44:17] /a
[25/06/2011 12:44:17] /a
[25/06/2011 12:44:17] /a
[25/06/2011 12:44:17] /a
[25/06/2011 12:44:18] /a
[25/06/2011 12:44:18] /a
[25/06/2011 12:44:18] /a
[25/06/2011 12:44:18] /a
[25/06/2011 12:44:18] /a
[25/06/2011 12:44:18] /a
[25/06/2011 12:44:18] /a
[25/06/2011 12:44:19] /a
[25/06/2011 12:44:19] /a
[25/06/2011 12:44:19] /a
[25/06/2011 12:44:19] /a
[25/06/2011 12:44:19] /a
[25/06/2011 12:44:19] /a
[25/06/2011 12:44:19] /a
[25/06/2011 12:44:19] /a
[25/06/2011 12:44:20] /a
[25/06/2011 12:44:20] /a
[25/06/2011 12:44:20] /a
[25/06/2011 12:44:20] /a
[25/06/2011 12:44:20] /a
[25/06/2011 12:44:20] /a
[25/06/2011 12:44:20] /a
[25/06/2011 12:44:20] /a
[25/06/2011 12:44:20] /a
[25/06/2011 12:44:20] /a
[25/06/2011 12:44:20] /a
[25/06/2011 12:44:20] /a
[25/06/2011 12:44:20] /a
[25/06/2011 12:44:20] /a
[25/06/2011 12:44:20] /a
[25/06/2011 12:44:20] /a
[25/06/2011 12:44:20] /a
[25/06/2011 12:44:20] /a
[25/06/2011 12:44:20] /a
[25/06/2011 12:44:20] /a
[25/06/2011 12:44:21] /a
[25/06/2011 12:44:21] /a
[25/06/2011 12:44:21] /a
[25/06/2011 12:44:21] /a
[25/06/2011 12:44:21] /a
[25/06/2011 12:44:21] /a
[25/06/2011 12:44:21] /a
[25/06/2011 12:44:21] /a
[25/06/2011 12:44:21] /a
[25/06/2011 12:44:22] /a
[25/06/2011 12:44:22] /a
[25/06/2011 12:44:22] /a
[25/06/2011 12:44:22] /a
[25/06/2011 12:44:22] /a
[25/06/2011 12:44:22] /a
[25/06/2011 12:44:22] /a
[25/06/2011 12:44:22] /a
[25/06/2011 12:44:22] /a
[25/06/2011 12:44:22] /a
[25/06/2011 12:44:22] /a
[25/06/2011 12:44:23] /a
[25/06/2011 12:44:23] /a
[25/06/2011 12:44:23] /a
[25/06/2011 12:44:25] /a 60
[25/06/2011 12:44:28] /a 60
[25/06/2011 12:44:30] /a 60
[25/06/2011 12:44:31] /a 60
[25/06/2011 12:44:34] /a 60
[25/06/2011 12:44:35] /a 60
[25/06/2011 12:44:39] /a
[25/06/2011 12:44:39] /a
[25/06/2011 12:44:39] /a
[25/06/2011 12:44:39] /a
[25/06/2011 12:44:39] /a
[25/06/2011 12:44:40] /a
[25/06/2011 12:44:40] /a
[25/06/2011 12:44:40] /a
[25/06/2011 12:44:41] /a
[25/06/2011 12:44:41] /a
[25/06/2011 12:44:41] /a
[25/06/2011 12:44:41] /a
[25/06/2011 12:44:41] /a
[25/06/2011 12:44:42] /a
[25/06/2011 12:44:42] /a
[25/06/2011 12:44:42] /a
[25/06/2011 12:44:43] /a
[25/06/2011 12:44:43] /a
[25/06/2011 12:44:43] /a
[25/06/2011 12:44:43] /a
[25/06/2011 12:44:43] /a
[25/06/2011 12:44:44] /a
[25/06/2011 12:44:44] /a
[25/06/2011 12:44:44] /a
[25/06/2011 12:44:44] /a
[25/06/2011 12:44:44] /a
[25/06/2011 12:44:45] /a
[25/06/2011 12:44:45] /a
[25/06/2011 12:44:45] /a
[25/06/2011 12:44:45] /a
[25/06/2011 12:44:45] /a
[25/06/2011 12:44:46] /a
[25/06/2011 12:44:46] /a
[25/06/2011 12:44:46] /a
[25/06/2011 12:44:46] /a
[25/06/2011 12:44:46] /a
[25/06/2011 12:44:47] /a
[25/06/2011 12:44:47] /a
[25/06/2011 12:44:47] /a
[25/06/2011 12:44:47] /a
[25/06/2011 12:44:47] /a
[25/06/2011 12:44:48] /a
[25/06/2011 12:44:48] /a
[25/06/2011 12:44:48] /a
[25/06/2011 12:44:49] /a
[25/06/2011 12:44:49] /a
[25/06/2011 12:44:49] /a
[25/06/2011 12:44:49] /a
[25/06/2011 12:44:50] /a
[25/06/2011 12:44:50] /a
[25/06/2011 12:44:50] /a
[25/06/2011 12:44:50] /a
[25/06/2011 12:44:50] /a
[25/06/2011 12:44:51] /a
[25/06/2011 12:44:51] /a
[25/06/2011 12:44:51] /a
[25/06/2011 12:44:52] /a
[25/06/2011 12:44:52] /a
[25/06/2011 12:44:52] /a
[25/06/2011 12:44:53] /a
[25/06/2011 12:44:53] /a
[25/06/2011 12:44:53] /a
[25/06/2011 12:44:53] /a
[25/06/2011 12:44:53] /a
[25/06/2011 12:44:54] /a
[25/06/2011 12:44:54] /a
[25/06/2011 12:44:54] /a
[25/06/2011 12:45:00] /a
[25/06/2011 12:45:01] /a
[25/06/2011 12:45:01] /a
[25/06/2011 12:45:01] /a
[25/06/2011 12:45:02] /a
[25/06/2011 12:45:03] /a
[25/06/2011 12:45:03] /a
[25/06/2011 12:45:04] /a
[25/06/2011 12:45:04] /a
[25/06/2011 12:45:04] /a
[25/06/2011 12:45:04] /a
[25/06/2011 12:45:04] /a
[25/06/2011 12:45:04] /a
[25/06/2011 12:45:04] /a
[25/06/2011 12:45:04] /a
[25/06/2011 12:45:04] /a
[25/06/2011 12:45:04] /a
[25/06/2011 12:45:04] /a
[25/06/2011 12:45:04] /a
[25/06/2011 12:45:04] /a
[25/06/2011 12:45:04] /a
[25/06/2011 12:45:04] /a
[25/06/2011 12:45:04] /a
[25/06/2011 12:45:04] /a
[25/06/2011 12:45:04] /a
[25/06/2011 12:45:05] /a
[25/06/2011 12:45:05] /a
[25/06/2011 12:45:05] /a
[25/06/2011 12:45:05] /a
[25/06/2011 12:45:05] /a
[25/06/2011 12:45:05] /a
[25/06/2011 12:45:05] /a
[25/06/2011 12:45:05] /a
[25/06/2011 12:45:05] /a
[25/06/2011 12:45:05] /a
[25/06/2011 12:45:05] /a
[25/06/2011 12:45:05] /a
[25/06/2011 12:45:05] /a
[25/06/2011 12:45:05] /a
[25/06/2011 12:45:05] /a
[25/06/2011 12:45:05] /a
[25/06/2011 12:45:05] /a
[25/06/2011 12:45:05] /a
[25/06/2011 12:45:05] /a
[25/06/2011 12:45:07] /a
[25/06/2011 12:45:07] /a
[25/06/2011 12:45:07] /a
[25/06/2011 12:45:07] /a
[25/06/2011 12:45:07] /a
[25/06/2011 12:45:09] /a
[25/06/2011 12:45:12] /a
[25/06/2011 12:45:13] /a
[25/06/2011 12:45:13] /a
[25/06/2011 12:45:13] /a
[25/06/2011 12:45:13] /a
[25/06/2011 12:45:13] /a
[25/06/2011 12:45:13] /a
[25/06/2011 12:45:13] /a
[25/06/2011 12:45:13] /a
[25/06/2011 12:45:13] /a
[25/06/2011 12:45:13] /a
[25/06/2011 12:45:13] /a
[25/06/2011 12:45:13] /a
[25/06/2011 12:45:13] /a
[25/06/2011 12:45:13] /a
[25/06/2011 12:45:13] /a
[25/06/2011 12:45:13] /a
[25/06/2011 12:45:13] /a
[25/06/2011 12:45:13] /a
[25/06/2011 12:45:14] /a
[25/06/2011 12:45:14] /a
[25/06/2011 12:45:14] /a
[25/06/2011 12:45:14] /a
[25/06/2011 12:45:14] /a
[25/06/2011 12:45:14] /a
[25/06/2011 12:45:14] /a
[25/06/2011 12:45:14] /a
[25/06/2011 12:45:14] /a
[25/06/2011 12:45:14] /a
[25/06/2011 12:45:14] /a
[25/06/2011 12:45:14] /a
[25/06/2011 12:45:14] /a
[25/06/2011 12:45:14] /a
[25/06/2011 12:45:14] /a
[25/06/2011 12:45:14] /a
[25/06/2011 12:45:14] /a
[25/06/2011 12:45:14] /a
[25/06/2011 12:45:14] /a
[25/06/2011 12:45:14] /a
[25/06/2011 12:45:15] /a
[25/06/2011 12:45:15] /a
[25/06/2011 12:45:15] /a
[25/06/2011 12:45:15] /a
[25/06/2011 12:45:15] /a
[25/06/2011 12:45:15] /a
[25/06/2011 12:45:15] /a
[25/06/2011 12:45:15] /a
[25/06/2011 12:45:15] /a
[25/06/2011 12:45:15] /a
[25/06/2011 12:45:15] /a
[25/06/2011 12:45:15] /a
[25/06/2011 12:45:15] /a
[25/06/2011 12:45:15] /a
[25/06/2011 12:45:15] /a
[25/06/2011 12:45:15] /a
[25/06/2011 12:45:15] /a
[25/06/2011 12:45:15] /a
[25/06/2011 12:45:15] /a
[25/06/2011 12:45:15] /a
[25/06/2011 12:45:15] /a
[25/06/2011 12:45:16] /a
[25/06/2011 12:45:16] /a
[25/06/2011 12:45:16] /a
[25/06/2011 12:45:16] /a
[25/06/2011 12:45:16] /a
[25/06/2011 12:45:16] /a
[25/06/2011 12:45:16] /a
[25/06/2011 12:45:23] /a
[25/06/2011 12:45:23] /a
[25/06/2011 12:45:23] /a
[25/06/2011 12:45:23] /a
[25/06/2011 12:45:23] /a
[25/06/2011 12:45:24] /a
[25/06/2011 12:45:24] /a
[25/06/2011 12:45:24] /a
[25/06/2011 12:45:24] /a
[25/06/2011 12:45:24] /a
[25/06/2011 12:45:25] /a
[25/06/2011 12:45:25] /a
[25/06/2011 12:45:25] /a
[25/06/2011 12:45:25] /a
[25/06/2011 12:45:25] /a
[25/06/2011 12:45:26] /a
[25/06/2011 12:45:26] /a
[25/06/2011 12:45:26] /a
[25/06/2011 12:45:26] /a
[25/06/2011 12:45:26] /a
[25/06/2011 12:45:28] /t
[25/06/2011 12:46:10] /m assasini
[25/06/2011 12:46:39] /m phamtasm
[25/06/2011 12:46:51] /m assassin
[25/06/2011 12:46:57] /m assassin
[25/06/2011 12:47:02] /m assassin
[25/06/2011 12:47:06] /m assassin
[25/06/2011 12:47:10] /m assassin
[25/06/2011 12:47:12] /m assassin
[25/06/2011 12:47:13] /m assassin
[25/06/2011 12:47:25] /m assassin
[25/06/2011 12:47:25] /m assassin
[25/06/2011 12:47:25] /m assassin
[25/06/2011 12:47:26] /m assassin
[25/06/2011 12:47:26] /m assassin
[25/06/2011 12:47:26] /m assassin
[25/06/2011 12:47:27] /m assassin
[25/06/2011 12:47:27] /m assassin
[25/06/2011 12:47:28] /m assassin
[25/06/2011 12:47:28] /m assassin
[25/06/2011 12:47:29] /a
[25/06/2011 12:47:51] /m assassin
[25/06/2011 12:47:51] /m assassin
[25/06/2011 12:47:51] /m assassin
[25/06/2011 12:47:52] /m assassin
[25/06/2011 12:48:00] /t
[25/06/2011 12:48:01] /a
[25/06/2011 12:48:02] /a
[25/06/2011 12:48:02] /a
[25/06/2011 12:48:02] /a
[25/06/2011 12:48:02] /a
[25/06/2011 12:48:02] /a
[25/06/2011 12:48:02] /a
[25/06/2011 12:48:02] /a
[25/06/2011 12:48:02] /a
[25/06/2011 12:48:02] /a
[25/06/2011 12:48:02] /a
[25/06/2011 12:48:02] /a
[25/06/2011 12:48:02] /a
[25/06/2011 12:48:04] /a
[25/06/2011 12:48:06] /a
[25/06/2011 12:48:06] /a
[25/06/2011 12:48:06] /a
[25/06/2011 12:48:06] /a
[25/06/2011 12:48:06] /a
[25/06/2011 12:48:06] /a
[25/06/2011 12:48:06] /a
[25/06/2011 12:48:06] /a
[25/06/2011 12:48:06] /a
[25/06/2011 12:48:06] /a
[25/06/2011 12:48:06] /a
[25/06/2011 12:48:07] /a
[25/06/2011 12:48:07] /a
[25/06/2011 12:48:07] /a
[25/06/2011 12:48:07] /a
[25/06/2011 12:48:07] /a
[25/06/2011 12:48:07] /a
[25/06/2011 12:48:07] /a
[25/06/2011 12:48:07] /a
[25/06/2011 12:48:07] /a
[25/06/2011 12:48:07] /a
[25/06/2011 12:48:09] /a
[25/06/2011 12:48:10] /a
[25/06/2011 12:48:10] /a
[25/06/2011 12:48:10] /a
[25/06/2011 12:48:10] /a
[25/06/2011 12:48:10] /a
[25/06/2011 12:48:10] /a
[25/06/2011 12:48:10] /a
[25/06/2011 12:48:10] /a
[25/06/2011 12:48:10] /a
[25/06/2011 12:48:10] /a
[25/06/2011 12:48:10] /a
[25/06/2011 12:48:10] /a
[25/06/2011 12:48:10] /a
[25/06/2011 12:48:10] /a
[25/06/2011 12:48:10] /a
[25/06/2011 12:48:10] /a
[25/06/2011 12:48:10] /a
[25/06/2011 12:48:15] /a
[25/06/2011 12:48:15] /a
[25/06/2011 12:48:15] /a
[25/06/2011 12:48:15] /a
[25/06/2011 12:48:15] /a
[25/06/2011 12:48:15] /a
[25/06/2011 12:48:17] /a
[25/06/2011 12:48:17] /a
[25/06/2011 12:48:17] /a
[25/06/2011 12:48:30] /a
[25/06/2011 12:48:30] /a
[25/06/2011 12:48:30] /a
[25/06/2011 12:48:31] /a
[25/06/2011 12:48:31] /a
[25/06/2011 12:48:31] /a
[25/06/2011 12:48:31] /a
[25/06/2011 12:48:31] /a
[25/06/2011 12:48:31] /a
[25/06/2011 12:48:35] /a
[25/06/2011 12:48:35] /a
[25/06/2011 12:48:35] /a
[25/06/2011 12:48:35] /a
[25/06/2011 12:48:35] /a
[25/06/2011 12:48:36] /a
[25/06/2011 12:48:36] /a
[25/06/2011 12:48:36] /a
[25/06/2011 12:48:36] /a
[25/06/2011 12:48:36] /a
[25/06/2011 12:48:37] /a
[25/06/2011 12:48:37] /a
[25/06/2011 12:48:37] /a
[25/06/2011 12:48:38] /a
[25/06/2011 12:48:38] /a
[25/06/2011 12:48:38] /a
[25/06/2011 12:48:38] /a
[25/06/2011 12:48:39] /a
[25/06/2011 12:48:39] /a
[25/06/2011 12:48:53] /a
[25/06/2011 12:48:54] /a
[25/06/2011 12:48:54] /a
[25/06/2011 12:48:54] /a
[25/06/2011 12:48:54] /a
[25/06/2011 12:48:54] /a
[25/06/2011 12:48:54] /a
[25/06/2011 12:48:54] /a
[25/06/2011 12:48:54] /a
[25/06/2011 12:48:54] /a
[25/06/2011 12:48:54] /a
[25/06/2011 12:48:54] /a
[25/06/2011 12:48:54] /a
[25/06/2011 12:48:54] /a
[25/06/2011 12:48:54] /a
[25/06/2011 12:48:54] /a
[25/06/2011 12:48:55] /a
[25/06/2011 12:48:55] /a
[25/06/2011 12:48:55] /a
[25/06/2011 12:48:55] /a
[25/06/2011 12:48:55] /a
[25/06/2011 12:48:55] /a
[25/06/2011 12:48:55] /a
[25/06/2011 12:48:55] /a
[25/06/2011 12:48:55] /a
[25/06/2011 12:48:55] /a
[25/06/2011 12:48:55] /a
[25/06/2011 12:48:55] /a
[25/06/2011 12:48:55] /a
[25/06/2011 12:48:55] /a
[25/06/2011 12:48:55] /a
[25/06/2011 12:48:55] /a
[25/06/2011 12:48:55] /a
[25/06/2011 12:48:55] /a
[25/06/2011 12:48:56] /a
[25/06/2011 12:48:56] /a
[25/06/2011 12:48:56] /a
[25/06/2011 12:48:56] /a
[25/06/2011 12:48:56] /a
[25/06/2011 12:48:56] /a
[25/06/2011 12:48:56] /a
[25/06/2011 12:48:56] /a
[25/06/2011 12:48:56] /a
[25/06/2011 12:48:56] /a
[25/06/2011 12:48:56] /a
[25/06/2011 12:48:56] /a
[25/06/2011 12:48:56] /a
[25/06/2011 12:48:56] /a
[25/06/2011 12:48:56] /a
[25/06/2011 12:48:56] /a
[25/06/2011 12:48:56] /a
[25/06/2011 12:48:56] /a
[25/06/2011 12:48:56] /a
[25/06/2011 12:48:56] /a
[25/06/2011 12:48:56] /a
[25/06/2011 12:48:57] /a
[25/06/2011 12:48:58] /a
[25/06/2011 12:48:59] /a
[25/06/2011 12:49:00] /a
[25/06/2011 12:49:00] /a
[25/06/2011 12:49:00] /a
[25/06/2011 12:49:00] /a
[25/06/2011 12:49:00] /a
[25/06/2011 12:49:01] /a
[25/06/2011 12:49:01] /a
[25/06/2011 12:49:01] /a
[25/06/2011 12:49:01] /a
[25/06/2011 12:49:01] /a
[25/06/2011 12:49:01] /a
[25/06/2011 12:49:01] /a
[25/06/2011 12:49:01] /a
[25/06/2011 12:49:01] /a
[25/06/2011 12:49:01] /a
[25/06/2011 12:49:02] /a
[25/06/2011 12:49:02] /a
[25/06/2011 12:49:02] /a
[25/06/2011 12:49:02] /a
[25/06/2011 12:49:02] /a
[25/06/2011 12:49:02] /a
[25/06/2011 12:49:02] /a
[25/06/2011 12:49:03] /a
[25/06/2011 12:49:03] /a
[25/06/2011 12:49:03] /a
[25/06/2011 12:49:03] /a
[25/06/2011 12:49:03] /a
[25/06/2011 12:49:03] /a
[25/06/2011 12:49:03] /a
[25/06/2011 12:49:03] /a
[25/06/2011 12:49:03] /a
[25/06/2011 12:49:04] /a
[25/06/2011 12:49:04] /a
[25/06/2011 12:49:04] /a
[25/06/2011 12:49:04] /a
[25/06/2011 12:49:05] /a
[25/06/2011 12:49:07] /a
[25/06/2011 12:49:07] /a
[25/06/2011 12:49:08] /a
[25/06/2011 12:49:08] /a
[25/06/2011 12:50:31] /a
[25/06/2011 12:50:32] /a
[25/06/2011 12:50:32] /a
[25/06/2011 12:50:45] /a
[25/06/2011 12:50:46] /a
[25/06/2011 12:50:46] /a
[25/06/2011 12:50:47] /a
[25/06/2011 12:50:47] /a
[25/06/2011 12:50:47] /a
[25/06/2011 12:50:47] /a
[25/06/2011 12:50:48] /a
[25/06/2011 12:50:48] /a
[25/06/2011 12:50:48] /a
[25/06/2011 12:50:48] /a
[25/06/2011 12:50:49] /a
[25/06/2011 12:51:15] /m phantasm
[25/06/2011 12:51:17] /m phantasm
[25/06/2011 12:51:17] /m phantasm
[25/06/2011 12:51:18] /m phantasm
[25/06/2011 12:51:18] /m phantasm
[25/06/2011 12:51:19] /m phantasm
[25/06/2011 12:51:19] /m phantasm
[25/06/2011 12:51:19] /m phantasm
[25/06/2011 12:51:20] /m phantasm
[25/06/2011 12:51:20] /m phantasm
[25/06/2011 12:51:21] /m phantasm
[25/06/2011 12:51:38] /a
[25/06/2011 12:51:39] /a
[25/06/2011 12:51:39] /a
[25/06/2011 12:51:39] /a
[25/06/2011 12:51:39] /a
[25/06/2011 12:51:45] /t
[25/06/2011 12:53:04] /r
[25/06/2011 12:53:05] /r
[25/06/2011 23:37:51] /addskill [GOD] TECH , level
[25/06/2011 23:37:57] /addskill [GOD] TECH , level,200,
[04/01/2012 23:56:33] /t
[05/01/2012 01:15:04] /attr ActionID 13548
[05/01/2012 01:15:34] /i 13548
[05/01/2012 01:16:00] /attr set ActionID 13548
[05/01/2012 01:16:24] /attr set Unique 13548
[05/01/2012 01:16:31] /attr set Action 13548
[05/01/2012 01:16:40] /attr Action 13548
[05/01/2012 01:16:58] /attr Unique 13548
[05/01/2012 01:17:07] /attr Unique 13548
[05/01/2012 01:17:08] /attr Action 13548
[05/01/2012 01:22:42] /a 10
[05/01/2012 01:22:44] /a 10
[05/01/2012 01:22:45] /a 10
[05/01/2012 01:22:57] /a 10
[05/01/2012 01:22:57] /a 5
[05/01/2012 01:23:06] /a 5
[05/01/2012 01:23:22] /a 4
[05/01/2012 01:23:26] /a  10
[05/01/2012 01:23:28] /a  10
[05/01/2012 01:23:30] /a  10
[05/01/2012 01:23:38] /up
[05/01/2012 01:23:57] /a 20
[05/01/2012 01:23:59] /a 20
[05/01/2012 01:24:02] /a 20
[05/01/2012 01:24:02] /a 20
[05/01/2012 01:24:07] /a 20
[05/01/2012 01:24:13] /a 4
[05/01/2012 01:24:18] /a
[05/01/2012 01:24:21] /a
[05/01/2012 01:24:35] /t
[05/01/2012 09:21:52] /a
[05/01/2012 10:13:08] /i 2160
[05/01/2012 10:13:10] /i 2160
[05/01/2012 10:13:24] /i 2160
[05/01/2012 10:13:38] /i 2160
[05/01/2012 10:13:39] /i 2160
[05/01/2012 10:13:39] /i 2160
[05/01/2012 10:14:09] /i 2160 
[05/01/2012 10:14:09] /i 2160 
[05/01/2012 10:14:09] /i 2160 
[05/01/2012 10:14:10] /i 2160 
[05/01/2012 10:14:11] /i 2160 
[05/01/2012 10:14:11] /i 2160 
[05/01/2012 10:14:11] /i 2160 
[05/01/2012 10:14:11] /i 2160 
[05/01/2012 10:14:11] /i 2160 
[05/01/2012 10:14:11] /i 2160 
[05/01/2012 10:14:11] /i 2160 
[05/01/2012 10:14:11] /i 2160 
[05/01/2012 10:14:11] /i 2160 
[05/01/2012 10:14:11] /i 2160 
[05/01/2012 10:14:11] /i 2160 
[05/01/2012 10:14:11] /i 2160 
[05/01/2012 10:14:11] /i 2160 
[05/01/2012 10:14:11] /i 2160 
[05/01/2012 10:14:11] /i 2160 
[05/01/2012 10:14:11] /i 2160 
[05/01/2012 10:14:11] /i 2160 
[05/01/2012 10:14:11] /i 2160 
[05/01/2012 10:14:11] /i 2160 
[05/01/2012 10:14:11] /i 2160 
[05/01/2012 10:14:12] /i 2160 
[05/01/2012 10:18:55] /a 30
[05/01/2012 10:19:00] /a 20
[05/01/2012 10:19:16] /a 4
[05/01/2012 10:19:20] /a 10
[05/01/2012 10:19:25] /a 10
[05/01/2012 10:19:29] /a 10
[05/01/2012 10:19:35] /up
[05/01/2012 10:19:41] /a 40
[05/01/2012 10:19:44] /a 20
[05/01/2012 10:19:48] /a 5
[05/01/2012 10:19:57] /a 3
[05/01/2012 10:20:03] /t
[05/01/2012 10:32:26] /i 2160 
[05/01/2012 10:32:27] /i 2160 
[05/01/2012 10:32:27] /i 2160 
[05/01/2012 10:32:27] /i 2160 
[05/01/2012 10:32:27] /i 2160 
[05/01/2012 10:32:27] /i 2160 
[05/01/2012 10:32:27] /i 2160 
[05/01/2012 10:32:27] /i 2160 
[05/01/2012 10:32:27] /i 2160 
[05/01/2012 10:32:27] /i 2160 
[05/01/2012 10:32:27] /i 2160 
[05/01/2012 10:32:27] /i 2160 
[05/01/2012 10:32:27] /i 2160 
[05/01/2012 10:32:27] /i 2160 
[05/01/2012 10:32:27] /i 2160 
[05/01/2012 10:32:27] /i 2160 
[05/01/2012 10:32:27] /i 2160 
[05/01/2012 10:32:27] /i 2160 
[05/01/2012 10:32:27] /i 2160 
[05/01/2012 10:32:27] /i 2160 
[05/01/2012 16:37:41] /a 2
[05/01/2012 16:38:07] /a
[05/01/2012 16:38:17] /up
[05/01/2012 16:38:29] /up
[05/01/2012 16:39:51] /up
[05/01/2012 16:39:57] /t
[05/01/2012 16:40:12] /a 2
[05/01/2012 16:42:26] /t
[05/01/2012 16:42:33] /m nando
[05/01/2012 16:43:04] /r
[05/01/2012 16:43:36] /down
[05/01/2012 16:43:39] /down
[05/01/2012 16:43:42] /down
[05/01/2012 16:44:20] /m exp bug5487
[05/01/2012 16:44:26] /m exp bug5487
[05/01/2012 16:44:29] /m exp bug5487
[05/01/2012 16:44:32] /m exp bug5487
[05/01/2012 16:44:35] /up
[05/01/2012 16:44:37] /up
[05/01/2012 16:44:38] /up
[05/01/2012 16:44:45] /a 10
[05/01/2012 16:44:54] /a 5
[05/01/2012 16:44:58] /a 2
[05/01/2012 16:45:09] /r
[05/01/2012 16:45:19] /down
[05/01/2012 16:45:25] /a 
[05/01/2012 16:45:35] /up
[05/01/2012 16:45:42] /a 
[05/01/2012 16:45:45] /a 
[05/01/2012 16:45:47] /a 
[05/01/2012 16:45:49] /a 
[05/01/2012 16:45:50] /a 
[05/01/2012 16:45:53] /up
[05/01/2012 16:45:57] /up
[05/01/2012 16:45:57] /up
[05/01/2012 16:46:10] /t
[25/06/2012 18:34:09] /up
[25/06/2012 18:34:11] /up
[25/06/2012 18:34:13] /t
[25/06/2012 18:49:09] /reload config
[25/06/2012 18:50:12] /t
[25/06/2012 18:50:17] /m bugzim
[25/06/2012 18:50:18] /m bugzin
[25/06/2012 18:50:31] /goto Bugzin
[25/06/2012 18:50:36] /t Bugzin
[25/06/2012 18:50:42] /t
[25/06/2012 18:50:47] /m bugzin
[25/06/2012 18:50:49] /m bugzin
[25/06/2012 18:51:00] /goto bugzin
[25/06/2012 18:51:05] /i magic field
[25/06/2012 18:51:06] /t
[25/06/2012 18:51:09] /r
[25/06/2012 18:51:15] /goto bugzin
[25/06/2012 18:51:18] /i 1387
[25/06/2012 18:51:25] /attr position 160 54 7
[25/06/2012 18:51:31] /goto bugzin
[25/06/2012 18:51:46] /c bugzin
[25/06/2012 18:51:48] /c bugzin
[25/06/2012 18:51:49] /c bugzin
[25/06/2012 18:51:51] /c bugzin
[25/06/2012 18:52:26] /i 12610
[25/06/2012 18:52:33] /i 12605
[25/06/2012 18:52:43] /attr set defese 135
[25/06/2012 18:52:56] /attr set defense 135
[25/06/2012 18:53:16] /i oair
[25/06/2012 18:53:21] /i pair of soft boots
[25/06/2012 18:53:28] /i dragon scale legs
[25/06/2012 18:53:33] /i demon armor
[25/06/2012 18:53:40] /i golden helmet
[25/06/2012 18:59:51] /i backpack
[25/06/2012 18:59:52] /i 2160
[25/06/2012 18:59:53] /i 2160
[25/06/2012 18:59:54] /i 2160
[25/06/2012 18:59:54] /i 2160
[25/06/2012 18:59:57] /i 2160
[25/06/2012 19:00:00] /i addon doll
[25/06/2012 19:00:00] /i addon doll
[25/06/2012 19:00:01] /i addon doll
[25/06/2012 19:00:01] /i addon doll
[25/06/2012 19:00:01] /i addon doll
[25/06/2012 19:03:29] /i backpack
[25/06/2012 19:04:44] /i 1863
[25/06/2012 19:04:49] /i 1863
[25/06/2012 19:04:50] /i 1863
[25/06/2012 19:04:50] /i 1863
[25/06/2012 19:05:15] /a
[25/06/2012 19:05:28] /a
[25/06/2012 19:05:29] /r
[25/06/2012 19:05:49] /i 1863
[25/06/2012 19:05:50] /i 1863
[25/06/2012 19:05:51] /i 1863
[25/06/2012 19:05:55] /i 1880
[25/06/2012 19:05:56] /i 1880
[25/06/2012 19:05:56] /i 1880
[25/06/2012 19:05:56] /i 1880
[25/06/2012 19:05:57] /i 1880
[25/06/2012 19:05:58] /i 1880
[25/06/2012 19:06:47] /a 2
[25/06/2012 19:07:16] /t
[25/06/2012 19:07:44] /i ice cube
[25/06/2012 19:07:45] /i ice cube
[25/06/2012 19:07:45] /i ice cube
[25/06/2012 19:07:46] /i ice cube
[25/06/2012 19:07:47] /i ice cube
[25/06/2012 19:10:50] /r
[25/06/2012 19:10:54] /i 1614
[25/06/2012 19:10:55] /i 1614
[25/06/2012 19:10:58] /save
[25/06/2012 19:12:09] /i 1614
[25/06/2012 19:12:09] /i 1614
[25/06/2012 19:12:10] /i 1614
[25/06/2012 19:12:10] /i 1614
[25/06/2012 19:12:11] /i 1614
[25/06/2012 19:12:11] /i 1614
[25/06/2012 19:12:11] /i 1614
[25/06/2012 19:12:11] /i 1614
[25/06/2012 19:12:12] /i 1614
[25/06/2012 19:12:12] /i 1614
[25/06/2012 19:12:13] /i 1614
[25/06/2012 19:12:13] /i 1614
[25/06/2012 19:12:13] /i 1614
[25/06/2012 19:12:14] /i 1614
[25/06/2012 19:12:14] /i 1614
[25/06/2012 19:12:14] /i 1614
[25/06/2012 19:12:15] /i 1614
[25/06/2012 19:12:15] /i 1614
[25/06/2012 19:12:15] /i 1614
[25/06/2012 19:12:15] /i 1614
[25/06/2012 19:12:16] /i 1614
[25/06/2012 19:12:16] /i 1614
[25/06/2012 19:12:17] /i 1614
[25/06/2012 19:12:17] /i 1614
[25/06/2012 19:12:18] /i 1614
[25/06/2012 19:12:18] /i 1614
[25/06/2012 19:12:19] /i 1614
[25/06/2012 19:12:23] /i 1614
[25/06/2012 19:12:23] /i 1614
[25/06/2012 19:12:23] /i 1614
[25/06/2012 19:12:25] /i 1614
[25/06/2012 19:12:25] /i 1614
[25/06/2012 19:12:26] /i 1614
[25/06/2012 19:12:26] /i 1614
[25/06/2012 19:12:26] /i 1614
[25/06/2012 19:12:27] /i 1614
[25/06/2012 19:12:27] /i 1614
[25/06/2012 19:12:27] /i 1614
[25/06/2012 19:12:28] /i 1614
[25/06/2012 19:12:29] /i 1614
[25/06/2012 20:28:56] /a 2
[25/06/2012 20:54:50] /i york sword
[25/06/2012 20:54:53] /i york axe
[25/06/2012 20:54:55] /i york star
[25/06/2012 20:54:59] /r 99
[25/06/2012 20:55:07] /i york wand
[25/06/2012 20:55:09] /i york rod
[25/06/2012 20:55:26] /m demon
[25/06/2012 20:55:48] /r
[25/06/2012 20:55:55] /m frost drago
[25/06/2012 20:55:56] /m frost dragon
[25/06/2012 20:56:01] /r
[25/06/2012 20:56:06] /m hydra
[25/06/2012 20:56:19] /i 1614
[25/06/2012 20:56:19] /i 1614
[25/06/2012 20:56:20] /i 1614
[25/06/2012 20:56:21] /i 1614
[25/06/2012 20:56:21] /i 1614
[25/06/2012 20:56:22] /i 1614
[25/06/2012 20:56:25] /i 1614
[25/06/2012 20:56:34] /i 1614
[25/06/2012 20:56:35] /i 1614
[25/06/2012 20:56:35] /i 1614
[25/06/2012 20:56:35] /i 1614
[25/06/2012 20:56:39] /i 1614
[25/06/2012 20:56:39] /i 1614
[25/06/2012 20:56:39] /i 1614
[25/06/2012 20:56:40] /i 1614
[25/06/2012 20:56:40] /i 1614
[25/06/2012 20:56:41] /i 1614
[25/06/2012 20:56:41] /i 1614
[25/06/2012 20:56:41] /i 1614
[25/06/2012 20:56:42] /i 1614
[25/06/2012 20:56:51] /i 1614
[25/06/2012 20:56:51] /i 1614
[25/06/2012 20:56:52] /i 1614
[25/06/2012 20:56:52] /i 1614
[25/06/2012 20:56:53] /i 1614
[25/06/2012 20:56:53] /i 1614
[25/06/2012 20:56:54] /i 1614
[25/06/2012 20:56:55] /i 1614
[25/06/2012 20:56:55] /i 1614
[25/06/2012 20:56:56] /i 1614
[25/06/2012 20:56:56] /i 1614
[25/06/2012 20:56:57] /i 1614
[25/06/2012 20:56:57] /i 1614
[25/06/2012 20:56:58] /i 1614
[25/06/2012 20:56:58] /i 1614
[25/06/2012 20:56:58] /i 1614
[25/06/2012 20:56:59] /i 1614
[25/06/2012 20:56:59] /i 1614
[25/06/2012 20:57:00] /i 1614
[25/06/2012 20:57:01] /i 1614
[25/06/2012 20:57:15] /i 2160
[25/06/2012 20:57:15] /i 2160
[25/06/2012 20:57:16] /i 2160
[25/06/2012 20:57:16] /i 2160
[25/06/2012 20:57:17] /i 2160
[25/06/2012 20:57:18] /i 2160
[25/06/2012 20:57:18] /i 2160
[25/06/2012 20:57:19] /i 2160
[25/06/2012 20:57:20] /i 2160
[25/06/2012 20:57:20] /i 2160
[25/06/2012 20:57:21] /i 2160
[25/06/2012 20:57:27] /i 2160
[25/06/2012 20:57:27] /i 2160
[25/06/2012 20:57:27] /i 2160
[25/06/2012 20:57:28] /i 2160
[25/06/2012 20:57:29] /i 2160
[25/06/2012 20:57:29] /i 2160
[25/06/2012 20:57:29] /i 2160
[25/06/2012 20:57:30] /i 2160
[25/06/2012 20:57:30] /i 2160
[25/06/2012 20:57:31] /i 2160
[25/06/2012 20:57:32] /i 2160
[25/06/2012 20:57:32] /i 2160
[25/06/2012 20:57:32] /i 2160
[25/06/2012 20:57:33] /i 2160
[25/06/2012 20:57:33] /i 2160
[25/06/2012 20:57:43] /i 2160
[25/06/2012 20:57:43] /i 2160
[25/06/2012 20:57:44] /i 2160
[25/06/2012 20:57:44] /i 2160
[25/06/2012 20:57:44] /i 2160
[25/06/2012 20:57:45] /i 2160
[25/06/2012 20:57:45] /i 2160
[25/06/2012 20:57:46] /i 2160
[25/06/2012 20:57:46] /i 2160
[25/06/2012 20:57:46] /i 2160
[25/06/2012 20:57:47] /i 2160
[25/06/2012 20:57:47] /i 2160
[25/06/2012 20:57:48] /i 2160
[25/06/2012 20:57:48] /i 2160
[25/06/2012 20:57:49] /i 2160
[25/06/2012 20:57:49] /i 2160
[25/06/2012 20:57:50] /i 2160
[25/06/2012 20:57:54] /i blessed shield
[25/06/2012 20:58:04] /i blessed shield
[25/06/2012 20:58:04] /i blessed shield
[25/06/2012 20:58:04] /i blessed shield
[25/06/2012 20:58:05] /i blessed shield
[25/06/2012 20:58:05] /i blessed shield
[25/06/2012 20:58:05] /i blessed shield
[25/06/2012 20:58:06] /i blessed shield
[25/06/2012 20:58:06] /i blessed shield
[25/06/2012 20:58:07] /i blessed shield
[25/06/2012 20:58:07] /i blessed shield
[25/06/2012 20:58:07] /i blessed shield
[25/06/2012 20:58:08] /i blessed shield
[25/06/2012 20:58:08] /i blessed shield
[25/06/2012 20:58:09] /i blessed shield
[25/06/2012 20:58:09] /i blessed shield
[25/06/2012 20:58:10] /i blessed shield
[25/06/2012 20:58:10] /i blessed shield
[25/06/2012 20:58:11] /i blessed shield
[25/06/2012 20:58:11] /i blessed shield
[25/06/2012 20:58:12] /i blessed shield
[25/06/2012 20:58:12] /i blessed shield
[25/06/2012 20:58:12] /i blessed shield
[25/06/2012 20:58:14] /i blessed shield
[25/06/2012 20:58:14] /i blessed shield
[25/06/2012 20:58:14] /i blessed shield
[25/06/2012 20:58:15] /i blessed shield
[25/06/2012 20:58:16] /i blessed shield
[25/06/2012 20:58:17] /i blessed shield
[25/06/2012 20:58:18] /i blessed shield
[25/06/2012 20:58:18] /i blessed shield
[25/06/2012 20:58:19] /i blessed shield
[25/06/2012 20:58:19] /i blessed shield
[25/06/2012 20:58:20] /i blessed shield
[25/06/2012 20:58:20] /i blessed shield
[25/06/2012 20:58:20] /i blessed shield
[25/06/2012 20:58:22] /i blessed shield
[25/06/2012 20:58:28] /i blessed shield
[25/06/2012 20:58:28] /i blessed shield
[25/06/2012 20:58:29] /i blessed shield
[25/06/2012 20:58:29] /i blessed shield
[25/06/2012 20:58:30] /i blessed shield
[25/06/2012 20:58:42] /clean
[25/06/2012 20:59:13] /i dragon scale legs
[25/06/2012 20:59:13] /i dragon scale legs
[25/06/2012 20:59:14] /i dragon scale legs
[25/06/2012 20:59:14] /i dragon scale legs
[25/06/2012 20:59:15] /i dragon scale legs
[25/06/2012 20:59:15] /i dragon scale legs
[25/06/2012 20:59:15] /i dragon scale legs
[25/06/2012 20:59:16] /i dragon scale legs
[25/06/2012 20:59:16] /i dragon scale legs
[25/06/2012 20:59:16] /i dragon scale legs
[25/06/2012 20:59:17] /i dragon scale legs
[25/06/2012 20:59:17] /i dragon scale legs
[25/06/2012 20:59:17] /i dragon scale legs
[25/06/2012 20:59:18] /i dragon scale legs
[25/06/2012 20:59:18] /i dragon scale legs
[25/06/2012 20:59:23] /i dragon scale legs
[25/06/2012 20:59:23] /i dragon scale legs
[25/06/2012 20:59:24] /i dragon scale legs
[25/06/2012 20:59:24] /i dragon scale legs
[25/06/2012 20:59:24] /i dragon scale legs
[25/06/2012 20:59:25] /i dragon scale legs
[25/06/2012 20:59:25] /i dragon scale legs
[25/06/2012 20:59:25] /i dragon scale legs
[25/06/2012 20:59:26] /i dragon scale legs
[25/06/2012 20:59:27] /i dragon scale legs
[25/06/2012 20:59:27] /i dragon scale legs
[25/06/2012 20:59:27] /i dragon scale legs
[25/06/2012 20:59:27] /i dragon scale legs
[25/06/2012 20:59:28] /i dragon scale legs
[25/06/2012 20:59:28] /i dragon scale legs
[25/06/2012 20:59:42] /i blessed shield
[25/06/2012 20:59:44] /i dragon scale legs
[25/06/2012 20:59:45] /i dragon scale legs
[25/06/2012 20:59:45] /i dragon scale legs
[25/06/2012 20:59:45] /i dragon scale legs
[25/06/2012 20:59:46] /i dragon scale legs
[25/06/2012 20:59:46] /i dragon scale legs
[25/06/2012 20:59:46] /i dragon scale legs
[25/06/2012 20:59:47] /i dragon scale legs
[25/06/2012 20:59:48] /i dragon scale legs
[25/06/2012 20:59:48] /i dragon scale legs
[25/06/2012 20:59:48] /i dragon scale legs
[25/06/2012 20:59:50] /i dragon scale legs
[25/06/2012 20:59:51] /i magic plate armor
[25/06/2012 20:59:51] /i magic plate armor
[25/06/2012 20:59:52] /i magic plate armor
[25/06/2012 20:59:52] /i magic plate armor
[25/06/2012 20:59:52] /i magic plate armor
[25/06/2012 20:59:53] /i magic plate armor
[25/06/2012 20:59:53] /i magic plate armor
[25/06/2012 20:59:54] /i magic plate armor
[25/06/2012 20:59:54] /i magic plate armor
[25/06/2012 20:59:54] /i magic plate armor
[25/06/2012 20:59:55] /i magic plate armor
[25/06/2012 20:59:55] /i magic plate armor
[25/06/2012 20:59:55] /i magic plate armor
[25/06/2012 20:59:56] /i magic plate armor
[25/06/2012 20:59:56] /i magic plate armor
[25/06/2012 20:59:56] /i magic plate armor
[25/06/2012 20:59:57] /i magic plate armor
[25/06/2012 20:59:57] /i magic plate armor
[25/06/2012 20:59:58] /i magic plate armor
[25/06/2012 20:59:58] /i magic plate armor
[25/06/2012 20:59:58] /i magic plate armor
[25/06/2012 20:59:58] /i magic plate armor
[25/06/2012 20:59:59] /i magic plate armor
[25/06/2012 21:00:01] /i magic plate armor
[25/06/2012 21:00:01] /i magic plate armor
[25/06/2012 21:00:01] /i magic plate armor
[25/06/2012 21:00:02] /i magic plate armor
[25/06/2012 21:00:02] /i magic plate armor
[25/06/2012 21:00:03] /i magic plate armor
[25/06/2012 21:00:03] /i magic plate armor
[25/06/2012 21:00:03] /i magic plate armor
[25/06/2012 21:00:04] /i magic plate armor
[25/06/2012 21:00:04] /i magic plate armor
[25/06/2012 21:00:04] /i magic plate armor
[25/06/2012 21:00:06] /i magic plate armor
[25/06/2012 21:00:06] /i magic plate armor
[25/06/2012 21:00:07] /i magic plate armor
[25/06/2012 21:00:07] /i magic plate armor
[25/06/2012 21:00:07] /i magic plate armor
[25/06/2012 21:00:08] /i magic plate armor
[25/06/2012 21:00:08] /i magic plate armor
[25/06/2012 21:00:09] /i magic plate armor
[25/06/2012 21:00:09] /i magic plate armor
[25/06/2012 21:00:10] /i magic plate armor
[25/06/2012 21:00:10] /i magic plate armor
[25/06/2012 21:00:10] /i magic plate armor
[25/06/2012 21:00:53] /i golden helmet
[25/06/2012 21:00:54] /i golden helmet
[25/06/2012 21:00:54] /i golden helmet
[25/06/2012 21:00:54] /i golden helmet
[25/06/2012 21:00:55] /i golden helmet
[25/06/2012 21:00:55] /i golden helmet
[25/06/2012 21:00:55] /i golden helmet
[25/06/2012 21:00:56] /i golden helmet
[25/06/2012 21:00:56] /i golden helmet
[25/06/2012 21:00:56] /i golden helmet
[25/06/2012 21:00:56] /i golden helmet
[25/06/2012 21:00:57] /i golden helmet
[25/06/2012 21:00:57] /i golden helmet
[25/06/2012 21:00:57] /i golden helmet
[25/06/2012 21:00:57] /i golden helmet
[25/06/2012 21:00:58] /i golden helmet
[25/06/2012 21:00:58] /i golden helmet
[25/06/2012 21:00:58] /i golden helmet
[25/06/2012 21:00:58] /i golden helmet
[25/06/2012 21:00:59] /i golden helmet
[25/06/2012 21:00:59] /i golden helmet
[25/06/2012 21:00:59] /i golden helmet
[25/06/2012 21:00:59] /i golden helmet
[25/06/2012 21:01:00] /i golden helmet
[25/06/2012 21:01:00] /i golden helmet
[25/06/2012 21:01:00] /i golden helmet
[25/06/2012 21:01:00] /i golden helmet
[25/06/2012 21:01:02] /i golden helmet
[25/06/2012 21:01:02] /i golden helmet
[25/06/2012 21:01:03] /i golden helmet
[25/06/2012 21:01:03] /i golden helmet
[25/06/2012 21:01:03] /i golden helmet
[25/06/2012 21:01:04] /i golden helmet
[25/06/2012 21:01:04] /i golden helmet
[25/06/2012 21:01:04] /i golden helmet
[25/06/2012 21:01:05] /i golden helmet
[25/06/2012 21:01:05] /i golden helmet
[25/06/2012 21:01:05] /i golden helmet
[25/06/2012 21:01:06] /i golden helmet
[25/06/2012 21:01:06] /i golden helmet
[25/06/2012 21:01:07] /i golden helmet
[25/06/2012 21:01:08] /i golden helmet
[25/06/2012 21:01:08] /i golden helmet
[25/06/2012 21:01:09] /i golden helmet
[25/06/2012 21:01:10] /i golden helmet
[25/06/2012 21:01:10] /i golden helmet
[25/06/2012 21:01:10] /i golden helmet
[25/06/2012 21:01:10] /i golden helmet
[25/06/2012 21:01:11] /i golden helmet
[25/06/2012 21:01:12] /i golden helmet
[25/06/2012 21:01:30] /i york sword
[25/06/2012 21:01:42] /m frost dragon
[25/06/2012 21:01:50] /m frost dragon
[25/06/2012 21:01:50] /m frost dragon
[25/06/2012 21:01:51] /m frost dragon
[25/06/2012 21:01:51] /m frost dragon
[25/06/2012 21:02:05] /m frost dragon
[25/06/2012 21:02:15] /clean
[25/06/2012 21:02:33] /i 2167
[25/06/2012 21:02:37] /i 2165
[25/06/2012 21:02:39] /i 2166
[25/06/2012 21:02:40] /i 2164
[25/06/2012 21:02:42] /i 2163
[25/06/2012 21:02:44] /i 2162
[25/06/2012 21:02:45] /i 2161
[25/06/2012 21:02:47] /i 21635
[25/06/2012 21:02:48] /i 2166
[25/06/2012 21:02:49] /i 2167
[25/06/2012 21:02:51] /i 2168
[25/06/2012 21:02:52] /i 2169
[25/06/2012 21:02:54] /i 2160
[25/06/2012 21:03:00] /r 991
[25/06/2012 21:03:02] /r 991
[25/06/2012 21:03:03] /r 991
[25/06/2012 21:03:03] /r 991
[25/06/2012 21:03:04] /r 991
[25/06/2012 21:03:14] /clean
[25/06/2012 21:03:21] /i backpack
[25/06/2012 21:03:23] /i talon
[25/06/2012 21:03:39] /i talon,1
[25/06/2012 21:03:40] /i talon,1
[25/06/2012 21:03:40] /i talon,1
[25/06/2012 21:03:40] /i talon,1
[25/06/2012 21:03:40] /i talon,1
[25/06/2012 21:03:40] /i talon,1
[25/06/2012 21:03:41] /i talon,1
[25/06/2012 21:03:41] /i talon,1
[25/06/2012 21:03:41] /i talon,1
[25/06/2012 21:03:41] /i talon,1
[25/06/2012 21:03:41] /i talon,1
[25/06/2012 21:03:44] /i talon,1
[25/06/2012 21:03:44] /i talon,1
[25/06/2012 21:03:45] /i talon,1
[25/06/2012 21:03:45] /i talon,1
[25/06/2012 21:03:45] /i talon,1
[25/06/2012 21:03:45] /i talon,1
[25/06/2012 21:03:45] /i talon,1
[25/06/2012 21:03:46] /i talon,1
[25/06/2012 21:03:47] /i talon,1
[25/06/2012 21:03:47] /i talon,1
[25/06/2012 21:03:48] /i talon,1
[25/06/2012 21:03:48] /i talon,1
[25/06/2012 21:03:48] /i talon,1
[25/06/2012 21:03:55] /i talon,1
[25/06/2012 21:03:55] /i talon,1
[25/06/2012 21:03:55] /i talon,1
[25/06/2012 21:03:56] /i talon,1
[25/06/2012 21:03:57] /i talon,1
[25/06/2012 21:03:57] /i talon,1
[25/06/2012 21:03:57] /i talon,1
[25/06/2012 21:03:58] /i talon,1
[25/06/2012 21:03:58] /i talon,1
[25/06/2012 21:03:59] /i talon,1
[25/06/2012 21:03:59] /i talon,1
[25/06/2012 21:03:59] /i talon,1
[25/06/2012 21:04:00] /i talon,1
[25/06/2012 21:04:01] /i talon,1
[25/06/2012 21:04:01] /i talon,1
[25/06/2012 21:04:02] /i talon,1
[25/06/2012 21:04:02] /i talon,1
[25/06/2012 21:04:03] /i talon,1
[25/06/2012 21:04:04] /i talon,1
[25/06/2012 21:04:05] /i talon,1
[25/06/2012 21:04:06] /i talon,1
[25/06/2012 21:04:06] /i talon,1
[25/06/2012 21:04:07] /i talon,1
[25/06/2012 21:04:07] /i talon,1
[25/06/2012 21:04:08] /i talon,1
[25/06/2012 21:04:08] /i talon,1
[25/06/2012 21:04:09] /i talon,1
[25/06/2012 21:04:10] /i talon,1
[25/06/2012 21:04:10] /i talon,1
[25/06/2012 21:04:10] /i talon,1
[25/06/2012 21:04:11] /i talon,1
[25/06/2012 21:04:11] /i talon,1
[25/06/2012 21:04:12] /i talon,1
[25/06/2012 21:04:25] /i golden helmet
[25/06/2012 21:05:12] /i talon,1
[25/06/2012 21:05:15] /i talon,1
[25/06/2012 21:05:16] /i talon,1
[25/06/2012 21:05:16] /i talon,1
[25/06/2012 21:06:01] /r
