[17/06/2011 07:45:19] /a
[17/06/2011 07:45:26] /n vip seller
[17/06/2011 07:45:32] /n vip seller
[17/06/2011 07:45:35] /a
[17/06/2011 07:45:36] /a
[17/06/2011 07:45:38] /a
[17/06/2011 07:45:40] /n vip seller
[17/06/2011 07:46:20] /a
[17/06/2011 07:46:56] /owner TECH C3
[17/06/2011 07:47:13] /ghost
[17/06/2011 07:47:51] /owner TEST C3
[17/06/2011 07:48:09] /owner [TECH]
[17/06/2011 07:48:32] /goto druid
[17/06/2011 07:49:18] /ghost
[17/06/2011 07:51:00] /b para masi informaçoes ADD MSN: Baiakserve@live.com
[17/06/2011 07:51:09] /b para mas informaçoes ADD MSN: Baiakserve@live.com
[17/06/2011 07:51:34] /t druid
[17/06/2011 07:51:35] /t
[17/06/2011 07:51:38] /ghost
[17/06/2011 07:51:55] /b que que vc querem ? 
[17/06/2011 08:19:46] /clean
[17/06/2011 08:19:49] /save
[17/06/2011 08:20:15] /goto Mikaela
[17/06/2011 08:20:46] /goto Salame
[17/06/2011 08:21:06] /goto Biro'joyce
[17/06/2011 08:21:14] /goto Mikaela
[17/06/2011 08:21:23] /t
[17/06/2011 08:21:42] /ghost
[17/06/2011 08:23:58] /b chamen seus amigos para jogar no TECH LOOK para mas informaçoes ADD MSN: Baiakserve@live.com
[17/06/2011 08:25:38] /i 2160
[17/06/2011 08:25:41] /i 2160
[17/06/2011 08:28:20] /n padre marcelo
[17/06/2011 08:29:59] /r
[17/06/2011 08:30:17] /ghost
[17/06/2011 08:30:23] /b ja volto pessoal
[17/06/2011 08:30:46] /goto Mikaela
[17/06/2011 08:32:30] /t
[17/06/2011 08:32:37] /goto Mikaela
[17/06/2011 08:32:48] /t
[17/06/2011 09:27:00] /goto Mikaela
[17/06/2011 09:27:32] /m demon
[17/06/2011 09:27:41] /m demon
[17/06/2011 09:28:05] /r
[17/06/2011 09:28:16] /t
[17/06/2011 09:28:33] /goto Salame
[17/06/2011 09:29:10] /m grim reaper vip
[17/06/2011 09:29:12] /m grim reaper vip
[17/06/2011 09:29:16] /m grim reaper vip
[17/06/2011 09:29:20] /m grim reaper
[17/06/2011 09:29:22] /m grim reaper
[17/06/2011 09:29:23] /m grim reaper
[17/06/2011 09:29:26] /m grim reaper
[17/06/2011 09:29:28] /m grim reaper
[17/06/2011 09:29:34] /m grim reaper
[17/06/2011 09:29:36] /m grim reaper
[17/06/2011 09:29:53] /m grim reaper
[17/06/2011 09:29:54] /m grim reaper
[17/06/2011 09:29:54] /m grim reaper
[17/06/2011 09:29:55] /m grim reaper
[17/06/2011 09:29:55] /m grim reaper
[17/06/2011 09:29:56] /m grim reaper
[17/06/2011 09:29:56] /m grim reaper
[17/06/2011 09:29:57] /m grim reaper
[17/06/2011 09:30:05] /r
[17/06/2011 09:30:06] /r
[17/06/2011 09:30:08] /r
[17/06/2011 09:30:09] /r
[17/06/2011 09:30:14] /r
[17/06/2011 09:30:16] /r
[17/06/2011 09:30:19] /t
[17/06/2011 09:30:35] /goto Seu Madruga
[17/06/2011 09:30:41] /t
[17/06/2011 09:30:52] /goto Mikaela
[17/06/2011 09:31:15] /goto Noia
[17/06/2011 09:31:28] /goto Vaani
[17/06/2011 09:31:50] /t
[17/06/2011 09:31:56] /clean
[17/06/2011 09:36:19] /addskill  , tarado , level , 100
[17/06/2011 09:36:30] /addskill , tarado , level , 100
[17/06/2011 09:36:41] /addskill ,tarado , level , 100
[17/06/2011 09:36:47] /addskill , Tarado , level , 100
[17/06/2011 09:36:56] /addskill , Tarado , level ,100,
[17/06/2011 09:36:59] /addskill , Tarado , level ,100
[17/06/2011 09:37:08] /addskill , Tarado ,level
[17/06/2011 09:37:26] /addskill tarado ,level
[17/06/2011 09:37:35] /addskill tarado ,level ,100
[17/06/2011 09:37:37] /addskill tarado ,level ,100
[17/06/2011 09:37:39] /addskill tarado ,level ,100
[17/06/2011 09:37:42] /addskill tarado ,level ,100
[17/06/2011 09:37:56] /addskill tarado ,level ,41
[17/06/2011 09:38:15] /addskill tarado ,magic ,100
[17/06/2011 09:38:24] /addskill tarado ,magic
[17/06/2011 09:38:28] /addskill tarado ,magic
[17/06/2011 09:38:29] /addskill tarado ,magic
[17/06/2011 09:38:30] /addskill tarado ,magic
[17/06/2011 09:38:31] /addskill tarado ,magic
[17/06/2011 09:38:36] /addskill tarado ,magic
[17/06/2011 09:38:41] /addskill tarado ,magic
[17/06/2011 09:39:04] /t
[17/06/2011 09:39:10] /a
[17/06/2011 09:39:14] /a 2
[17/06/2011 09:39:40] /i 12618
[17/06/2011 09:39:49] /i 12606
[17/06/2011 09:39:57] /i 12604
[17/06/2011 09:40:04] /i 12605
[17/06/2011 09:40:11] /i 12607
[17/06/2011 09:40:36] /i 12609
[17/06/2011 09:40:56] /goto tarado
[17/06/2011 09:49:53] /goto noia
[17/06/2011 09:49:58] /goto noia
[17/06/2011 09:50:15] /goto mikaela
[17/06/2011 09:50:32] /goto Seu Madruga
[17/06/2011 09:50:37] /goto Seu Madruga
[17/06/2011 09:50:40] /goto Seu Madruga
[17/06/2011 09:50:59] /goto Seu Madruga
[17/06/2011 09:51:15] /goto Seu Madruga
[17/06/2011 09:51:17] /goto mikaela
[17/06/2011 09:51:36] /goto Kaahh
[17/06/2011 09:51:50] /goto Seu Madruga
[17/06/2011 09:52:02] /goto Seu Madruga
[17/06/2011 09:52:47] /t
[17/06/2011 10:06:57] /goto seu madruga
[17/06/2011 10:11:17] /goto tarado
[17/06/2011 10:11:24] /goto seu madruga
[17/06/2011 10:11:45] /goto mikaela
[17/06/2011 11:16:23] /clean
[17/06/2011 11:16:33] /goto Vaani
[17/06/2011 11:16:41] /goto vingador
[17/06/2011 11:27:42] /goto gradiador
[17/06/2011 11:28:00] /goto Vingador
[17/06/2011 11:31:21] /goto Kaahh
[17/06/2011 11:31:34] /goto Salame
[17/06/2011 11:35:38] /goto vingador
[17/06/2011 11:35:50] /goto vingador
[17/06/2011 11:35:52] /goto vingador
[17/06/2011 11:35:53] /goto vingador
[17/06/2011 11:35:54] /goto vingador
[17/06/2011 11:36:01] /goto vingador
[17/06/2011 11:36:04] /goto vingador
[17/06/2011 11:47:11] /clean
[17/06/2011 11:49:08] /b pessoal tarado esta banido e o procimo que ficar me chamandde filha daputa denovo ja sabe
[17/06/2011 11:49:35] /ghost
[17/06/2011 11:52:12] /b 11:49 Kaahh [508]: o tarado tava edited ..............PESSOAL NAO E EDITADO NAO E QUE NA AREA VIP @ TEM MANA RUNE QUE SE VC USAR UMA VES ELA ENCHEAMANA TODA kkkkk VOUALMENTAR O PRESÇO DELA PRA 60kk
[17/06/2011 11:52:42] /b 11:49 Kaahh [508]: o tarado tava edited ..............PESSOAL NAO E EDITADO NAO E QUE NA AREA VIP @ TEM MANA RUNE QUE SE VC USAR UMA VES ELA ENCHEAMANA TODA kkkkk VOUALMENTAR O PRESÇO DELA PRA 60kk
[17/06/2011 11:54:01] /ghost
[17/06/2011 11:54:53] /b 11:49 Kaahh [508]: o tarado tava edited ..............PESSOAL NAO E EDITADO NAO E QUE NA AREA VIP @ TEM MANA RUNE QUE SE VC USAR UMA VES ELA ENCHEAMANA TODA kkkkk VOUALMENTAR O PRESÇO DELA PRA 80kk
[17/06/2011 11:56:46] /b tinha gente que tinha feito sim a quest so o tarado passou que ele deu uma de malandro e deichou a mikaela e correu so ele que passou a miakale morre e o restotabem
[17/06/2011 12:23:16] /clean
[17/06/2011 12:24:32] /goto vingador
[17/06/2011 12:25:15] /t vingador
[17/06/2011 12:25:16] /t
[17/06/2011 12:26:03] /b chamen seus amigos pra jogar aki que vai rolar uma gava de cm e gm
[17/06/2011 12:26:21] /b chamen seus amigos pra jogar aki que vai rolar uma gava de cm e gm E O OT SERVE NAO VAI MAS RESETAR
[17/06/2011 12:28:32] /b chamen seus amigos pra jogar aki que vai rolar uma gava de cm e gm E O OT SERVE NAO VAI MAS RESETAR
[17/06/2011 12:29:18] /goto kahh
[17/06/2011 12:29:23] /goto kanhh
[17/06/2011 12:29:28] /goto kanh
[17/06/2011 12:29:31] /goto kaanh
[17/06/2011 12:29:43] /goto Kaahh
[17/06/2011 12:29:54] /m masacre
[17/06/2011 12:30:04] /m massacre
[17/06/2011 12:30:10] /m massacre
[17/06/2011 12:30:31] /m demon
[17/06/2011 12:30:42] /m infernalist
[17/06/2011 12:30:45] /m infernalist
[17/06/2011 12:30:49] /m infernalist
[17/06/2011 12:30:52] /m infernalist
[17/06/2011 12:30:54] /m infernalist
[17/06/2011 12:30:55] /m infernalist
[17/06/2011 12:31:09] /m bazir
[17/06/2011 12:31:32] /r
[17/06/2011 12:31:35] /t
[17/06/2011 12:32:54] /b JA FALEI QUE EU PEGAR DE BOT NAO VOUNEM AVISAR
[17/06/2011 12:33:13] /r
[17/06/2011 12:33:16] /r
[17/06/2011 12:33:18] /r
[17/06/2011 12:33:37] /i 5772
[17/06/2011 12:33:41] /r
[17/06/2011 12:33:42] /r
[17/06/2011 12:33:56] /i 5774
[17/06/2011 12:33:58] /i 5774
[17/06/2011 12:34:01] /r
[17/06/2011 12:34:03] /r
[17/06/2011 12:34:11] /i 5772
[17/06/2011 12:34:15] /r
[17/06/2011 12:34:39] /i 5771
[17/06/2011 12:34:42] /r
[17/06/2011 12:34:44] /r
[17/06/2011 12:34:46] /r
[17/06/2011 12:34:48] /r
[17/06/2011 12:34:49] /r
[17/06/2011 12:35:39] /r
[17/06/2011 12:35:39] /r
[17/06/2011 12:35:39] /r
[17/06/2011 12:35:39] /r
[17/06/2011 12:35:39] /r
[17/06/2011 12:35:39] /r
[17/06/2011 12:35:39] /r
[17/06/2011 12:35:39] /r
[17/06/2011 12:35:40] /r
[17/06/2011 12:35:40] /r
[17/06/2011 12:35:40] /r
[17/06/2011 12:35:40] /r
[17/06/2011 12:35:40] /r
[17/06/2011 12:35:40] /r
[17/06/2011 12:35:40] /r
[17/06/2011 12:35:40] /r
[17/06/2011 12:35:40] /r
[17/06/2011 12:35:40] /r
[17/06/2011 12:35:40] /r
[17/06/2011 12:35:40] /r
[17/06/2011 12:35:40] /r
[17/06/2011 12:35:40] /r
[17/06/2011 12:35:41] /r
[17/06/2011 12:35:41] /r
[17/06/2011 12:35:41] /r
[17/06/2011 12:35:41] /r
[17/06/2011 12:35:41] /r
[17/06/2011 12:35:41] /r
[17/06/2011 12:35:42] /r
[17/06/2011 12:35:42] /r
[17/06/2011 12:35:42] /r
[17/06/2011 12:35:42] /r
[17/06/2011 12:35:42] /r
[17/06/2011 12:35:42] /r
[17/06/2011 12:35:42] /r
[17/06/2011 12:35:42] /r
[17/06/2011 12:35:42] /r
[17/06/2011 12:35:42] /r
[17/06/2011 12:35:42] /r
[17/06/2011 12:35:42] /r
[17/06/2011 12:35:42] /r
[17/06/2011 12:35:42] /r
[17/06/2011 12:35:42] /r
[17/06/2011 12:35:42] /r
[17/06/2011 12:35:42] /r
[17/06/2011 12:35:42] /r
[17/06/2011 12:35:42] /r
[17/06/2011 12:35:42] /r
[17/06/2011 12:35:42] /r
[17/06/2011 12:35:43] /r
[17/06/2011 12:35:43] /r
[17/06/2011 12:35:43] /r
[17/06/2011 12:35:43] /r
[17/06/2011 12:35:43] /r
[17/06/2011 12:35:45] /r
[17/06/2011 12:35:45] /r
[17/06/2011 12:35:45] /r
[17/06/2011 12:35:46] /r
[17/06/2011 12:35:47] /r
[17/06/2011 12:35:48] /r
[17/06/2011 12:35:48] /r
[17/06/2011 12:35:51] /r
[17/06/2011 12:35:52] /r
[17/06/2011 12:35:52] /r
[17/06/2011 12:35:53] /r
[17/06/2011 12:35:53] /r
[17/06/2011 12:35:54] /r
[17/06/2011 12:35:55] /r
[17/06/2011 12:35:55] /r
[17/06/2011 12:35:55] /r
[17/06/2011 12:35:55] /r
[17/06/2011 12:35:56] /r
[17/06/2011 12:35:57] /r
[17/06/2011 12:35:57] /r
[17/06/2011 12:35:58] /r
[17/06/2011 12:35:58] /r
[17/06/2011 12:35:58] /r
[17/06/2011 12:35:58] /r
[17/06/2011 12:35:59] /r
[17/06/2011 12:35:59] /r
[17/06/2011 12:35:59] /r
[17/06/2011 12:36:00] /r
[17/06/2011 12:36:01] /r
[17/06/2011 12:36:01] /r
[17/06/2011 12:36:02] /r
[17/06/2011 12:36:02] /r
[17/06/2011 12:36:04] /r
[17/06/2011 12:36:04] /r
[17/06/2011 12:36:05] /r
[17/06/2011 12:36:06] /r
[17/06/2011 12:36:07] /r
[17/06/2011 12:36:07] /r
[17/06/2011 12:36:08] /r
[17/06/2011 12:36:08] /r
[17/06/2011 12:36:08] /r
[17/06/2011 12:36:08] /r
[17/06/2011 12:36:09] /r
[17/06/2011 12:36:09] /r
[17/06/2011 12:36:09] /r
[17/06/2011 12:36:09] /r
[17/06/2011 12:36:10] /r
[17/06/2011 12:36:10] /r
[17/06/2011 12:36:10] /r
[17/06/2011 12:36:12] /r
[17/06/2011 12:36:12] /r
[17/06/2011 12:36:14] /r
[17/06/2011 12:36:15] /r
[17/06/2011 12:36:15] /r
[17/06/2011 12:36:16] /r
[17/06/2011 12:36:18] /r
[17/06/2011 12:36:19] /r
[17/06/2011 12:36:32] /i 9945
[17/06/2011 12:36:44] /goto nahh
[17/06/2011 12:36:56] /goto Kaahh
[17/06/2011 12:40:17] /c kaahh
[17/06/2011 12:40:20] /c kahh
[17/06/2011 12:40:52] /c kahh
[17/06/2011 12:41:10] /c Kaahh
[17/06/2011 12:41:21] /c Kaahh
[17/06/2011 12:41:44] /c Kaahh
[17/06/2011 12:42:09] /ghost
[17/06/2011 12:42:22] /c Kaahh
[17/06/2011 12:42:24] /c Kaahh
[17/06/2011 12:42:26] /c Kaahh
[17/06/2011 12:42:27] /c Kaahh
[17/06/2011 12:42:41] /i 1025
[17/06/2011 12:42:42] /i 1025
[17/06/2011 12:42:43] /i 1025
[17/06/2011 12:42:50] /a
[17/06/2011 12:42:52] /a
[17/06/2011 12:42:59] /i 1026
[17/06/2011 12:43:01] /a
[17/06/2011 12:43:03] /i 1026
[17/06/2011 12:43:29] /r
[17/06/2011 12:43:59] /i 1026
[17/06/2011 12:44:07] /i 1026
[17/06/2011 12:46:58] /t Kaahh
[17/06/2011 12:47:00] /t
[17/06/2011 12:47:02] /r
[17/06/2011 12:47:22] /ghost
[17/06/2011 12:49:14] /t
[17/06/2011 14:41:11] /goto Salame
[17/06/2011 14:41:22] /t salame
[17/06/2011 14:41:24] /t
[17/06/2011 14:41:59] /goto Salame
[17/06/2011 14:42:09] /goto kaahh
[17/06/2011 14:42:35] /t
[17/06/2011 14:42:49] /c Salame
[17/06/2011 14:44:31] /n upideit seller
[17/06/2011 14:44:34] /t
[17/06/2011 14:44:39] /clean
[17/06/2011 14:48:45] /owner piloto
[17/06/2011 15:04:39] /a
[17/06/2011 15:04:46] /ghost
[17/06/2011 15:05:05] /ghost
[17/06/2011 15:10:10] /i 2160
[17/06/2011 15:12:10] /i addon doll
[17/06/2011 15:12:12] /i addon doll
[17/06/2011 15:12:13] /i addon doll
[17/06/2011 15:47:51] /clean
[17/06/2011 15:49:22] /save
[17/06/2011 15:49:54] /ghost
[17/06/2011 15:53:16] /attr group 3
[17/06/2011 15:54:59] /i vip staff
[17/06/2011 15:56:42] /attr group 3
