[25/06/2012 21:06:56] /t
[25/06/2012 21:07:02] /clean
[25/06/2012 21:07:16] /c bugzin
[25/06/2012 21:07:17] /c bugzin
[25/06/2012 21:26:21] /goto 
[25/06/2012 21:26:30] /goto
[25/06/2012 21:26:32] /goto Account Manager
[25/06/2012 21:54:28] /t
[25/06/2012 22:04:03] /owner nobody
[25/06/2012 22:04:06] /owner nobody
[25/06/2012 22:04:32] /i 1614
[25/06/2012 22:04:33] /i 1614
[25/06/2012 22:04:33] /i 1614
[25/06/2012 22:04:34] /i 1614
[25/06/2012 22:04:35] /i 1614
[25/06/2012 22:04:35] /i 1614
[25/06/2012 22:04:36] /i 1614
[25/06/2012 22:04:36] /i 1614
[25/06/2012 22:04:38] /i 1614
[25/06/2012 22:04:39] /i 1614
[25/06/2012 22:04:40] /i 1614
[25/06/2012 22:04:41] /i 1614
[25/06/2012 22:04:42] /i 1614
[25/06/2012 22:04:43] /i 1614
[25/06/2012 22:04:45] /i 1614
[25/06/2012 22:04:53] /i 1614
[25/06/2012 22:04:54] /i 1614
[25/06/2012 22:04:54] /i 1614
[25/06/2012 22:04:55] /i 1614
[25/06/2012 22:04:56] /i 1614
[25/06/2012 22:04:58] /i 1614
[25/06/2012 22:04:58] /i 1614
[25/06/2012 22:04:59] /i 1614
[25/06/2012 22:04:59] /i 1614
[25/06/2012 22:04:59] /i 1614
[25/06/2012 22:05:00] /i 1614
[25/06/2012 22:05:00] /i 1614
[25/06/2012 22:05:01] /i 1614
[25/06/2012 22:05:01] /i 1614
[25/06/2012 22:05:02] /i 1614
[25/06/2012 22:05:16] /owner Murilo
[26/06/2012 11:27:30] /owner Murilo
[26/06/2012 11:27:35] /owner nobody
[26/06/2012 11:28:33] /clean
[26/06/2012 11:30:00] /a
[26/06/2012 11:30:00] /a
[26/06/2012 11:30:01] /a
[26/06/2012 11:30:02] /a
[26/06/2012 11:30:03] /a
[26/06/2012 11:30:03] /a
[26/06/2012 11:30:03] /a
[26/06/2012 11:30:04] /a
[26/06/2012 11:30:07] /a
[26/06/2012 11:30:07] /a
[26/06/2012 11:30:07] /a
[26/06/2012 11:30:08] /a
[26/06/2012 11:30:08] /a
[26/06/2012 11:30:09] /a
[26/06/2012 11:30:10] /a
[26/06/2012 11:30:10] /a
[26/06/2012 11:30:11] /a
[26/06/2012 11:30:11] /a
[26/06/2012 11:30:12] /a
[26/06/2012 11:30:12] /a
[26/06/2012 11:30:13] /a
[26/06/2012 11:30:13] /a
[26/06/2012 11:30:14] /a
[26/06/2012 11:30:39] /a 4
[26/06/2012 11:30:45] /a 2
[26/06/2012 11:30:54] /up
[26/06/2012 11:31:25] /a
[26/06/2012 11:31:25] /a
[26/06/2012 11:31:25] /a
[26/06/2012 11:31:36] /a
[26/06/2012 11:31:37] /a
[26/06/2012 11:31:38] /a
[26/06/2012 11:31:38] /a
[26/06/2012 11:31:41] /a
[26/06/2012 11:31:42] /a
[26/06/2012 11:31:42] /a
[26/06/2012 11:31:42] /a
[26/06/2012 11:31:42] /a
[26/06/2012 11:31:42] /a
[26/06/2012 11:31:42] /a
[26/06/2012 11:31:42] /a
[26/06/2012 11:31:42] /a
[26/06/2012 11:31:42] /a
[26/06/2012 11:31:43] /a
[26/06/2012 11:31:43] /a
[26/06/2012 11:31:52] /a
[26/06/2012 11:31:52] /a
[26/06/2012 11:31:52] /a
[26/06/2012 11:31:52] /a
[26/06/2012 11:31:52] /a
[26/06/2012 11:31:52] /a
[26/06/2012 11:31:52] /a
[26/06/2012 11:31:52] /a
[26/06/2012 11:31:52] /a
[26/06/2012 11:31:52] /a
[26/06/2012 11:31:53] /a
[26/06/2012 11:31:53] /a
[26/06/2012 11:31:53] /a
[26/06/2012 11:31:53] /a
[26/06/2012 11:31:53] /a
[26/06/2012 11:31:53] /a
[26/06/2012 11:31:53] /a
[26/06/2012 11:31:53] /a
[26/06/2012 11:31:53] /a
[26/06/2012 11:31:53] /a
[26/06/2012 11:31:53] /a
[26/06/2012 11:31:53] /a
[26/06/2012 11:31:53] /a
[26/06/2012 11:31:53] /a
[26/06/2012 11:31:54] /a
[26/06/2012 11:31:54] /a
[26/06/2012 11:31:55] /a
[26/06/2012 11:31:57] /a
[26/06/2012 11:31:57] /a
[26/06/2012 11:31:57] /a
[26/06/2012 11:31:57] /a
[26/06/2012 11:31:57] /a
[26/06/2012 11:31:57] /a
[26/06/2012 11:31:57] /a
[26/06/2012 11:31:57] /a
[26/06/2012 11:31:58] /a
[26/06/2012 11:31:59] /a
[26/06/2012 11:31:59] /a
[26/06/2012 11:31:59] /a
[26/06/2012 11:31:59] /a
[26/06/2012 11:31:59] /a
[26/06/2012 11:31:59] /a
[26/06/2012 11:31:59] /a
[26/06/2012 11:31:59] /a
[26/06/2012 11:31:59] /a
[26/06/2012 11:31:59] /a
[26/06/2012 11:32:00] /a
[26/06/2012 11:32:00] /a
[26/06/2012 11:32:00] /a
[26/06/2012 11:32:01] /a
[26/06/2012 11:32:02] /a
[26/06/2012 11:32:03] /a
[26/06/2012 11:32:03] /a
[26/06/2012 11:32:04] /a
[26/06/2012 11:32:04] /a
[26/06/2012 11:32:04] /a
[26/06/2012 11:32:04] /a
[26/06/2012 11:32:04] /a
[26/06/2012 11:32:04] /a
[26/06/2012 11:32:06] /a
[26/06/2012 11:32:07] /a
[26/06/2012 11:32:07] /a
[26/06/2012 11:32:07] /a
[26/06/2012 11:32:08] /a
[26/06/2012 11:32:08] /a
[26/06/2012 11:32:08] /a
[26/06/2012 11:32:09] /a
[26/06/2012 11:32:09] /a
[26/06/2012 11:32:09] /a
[26/06/2012 11:32:09] /a
[26/06/2012 11:32:09] /a
[26/06/2012 11:32:09] /a
[26/06/2012 11:32:09] /a
[26/06/2012 11:32:09] /a
[26/06/2012 11:32:09] /a
[26/06/2012 11:32:09] /a
[26/06/2012 11:32:09] /a
[26/06/2012 11:32:09] /a
[26/06/2012 11:32:11] /a
[26/06/2012 11:32:11] /a
[26/06/2012 11:32:11] /a
[26/06/2012 11:32:12] /a
[26/06/2012 11:32:12] /a
[26/06/2012 11:32:12] /a
[26/06/2012 11:32:12] /a
[26/06/2012 11:32:12] /a
[26/06/2012 11:32:12] /a
[26/06/2012 11:32:12] /a
[26/06/2012 11:32:13] /a
[26/06/2012 11:32:13] /a
[26/06/2012 11:32:13] /a
[26/06/2012 11:32:14] /a
[26/06/2012 11:32:14] /a
[26/06/2012 11:32:14] /a
[26/06/2012 11:32:15] /a
[26/06/2012 11:32:15] /a
[26/06/2012 11:32:15] /a
[26/06/2012 11:32:16] /a
[26/06/2012 11:32:16] /a
[26/06/2012 11:32:16] /a
[26/06/2012 11:32:16] /a
[26/06/2012 11:32:16] /a
[26/06/2012 11:32:17] /a
[26/06/2012 11:32:17] /a
[26/06/2012 11:32:17] /a
[26/06/2012 11:32:17] /a
[26/06/2012 11:32:17] /a
[26/06/2012 11:32:18] /a
[26/06/2012 11:32:19] /a
[26/06/2012 11:32:19] /a
[26/06/2012 11:32:19] /a
[26/06/2012 11:32:19] /a
[26/06/2012 11:32:20] /a
[26/06/2012 11:32:20] /a
[26/06/2012 11:32:20] /a
[26/06/2012 11:32:20] /a
[26/06/2012 11:32:20] /a
[26/06/2012 11:32:21] /a
[26/06/2012 11:32:21] /a
[26/06/2012 11:32:21] /a
[26/06/2012 11:32:21] /a
[26/06/2012 11:32:21] /a
[26/06/2012 11:32:21] /a
[26/06/2012 11:32:22] /a
[26/06/2012 11:32:22] /a
[26/06/2012 11:32:22] /a
[26/06/2012 11:32:22] /a
[26/06/2012 11:32:22] /a
[26/06/2012 11:32:22] /a
[26/06/2012 11:32:23] /a
[26/06/2012 11:32:23] /a
[26/06/2012 11:32:23] /a
[26/06/2012 11:32:23] /a
[26/06/2012 11:32:24] /a
[26/06/2012 11:32:24] /a
[26/06/2012 11:32:24] /a
[26/06/2012 11:32:24] /a
[26/06/2012 11:32:24] /a
[26/06/2012 11:32:24] /a
[26/06/2012 11:32:24] /a
[26/06/2012 11:32:24] /a
[26/06/2012 11:32:24] /a
[26/06/2012 11:32:25] /a
[26/06/2012 11:32:25] /a
[26/06/2012 11:32:25] /a
[26/06/2012 11:32:25] /a
[26/06/2012 11:32:25] /a
[26/06/2012 11:32:25] /a
[26/06/2012 11:32:25] /a
[26/06/2012 11:32:26] /a
[26/06/2012 11:32:27] /a
[26/06/2012 11:32:27] /a
[26/06/2012 11:32:27] /a
[26/06/2012 11:32:27] /a
[26/06/2012 11:32:27] /a
[26/06/2012 11:32:27] /a
[26/06/2012 11:32:27] /a
[26/06/2012 11:32:27] /a
[26/06/2012 11:32:27] /a
[26/06/2012 11:32:27] /a
[26/06/2012 11:32:27] /a
[26/06/2012 11:32:27] /a
[26/06/2012 11:32:27] /a
[26/06/2012 11:32:27] /a
[26/06/2012 11:32:27] /a
[26/06/2012 11:32:27] /a
[26/06/2012 11:32:28] /a
[26/06/2012 11:32:29] /a
[26/06/2012 11:32:29] /a
[26/06/2012 11:32:29] /a
[26/06/2012 11:32:29] /a
[26/06/2012 11:32:29] /a
[26/06/2012 11:32:29] /a
[26/06/2012 11:32:29] /a
[26/06/2012 11:32:29] /a
[26/06/2012 11:32:30] /a
[26/06/2012 11:32:30] /a
[26/06/2012 11:32:30] /a
[26/06/2012 11:32:30] /a
[26/06/2012 11:32:30] /a
[26/06/2012 11:32:30] /a
[26/06/2012 11:32:30] /a
[26/06/2012 11:32:30] /a
[26/06/2012 11:32:30] /a
[26/06/2012 11:32:30] /a
[26/06/2012 11:32:30] /a
[26/06/2012 11:32:30] /a
[26/06/2012 11:32:30] /a
[26/06/2012 11:32:30] /a
[26/06/2012 11:32:30] /a
[26/06/2012 11:32:31] /a
[26/06/2012 11:32:31] /a
[26/06/2012 11:32:32] /a
[26/06/2012 11:32:32] /a
[26/06/2012 11:32:33] /a
[26/06/2012 11:32:33] /a
[26/06/2012 11:32:33] /a
[26/06/2012 11:32:33] /a
[26/06/2012 11:32:34] /a
[26/06/2012 11:32:35] /a
[26/06/2012 11:32:35] /a
[26/06/2012 11:32:35] /a
[26/06/2012 11:32:35] /a
[26/06/2012 11:32:35] /a
[26/06/2012 11:32:35] /a
[26/06/2012 11:32:35] /a
[26/06/2012 11:32:35] /a
[26/06/2012 11:32:35] /a
[26/06/2012 11:32:36] /a
[26/06/2012 11:32:36] /a
[26/06/2012 11:32:36] /a
[26/06/2012 11:32:36] /a
[26/06/2012 11:32:40] /a
[26/06/2012 11:32:41] /a
[26/06/2012 11:32:41] /a
[26/06/2012 11:32:41] /a
[26/06/2012 11:32:41] /a
[26/06/2012 11:32:42] /a
[26/06/2012 11:32:42] /a
[26/06/2012 11:32:42] /a
[26/06/2012 11:32:42] /a
[26/06/2012 11:32:42] /a
[26/06/2012 11:32:43] /a
[26/06/2012 11:32:43] /a
[26/06/2012 11:32:44] /a
[26/06/2012 11:32:44] /a
[26/06/2012 11:32:44] /a
[26/06/2012 11:32:45] /a
[26/06/2012 11:32:45] /a
[26/06/2012 11:32:45] /a
[26/06/2012 11:32:46] /a
[26/06/2012 11:32:46] /a
[26/06/2012 11:32:46] /a
[26/06/2012 11:32:47] /a
[26/06/2012 11:32:47] /a
[26/06/2012 11:32:47] /a
[26/06/2012 11:32:47] /a
[26/06/2012 11:32:48] /a
[26/06/2012 11:32:48] /a
[26/06/2012 11:32:48] /a
[26/06/2012 11:32:49] /a
[26/06/2012 11:32:49] /a
[26/06/2012 11:32:49] /a
[26/06/2012 11:32:49] /a
[26/06/2012 11:32:50] /a
[26/06/2012 11:32:50] /a
[26/06/2012 11:32:50] /a
[26/06/2012 11:32:50] /a
[26/06/2012 11:32:52] /a
[26/06/2012 11:32:52] /a
[26/06/2012 11:32:52] /a
[26/06/2012 11:32:53] /a
[26/06/2012 11:32:53] /a
[26/06/2012 11:32:53] /a
[26/06/2012 11:32:53] /a
[26/06/2012 11:32:54] /a
[26/06/2012 11:32:54] /a
[26/06/2012 11:32:54] /a
[26/06/2012 11:32:55] /a
[26/06/2012 11:32:55] /a
[26/06/2012 11:32:56] /a
[26/06/2012 11:32:56] /a
[26/06/2012 11:32:56] /a
[26/06/2012 11:32:57] /a
[26/06/2012 11:32:58] /a
[26/06/2012 11:32:58] /a
[26/06/2012 11:32:58] /a
[26/06/2012 11:32:59] /a
[26/06/2012 11:32:59] /a
[26/06/2012 11:32:59] /a
[26/06/2012 11:32:59] /a
[26/06/2012 11:33:00] /a
[26/06/2012 11:33:00] /a
[26/06/2012 11:33:01] /a
[26/06/2012 11:33:01] /a
[26/06/2012 11:33:01] /a
[26/06/2012 11:33:01] /a
[26/06/2012 11:33:02] /a
[26/06/2012 11:33:02] /a
[26/06/2012 11:33:02] /a
[26/06/2012 11:33:03] /a
[26/06/2012 11:33:04] /a
[26/06/2012 11:33:04] /a
[26/06/2012 11:33:04] /a
[26/06/2012 11:33:05] /a
[26/06/2012 11:33:05] /a
[26/06/2012 11:33:05] /a
[26/06/2012 11:33:07] /a
[26/06/2012 11:33:07] /a
[26/06/2012 11:33:07] /a
[26/06/2012 11:33:08] /a
[26/06/2012 11:33:08] /a
[26/06/2012 11:33:18] /a
[26/06/2012 11:33:19] /a
[26/06/2012 11:33:19] /a
[26/06/2012 11:33:19] /a
[26/06/2012 11:33:19] /a
[26/06/2012 11:33:19] /a
[26/06/2012 11:33:20] /a
[26/06/2012 11:33:20] /a
[26/06/2012 11:33:20] /a
[26/06/2012 11:33:20] /a
[26/06/2012 11:33:20] /a
[26/06/2012 11:33:20] /a
[26/06/2012 11:33:20] /a
[26/06/2012 11:33:21] /a
[26/06/2012 11:33:21] /a
[26/06/2012 11:33:21] /a
[26/06/2012 11:33:22] /a
[26/06/2012 11:33:22] /a
[26/06/2012 11:33:24] /a
[26/06/2012 11:33:25] /a
[26/06/2012 11:33:30] /t
[26/06/2012 11:33:44] /attr positon 753 792
[26/06/2012 11:33:51] /t
[26/06/2012 11:33:55] /r
[26/06/2012 11:34:00] /attr positon 753 792 7
[26/06/2012 11:34:15] /attr position
[26/06/2012 11:34:19] /goto fada
[26/06/2012 11:34:21] /goto fada
[26/06/2012 11:34:37] /i 7735
[26/06/2012 11:34:47] /t
[26/06/2012 11:34:49] /i vip stone
