[06/10/2010 20:40:29] /a 4
[06/10/2010 20:40:30] /a 4
[06/10/2010 20:40:30] /a 4
[06/10/2010 20:40:31] /a 4
[06/10/2010 20:40:32] /a 4
[06/10/2010 20:40:40] /down
[06/10/2010 20:40:42] /up
[06/10/2010 20:40:43] /t
[06/10/2010 20:40:52] /a 5
[06/10/2010 20:40:53] /a 5
[06/10/2010 20:40:53] /a 5
[06/10/2010 20:40:53] /a 5
[06/10/2010 20:40:53] /a 5
[06/10/2010 20:40:54] /a 5
[06/10/2010 20:40:54] /a 5
[06/10/2010 20:40:54] /a 5
[06/10/2010 20:40:54] /a 5
[06/10/2010 20:40:54] /a 5
[06/10/2010 20:40:54] /a 5
[06/10/2010 20:40:55] /a 5
[06/10/2010 20:40:55] /a 5
[06/10/2010 20:40:55] /a 5
[06/10/2010 20:40:55] /a 5
[06/10/2010 20:40:56] /a 5
[06/10/2010 20:40:56] /a 5
[06/10/2010 20:40:57] /a 5
[06/10/2010 20:40:59] /a 5
[06/10/2010 20:40:59] /a 5
[06/10/2010 20:41:00] /a 5
[06/10/2010 20:41:00] /a 5
[06/10/2010 20:41:00] /a 5
[06/10/2010 20:41:00] /a 5
[06/10/2010 20:41:00] /a 5
[06/10/2010 20:41:01] /a 5
[06/10/2010 20:41:02] /a 5
[06/10/2010 20:41:02] /a 5
[06/10/2010 20:41:02] /a 5
[06/10/2010 20:41:02] /a 5
[06/10/2010 20:41:03] /a 5
[06/10/2010 20:41:03] /a 5
[06/10/2010 20:41:03] /a 5
[06/10/2010 20:41:03] /a 5
[06/10/2010 20:41:03] /a 5
[06/10/2010 20:41:04] /a 5
[06/10/2010 20:41:04] /a 5
[06/10/2010 20:41:04] /a 5
[06/10/2010 20:41:05] /a 5
[06/10/2010 20:41:05] /a 5
[06/10/2010 20:41:06] /a 5
[06/10/2010 20:41:06] /a 5
[06/10/2010 20:41:06] /a 5
[06/10/2010 20:41:06] /a 5
[06/10/2010 20:41:07] /a 5
[06/10/2010 20:41:07] /a 5
[06/10/2010 20:41:07] /a 5
[06/10/2010 20:41:08] /a 5
[06/10/2010 20:41:08] /a 5
[06/10/2010 20:41:08] /a 5
[06/10/2010 20:41:09] /a 5
[06/10/2010 20:41:09] /a 5
[06/10/2010 20:41:09] /a 5
[06/10/2010 20:41:10] /a 5
[06/10/2010 20:41:10] /a 5
[06/10/2010 20:41:10] /a 5
[06/10/2010 20:41:10] /a 5
[06/10/2010 20:41:10] /a 5
[06/10/2010 20:41:10] /a 5
[06/10/2010 20:41:10] /a 5
[06/10/2010 20:41:10] /a 5
[06/10/2010 20:41:10] /a 5
[06/10/2010 20:41:10] /a 5
[06/10/2010 20:41:11] /a 5
[06/10/2010 20:41:11] /a 5
[06/10/2010 20:41:11] /a 5
[06/10/2010 20:41:11] /a 5
[06/10/2010 20:41:11] /a 5
[06/10/2010 20:41:11] /a 5
[06/10/2010 20:41:11] /a 5
[06/10/2010 20:41:11] /a 5
[06/10/2010 20:41:11] /a 5
[06/10/2010 20:41:11] /a 5
[06/10/2010 20:41:11] /a 5
[06/10/2010 20:41:11] /a 5
[06/10/2010 20:41:11] /a 5
[06/10/2010 20:41:11] /a 5
[06/10/2010 20:41:11] /a 5
[06/10/2010 20:41:11] /a 5
[06/10/2010 20:41:11] /a 5
[06/10/2010 20:41:11] /a 5
[06/10/2010 20:41:11] /a 5
[06/10/2010 20:41:11] /a 5
[06/10/2010 20:41:11] /a 5
[06/10/2010 20:41:11] /a 5
[06/10/2010 20:41:11] /a 5
[06/10/2010 20:41:11] /a 5
[06/10/2010 20:41:11] /a 5
[06/10/2010 20:41:11] /a 5
[06/10/2010 20:41:11] /a 5
[06/10/2010 20:41:11] /a 5
[06/10/2010 20:41:11] /a 5
[06/10/2010 20:41:11] /a 5
[06/10/2010 20:41:12] /a 5
[06/10/2010 20:41:12] /a 5
[06/10/2010 20:41:12] /a 5
[06/10/2010 20:41:12] /a 5
[06/10/2010 20:41:12] /a 5
[06/10/2010 20:41:12] /a 5
[06/10/2010 20:41:12] /a 5
[06/10/2010 20:41:12] /a 5
[06/10/2010 20:41:12] /a 5
[06/10/2010 20:41:12] /a 5
[06/10/2010 20:41:12] /a 5
[06/10/2010 20:41:13] /a 5
[06/10/2010 20:41:13] /a 5
[06/10/2010 20:41:13] /a 5
[06/10/2010 20:41:13] /a 5
[06/10/2010 20:41:13] /a 5
[06/10/2010 20:41:13] /a 5
[06/10/2010 20:41:13] /a 5
[06/10/2010 20:41:13] /a 5
[06/10/2010 20:41:13] /a 5
[06/10/2010 20:41:13] /a 5
[06/10/2010 20:41:13] /a 5
[06/10/2010 20:41:13] /a 5
[06/10/2010 20:41:13] /a 5
[06/10/2010 20:41:13] /a 5
[06/10/2010 20:41:13] /a 5
[06/10/2010 20:41:13] /a 5
[06/10/2010 20:41:13] /a 5
[06/10/2010 20:41:13] /a 5
[06/10/2010 20:41:13] /a 5
[06/10/2010 20:41:13] /a 5
[06/10/2010 20:41:13] /a 5
[06/10/2010 20:41:13] /a 5
[06/10/2010 20:41:13] /a 5
[06/10/2010 20:41:13] /a 5
[06/10/2010 20:41:13] /a 5
[06/10/2010 20:41:13] /a 5
[06/10/2010 20:41:13] /a 5
[06/10/2010 20:41:13] /a 5
[06/10/2010 20:41:13] /a 5
[06/10/2010 20:41:13] /a 5
[06/10/2010 20:41:13] /a 5
[06/10/2010 20:41:13] /a 5
[06/10/2010 20:41:13] /a 5
[06/10/2010 20:41:14] /a 5
[06/10/2010 20:41:14] /a 5
[06/10/2010 20:41:14] /a 5
[06/10/2010 20:41:14] /a 5
[06/10/2010 20:41:14] /a 5
[06/10/2010 20:41:14] /a 5
[06/10/2010 20:41:14] /a 5
[06/10/2010 20:41:14] /a 5
[06/10/2010 20:41:14] /a 5
[06/10/2010 20:41:14] /a 5
[06/10/2010 20:41:14] /a 5
[06/10/2010 20:41:14] /a 5
[06/10/2010 20:41:15] /a 5
[06/10/2010 20:41:15] /a 5
[06/10/2010 20:41:15] /a 5
[06/10/2010 20:41:15] /a 5
[06/10/2010 20:41:15] /a 5
[06/10/2010 20:41:15] /a 5
[06/10/2010 20:41:15] /a 5
[06/10/2010 20:41:15] /a 5
[06/10/2010 20:41:15] /a 5
[06/10/2010 20:41:15] /a 5
[06/10/2010 20:41:15] /a 5
[06/10/2010 20:41:15] /a 5
[06/10/2010 20:41:15] /a 5
[06/10/2010 20:41:15] /a 5
[06/10/2010 20:41:15] /a 5
[06/10/2010 20:41:15] /a 5
[06/10/2010 20:41:15] /a 5
[06/10/2010 20:41:17] /a 5
[06/10/2010 20:41:17] /a 5
[06/10/2010 20:41:17] /a 5
[06/10/2010 20:41:17] /a 5
[06/10/2010 20:41:17] /a 5
[06/10/2010 20:41:17] /a 5
[06/10/2010 20:41:17] /a 5
[06/10/2010 20:41:17] /a 5
[06/10/2010 20:41:17] /a 5
[06/10/2010 20:41:18] /a 5
[06/10/2010 20:41:18] /a 5
[06/10/2010 20:41:18] /a 5
[06/10/2010 20:41:19] /a 5
[06/10/2010 20:41:19] /a 5
[06/10/2010 20:41:20] /a 5
[06/10/2010 20:41:20] /a 5
[06/10/2010 20:41:21] /a 5
[06/10/2010 20:41:21] /a 5
[06/10/2010 20:41:21] /a 5
[06/10/2010 20:41:22] /a 5
[06/10/2010 20:41:22] /a 5
[06/10/2010 20:41:22] /a 5
[06/10/2010 20:41:23] /a 5
[06/10/2010 20:41:23] /a 5
[06/10/2010 20:41:23] /a 5
[06/10/2010 20:41:23] /a 5
[06/10/2010 20:41:24] /a 5
[06/10/2010 20:41:24] /a 5
[06/10/2010 20:41:24] /a 5
[06/10/2010 20:41:25] /a 5
[06/10/2010 20:41:25] /a 5
[06/10/2010 20:41:25] /a 5
[06/10/2010 20:41:26] /a 5
[06/10/2010 20:41:26] /a 5
[06/10/2010 20:41:26] /a 5
[06/10/2010 20:41:26] /a 5
[06/10/2010 20:41:27] /a 5
[06/10/2010 20:41:28] /a 5
[06/10/2010 20:41:28] /a 5
[06/10/2010 20:41:29] /a 5
[06/10/2010 20:41:29] /a 5
[06/10/2010 20:41:29] /a 5
[06/10/2010 20:41:30] /a 5
[06/10/2010 20:41:30] /a 5
[06/10/2010 20:41:30] /a 5
[06/10/2010 20:41:30] /a 5
[06/10/2010 20:41:34] /a 5
[06/10/2010 20:41:35] /a 5
[06/10/2010 20:41:36] /a 5
[06/10/2010 20:41:36] /a 5
[06/10/2010 20:41:36] /a 5
[06/10/2010 20:42:12] /a 200
[06/10/2010 20:42:15] /a 5
[06/10/2010 20:42:16] /a 5
[06/10/2010 20:42:16] /a 5
[06/10/2010 20:42:16] /a 5
[06/10/2010 20:42:16] /a 5
[06/10/2010 20:42:16] /a 5
[06/10/2010 20:42:16] /a 5
[06/10/2010 20:42:16] /a 5
[06/10/2010 20:42:16] /a 5
[06/10/2010 20:42:17] /a 5
[06/10/2010 20:42:17] /a 5
[06/10/2010 20:42:17] /a 5
[06/10/2010 20:42:18] /a 5
[06/10/2010 20:42:18] /a 5
[06/10/2010 20:42:18] /a 5
[06/10/2010 20:42:18] /a 5
[06/10/2010 20:42:19] /a 5
[06/10/2010 20:42:22] /up
[06/10/2010 20:42:29] /a 5
[06/10/2010 20:42:29] /a 5
[06/10/2010 20:42:30] /a 5
[06/10/2010 20:42:30] /a 5
[06/10/2010 20:42:31] /a 5
[06/10/2010 20:42:31] /a 5
[06/10/2010 20:42:32] /a 5
[06/10/2010 20:42:32] /a 5
[06/10/2010 20:42:33] /a 5
[06/10/2010 20:42:33] /a 5
[06/10/2010 20:42:33] /a 5
[06/10/2010 20:51:15] /a 2
[12/10/2010 18:58:18] /addskill Testee,magic,60
[12/10/2010 18:58:34] /r
