[16/11/2012 11:41:14] /n baiakzik seller
[16/11/2012 11:41:29] /ghost
[16/11/2012 11:46:51] /reload
[16/11/2012 11:46:56] /reload config
[16/11/2012 11:49:34] /reload config
[16/11/2012 12:15:42] /goto Druidao'maldito
[16/11/2012 12:16:48] /n baiakzik seller
[16/11/2012 12:32:54] /r
[16/11/2012 12:32:55] /r
[16/11/2012 12:33:05] /i 6263
[16/11/2012 12:33:07] /r
[16/11/2012 12:33:16] /i 6253
[16/11/2012 12:34:21] /b galera pera ai vo remover 1 bug
[16/11/2012 12:36:24] /save
[16/11/2012 12:36:29] /b ot ja volta
[16/11/2012 12:37:59] /bc v Pronto Gente Casas Da Frente Desbugadas
[16/11/2012 12:39:47] /goto Mage Zika
[16/11/2012 12:39:52] /t
[16/11/2012 12:40:21] /goto maome
[16/11/2012 12:40:41] /a 4
[16/11/2012 12:40:43] /a 4
[16/11/2012 12:54:46] /r
[16/11/2012 12:54:47] /r
[16/11/2012 12:54:48] /r
[16/11/2012 12:54:50] /r
[16/11/2012 12:54:51] /r
[16/11/2012 12:54:53] /r
[16/11/2012 12:57:48] /reload globalevents
[16/11/2012 12:57:49] /t
[16/11/2012 12:58:12] /reload globalevents
[16/11/2012 12:59:40] /n baiakzik seller
[16/11/2012 13:00:58] /reload globalevents
[16/11/2012 13:10:29] /save
[16/11/2012 15:20:45] /goto Fudeo Tudo
[16/11/2012 15:23:30] /c Fudeo Tudo
[16/11/2012 15:32:19] /goto Japa Perigosa
[16/11/2012 15:32:29] /ghost
[16/11/2012 15:32:32] /r
[16/11/2012 15:33:16] /goto Japa Perigosa
[16/11/2012 15:33:33] /c Japa Perigosa
[16/11/2012 15:33:47] /c Japa Perigosa
[16/11/2012 15:33:54] /c Japa Perigosa
[16/11/2012 15:34:06] /i staff rox
[16/11/2012 15:34:20] /c Japa Perigosa
[16/11/2012 15:36:15] /r
[16/11/2012 15:36:20] /goto Japa Perigosa
[16/11/2012 15:37:19] /t
[19/11/2012 15:20:34] /a 20
[19/11/2012 15:20:37] /a 20
[19/11/2012 15:20:38] /a 20
[19/11/2012 15:20:40] /a 3
[19/11/2012 15:20:45] /a 4
[19/11/2012 15:20:49] /a 3
[19/11/2012 15:20:53] /up
[19/11/2012 15:20:55] /a 3
[19/11/2012 15:20:58] /a 40
[19/11/2012 15:21:02] /a 20
[19/11/2012 15:21:07] /a 2
[19/11/2012 15:21:50] /t
[19/11/2012 15:27:19] /i 8977
