[04/12/2012 09:19:10] /i 7735
[04/12/2012 09:20:06] /i 12603
[04/12/2012 09:20:19] /i 12607
[04/12/2012 09:20:28] /i 12605
[04/12/2012 09:20:39] /i 12604
[04/12/2012 09:20:45] /i 12606
[04/12/2012 09:20:53] /i 12618
[04/12/2012 09:26:29] /r
[04/12/2012 09:26:32] /r
[04/12/2012 09:26:43] /up
[04/12/2012 09:27:28] /a 2
[04/12/2012 09:27:38] /a 50
[04/12/2012 09:27:49] /a 2
[04/12/2012 09:29:30] /a 50
[04/12/2012 09:29:32] /a 50
[04/12/2012 09:29:34] /a 50
[04/12/2012 09:29:43] /a 100
[04/12/2012 09:40:57] /i sd
[04/12/2012 09:45:05] /a 2
[04/12/2012 09:45:37] /a 2
[04/12/2012 09:49:18] /i 8851
[04/12/2012 09:49:28] /i 8918
[04/12/2012 09:50:55] /i 10518
[04/12/2012 09:51:32] /i 8918
[04/12/2012 09:51:45] /i 8905
[04/12/2012 09:51:49] /t
[04/12/2012 09:53:02] /i 2160
[04/12/2012 09:53:07] /i 2160
[04/12/2012 09:56:27] /b ViniCius
[04/12/2012 09:56:37] /b                               ViniCius
[04/12/2012 09:56:44] /b                               ViniCius
[04/12/2012 09:56:44] /b                               ViniCius
[04/12/2012 09:56:45] /b                               ViniCius
[04/12/2012 09:56:45] /b                               ViniCius
[04/12/2012 09:56:46] /b                               ViniCius
[04/12/2012 09:56:46] /b                               ViniCius
[04/12/2012 10:01:16] /goto As Mina Pira
[04/12/2012 10:01:28] /goto As Mina Pira
[04/12/2012 10:01:42] /goto As Mina Pira
[04/12/2012 10:03:45] /ghost
[04/12/2012 10:03:47] /ghost
[04/12/2012 10:03:49] /ghost
