[26/06/2012 19:03:44] /t
[26/06/2012 19:03:44] /t
[26/06/2012 19:10:38] /i addon doll
[26/06/2012 19:10:38] /i addon doll
[26/06/2012 19:10:39] /i addon doll
[26/06/2012 19:10:40] /i addon doll
[26/06/2012 19:10:40] /i addon doll
[26/06/2012 19:10:41] /i addon doll
[26/06/2012 19:10:41] /i addon doll
[26/06/2012 19:10:42] /i addon doll
[26/06/2012 19:10:42] /i addon doll
[26/06/2012 19:10:43] /i addon doll
[26/06/2012 19:10:43] /i addon doll
[26/06/2012 19:10:46] /clean
[26/06/2012 19:10:58] /i backpack
[26/06/2012 19:11:00] /i clean
[26/06/2012 19:11:05] /clean
[26/06/2012 19:11:08] /i addon doll
[26/06/2012 19:11:09] /i addon doll
[26/06/2012 19:11:09] /i addon doll
[26/06/2012 19:11:09] /i addon doll
[26/06/2012 19:11:10] /i addon doll
[26/06/2012 19:11:11] /i addon doll
[26/06/2012 19:11:11] /i addon doll
[26/06/2012 19:11:11] /i addon doll
[26/06/2012 19:11:12] /i addon doll
[26/06/2012 19:11:12] /i addon doll
[26/06/2012 19:11:13] /i addon doll
[26/06/2012 19:11:13] /i addon doll
[26/06/2012 19:11:14] /i addon doll
[26/06/2012 19:11:14] /i addon doll
[26/06/2012 19:11:15] /i addon doll
[26/06/2012 19:11:15] /i addon doll
[26/06/2012 19:11:15] /i addon doll
[26/06/2012 19:11:16] /i addon doll
[26/06/2012 19:11:17] /i addon doll
[26/06/2012 19:11:17] /i addon doll
[26/06/2012 19:11:17] /i addon doll
[26/06/2012 19:11:18] /i addon doll
[26/06/2012 19:11:20] /clean
[27/06/2012 21:58:17] /t
