[16/11/2012 10:24:04] /attr group 1
[16/11/2012 10:24:11] /cliport
[16/11/2012 10:24:18] /attr group 1
[16/11/2012 10:24:21] /attr group 1
[16/11/2012 10:24:30] /attr group 1
[16/11/2012 10:25:07] /attr group 5z
[16/11/2012 10:25:37] /r
[16/11/2012 10:25:43] /r
[16/11/2012 10:25:56] /r
[16/11/2012 10:26:30] /a
[16/11/2012 10:26:58] /i 1285
[16/11/2012 10:27:00] /i 1285
[16/11/2012 10:27:10] /c Capitao Maconheiro I
[16/11/2012 10:27:17] /t
[16/11/2012 10:28:24] /a
[16/11/2012 10:28:28] /c Capitao Maconheiro I
[16/11/2012 10:28:29] /c Capitao Maconheiro I
[16/11/2012 10:28:30] /c Capitao Maconheiro I
[16/11/2012 10:28:56] /r
[16/11/2012 10:28:57] /r
[16/11/2012 10:28:59] /r
[16/11/2012 10:29:00] /r
[16/11/2012 10:29:01] /r
[16/11/2012 10:29:07] /r
[16/11/2012 10:29:16] /r
[16/11/2012 10:29:58] /r
[16/11/2012 10:30:10] /r
[16/11/2012 10:30:23] /r
[16/11/2012 10:30:46] /r
[16/11/2012 10:30:49] /r
[16/11/2012 10:30:55] /r
[16/11/2012 10:30:58] /r
[16/11/2012 10:31:03] /r
[16/11/2012 10:31:07] /r
[16/11/2012 10:31:53] /b oi
[16/11/2012 10:32:08] /b Fala ae seus  Pal no cú
[16/11/2012 10:32:24] /b olha minha cara de alegra '---------'
[16/11/2012 10:35:28] /attr group 1
[16/11/2012 10:35:31] /attr group 1
[16/11/2012 10:35:38] /attr group 1
[16/11/2012 10:35:49] /attr group 1
[16/11/2012 10:36:00] /attr group 1
[16/11/2012 10:36:06] /attr group 1z
[16/11/2012 10:36:10] /r
[16/11/2012 10:36:15] /r
[16/11/2012 10:36:26] /attr group 6
