[04/12/2012 09:20:04] /i addon doll
[04/12/2012 09:20:06] /i addon doll
[04/12/2012 09:20:06] /i addon doll
[04/12/2012 09:20:06] /i addon doll
[04/12/2012 09:20:07] /i addon doll
[04/12/2012 09:20:07] /i addon doll
[04/12/2012 09:20:08] /i addon doll
[04/12/2012 09:20:08] /i addon doll
[04/12/2012 09:21:21] /i addon doll
[04/12/2012 09:21:45] /i 2160
[04/12/2012 09:21:46] /i 2160
[04/12/2012 09:21:55] /i 2160
[04/12/2012 09:21:55] /i 2160
[04/12/2012 09:21:55] /i 2160
[04/12/2012 09:23:07] /addskill Fuck Triickz,magic,50
[04/12/2012 09:23:08] /addskill Fuck Triickz,magic,50
[04/12/2012 09:23:09] /addskill Fuck Triickz,magic,50
[04/12/2012 09:23:09] /addskill Fuck Triickz,magic,50
[04/12/2012 09:23:09] /addskill Fuck Triickz,magic,50
[04/12/2012 09:23:10] /addskill Fuck Triickz,magic,50
[04/12/2012 09:23:10] /addskill Fuck Triickz,magic,50
[04/12/2012 09:23:10] /addskill Fuck Triickz,magic,50
[04/12/2012 09:23:11] /addskill Fuck Triickz,magic,50
[04/12/2012 09:23:11] /addskill Fuck Triickz,magic,50
[04/12/2012 09:23:12] /addskill Fuck Triickz,magic,50
[04/12/2012 09:23:12] /addskill Fuck Triickz,magic,50
[04/12/2012 09:23:12] /addskill Fuck Triickz,magic,50
[04/12/2012 09:23:14] /addskill Fuck Triickz,magic,10
[04/12/2012 09:23:15] /addskill Fuck Triickz,magic,10
[04/12/2012 09:23:15] /addskill Fuck Triickz,magic,10
[04/12/2012 09:23:16] /addskill Fuck Triickz,magic,10
[04/12/2012 09:23:16] /addskill Fuck Triickz,magic,10
[04/12/2012 09:23:17] /addskill Fuck Triickz,magic,10
[04/12/2012 09:23:18] /addskill Fuck Triickz,magic,1
[04/12/2012 09:23:19] /addskill Fuck Triickz,magic,1
[04/12/2012 09:23:19] /addskill Fuck Triickz,magic,1
[04/12/2012 09:24:16] /addskill Fuck Triickz,level,1000
[04/12/2012 09:25:08] /i magical rod
[04/12/2012 09:25:12] /i magical wand
[04/12/2012 09:25:38] /i 2106
[04/12/2012 09:25:41] /r
[04/12/2012 09:25:43] /i 2160
[04/12/2012 09:25:44] /i 2160
[04/12/2012 09:25:44] /i 2160
[04/12/2012 09:25:45] /i 2160
[04/12/2012 09:25:46] /i 2160
[04/12/2012 09:26:17] /a
[04/12/2012 09:26:18] /a
[04/12/2012 09:26:18] /a
[04/12/2012 09:26:18] /a
[04/12/2012 09:26:18] /a
[04/12/2012 09:26:18] /a
[04/12/2012 09:26:18] /a
[04/12/2012 09:26:18] /a
[04/12/2012 09:26:19] /a
[04/12/2012 09:26:19] /a
[04/12/2012 09:26:19] /a
[04/12/2012 09:26:19] /a
[04/12/2012 09:26:19] /a
[04/12/2012 09:26:19] /a
[04/12/2012 09:26:19] /a
[04/12/2012 09:26:19] /a
[04/12/2012 09:26:20] /a
[04/12/2012 09:26:21] /a
[04/12/2012 09:26:21] /a
[04/12/2012 09:26:21] /a
[04/12/2012 09:26:21] /a
[04/12/2012 09:26:21] /a
[04/12/2012 09:26:21] /a
[04/12/2012 09:26:22] /a
[04/12/2012 09:26:22] /a
[04/12/2012 09:26:22] /a
[04/12/2012 09:26:23] /a
[04/12/2012 09:26:24] /a
[04/12/2012 09:26:24] /a
[04/12/2012 09:26:24] /a
[04/12/2012 09:26:24] /a
[04/12/2012 09:26:25] /a
[04/12/2012 09:26:25] /a
[04/12/2012 09:26:25] /a
[04/12/2012 09:26:25] /a
[04/12/2012 09:26:25] /a
[04/12/2012 09:26:25] /a
[04/12/2012 09:26:25] /a
[04/12/2012 09:26:25] /a
[04/12/2012 09:26:25] /a
[04/12/2012 09:26:25] /a
[04/12/2012 09:26:25] /a
[04/12/2012 09:26:25] /a
[04/12/2012 09:26:25] /a
[04/12/2012 09:26:25] /a
[04/12/2012 09:26:25] /a
[04/12/2012 09:26:25] /a
[04/12/2012 09:26:25] /a
[04/12/2012 09:26:25] /a
[04/12/2012 09:26:25] /a
[04/12/2012 09:26:25] /a
[04/12/2012 09:26:26] /a
[04/12/2012 09:26:26] /a
[04/12/2012 09:26:26] /a
[04/12/2012 09:26:26] /a
[04/12/2012 09:26:26] /a
[04/12/2012 09:26:26] /a
[04/12/2012 09:26:27] /a
[04/12/2012 09:26:27] /a
[04/12/2012 09:26:27] /a
[04/12/2012 09:26:27] /a
[04/12/2012 09:26:27] /a
[04/12/2012 09:26:27] /a
[04/12/2012 09:26:27] /a
[04/12/2012 09:26:27] /a
[04/12/2012 09:26:29] /a
[04/12/2012 09:26:30] /a
[04/12/2012 09:26:30] /a
[04/12/2012 09:26:30] /a
[04/12/2012 09:26:30] /a
[04/12/2012 09:26:31] /a
[04/12/2012 09:26:31] /a
[04/12/2012 09:26:32] /a
[04/12/2012 09:26:32] /a
[04/12/2012 09:26:32] /a
[04/12/2012 09:26:32] /a
[04/12/2012 09:26:32] /a
[04/12/2012 09:26:32] /a
[04/12/2012 09:26:32] /a
[04/12/2012 09:26:32] /a
[04/12/2012 09:26:33] /a
[04/12/2012 09:26:33] /a
[04/12/2012 09:26:33] /a
[04/12/2012 09:26:33] /a
[04/12/2012 09:26:33] /a
[04/12/2012 09:26:33] /a
[04/12/2012 09:26:33] /a
[04/12/2012 09:26:33] /a
[04/12/2012 09:26:33] /a
[04/12/2012 09:26:33] /a
[04/12/2012 09:26:33] /a
[04/12/2012 09:26:33] /a
[04/12/2012 09:26:33] /a
[04/12/2012 09:26:33] /a
[04/12/2012 09:26:33] /a
[04/12/2012 09:26:33] /a
[04/12/2012 09:26:33] /a
[04/12/2012 09:26:33] /a
[04/12/2012 09:26:34] /a
[04/12/2012 09:26:34] /a
[04/12/2012 09:26:34] /a
[04/12/2012 09:26:34] /a
[04/12/2012 09:26:34] /a
[04/12/2012 09:26:34] /a
[04/12/2012 09:26:34] /a
[04/12/2012 09:26:34] /a
[04/12/2012 09:26:34] /a
[04/12/2012 09:26:34] /a
[04/12/2012 09:26:34] /a
[04/12/2012 09:26:34] /a
[04/12/2012 09:26:34] /a
[04/12/2012 09:26:34] /a
[04/12/2012 09:26:34] /a
[04/12/2012 09:26:34] /a
[04/12/2012 09:26:34] /a
[04/12/2012 09:26:34] /a
[04/12/2012 09:26:34] /a
[04/12/2012 09:26:34] /a
[04/12/2012 09:26:34] /a
[04/12/2012 09:26:34] /a
[04/12/2012 09:26:35] /a
[04/12/2012 09:26:35] /a
[04/12/2012 09:26:35] /a
[04/12/2012 09:26:35] /a
[04/12/2012 09:26:35] /a
[04/12/2012 09:26:35] /a
[04/12/2012 09:26:35] /a
[04/12/2012 09:26:35] /a
[04/12/2012 09:26:36] /a
[04/12/2012 09:26:36] /a
[04/12/2012 09:26:36] /a
[04/12/2012 09:26:37] /a
[04/12/2012 09:26:39] /a
[04/12/2012 09:26:39] /a
[04/12/2012 09:26:39] /a
[04/12/2012 09:26:39] /a
[04/12/2012 09:26:39] /a
[04/12/2012 09:26:39] /a
[04/12/2012 09:26:39] /a
[04/12/2012 09:26:39] /a
[04/12/2012 09:26:39] /a
[04/12/2012 09:26:39] /a
[04/12/2012 09:26:39] /a
[04/12/2012 09:26:39] /a
[04/12/2012 09:26:40] /a
[04/12/2012 09:26:40] /a
[04/12/2012 09:26:40] /a
[04/12/2012 09:26:40] /a
[04/12/2012 09:26:40] /a
[04/12/2012 09:26:40] /a
[04/12/2012 09:26:40] /a
[04/12/2012 09:26:40] /a
[04/12/2012 09:26:40] /a
[04/12/2012 09:26:40] /a
[04/12/2012 09:26:40] /a
[04/12/2012 09:26:40] /a
[04/12/2012 09:26:40] /a
[04/12/2012 09:26:40] /a
[04/12/2012 09:26:40] /a
[04/12/2012 09:26:40] /a
[04/12/2012 09:26:40] /a
[04/12/2012 09:26:40] /a
[04/12/2012 09:26:40] /a
[04/12/2012 09:26:40] /a
[04/12/2012 09:26:40] /a
[04/12/2012 09:26:40] /a
[04/12/2012 09:26:40] /a
[04/12/2012 09:26:40] /a
[04/12/2012 09:26:40] /a
[04/12/2012 09:26:40] /a
[04/12/2012 09:26:40] /a
[04/12/2012 09:26:40] /a
[04/12/2012 09:26:40] /a
[04/12/2012 09:26:40] /a
[04/12/2012 09:26:40] /a
[04/12/2012 09:26:41] /a
[04/12/2012 09:26:41] /a
[04/12/2012 09:26:41] /a
[04/12/2012 09:26:41] /a
[04/12/2012 09:26:41] /a
[04/12/2012 09:26:41] /a
[04/12/2012 09:26:41] /a
[04/12/2012 09:26:42] /a
[04/12/2012 09:26:43] /a
[04/12/2012 09:26:43] /a
[04/12/2012 09:26:43] /a
[04/12/2012 09:26:43] /a
[04/12/2012 09:26:44] /a
[04/12/2012 09:26:44] /a
[04/12/2012 09:26:44] /a
[04/12/2012 09:26:44] /a
[04/12/2012 09:26:44] /a
[04/12/2012 09:26:44] /a
[04/12/2012 09:26:44] /a
[04/12/2012 09:26:44] /a
[04/12/2012 09:26:46] /a
[04/12/2012 09:26:46] /a
[04/12/2012 09:26:50] /a
[04/12/2012 09:26:54] /a
[04/12/2012 09:26:55] /a
[04/12/2012 09:26:55] /a
[04/12/2012 09:26:55] /a
[04/12/2012 09:26:55] /a
[04/12/2012 09:26:55] /a
[04/12/2012 09:26:55] /a
[04/12/2012 09:26:55] /a
[04/12/2012 09:26:55] /a
[04/12/2012 09:26:56] /a
[04/12/2012 09:26:56] /a
[04/12/2012 09:26:56] /a
[04/12/2012 09:26:56] /a
[04/12/2012 09:26:57] /a
[04/12/2012 09:26:57] /a
[04/12/2012 09:26:58] /a
[04/12/2012 09:26:59] /a
[04/12/2012 09:27:00] /a
[04/12/2012 09:27:01] /a
[04/12/2012 09:27:01] /a
[04/12/2012 09:27:01] /a
[04/12/2012 09:27:01] /a
[04/12/2012 09:27:01] /a
[04/12/2012 09:27:01] /a
[04/12/2012 09:27:01] /a
[04/12/2012 09:27:01] /a
[04/12/2012 09:27:01] /a
[04/12/2012 09:27:01] /a
[04/12/2012 09:27:01] /a
[04/12/2012 09:27:01] /a
[04/12/2012 09:27:01] /a
[04/12/2012 09:27:01] /a
[04/12/2012 09:27:02] /a
[04/12/2012 09:27:03] /a
[04/12/2012 09:27:03] /a
[04/12/2012 09:27:03] /a
[04/12/2012 09:27:03] /a
[04/12/2012 09:27:03] /a
[04/12/2012 09:27:04] /a
[04/12/2012 09:27:04] /a
[04/12/2012 09:27:04] /a
[04/12/2012 09:27:05] /a
[04/12/2012 09:27:06] /a
[04/12/2012 09:27:06] /a
[04/12/2012 09:27:07] /a
[04/12/2012 09:27:07] /a
[04/12/2012 09:27:07] /a
[04/12/2012 09:27:08] /a
[04/12/2012 09:27:08] /a
[04/12/2012 09:27:09] /a
[04/12/2012 09:27:10] /a
[04/12/2012 09:27:10] /a
[04/12/2012 09:27:10] /a
[04/12/2012 09:27:10] /a
[04/12/2012 09:27:11] /a
[04/12/2012 09:27:11] /a
[04/12/2012 09:27:11] /a
[04/12/2012 09:27:11] /a
[04/12/2012 09:27:14] /a
[04/12/2012 09:27:14] /a
[04/12/2012 09:27:14] /a
[04/12/2012 09:27:15] /a
[04/12/2012 09:27:15] /a
[04/12/2012 09:27:15] /a
[04/12/2012 09:27:16] /a
[04/12/2012 09:27:16] /a
[04/12/2012 09:27:16] /a
[04/12/2012 09:27:16] /a
[04/12/2012 09:27:16] /a
[04/12/2012 09:27:16] /a
[04/12/2012 09:27:16] /a
[04/12/2012 09:27:16] /a
[04/12/2012 09:27:16] /a
[04/12/2012 09:27:16] /a
[04/12/2012 09:27:16] /a
[04/12/2012 09:27:16] /a
[04/12/2012 09:27:16] /a
[04/12/2012 09:27:16] /a
[04/12/2012 09:27:17] /a
[04/12/2012 09:27:17] /a
[04/12/2012 09:27:17] /a
[04/12/2012 09:27:17] /a
[04/12/2012 09:27:18] /a
[04/12/2012 09:27:18] /a
[04/12/2012 09:27:18] /a
[04/12/2012 09:27:18] /a
[04/12/2012 09:27:18] /a
[04/12/2012 09:27:18] /a
[04/12/2012 09:27:18] /a
[04/12/2012 09:27:18] /a
[04/12/2012 09:27:18] /a
[04/12/2012 09:27:18] /a
[04/12/2012 09:27:18] /a
[04/12/2012 09:27:18] /a
[04/12/2012 09:27:18] /a
[04/12/2012 09:27:18] /a
[04/12/2012 09:27:18] /a
[04/12/2012 09:27:18] /a
[04/12/2012 09:27:18] /a
[04/12/2012 09:27:18] /a
[04/12/2012 09:27:18] /a
[04/12/2012 09:27:18] /a
[04/12/2012 09:27:18] /a
[04/12/2012 09:27:18] /a
[04/12/2012 09:27:18] /a
[04/12/2012 09:27:18] /a
[04/12/2012 09:27:18] /a
[04/12/2012 09:27:18] /a
[04/12/2012 09:27:19] /a
[04/12/2012 09:27:19] /a
[04/12/2012 09:27:19] /a
[04/12/2012 09:27:19] /a
[04/12/2012 09:27:19] /a
[04/12/2012 09:27:19] /a
[04/12/2012 09:27:19] /a
[04/12/2012 09:27:20] /a
[04/12/2012 09:27:20] /a
[04/12/2012 09:27:20] /a
[04/12/2012 09:27:20] /a
[04/12/2012 09:27:20] /a
[04/12/2012 09:27:20] /a
[04/12/2012 09:27:21] /a
[04/12/2012 09:27:21] /a
[04/12/2012 09:27:21] /a
[04/12/2012 09:27:21] /a
[04/12/2012 09:27:21] /a
[04/12/2012 09:27:21] /a
[04/12/2012 09:27:21] /a
[04/12/2012 09:27:21] /a
[04/12/2012 09:27:21] /a
[04/12/2012 09:27:21] /a
[04/12/2012 09:27:21] /a
[04/12/2012 09:27:21] /a
[04/12/2012 09:27:21] /a
[04/12/2012 09:27:21] /a
[04/12/2012 09:27:22] /a
[04/12/2012 09:27:22] /a
[04/12/2012 09:27:22] /a
[04/12/2012 09:27:22] /a
[04/12/2012 09:27:22] /a
[04/12/2012 09:27:22] /a
[04/12/2012 09:27:23] /a
[04/12/2012 09:27:23] /a
[04/12/2012 09:27:23] /a
[04/12/2012 09:27:23] /a
[04/12/2012 09:27:23] /a
[04/12/2012 09:27:23] /a
[04/12/2012 09:27:23] /a
[04/12/2012 09:27:24] /a
[04/12/2012 09:27:42] /a 4
[04/12/2012 09:27:45] /a 4
[04/12/2012 09:27:51] /a 2
[04/12/2012 09:28:28] /a
[04/12/2012 09:28:35] /r
[04/12/2012 09:28:38] /r
[04/12/2012 09:29:18] /a
[04/12/2012 09:29:18] /a
[04/12/2012 09:29:27] /goto bruninho
[04/12/2012 09:29:32] /goto bruninho
[04/12/2012 09:29:34] /goto bruninho
[04/12/2012 09:29:36] /goto bruninho
[04/12/2012 09:29:39] /a
[04/12/2012 09:29:39] /a
[04/12/2012 09:29:39] /a
[04/12/2012 09:29:40] /a
[04/12/2012 09:29:40] /a
[04/12/2012 09:29:40] /a
[04/12/2012 09:29:40] /a
[04/12/2012 09:29:40] /a
[04/12/2012 09:29:40] /a
[04/12/2012 09:29:40] /a
[04/12/2012 09:29:40] /a
[04/12/2012 09:29:40] /a
[04/12/2012 09:29:40] /a
[04/12/2012 09:29:40] /a
[04/12/2012 09:29:40] /a
[04/12/2012 09:29:40] /a
[04/12/2012 09:29:41] /a
[04/12/2012 09:29:41] /a
[04/12/2012 09:29:41] /a
[04/12/2012 09:29:41] /a
[04/12/2012 09:29:41] /a
[04/12/2012 09:29:41] /a
[04/12/2012 09:29:41] /a
[04/12/2012 09:29:41] /a
[04/12/2012 09:29:42] /a
[04/12/2012 09:29:42] /a
[04/12/2012 09:29:43] /a
[04/12/2012 09:29:43] /a
[04/12/2012 09:29:43] /a
[04/12/2012 09:29:43] /a
[04/12/2012 09:29:43] /a
[04/12/2012 09:29:44] /a
[04/12/2012 09:29:46] /c bruninho
[04/12/2012 09:30:26] /i vip rod
[04/12/2012 09:31:49] /i worn soft boots
[04/12/2012 09:32:05] /i worn soft boots
[04/12/2012 09:33:26] /i sudden death runes
[04/12/2012 09:33:28] /i sudden death rune
[04/12/2012 09:35:17] /t
[04/12/2012 09:35:42] /i staff rox
[04/12/2012 09:36:14] /a
[04/12/2012 09:36:14] /a
[04/12/2012 09:36:14] /a
[04/12/2012 09:36:14] /a
[04/12/2012 09:36:14] /a
[04/12/2012 09:36:15] /a
[04/12/2012 09:36:16] /a
[04/12/2012 09:36:16] /a
[04/12/2012 09:36:16] /a
[04/12/2012 09:36:16] /a
[04/12/2012 09:36:17] /a
[04/12/2012 09:36:17] /a
[04/12/2012 09:36:17] /a
[04/12/2012 09:36:17] /a
[04/12/2012 09:36:48] /a
[04/12/2012 09:36:49] /a
[04/12/2012 09:36:49] /a
[04/12/2012 09:36:49] /a
[04/12/2012 09:36:49] /a
[04/12/2012 09:36:49] /a
[04/12/2012 09:36:49] /a
[04/12/2012 09:36:49] /a
[04/12/2012 09:36:50] /a
[04/12/2012 09:36:50] /a
[04/12/2012 09:36:50] /a
[04/12/2012 09:36:50] /a
[04/12/2012 09:36:50] /a
[04/12/2012 09:36:50] /a
[04/12/2012 09:36:50] /a
[04/12/2012 09:36:50] /a
[04/12/2012 09:36:50] /a
[04/12/2012 09:36:50] /a
[04/12/2012 09:36:53] /a
[04/12/2012 09:36:53] /a
[04/12/2012 09:36:53] /a
[04/12/2012 09:36:53] /a
[04/12/2012 09:36:53] /a
[04/12/2012 09:36:53] /a
[04/12/2012 09:36:54] /a
[04/12/2012 09:36:54] /a
[04/12/2012 09:36:54] /a
[04/12/2012 09:36:54] /a
[04/12/2012 09:36:54] /a
[04/12/2012 09:36:55] /a
[04/12/2012 09:36:55] /a
[04/12/2012 09:36:55] /a
[04/12/2012 09:36:55] /a
[04/12/2012 09:37:02] /r
[04/12/2012 09:37:05] /r
[04/12/2012 09:37:52] /r
[04/12/2012 09:38:48] /a
[04/12/2012 09:38:48] /a
[04/12/2012 09:38:48] /a
[04/12/2012 09:38:48] /a
[04/12/2012 09:38:49] /a
[04/12/2012 09:38:49] /a
[04/12/2012 09:38:49] /a
[04/12/2012 09:38:49] /a
[04/12/2012 09:38:50] /a
