[14/11/2012 16:11:28] /ghost
[14/11/2012 16:15:44] /i 3962
[14/11/2012 16:16:48] /reload npc
[14/11/2012 16:16:53] /i baiakzik seller
[14/11/2012 16:17:01] /n baiakzik seller
[14/11/2012 16:17:11] /r
[14/11/2012 16:18:04] /newtype 34
[14/11/2012 16:18:06] /newtype 6
[14/11/2012 16:18:08] /newtype 64
[14/11/2012 16:18:10] /newtype 85
[14/11/2012 16:18:12] /newtype 23
[14/11/2012 16:18:15] /newtype 98
[14/11/2012 16:18:17] /newtype 53
[14/11/2012 16:18:31] /reload npc
[14/11/2012 16:18:34] /t
[14/11/2012 16:18:44] /n baiakzik seller
[14/11/2012 16:18:58] /n baiakzik seller
[14/11/2012 16:19:18] /n ²@ Seller Rox ³#
[14/11/2012 16:19:30] /n Baiakzik Seller
[14/11/2012 16:19:34] /n Baiakzik Seller
[14/11/2012 16:19:38] /n Baiakzik Seller
[14/11/2012 16:19:51] /reload npc
[14/11/2012 16:19:54] /n baiakzik seller
[14/11/2012 16:19:59] /r
[14/11/2012 16:20:00] /t
[14/11/2012 16:20:04] /n baiakzik seller
[14/11/2012 18:47:09] /goto 635
[14/11/2012 18:47:19] /goto Comaplantaeutonapaz
[14/11/2012 18:47:28] /goto Comaplantaeutonapaz
[14/11/2012 18:51:59] /t
[14/11/2012 19:03:39] /bc e qem ai gosto do mapa fala la no HELP
[14/11/2012 19:03:40] /bc e qem ai gosto do mapa fala la no HELP
[14/11/2012 19:03:41] /bc e qem ai gosto do mapa fala la no HELP
[14/11/2012 19:03:49] /bc e qem ai gosto do mapa fala la no HELP
[14/11/2012 19:03:50] /bc e qem ai gosto do mapa fala la no HELP
[14/11/2012 19:05:18] /goto Super Man
[14/11/2012 19:05:31] /r
[14/11/2012 19:05:34] /r
[14/11/2012 19:06:20] /t
[14/11/2012 19:06:54] /b qem ja tiver arma rox fala la no HELP
[14/11/2012 19:06:55] /b qem ja tiver arma rox fala la no HELP
[14/11/2012 19:06:55] /b qem ja tiver arma rox fala la no HELP
[14/11/2012 19:06:56] /b qem ja tiver arma rox fala la no HELP
[14/11/2012 19:07:16] /i staff rox
[14/11/2012 19:20:00] /goto Comaplantaeutonapaz
[14/11/2012 19:20:54] /a 3
[14/11/2012 19:20:59] /goto Comaplantaeutonapaz
[14/11/2012 19:27:39] /a 3
[14/11/2012 19:28:17] /up
[14/11/2012 19:29:59] /up
[14/11/2012 19:32:04] /a 3
[14/11/2012 19:32:29] /goto Comaplantaeutonapaz
[14/11/2012 19:32:43] /goto Comaplantaeutonapaz
[14/11/2012 19:46:06] /m magebombo
[14/11/2012 19:46:10] /m magebomb
[14/11/2012 19:47:13] /m magebomb
[14/11/2012 19:49:42] /t
[14/11/2012 19:49:45] /i sword rox
[14/11/2012 19:52:38] /reload actions
[14/11/2012 19:52:39] /t
[14/11/2012 19:57:24] /goto fanta laranja
[14/11/2012 19:57:39] /c Manager account
[14/11/2012 19:59:03] /bc voces qe tao pegando 1kk pra compra arma rox vo da ban
[14/11/2012 19:59:05] /bc voces qe tao pegando 1kk pra compra arma rox vo da ban
[14/11/2012 19:59:05] /bc voces qe tao pegando 1kk pra compra arma rox vo da ban
[14/11/2012 20:00:20] /c Kosasassasasasa
[14/11/2012 20:02:19] /c Astronis
[14/11/2012 20:02:32] /m rat
[14/11/2012 20:02:51] /c Astronis
[14/11/2012 20:03:06] /m rat
[14/11/2012 20:03:23] /r
[14/11/2012 20:03:27] /r
[14/11/2012 20:03:28] /r
[14/11/2012 20:03:51] /m medusa vip
[14/11/2012 20:03:58] /r
[14/11/2012 20:04:02] /r
[14/11/2012 20:04:03] /r
[14/11/2012 20:04:04] /t
[14/11/2012 20:04:29] /save
[16/11/2012 07:56:19] /t
[16/11/2012 07:56:40] /t
[16/11/2012 08:39:15] /ghost
[16/11/2012 08:41:48] /up
[16/11/2012 08:41:56] /t
[16/11/2012 10:07:18] /i 2111
[16/11/2012 10:09:47] /i 12288
[16/11/2012 10:11:10] /owner Comedo De Piranhas
[16/11/2012 10:14:41] /save
[16/11/2012 10:17:03] /save
[16/11/2012 10:19:02] /save
[16/11/2012 10:23:01] /attr group 6
[16/11/2012 10:23:02] /attr group 6
[16/11/2012 10:23:02] /r
[16/11/2012 10:23:09] /attr group 6
[16/11/2012 10:23:10] /attr group 6
[16/11/2012 10:23:11] /r
[16/11/2012 10:23:14] /r
[16/11/2012 10:23:17] /attr group 6
[16/11/2012 10:23:18] /attr group 6
[16/11/2012 10:23:19] /attr group 6
[16/11/2012 10:23:20] /r
[16/11/2012 10:23:24] /attr group 6
[16/11/2012 10:23:24] /attr group 6
[16/11/2012 10:23:25] /attr group 6
[16/11/2012 10:23:26] /r
[16/11/2012 10:25:10] /attr group 3
[16/11/2012 10:25:28] /attr group 6
[16/11/2012 10:31:12] /attr group 3
[16/11/2012 10:31:28] /attr group 3
[16/11/2012 10:33:04] /b save porra
[16/11/2012 10:33:06] /save
[16/11/2012 10:34:23] /attr group 6
[16/11/2012 10:34:25] /attr group 6
[16/11/2012 10:34:27] /attr group 6
[16/11/2012 10:34:29] /attr group 6
[16/11/2012 10:34:46] /attr group 2
[16/11/2012 10:35:19] /attr group 6
[16/11/2012 10:39:54] /ghost
