[10/09/2010 13:40:15] /a 2
[10/09/2010 13:40:22] /a 2
[10/09/2010 13:40:26] /a 5
[10/09/2010 13:40:27] /a 5
[10/09/2010 13:40:27] /a 5
[10/09/2010 13:40:29] /a 5
[10/09/2010 13:40:30] /a 5
[10/09/2010 13:40:33] /a 5
[10/09/2010 13:40:34] /a 5
[10/09/2010 13:40:40] /a 10
[10/09/2010 13:40:41] /a 10
[10/09/2010 13:40:44] /a 10
[10/09/2010 13:40:45] /a 10
[10/09/2010 13:40:47] /up
[10/09/2010 13:40:51] /a 10
[10/09/2010 13:40:53] /a 10
[10/09/2010 13:40:54] /a 10
[10/09/2010 13:40:56] /a 10
[10/09/2010 13:41:04] /down
[10/09/2010 13:41:09] /a 2
[10/09/2010 13:41:20] /a 10
[10/09/2010 13:41:21] /a 10
[10/09/2010 13:41:22] /a 10
[10/09/2010 13:41:32] /a 10
[10/09/2010 13:41:33] /a 10
[10/09/2010 13:41:34] /a 10
[10/09/2010 13:41:38] /down
[10/09/2010 13:42:05] /a 1
[10/09/2010 13:42:06] /a 5
[10/09/2010 13:42:11] /down
[10/09/2010 13:42:34] /a 10
[10/09/2010 13:42:36] /a 2
[10/09/2010 13:42:40] /a 30
[10/09/2010 13:42:41] /a 30
[10/09/2010 13:42:47] /a 10
[10/09/2010 13:42:55] /t
[10/09/2010 13:42:58] /a 2
[10/09/2010 14:31:52] /t
[10/09/2010 14:32:21] /a 2
[10/09/2010 14:47:55] /m hydra vip
[10/09/2010 14:47:55] /m hydra vip
[10/09/2010 14:47:56] /m hydra vip
[10/09/2010 14:47:56] /m hydra vip
[10/09/2010 14:47:56] /m hydra vip
[10/09/2010 14:53:34] /goto 160 900
[10/09/2010 14:53:38] /goto 160 800 8
[10/09/2010 15:06:19] /t
[10/09/2010 15:06:23] /a 2
[10/09/2010 15:20:42] /a 20
[10/09/2010 15:20:42] /a 20
[10/09/2010 15:20:43] /a 20
[10/09/2010 15:20:44] /a 20
[10/09/2010 15:20:45] /a 20
[10/09/2010 15:20:46] /a 20
[10/09/2010 15:20:48] /a 20
[10/09/2010 15:20:49] /a 20
[10/09/2010 15:20:49] /a 20
[10/09/2010 15:20:50] /a 20
[10/09/2010 15:20:51] /a 20
[10/09/2010 15:20:54] /a 3
[10/09/2010 15:22:32] /a 30
[10/09/2010 15:25:24] /t
[10/09/2010 15:28:20] /t
[10/09/2010 15:28:27] /r
[10/09/2010 15:28:31] /r
[10/09/2010 15:28:33] /r
[10/09/2010 15:28:34] /r
[10/09/2010 15:31:47] /t
[10/09/2010 15:31:58] /i baiak armor
[10/09/2010 15:33:24] /i skullcracker
[10/09/2010 15:33:26] /i skullcracker armor
[10/09/2010 15:37:58] /i Molten Plate
[10/09/2010 15:39:25] /m captain jones
[10/09/2010 15:39:26] /m captain jones
[10/09/2010 15:39:26] /m captain jones
[10/09/2010 15:39:42] /m draken spellweaven
[10/09/2010 15:39:45] /m draken spellweaver
[10/09/2010 15:39:49] /r
[10/09/2010 15:46:33] /i baiak legs
[10/09/2010 15:46:51] /i baiak boots
[10/09/2010 15:46:57] /i boots of baiak
[10/09/2010 15:47:06] /i focus cape
[10/09/2010 15:47:13] /i master archer's armor
[10/09/2010 15:47:18] /r
[10/09/2010 15:47:23] /i demon backpack
[10/09/2010 15:49:47] /i baiak helmet
[10/09/2010 15:51:02] /a
[10/09/2010 15:51:03] /a
[10/09/2010 15:51:03] /a
[10/09/2010 15:51:04] /a
[10/09/2010 15:51:05] /a
[10/09/2010 15:51:05] /a
[10/09/2010 15:51:06] /a
[10/09/2010 15:51:07] /a
[10/09/2010 15:51:10] /a
[10/09/2010 15:51:11] /a
[10/09/2010 15:51:11] /a
[10/09/2010 15:52:14] /i Dark Trinity Mace
[10/09/2010 15:52:44] /i baiak sword
[10/09/2010 15:53:30] /i updater seller
[10/09/2010 15:53:36] /s updater seller
[10/09/2010 15:53:38] /s updater seller
[10/09/2010 15:53:41] /s updater seller
[10/09/2010 15:53:54] /i baiak arrow
[10/09/2010 15:54:04] /i solar axe
[10/09/2010 15:54:32] /i baiak crossbow
[10/09/2010 16:03:49] /t
[10/09/2010 16:04:03] /i baiak axe
[10/09/2010 16:04:06] /i vip axe
[10/09/2010 16:04:09] /i solar a
[10/09/2010 16:04:10] /i solar axe
[10/09/2010 16:07:47] /i solar axe
[10/09/2010 16:07:50] /i vip axe
[10/09/2010 16:07:57] /i vip sword
[10/09/2010 16:08:04] /i baiak sword
[10/09/2010 16:08:09] /i vip club
[10/09/2010 16:08:14] /i sword vip
[10/09/2010 16:08:25] /i vip armor
[10/09/2010 16:08:29] /i vip legs
[10/09/2010 16:08:32] /i vip boots
[10/09/2010 16:08:34] /i vip helmet
[10/09/2010 16:08:38] /i vip shield
[10/09/2010 16:09:02] /i club
[10/09/2010 16:09:08] /attr set attack 99999999999999999
[10/09/2010 16:09:14] /r
[10/09/2010 16:10:46] /i skullcracker armor
[10/09/2010 16:14:51] /i mage vip armor
[10/09/2010 16:14:59] /i paladin vip armor
[10/09/2010 16:15:03] /i vip paladin armor
[10/09/2010 16:16:08] /i paladin armor vip
[10/09/2010 16:36:16] /t
[10/09/2010 17:04:17] /a 2
[10/09/2010 17:05:52] /i staff vip
[10/09/2010 17:05:54] /i vip staff
[10/09/2010 17:09:01] /a 2
[10/09/2010 23:00:17] /t
[10/09/2010 23:07:22] /i mana potion
[10/09/2010 23:07:27] /i health potion
[10/09/2010 23:07:34] /i great mana potion
[10/09/2010 23:07:42] /i ultimate health potion
[10/09/2010 23:21:56] /i baiak arrow
[10/09/2010 23:22:06] /i spirit potion
[10/09/2010 23:22:18] /i great spirit potion
[10/09/2010 23:22:54] /i bow
[10/09/2010 23:23:14] /i crystal coin
[10/09/2010 23:23:14] /i crystal coin
[10/09/2010 23:23:16] /i crystal coin
[10/09/2010 23:23:17] /i crystal coin
[10/09/2010 23:24:05] /i baiak shield
[10/09/2010 23:24:10] /i shield of baiak
[10/09/2010 23:24:15] /i vip shield
[10/09/2010 23:24:17] /i backpack
[10/09/2010 23:24:35] /i vip legs
[10/09/2010 23:24:40] /i vip boots
[10/09/2010 23:24:42] /i vip boots
[10/09/2010 23:24:46] /i vip helmet
[10/09/2010 23:24:54] /i crystal coin
[10/09/2010 23:24:54] /i crystal coin
[10/09/2010 23:24:55] /i crystal coin
[10/09/2010 23:24:55] /i crystal coin
[10/09/2010 23:25:08] /i backpack
[10/09/2010 23:25:17] /i vip legs
[10/09/2010 23:25:20] /i vip helmet
[10/09/2010 23:25:21] /i vip legs
[10/09/2010 23:25:23] /i vip boots
[10/09/2010 23:25:26] /i vip shield
[10/09/2010 23:25:39] /i crystal coin
[10/09/2010 23:25:40] /i crystal coin
[10/09/2010 23:25:40] /i crystal coin
[10/09/2010 23:25:41] /i crystal coin
[10/09/2010 23:27:10] /addskill Fisker,level,10
[10/09/2010 23:27:42] /addskill Fisker,level,150
[10/09/2010 23:28:06] /addskill Royal Paladin,level,150
[10/09/2010 23:29:16] /c maggot
[10/09/2010 23:36:22] /up
[10/09/2010 23:36:31] /i crystal coin
[10/09/2010 23:36:32] /i crystal coin
[10/09/2010 23:36:32] /i crystal coin
[10/09/2010 23:37:05] /c maggo
[10/09/2010 23:37:06] /c maggot
[10/09/2010 23:52:16] /t
[10/09/2010 23:52:19] /r
[10/09/2010 23:52:23] /r
[10/09/2010 23:52:26] /r
[11/09/2010 00:33:27] /a 4
[11/09/2010 00:33:35] /up
[11/09/2010 00:33:52] /owner GOD Reconnect
[11/09/2010 00:33:58] /a 2
[11/09/2010 16:40:23] /t
[11/09/2010 16:40:28] /a 2
[11/09/2010 17:02:41] /t
[11/09/2010 17:02:43] /i crystal coin
[11/09/2010 17:02:44] /i crystal coin
[11/09/2010 17:02:44] /i crystal coin
[11/09/2010 17:15:01] /i crystal coin
[11/09/2010 17:15:01] /i crystal coin
[11/09/2010 17:15:01] /i crystal coin
[11/09/2010 17:15:01] /i crystal coin
[11/09/2010 17:15:01] /i crystal coin
[11/09/2010 17:15:01] /i crystal coin
[11/09/2010 17:15:02] /i crystal coin
[11/09/2010 17:15:02] /i crystal coin
[11/09/2010 17:15:02] /i crystal coin
[11/09/2010 17:15:02] /i crystal coin
[11/09/2010 17:15:02] /i crystal coin
[11/09/2010 17:15:02] /i crystal coin
[11/09/2010 17:15:02] /i crystal coin
[11/09/2010 17:15:02] /i crystal coin
[11/09/2010 17:15:02] /i crystal coin
[11/09/2010 17:15:02] /i crystal coin
[11/09/2010 17:15:02] /i crystal coin
[11/09/2010 17:15:02] /i crystal coin
[11/09/2010 20:43:20] /t
[11/09/2010 20:44:13] /r
[11/09/2010 20:44:14] /r
[11/09/2010 20:44:15] /r
[11/09/2010 20:44:18] /r
[11/09/2010 20:44:21] /r
[11/09/2010 20:44:25] /r
[11/09/2010 20:44:26] /r
[11/09/2010 20:44:29] /t
[11/09/2010 20:44:31] /r
[11/09/2010 20:44:33] /r
[11/09/2010 20:44:35] /r
[11/09/2010 20:44:36] /r
[11/09/2010 20:44:37] /r
[11/09/2010 20:44:38] /r
[11/09/2010 20:44:39] /r
[11/09/2010 20:44:40] /r
[11/09/2010 20:44:41] /r
[11/09/2010 20:44:43] /r
[11/09/2010 20:44:44] /r
[11/09/2010 20:44:46] /r
[11/09/2010 20:44:47] /a 1
[11/09/2010 20:44:54] /i 7351
[11/09/2010 20:44:57] /up
[11/09/2010 23:22:32] /a 2
[11/09/2010 23:23:58] /a 2
[11/09/2010 23:24:38] /a 2
[11/09/2010 23:24:44] /a 2
[11/09/2010 23:25:42] /a 2
[11/09/2010 23:26:48] /a 2
[11/09/2010 23:26:58] /a 40
[11/09/2010 23:26:59] /a 40
[11/09/2010 23:26:59] /a 40
[11/09/2010 23:27:01] /a 40
[11/09/2010 23:27:02] /a 40
[11/09/2010 23:27:05] /a 30
[11/09/2010 23:27:06] /a 30
[11/09/2010 23:27:09] /a 5
[11/09/2010 23:27:09] /a 5
[11/09/2010 23:27:18] /a 2
[11/09/2010 23:27:20] /a 2
[11/09/2010 23:27:25] /a 8-
[11/09/2010 23:27:27] /a 80
[11/09/2010 23:27:29] /a 80
[11/09/2010 23:27:31] /a 40
[11/09/2010 23:27:32] /a 40
[11/09/2010 23:27:34] /a 30
[11/09/2010 23:27:35] /a 30
[11/09/2010 23:27:36] /a 30
[11/09/2010 23:27:37] /a 30
[11/09/2010 23:27:38] /a 30
[11/09/2010 23:27:45] /a 2
[11/09/2010 23:30:00] /a 2
[11/09/2010 23:30:09] /a 80
[11/09/2010 23:30:11] /a 30
[11/09/2010 23:30:12] /a 30
[11/09/2010 23:30:13] /a 30
[11/09/2010 23:30:14] /a 30
[11/09/2010 23:30:14] /a 30
[11/09/2010 23:30:15] /a 30
[11/09/2010 23:30:16] /a 30
[11/09/2010 23:30:16] /a 30
[11/09/2010 23:30:20] /a 2
[11/09/2010 23:30:23] /a 2
[11/09/2010 23:32:26] /a 2
[11/09/2010 23:32:58] /a 3
[11/09/2010 23:32:59] /a 3
[11/09/2010 23:32:59] /a 3
[11/09/2010 23:32:59] /a 3
[11/09/2010 23:33:00] /a 3
[11/09/2010 23:33:00] /a 3
[11/09/2010 23:33:01] /a 3
[11/09/2010 23:33:02] /a 3
[11/09/2010 23:33:02] /a 3
[11/09/2010 23:33:02] /a 3
[11/09/2010 23:33:03] /a 3
[11/09/2010 23:37:34] /c fiker
[11/09/2010 23:37:36] /c fisker
[11/09/2010 23:48:29] /a 30
[11/09/2010 23:48:30] /a 30
[11/09/2010 23:48:32] /a 4
[11/09/2010 23:50:22] /t fisker
[11/09/2010 23:50:28] /addskill Fisker,sword,99
[11/09/2010 23:50:41] /addskill Fisker,axe,30
[11/09/2010 23:50:46] /addskill Fisker,axe,20
[11/09/2010 23:50:49] /addskill Fisker,axe,20
[11/09/2010 23:53:17] /addskill Fisker,magic level,10
[11/09/2010 23:53:21] /addskill Fisker,magic level,4
[11/09/2010 23:53:32] /addskill Fisker,level,400
[11/09/2010 23:53:39] /addskill Fisker,level,140
[12/09/2010 02:57:27] /goto maggot
[12/09/2010 02:57:29] /r
[12/09/2010 02:58:11] /t
[12/09/2010 02:58:14] /m hacker
[12/09/2010 02:58:27] /m tibia bug
[12/09/2010 02:58:50] /m cm outfit
[12/09/2010 02:58:51] /m cm outfit
[12/09/2010 03:56:29] /m tibia bug
[12/09/2010 03:58:02] /m tibia bug
[12/09/2010 15:00:44] /clean
