[07/03/2011 22:05:12] /t
[07/03/2011 22:05:38] /a 2
[07/03/2011 22:05:52] /t
[07/03/2011 22:06:50] /a
[07/03/2011 22:07:17] /t
[07/03/2011 22:07:22] /t
[07/03/2011 22:07:29] /a 2
[07/03/2011 23:08:40] /t
[07/03/2011 23:08:53] /a
[07/03/2011 23:08:55] /a
[07/03/2011 23:09:03] /a
[07/03/2011 23:10:03] /a 2
[07/03/2011 23:10:46] /t
[07/03/2011 23:10:52] /a
[07/03/2011 23:10:58] /a 5
[07/03/2011 23:11:00] /a 5
[07/03/2011 23:11:00] /a 5
[07/03/2011 23:11:00] /a 5
[07/03/2011 23:11:02] /a 5
[07/03/2011 23:11:02] /a 5
[07/03/2011 23:11:03] /a 5
[07/03/2011 23:11:03] /a 5
[07/03/2011 23:11:03] /a 5
[07/03/2011 23:11:04] /a 5
[07/03/2011 23:11:04] /a 5
[07/03/2011 23:11:04] /a 5
[07/03/2011 23:11:05] /a 5
[07/03/2011 23:11:09] /a 5
[07/03/2011 23:11:16] /a 5
[07/03/2011 23:11:18] /up
[07/03/2011 23:11:19] /up
[07/03/2011 23:11:20] /up
[07/03/2011 23:11:27] /a 40
[07/03/2011 23:11:29] /a 10
[07/03/2011 23:11:35] /a 40
[07/03/2011 23:11:37] /a 5
[07/03/2011 23:11:41] /a 40
[07/03/2011 23:11:43] /a 5
[07/03/2011 23:11:43] /a 5
[07/03/2011 23:11:44] /a 5
[07/03/2011 23:11:44] /a 5
[07/03/2011 23:11:45] /a 5
[07/03/2011 23:11:47] /a 
[07/03/2011 23:13:35] /t
[07/03/2011 23:13:40] /a 3
[07/03/2011 23:18:11] /a 2
[07/03/2011 23:18:13] /a 2
[07/03/2011 23:18:21] /a 2
[07/03/2011 23:18:22] /a 2
[07/03/2011 23:18:22] /a 2
[07/03/2011 23:18:23] /a 2
[07/03/2011 23:18:23] /a 2
[07/03/2011 23:18:24] /a 2
[07/03/2011 23:18:24] /a 2
[07/03/2011 23:18:34] /a 20
[07/03/2011 23:18:36] /a 10
[07/03/2011 23:18:37] /a 10
[07/03/2011 23:18:38] /a 10
[07/03/2011 23:18:40] /a 5
[07/03/2011 23:18:41] /a 5
[07/03/2011 23:18:42] /a 5
[07/03/2011 23:19:00] /t
[07/03/2011 23:20:16] /t
[07/03/2011 23:20:59] /i crystal coin
[07/03/2011 23:21:00] /i crystal coin
[07/03/2011 23:21:00] /i crystal coin
[07/03/2011 23:21:01] /i crystal coin
[07/03/2011 23:21:02] /i crystal coin
[07/03/2011 23:21:02] /i crystal coin
[07/03/2011 23:21:03] /i crystal coin
[07/03/2011 23:21:03] /i crystal coin
[07/03/2011 23:21:04] /i crystal coin
[07/03/2011 23:22:17] /a 5
[07/03/2011 23:22:19] /t
[07/03/2011 23:22:22] /a
[07/03/2011 23:23:00] /a 9
[07/03/2011 23:23:01] /a 9
[07/03/2011 23:23:02] /a 9
[07/03/2011 23:23:02] /a 9
[07/03/2011 23:23:03] /a 9
[07/03/2011 23:23:03] /a 9
[07/03/2011 23:23:05] /a 9
[07/03/2011 23:23:10] /a 4
[07/03/2011 23:23:12] /a 9
[07/03/2011 23:23:13] /a 4
[07/03/2011 23:23:14] /a 4
[07/03/2011 23:23:15] /a 4
[07/03/2011 23:23:17] /a 4
[07/03/2011 23:23:21] /up
[07/03/2011 23:23:22] /a 9
[07/03/2011 23:23:23] /up
[07/03/2011 23:23:26] /down
[07/03/2011 23:23:28] /a 6
[07/03/2011 23:23:28] /a 6
[07/03/2011 23:23:29] /a 6
[07/03/2011 23:24:36] /a 7
[07/03/2011 23:24:38] /a 
[07/03/2011 23:24:47] /a 7
[07/03/2011 23:24:47] /a 7
[07/03/2011 23:24:47] /a 7
[07/03/2011 23:24:48] /a 7
[07/03/2011 23:24:48] /a 7
[07/03/2011 23:24:49] /a 7
[07/03/2011 23:24:49] /a 7
[07/03/2011 23:24:50] /a 7
[07/03/2011 23:24:51] /a 7
[07/03/2011 23:24:51] /a 7
[07/03/2011 23:25:17] /i vip rod
[07/03/2011 23:25:20] /t
[09/03/2011 11:19:41] /save
[09/03/2011 11:24:56] /addskill paladin, distance
[09/03/2011 11:24:57] /addskill paladin, distance
[09/03/2011 11:24:57] /addskill paladin, distance
[09/03/2011 11:24:57] /addskill paladin, distance
[09/03/2011 11:24:57] /addskill paladin, distance
[09/03/2011 11:24:57] /addskill paladin, distance
[09/03/2011 11:24:57] /addskill paladin, distance
[09/03/2011 11:24:57] /addskill paladin, distance
[09/03/2011 11:24:57] /addskill paladin, distance
[09/03/2011 11:25:05] /addskill paladin, distance
[09/03/2011 11:25:06] /addskill paladin, distance
[09/03/2011 11:25:06] /addskill paladin, distance
[09/03/2011 11:25:06] /addskill paladin, distance
[09/03/2011 11:25:06] /addskill paladin, distance
[09/03/2011 11:25:06] /addskill paladin, distance
[09/03/2011 11:25:06] /addskill paladin, distance
[09/03/2011 11:25:06] /addskill paladin, distance
[09/03/2011 11:25:06] /addskill paladin, distance
[09/03/2011 11:25:06] /addskill paladin, distance
[09/03/2011 11:25:06] /addskill paladin, distance
[09/03/2011 11:25:06] /addskill paladin, distance
[09/03/2011 11:25:06] /addskill paladin, distance
[09/03/2011 11:25:06] /addskill paladin, distance
[09/03/2011 11:25:06] /addskill paladin, distance
[09/03/2011 11:25:06] /addskill paladin, distance
[09/03/2011 11:25:06] /addskill paladin, distance
[09/03/2011 11:25:06] /addskill paladin, distance
[09/03/2011 11:25:06] /addskill paladin, distance
[09/03/2011 11:25:06] /addskill paladin, distance
[09/03/2011 11:25:06] /addskill paladin, distance
[09/03/2011 11:25:06] /addskill paladin, distance
[09/03/2011 11:25:06] /addskill paladin, distance
[09/03/2011 11:25:06] /addskill paladin, distance
[09/03/2011 11:25:06] /addskill paladin, distance
[09/03/2011 11:25:06] /addskill paladin, distance
[09/03/2011 11:25:07] /addskill paladin, distance
[09/03/2011 11:25:07] /addskill paladin, distance
[09/03/2011 11:25:07] /addskill paladin, distance
[09/03/2011 11:25:07] /addskill paladin, distance
[09/03/2011 11:25:07] /addskill paladin, distance
[09/03/2011 11:25:07] /addskill paladin, distance
[09/03/2011 11:25:07] /addskill paladin, distance
[09/03/2011 11:25:07] /addskill paladin, distance
[09/03/2011 11:25:07] /addskill paladin, distance
[09/03/2011 11:25:07] /addskill paladin, distance
[09/03/2011 11:25:07] /addskill paladin, distance
[09/03/2011 11:25:07] /addskill paladin, distance
[09/03/2011 11:25:07] /addskill paladin, distance
[09/03/2011 11:25:07] /addskill paladin, distance
[09/03/2011 11:25:10] /addskill paladin, distance
[09/03/2011 11:25:10] /addskill paladin, distance
[09/03/2011 11:25:10] /addskill paladin, distance
[09/03/2011 11:25:10] /addskill paladin, distance
[09/03/2011 11:25:10] /addskill paladin, distance
[09/03/2011 11:25:10] /addskill paladin, distance
[09/03/2011 11:25:10] /addskill paladin, distance
[09/03/2011 11:25:10] /addskill paladin, distance
[09/03/2011 11:25:10] /addskill paladin, distance
[09/03/2011 11:25:10] /addskill paladin, distance
[09/03/2011 11:25:10] /addskill paladin, distance
[09/03/2011 11:25:10] /addskill paladin, distance
[09/03/2011 11:25:10] /addskill paladin, distance
[09/03/2011 11:25:10] /addskill paladin, distance
[09/03/2011 11:25:10] /addskill paladin, distance
[09/03/2011 11:25:11] /addskill paladin, distance
[09/03/2011 11:25:11] /addskill paladin, distance
[09/03/2011 11:25:11] /addskill paladin, distance
[09/03/2011 11:25:11] /addskill paladin, distance
[09/03/2011 11:25:11] /addskill paladin, distance
[09/03/2011 11:25:11] /addskill paladin, distance
[09/03/2011 11:25:11] /addskill paladin, distance
[09/03/2011 11:25:11] /addskill paladin, distance
[09/03/2011 11:25:11] /addskill paladin, distance
[09/03/2011 11:25:11] /addskill paladin, distance
[09/03/2011 11:25:11] /addskill paladin, distance
[09/03/2011 11:25:11] /addskill paladin, distance
[09/03/2011 11:25:11] /addskill paladin, distance
[09/03/2011 11:25:11] /addskill paladin, distance
[09/03/2011 11:25:11] /addskill paladin, distance
[09/03/2011 11:25:11] /addskill paladin, distance
[09/03/2011 11:25:11] /addskill paladin, distance
[09/03/2011 11:25:11] /addskill paladin, distance
[09/03/2011 11:25:11] /addskill paladin, distance
[09/03/2011 11:25:11] /addskill paladin, distance
[09/03/2011 11:25:11] /addskill paladin, distance
[09/03/2011 11:25:11] /addskill paladin, distance
[09/03/2011 11:25:11] /addskill paladin, distance
[09/03/2011 11:25:11] /addskill paladin, distance
[09/03/2011 11:25:11] /addskill paladin, distance
[09/03/2011 11:25:11] /addskill paladin, distance
[09/03/2011 11:25:11] /addskill paladin, distance
[09/03/2011 11:25:11] /addskill paladin, distance
[09/03/2011 11:25:11] /addskill paladin, distance
[09/03/2011 11:25:11] /addskill paladin, distance
[09/03/2011 11:25:11] /addskill paladin, distance
[09/03/2011 11:25:12] /addskill paladin, distance
[09/03/2011 11:25:12] /addskill paladin, distance
[09/03/2011 11:25:12] /addskill paladin, distance
[09/03/2011 11:25:12] /addskill paladin, distance
[09/03/2011 11:25:12] /addskill paladin, distance
[09/03/2011 11:25:12] /addskill paladin, distance
[09/03/2011 11:25:12] /addskill paladin, distance
[09/03/2011 11:25:12] /addskill paladin, distance
[09/03/2011 11:25:12] /addskill paladin, distance
[09/03/2011 11:25:12] /addskill paladin, distance
[09/03/2011 11:25:12] /addskill paladin, distance
[09/03/2011 11:25:12] /addskill paladin, distance
[09/03/2011 11:25:12] /addskill paladin, distance
[09/03/2011 11:25:12] /addskill paladin, distance
[09/03/2011 11:25:12] /addskill paladin, distance
[09/03/2011 11:25:15] /addskill paladin, distance
[09/03/2011 11:25:15] /addskill paladin, distance
[09/03/2011 11:25:15] /addskill paladin, distance
[09/03/2011 11:25:15] /addskill paladin, distance
[09/03/2011 11:25:16] /addskill paladin, distance
[09/03/2011 11:25:24] /i baiak arrow
[09/03/2011 11:25:29] /i vipstar
[09/03/2011 11:25:34] /i vip staer
[09/03/2011 11:25:35] /i vip star
[09/03/2011 11:25:52] /i bow
[09/03/2011 11:26:39] /r
[09/03/2011 11:27:04] /addskill mage, magic
[09/03/2011 11:27:05] /addskill mage, magic
[09/03/2011 11:27:05] /addskill mage, magic
[09/03/2011 11:27:05] /addskill mage, magic
[09/03/2011 11:27:05] /addskill mage, magic
[09/03/2011 11:27:05] /addskill mage, magic
[09/03/2011 11:27:05] /addskill mage, magic
[09/03/2011 11:27:05] /addskill mage, magic
[09/03/2011 11:27:05] /addskill mage, magic
[09/03/2011 11:27:05] /addskill mage, magic
[09/03/2011 11:27:05] /addskill mage, magic
[09/03/2011 11:27:05] /addskill mage, magic
[09/03/2011 11:27:05] /addskill mage, magic
[09/03/2011 11:27:05] /addskill mage, magic
[09/03/2011 11:27:05] /addskill mage, magic
[09/03/2011 11:27:05] /addskill mage, magic
[09/03/2011 11:27:10] /addskill mage, magic
[09/03/2011 11:27:10] /addskill mage, magic
[09/03/2011 11:27:10] /addskill mage, magic
[09/03/2011 11:27:11] /addskill mage, magic
[09/03/2011 11:27:11] /addskill mage, magic
[09/03/2011 11:27:11] /addskill mage, magic
[09/03/2011 11:27:11] /addskill mage, magic
[09/03/2011 11:27:11] /addskill mage, magic
[09/03/2011 11:27:11] /addskill mage, magic
[09/03/2011 11:27:11] /addskill mage, magic
[09/03/2011 11:27:11] /addskill mage, magic
[09/03/2011 11:27:11] /addskill mage, magic
[09/03/2011 11:27:11] /addskill mage, magic
[09/03/2011 11:27:11] /addskill mage, magic
[09/03/2011 11:27:11] /addskill mage, magic
[09/03/2011 11:27:11] /addskill mage, magic
[09/03/2011 11:27:11] /addskill mage, magic
[09/03/2011 11:27:11] /addskill mage, magic
[09/03/2011 11:27:11] /addskill mage, magic
[09/03/2011 11:27:11] /addskill mage, magic
[09/03/2011 11:27:11] /addskill mage, magic
[09/03/2011 11:27:11] /addskill mage, magic
[09/03/2011 11:27:11] /addskill mage, magic
[09/03/2011 11:27:11] /addskill mage, magic
[09/03/2011 11:27:11] /addskill mage, magic
[09/03/2011 11:27:11] /addskill mage, magic
[09/03/2011 11:27:11] /addskill mage, magic
[09/03/2011 11:27:11] /addskill mage, magic
[09/03/2011 11:27:11] /addskill mage, magic
[09/03/2011 11:27:11] /addskill mage, magic
[09/03/2011 11:27:11] /addskill mage, magic
[09/03/2011 11:27:11] /addskill mage, magic
[09/03/2011 11:27:11] /addskill mage, magic
[09/03/2011 11:27:11] /addskill mage, magic
[09/03/2011 11:27:12] /addskill mage, magic
[09/03/2011 11:27:12] /addskill mage, magic
[09/03/2011 11:27:12] /addskill mage, magic
[09/03/2011 11:27:12] /addskill mage, magic
[09/03/2011 11:27:12] /addskill mage, magic
[09/03/2011 11:27:12] /addskill mage, magic
[09/03/2011 11:27:12] /addskill mage, magic
[09/03/2011 11:27:15] /addskill mage, magic
[09/03/2011 11:27:15] /addskill mage, magic
[09/03/2011 11:27:15] /addskill mage, magic
[09/03/2011 11:27:15] /addskill mage, magic
[09/03/2011 11:27:15] /addskill mage, magic
[09/03/2011 11:27:15] /addskill mage, magic
[09/03/2011 11:27:15] /addskill mage, magic
[09/03/2011 11:27:15] /addskill mage, magic
[09/03/2011 11:27:15] /addskill mage, magic
[09/03/2011 11:27:15] /addskill mage, magic
[09/03/2011 11:27:15] /addskill mage, magic
[09/03/2011 11:27:15] /addskill mage, magic
[09/03/2011 11:27:15] /addskill mage, magic
[09/03/2011 11:27:15] /addskill mage, magic
[09/03/2011 11:27:15] /addskill mage, magic
[09/03/2011 11:27:15] /addskill mage, magic
[09/03/2011 11:27:15] /addskill mage, magic
[09/03/2011 11:27:15] /addskill mage, magic
[09/03/2011 11:27:15] /addskill mage, magic
[09/03/2011 11:27:15] /addskill mage, magic
[09/03/2011 11:27:15] /addskill mage, magic
[09/03/2011 11:27:15] /addskill mage, magic
[09/03/2011 11:27:16] /addskill mage, magic
[09/03/2011 11:27:16] /addskill mage, magic
[09/03/2011 11:27:16] /addskill mage, magic
[09/03/2011 11:27:16] /addskill mage, magic
[09/03/2011 11:27:16] /addskill mage, magic
[09/03/2011 11:27:16] /addskill mage, magic
[09/03/2011 11:27:16] /addskill mage, magic
[09/03/2011 11:27:16] /addskill mage, magic
[09/03/2011 11:27:16] /addskill mage, magic
[09/03/2011 11:27:16] /addskill mage, magic
[09/03/2011 11:27:16] /addskill mage, magic
[09/03/2011 11:27:16] /addskill mage, magic
[09/03/2011 11:27:16] /addskill mage, magic
[09/03/2011 11:27:16] /addskill mage, magic
[09/03/2011 11:27:16] /addskill mage, magic
[09/03/2011 11:27:16] /addskill mage, magic
[09/03/2011 11:27:16] /addskill mage, magic
[09/03/2011 11:27:16] /addskill mage, magic
[09/03/2011 11:27:16] /addskill mage, magic
[09/03/2011 11:27:16] /addskill mage, magic
[09/03/2011 11:27:16] /addskill mage, magic
[09/03/2011 11:27:16] /addskill mage, magic
[09/03/2011 11:27:16] /addskill mage, magic
[09/03/2011 11:27:16] /addskill mage, magic
[09/03/2011 11:27:16] /addskill mage, magic
[09/03/2011 11:27:16] /addskill mage, magic
[09/03/2011 11:27:16] /addskill mage, magic
[09/03/2011 11:27:16] /addskill mage, magic
[09/03/2011 11:27:16] /addskill mage, magic
[09/03/2011 11:27:24] /i sudden death
[09/03/2011 11:27:29] /i sudden death rune
[09/03/2011 11:28:11] /r
[09/03/2011 11:28:27] /addskill knight, sword
[09/03/2011 11:28:28] /addskill knight, sword
[09/03/2011 11:28:28] /addskill knight, sword
[09/03/2011 11:28:28] /addskill knight, sword
[09/03/2011 11:28:28] /addskill knight, sword
[09/03/2011 11:28:28] /addskill knight, sword
[09/03/2011 11:28:28] /addskill knight, sword
[09/03/2011 11:28:28] /addskill knight, sword
[09/03/2011 11:28:28] /addskill knight, sword
[09/03/2011 11:28:28] /addskill knight, sword
[09/03/2011 11:28:28] /addskill knight, sword
[09/03/2011 11:28:28] /addskill knight, sword
[09/03/2011 11:28:28] /addskill knight, sword
[09/03/2011 11:28:28] /addskill knight, sword
[09/03/2011 11:28:28] /addskill knight, sword
[09/03/2011 11:28:28] /addskill knight, sword
[09/03/2011 11:28:28] /addskill knight, sword
[09/03/2011 11:28:28] /addskill knight, sword
[09/03/2011 11:28:28] /addskill knight, sword
[09/03/2011 11:28:28] /addskill knight, sword
[09/03/2011 11:28:28] /addskill knight, sword
[09/03/2011 11:28:28] /addskill knight, sword
[09/03/2011 11:28:28] /addskill knight, sword
[09/03/2011 11:28:28] /addskill knight, sword
[09/03/2011 11:28:28] /addskill knight, sword
[09/03/2011 11:28:28] /addskill knight, sword
[09/03/2011 11:28:28] /addskill knight, sword
[09/03/2011 11:28:28] /addskill knight, sword
[09/03/2011 11:28:28] /addskill knight, sword
[09/03/2011 11:28:28] /addskill knight, sword
[09/03/2011 11:28:29] /addskill knight, sword
[09/03/2011 11:28:29] /addskill knight, sword
[09/03/2011 11:28:29] /addskill knight, sword
[09/03/2011 11:28:29] /addskill knight, sword
[09/03/2011 11:28:29] /addskill knight, sword
[09/03/2011 11:28:29] /addskill knight, sword
[09/03/2011 11:28:29] /addskill knight, sword
[09/03/2011 11:28:29] /addskill knight, sword
[09/03/2011 11:28:29] /addskill knight, sword
[09/03/2011 11:28:29] /addskill knight, sword
[09/03/2011 11:28:29] /addskill knight, sword
[09/03/2011 11:28:29] /addskill knight, sword
[09/03/2011 11:28:29] /addskill knight, sword
[09/03/2011 11:28:29] /addskill knight, sword
[09/03/2011 11:28:29] /addskill knight, sword
[09/03/2011 11:28:29] /addskill knight, sword
[09/03/2011 11:28:29] /addskill knight, sword
[09/03/2011 11:28:29] /addskill knight, sword
[09/03/2011 11:28:29] /addskill knight, sword
[09/03/2011 11:28:29] /addskill knight, sword
[09/03/2011 11:28:29] /addskill knight, sword
[09/03/2011 11:28:29] /addskill knight, sword
[09/03/2011 11:28:29] /addskill knight, sword
[09/03/2011 11:28:36] /addskill knight, sword
[09/03/2011 11:28:36] /addskill knight, sword
[09/03/2011 11:28:36] /addskill knight, sword
[09/03/2011 11:28:36] /addskill knight, sword
[09/03/2011 11:28:36] /addskill knight, sword
[09/03/2011 11:28:36] /addskill knight, sword
[09/03/2011 11:28:36] /addskill knight, sword
[09/03/2011 11:28:36] /addskill knight, sword
[09/03/2011 11:28:36] /addskill knight, sword
[09/03/2011 11:28:36] /addskill knight, sword
[09/03/2011 11:28:36] /addskill knight, sword
[09/03/2011 11:28:36] /addskill knight, sword
[09/03/2011 11:28:36] /addskill knight, sword
[09/03/2011 11:28:36] /addskill knight, sword
[09/03/2011 11:28:36] /addskill knight, sword
[09/03/2011 11:28:36] /addskill knight, sword
[09/03/2011 11:28:36] /addskill knight, sword
[09/03/2011 11:28:36] /addskill knight, sword
[09/03/2011 11:28:36] /addskill knight, sword
[09/03/2011 11:28:36] /addskill knight, sword
[09/03/2011 11:28:36] /addskill knight, sword
[09/03/2011 11:28:36] /addskill knight, sword
[09/03/2011 11:28:36] /addskill knight, sword
[09/03/2011 11:28:36] /addskill knight, sword
[09/03/2011 11:28:37] /addskill knight, sword
[09/03/2011 11:28:37] /addskill knight, sword
[09/03/2011 11:28:37] /addskill knight, sword
[09/03/2011 11:28:37] /addskill knight, sword
[09/03/2011 11:28:37] /addskill knight, sword
[09/03/2011 11:28:37] /addskill knight, sword
[09/03/2011 11:28:37] /addskill knight, sword
[09/03/2011 11:28:37] /addskill knight, sword
[09/03/2011 11:28:37] /addskill knight, sword
[09/03/2011 11:28:37] /addskill knight, sword
[09/03/2011 11:28:37] /addskill knight, sword
[09/03/2011 11:28:37] /addskill knight, sword
[09/03/2011 11:28:37] /addskill knight, sword
[09/03/2011 11:28:37] /addskill knight, sword
[09/03/2011 11:28:40] /addskill knight, sword
[09/03/2011 11:28:40] /addskill knight, sword
[09/03/2011 11:28:40] /addskill knight, sword
[09/03/2011 11:28:40] /addskill knight, sword
[09/03/2011 11:28:40] /addskill knight, sword
[09/03/2011 11:28:40] /addskill knight, sword
[09/03/2011 11:28:40] /addskill knight, sword
[09/03/2011 11:28:40] /addskill knight, sword
[09/03/2011 11:28:40] /addskill knight, sword
[09/03/2011 11:28:40] /addskill knight, sword
[09/03/2011 11:28:40] /addskill knight, sword
[09/03/2011 11:28:40] /addskill knight, sword
[09/03/2011 11:28:40] /addskill knight, sword
[09/03/2011 11:28:40] /addskill knight, sword
[09/03/2011 11:28:51] /i imperium sword
[09/03/2011 11:28:56] /i vip sword
[09/03/2011 11:29:48] /r
[09/03/2011 11:29:57] /i vip wand
[09/03/2011 11:30:02] /i vip staff
[09/03/2011 11:30:07] /i baiak staff
[09/03/2011 11:30:11] /i staff of baiak
[09/03/2011 11:30:26] /i mushroons
[09/03/2011 11:30:27] /i mushroon
[09/03/2011 11:30:29] /i mushroom
[09/03/2011 11:30:33] /i  meat
[09/03/2011 11:30:54] /r
[09/03/2011 11:32:19] /save
[09/03/2011 11:36:58] /i imperium sword
[09/03/2011 11:37:17] /r
[09/03/2011 11:37:23] /ghost
[09/03/2011 11:37:35] /r
[09/03/2011 11:39:04] /r
[09/03/2011 11:39:09] /r
[09/03/2011 11:39:26] /i meat
[09/03/2011 11:39:44] /r
[09/03/2011 11:40:35] /addskill paladin. magic
[09/03/2011 11:40:35] /addskill paladin. magic
[09/03/2011 11:40:35] /addskill paladin. magic
[09/03/2011 11:40:35] /addskill paladin. magic
[09/03/2011 11:40:35] /addskill paladin. magic
[09/03/2011 11:40:35] /addskill paladin. magic
[09/03/2011 11:40:35] /addskill paladin. magic
[09/03/2011 11:40:35] /addskill paladin. magic
[09/03/2011 11:40:35] /addskill paladin. magic
[09/03/2011 11:40:41] /addskill paladin. magic
[09/03/2011 11:40:42] /addskill paladin. magic
[09/03/2011 11:40:42] /addskill paladin. magic
[09/03/2011 11:40:53] /addskill paladin, magic
[09/03/2011 11:40:53] /addskill paladin, magic
[09/03/2011 11:40:53] /addskill paladin, magic
[09/03/2011 11:40:54] /addskill paladin, magic
[09/03/2011 11:40:54] /addskill paladin, magic
[09/03/2011 11:40:54] /addskill paladin, magic
[09/03/2011 11:40:55] /addskill paladin, magic
[09/03/2011 11:40:55] /addskill paladin, magic
[09/03/2011 11:40:55] /addskill paladin, magic
[09/03/2011 11:40:56] /addskill paladin, magic
[09/03/2011 11:40:56] /addskill paladin, magic
[09/03/2011 11:40:57] /addskill paladin, magic
[09/03/2011 11:40:57] /addskill paladin, magic
[09/03/2011 11:40:57] /addskill paladin, magic
[09/03/2011 11:40:58] /addskill paladin, magic
[09/03/2011 11:41:27] /kick pa~
[09/03/2011 11:43:11] /goto p~
[09/03/2011 11:43:14] /i vip amulet
[09/03/2011 11:44:20] /goto p~
[09/03/2011 11:44:28] /attr skull 4
[10/03/2011 17:39:50] /t
[10/03/2011 17:39:55] /i crystal coin
[10/03/2011 17:39:55] /i crystal coin
[10/03/2011 17:39:56] /i crystal coin
[10/03/2011 17:41:38] /i crystal coin
[10/03/2011 17:41:39] /i crystal coin
[10/03/2011 17:41:39] /i crystal coin
[14/03/2011 19:51:17] /t
[14/03/2011 20:06:26] /t
[14/03/2011 20:06:57] /t
[14/03/2011 20:07:08] /m training monk
[14/03/2011 20:07:12] /r
[14/03/2011 20:07:35] /i vip wand
[14/03/2011 20:07:51] /addskill Mage,magic,230
[14/03/2011 20:07:55] /addskill Mage,magic,230
[14/03/2011 20:08:30] /i sudden death rune
[14/03/2011 20:09:40] /r
[14/03/2011 20:10:02] /r
[14/03/2011 20:10:16] /r
[14/03/2011 20:10:22] /a 2
[14/03/2011 20:10:25] /a 2
[21/03/2011 14:29:05] /t
[21/03/2011 14:30:05] /t
[21/03/2011 14:31:40] /t
[21/03/2011 14:31:45] /a
[21/03/2011 14:31:52] /a 8
[21/03/2011 14:31:55] /r
[21/03/2011 15:02:08] /m training monk
[21/03/2011 15:02:13] /m training monk
[21/03/2011 15:02:17] /r
[21/03/2011 15:03:13] /newtype 64
[21/03/2011 15:03:15] /newtype 63
[21/03/2011 15:03:16] /newtype 62
[21/03/2011 15:03:18] /newtype 66
[21/03/2011 15:03:20] /newtype 67
[21/03/2011 15:03:21] /newtype 65
[21/03/2011 15:03:22] /newtype 61
[21/03/2011 15:03:25] /newtype 74
[21/03/2011 15:03:27] /newtype 84
[21/03/2011 15:03:29] /newtype 83
[21/03/2011 15:03:30] /newtype 82
[21/03/2011 15:03:31] /newtype 1
[21/03/2011 15:03:34] /newtype 81
[21/03/2011 15:03:36] /newtype 82
[21/03/2011 15:03:38] /newtype 89
[21/03/2011 15:03:57] /newtype 88
[21/03/2011 15:03:59] /newtype 87
[21/03/2011 15:04:01] /newtype 86
[21/03/2011 15:04:03] /newtype 85
[21/03/2011 15:04:05] /newtype 90
[21/03/2011 15:04:07] /newtype 54
[21/03/2011 15:04:09] /newtype 56
[21/03/2011 15:04:11] /newtype 57
[21/03/2011 15:04:12] /newtype 58
[21/03/2011 15:04:14] /newtype 59
[21/03/2011 15:04:16] /newtype 62
[21/03/2011 15:04:18] /newtype 60
[21/03/2011 15:04:22] /newtype 58
[21/03/2011 15:04:23] /newtype 59
[21/03/2011 15:04:29] /newtype 189
[21/03/2011 15:04:31] /newtype 180
[21/03/2011 15:04:33] /newtype 170
[21/03/2011 15:04:35] /newtype 161
[21/03/2011 15:04:36] /newtype 160
[21/03/2011 15:04:39] /newtype 161
[21/03/2011 15:04:41] /newtype 158
[21/03/2011 15:04:45] /newtype 159
[21/03/2011 15:04:46] /newtype 150
[21/03/2011 15:04:52] /newtype 352
[21/03/2011 15:04:56] /newtype 124
[21/03/2011 15:04:59] /newtype 321
[21/03/2011 15:05:00] /newtype 323
[21/03/2011 15:05:02] /newtype 325
[21/03/2011 15:05:04] /newtype 327
[21/03/2011 15:05:06] /newtype 328
[21/03/2011 15:05:08] /newtype 329
[21/03/2011 15:05:10] /newtype 331
[21/03/2011 15:05:11] /newtype 332
[21/03/2011 15:05:15] /newtype 330
[21/03/2011 15:05:17] /newtype 329
[21/03/2011 15:05:20] /newtype 328
[21/03/2011 15:05:22] /newtype 327
[21/03/2011 15:05:24] /newtype 322
[21/03/2011 15:05:25] /newtype 323
[21/03/2011 15:05:27] /newtype 324
[21/03/2011 15:05:29] /newtype 325
[21/03/2011 15:05:31] /newtype 315
[21/03/2011 15:05:33] /newtype 313
[21/03/2011 15:05:34] /newtype 314
[21/03/2011 15:05:37] /newtype 312
[21/03/2011 15:05:39] /newtype 313
[21/03/2011 15:05:41] /newtype 310
[21/03/2011 15:05:43] /newtype 311
[21/03/2011 15:05:44] /newtype 312
[21/03/2011 15:05:46] /newtype 314
[21/03/2011 15:05:47] /newtype 315
[21/03/2011 15:05:56] /newtype 316
[21/03/2011 15:05:58] /newtype 318
[21/03/2011 15:06:00] /newtype 319
[21/03/2011 15:06:42] /newtype 310
[21/03/2011 15:06:45] /newtype 30
[21/03/2011 15:06:47] /newtype 300
[21/03/2011 15:06:49] /newtype 300
[21/03/2011 15:07:13] /m Diseased Dan
[21/03/2011 15:07:15] /m Diseased Dan
[21/03/2011 15:09:18] /m vip trainer
[21/03/2011 15:25:36] /t
[21/03/2011 15:25:45] /newtype 60
[21/03/2011 15:25:50] /newtype 78
[21/03/2011 15:25:54] /newtype 58
[21/03/2011 15:26:04] /m vip trainer
[21/03/2011 15:26:07] /r
[21/03/2011 17:33:04] /newtype 321
[21/03/2011 17:33:06] /newtype 331
[21/03/2011 17:33:08] /newtype 332
[21/03/2011 17:33:31] /i vip axe
[21/03/2011 17:33:33] /i vip sword
[21/03/2011 17:33:51] /i solar axwe
[21/03/2011 17:33:53] /i solar axe
[21/03/2011 17:41:10] /i 1987
[21/03/2011 17:41:12] /i 1989
[21/03/2011 17:41:17] /i demon backpack
[21/03/2011 17:41:24] /i moon backpack
[21/03/2011 17:41:56] /i warrior helmet
[21/03/2011 17:42:38] /i golden trophy
[21/03/2011 17:43:13] /i pair of soft boots
[21/03/2011 17:43:26] /i nightmare shield
[21/03/2011 17:49:35] /a 2
[21/03/2011 17:50:07] /t
[21/03/2011 17:50:21] /t
[21/03/2011 17:50:27] /a 2
[21/03/2011 17:51:12] /t
[21/03/2011 17:51:42] /t
[21/03/2011 18:59:07] /i crystal coin
[21/03/2011 18:59:08] /i crystal coin
[21/03/2011 18:59:09] /i crystal coin
[21/03/2011 18:59:09] /i crystal coin
[21/03/2011 18:59:10] /i crystal coin
[21/03/2011 18:59:11] /i crystal coin
[21/03/2011 18:59:11] /i crystal coin
[21/03/2011 18:59:12] /i crystal coin
[21/03/2011 18:59:12] /i crystal coin
[21/03/2011 18:59:13] /i crystal coin
[21/03/2011 18:59:32] /i crystal coin
[21/03/2011 18:59:32] /i crystal coin
[21/03/2011 18:59:33] /i crystal coin
[21/03/2011 18:59:34] /i crystal coin
[21/03/2011 18:59:34] /i crystal coin
[21/03/2011 18:59:35] /i crystal coin
[21/03/2011 18:59:40] /i crystal coin
[21/03/2011 18:59:55] /clean
[21/03/2011 19:21:34] /i crystal coin
[21/03/2011 19:22:57] /t
[21/03/2011 19:24:04] /t
[21/03/2011 19:24:48] /a 2
[21/03/2011 19:25:06] /t
[21/03/2011 19:25:14] /a 100
[21/03/2011 19:25:15] /a 100
[21/03/2011 19:25:16] /a 100
[21/03/2011 19:25:19] /a 10
[21/03/2011 19:25:20] /a 10
[21/03/2011 19:25:20] /a 10
[21/03/2011 19:25:20] /a 10
[21/03/2011 19:25:21] /a 10
[21/03/2011 19:25:21] /a 10
[21/03/2011 19:25:22] /a 10
[21/03/2011 19:25:23] /a 10
[21/03/2011 19:25:24] /a 10
[21/03/2011 19:25:25] /a 1
[21/03/2011 19:25:26] /a 1
[21/03/2011 19:25:27] /a 1
[21/03/2011 19:29:20] /i 284
[21/03/2011 19:29:24] /newtype 284
[21/03/2011 19:29:25] /newtype 289
[21/03/2011 19:29:33] /newtype 289
[21/03/2011 19:29:36] /newtype 256
[21/03/2011 19:29:38] /newtype 251
[21/03/2011 19:29:39] /newtype 250
[21/03/2011 19:29:43] /newtype 249
[21/03/2011 19:29:45] /newtype 241
[21/03/2011 19:29:46] /newtype 242
[21/03/2011 19:30:16] /newtype 152
[21/03/2011 19:30:33] /newtype 151
[21/03/2011 19:31:05] /newtype 152
[29/03/2011 20:48:18] /up
[29/03/2011 20:48:26] /i crystal coin
[29/03/2011 20:49:44] /a 2
[31/03/2011 16:53:33] /a 4
[31/03/2011 16:53:34] /a 4
[31/03/2011 16:53:35] /a 4
[31/03/2011 16:53:35] /a 4
[31/03/2011 16:53:35] /a 4
[31/03/2011 16:53:36] /a 4
[31/03/2011 16:53:36] /a 4
[31/03/2011 16:53:37] /a 4
[31/03/2011 16:53:37] /a 4
[31/03/2011 16:53:38] /a 4
[31/03/2011 16:53:39] /a 4
[31/03/2011 16:53:39] /a 4
[31/03/2011 16:53:40] /a 4
[31/03/2011 16:53:41] /a 4
[31/03/2011 16:53:42] /a 
[31/03/2011 16:53:47] /a 4
[31/03/2011 16:53:49] /a 4
[31/03/2011 16:53:49] /a 4
[31/03/2011 16:53:52] /a 4
[31/03/2011 16:53:55] /a 4
[31/03/2011 16:53:58] /up
[31/03/2011 16:53:59] /a 4
[31/03/2011 16:54:01] /a 4
[31/03/2011 16:54:04] /a 4
[31/03/2011 16:54:04] /a 4
[31/03/2011 16:54:05] /a 4
[31/03/2011 16:54:06] /a 4
[31/03/2011 16:54:07] /a 4
[31/03/2011 16:54:10] /a 4
[31/03/2011 16:54:11] /a 4
[31/03/2011 16:54:11] /a 4
[31/03/2011 16:54:12] /a 4
[31/03/2011 16:54:13] /a 4
[31/03/2011 16:54:13] /a 4
[31/03/2011 16:54:13] /a 4
[31/03/2011 16:54:14] /a 4
[31/03/2011 16:54:14] /a 4
[31/03/2011 16:54:15] /a 4
[31/03/2011 16:54:15] /a 4
[31/03/2011 16:54:16] /a 4
[31/03/2011 16:54:16] /a 4
[31/03/2011 16:54:17] /a 4
[31/03/2011 16:54:17] /a 4
[31/03/2011 16:54:18] /a 4
[31/03/2011 16:54:18] /a 4
[01/04/2011 18:59:20] /i addon doll
[01/04/2011 18:59:21] /i addon doll
[01/04/2011 18:59:21] /i addon doll
[01/04/2011 19:02:20] /i addon doll
[01/04/2011 19:02:23] /i addon doll
[01/04/2011 19:02:26] /i addon doll
[03/04/2011 20:15:15] /i hat of the mad
[03/04/2011 20:15:22] /i blue legs
[03/04/2011 20:15:25] /i focus cape
[03/04/2011 20:15:35] /i pair of soft boots
[03/04/2011 20:15:39] /i boots of haste
[03/04/2011 20:15:48] /i spellbook of dark mysteries
[03/04/2011 20:15:55] /i wand of voodoo
[03/04/2011 20:16:19] /i demon backpack
[04/04/2011 19:38:37] /a 3
[04/04/2011 19:40:53] /a
[04/04/2011 19:41:13] /a
[04/04/2011 19:41:21] /a 2
[04/04/2011 19:42:08] /a 4
[04/04/2011 19:42:15] /a 4
[04/04/2011 19:42:18] /a 4
[04/04/2011 19:42:32] /a 3
[04/04/2011 19:42:44] /t
[04/04/2011 19:42:49] /up
[05/04/2011 13:40:38] /goto magician
[05/04/2011 13:40:47] /m marogaroth
[05/04/2011 13:41:15] /a
[05/04/2011 13:41:18] /attr health 1
[05/04/2011 13:41:22] /attr health 1
[05/04/2011 13:41:31] /attr health 10
[05/04/2011 13:41:36] /attr maxhealth 10
[05/04/2011 13:41:43] /attr health 10
[05/04/2011 13:41:51] /a
[05/04/2011 13:41:55] /r
[05/04/2011 14:19:01] /a 6
[05/04/2011 14:19:02] /a 6
[05/04/2011 14:19:03] /a 6
[05/04/2011 14:19:03] /a 6
[05/04/2011 14:19:04] /a 6
[05/04/2011 14:19:04] /a 6
[05/04/2011 14:19:05] /a 6
[05/04/2011 14:19:05] /a 6
[05/04/2011 14:19:06] /a 6
[05/04/2011 14:19:06] /a 6
[05/04/2011 14:19:10] /a 6
[05/04/2011 14:19:13] /a 6
[05/04/2011 14:19:25] /up
[05/04/2011 14:19:27] /t
[05/04/2011 14:20:04] /goto test
[05/04/2011 14:20:41] /addskill Test,level,999
[05/04/2011 14:20:53] /addskill Test,magic,200
[05/04/2011 14:21:05] /attr vocation 1
[05/04/2011 14:21:12] /i vip wand
[05/04/2011 14:21:23] /attr maxmana 55000
[05/04/2011 14:21:31] /attr mana 55000
[05/04/2011 14:21:41] /attr maxhealth 55000
[05/04/2011 14:21:45] /attr health 55000
[05/04/2011 14:21:49] /i great mana potion
[05/04/2011 14:22:40] /i vip stone
[05/04/2011 14:22:49] /a 50
[05/04/2011 14:22:50] /a 50
[05/04/2011 14:22:51] /a 50
[05/04/2011 14:22:53] /a 5
[05/04/2011 14:22:53] /a 5
[05/04/2011 14:22:54] /a 5
[05/04/2011 14:22:54] /a 5
[05/04/2011 14:22:55] /a 5
[05/04/2011 14:22:59] /a 4
[05/04/2011 14:23:08] /c test
[05/04/2011 14:23:24] /c test
[05/04/2011 14:24:11] /i brown mushron
[05/04/2011 14:24:14] /i brown mushroon
[05/04/2011 14:24:20] /i brown musheroon
[05/04/2011 14:24:23] /i meat
[05/04/2011 14:26:10] /goto test
[05/04/2011 14:26:11] /up
[05/04/2011 14:26:12] /c test
[05/04/2011 14:26:14] /a
[05/04/2011 14:26:15] /c test
[05/04/2011 14:26:25] /ghost
[05/04/2011 14:26:38] /a 40
[05/04/2011 14:26:40] /a 4
[05/04/2011 14:26:41] /a 4
[05/04/2011 14:26:41] /a 4
[05/04/2011 14:26:41] /a 4
[05/04/2011 14:26:42] /a 4
[05/04/2011 14:26:43] /a 4
[05/04/2011 14:26:44] /a 4
[05/04/2011 14:26:48] /c test
[05/04/2011 14:28:03] /i vip stone
[05/04/2011 14:28:10] /c test
[05/04/2011 14:28:14] /c test
[05/04/2011 14:28:15] /i vip stone
[05/04/2011 14:30:27] /goto tes
[05/04/2011 14:30:28] /goto tes~
[05/04/2011 14:30:32] /r
[05/04/2011 14:31:06] /goto tes~
[05/04/2011 14:31:08] /a 56
[05/04/2011 14:31:10] /a 56
[05/04/2011 14:31:12] /a 5
[05/04/2011 14:31:22] /c tes~
[05/04/2011 14:32:32] /goto tes~
[05/04/2011 14:32:34] /a 5
[05/04/2011 14:32:37] /c tes~
[05/04/2011 14:32:40] /c tes~
[05/04/2011 14:32:42] /c tes~
[05/04/2011 14:32:44] /a 10
[05/04/2011 14:32:45] /a 10
[05/04/2011 14:32:46] /c tes~
[05/04/2011 14:32:47] /a 10
[05/04/2011 14:32:48] /a 10
[05/04/2011 14:32:48] /c tes~
[05/04/2011 14:32:50] /a 10
[05/04/2011 14:32:51] /c tes~
[05/04/2011 14:32:53] /a 4
[05/04/2011 14:32:54] /a 4
[05/04/2011 14:32:55] /c tes~
[05/04/2011 14:32:56] /c tes~
[05/04/2011 14:32:57] /c tes~
[05/04/2011 14:32:59] /c tes~
[05/04/2011 14:33:00] /c tes~
[05/04/2011 14:33:19] /c tes~
[05/04/2011 14:33:42] /goto tes~
[05/04/2011 14:33:44] /r
[05/04/2011 14:33:46] /r
[05/04/2011 14:34:11] /a 10
[05/04/2011 14:34:11] /a 10
[05/04/2011 14:34:12] /a 10
[05/04/2011 14:34:12] /a 10
[05/04/2011 14:34:13] /a 10
[05/04/2011 14:34:13] /a 10
[05/04/2011 14:34:14] /a 10
[05/04/2011 14:34:14] /a 10
[05/04/2011 14:34:15] /a 10
[05/04/2011 14:34:16] /a 10
[05/04/2011 14:34:16] /a 10
[05/04/2011 14:34:17] /a 10
[05/04/2011 14:34:18] /a 10
[05/04/2011 14:34:21] /c tes~
[05/04/2011 14:34:46] /a 10
[05/04/2011 14:34:47] /a 10
[05/04/2011 14:34:47] /a 10
[05/04/2011 14:34:48] /a 10
[05/04/2011 14:34:48] /a 10
[05/04/2011 14:34:49] /a 10
[05/04/2011 14:34:50] /a 10
[05/04/2011 14:34:50] /a 10
[05/04/2011 14:34:51] /a 10
[05/04/2011 14:34:52] /a 10
[05/04/2011 14:34:55] /c tes~
[05/04/2011 14:44:33] /i crystal coin
[05/04/2011 14:44:35] /t
[05/04/2011 14:44:57] /a 4
[05/04/2011 14:45:03] /a
[05/04/2011 14:45:10] /goto magician
[05/04/2011 14:46:44] /t
[05/04/2011 14:46:54] /a 30
[05/04/2011 14:46:55] /a 31
[05/04/2011 14:47:01] /a 32
[05/04/2011 14:47:03] /a 4
[05/04/2011 14:47:04] /a 4
[05/04/2011 14:47:04] /a 4
[05/04/2011 14:47:09] /a 4
[05/04/2011 14:47:09] /a 4
[05/04/2011 14:47:10] /a 4
[05/04/2011 14:47:21] /n magician
[05/04/2011 14:47:23] /n magician
[05/04/2011 14:47:26] /m magician
[05/04/2011 14:47:34] /attr health 1
[05/04/2011 14:47:37] /attr maxhealth 1
[05/04/2011 14:47:44] /r
[05/04/2011 14:47:49] /m magician
[05/04/2011 14:47:54] /attr max health 5
[05/04/2011 14:47:58] /attr maxhealth 5
[05/04/2011 14:48:00] /r
[05/04/2011 14:48:01] /attr maxhealth 5
[05/04/2011 14:48:03] /m magician
[05/04/2011 14:48:06] /attr maxhealth 50
[05/04/2011 14:48:11] /attr maxhealth 5
[05/04/2011 14:48:12] /r
[05/04/2011 14:48:15] /m magician
[05/04/2011 14:48:21] /attr health 5
[05/04/2011 14:48:24] /attr minhealth 5
[05/04/2011 14:48:28] /attr health 5
[05/04/2011 14:49:05] /i magic wall rune
[05/04/2011 14:49:16] /c tes~
[05/04/2011 14:50:02] /a
[05/04/2011 14:50:05] /down
[05/04/2011 15:27:03] /a 4
[05/04/2011 15:27:04] /a 4
[05/04/2011 15:27:04] /a 4
[05/04/2011 15:27:05] /a 4
[05/04/2011 15:27:05] /a 4
[05/04/2011 15:27:05] /a 4
[05/04/2011 15:27:06] /a 4
[05/04/2011 15:27:07] /a 4
[05/04/2011 15:27:36] /a
[05/04/2011 15:27:37] /a
[05/04/2011 15:27:38] /a
[05/04/2011 15:27:38] /a
[05/04/2011 15:27:39] /a
[05/04/2011 15:28:01] /a 10
[05/04/2011 15:28:02] /a 10
[05/04/2011 15:28:02] /a 10
[05/04/2011 15:28:03] /a 10
[05/04/2011 15:28:03] /a 10
[05/04/2011 15:28:04] /a 10
[05/04/2011 15:28:05] /a 10
[05/04/2011 15:28:05] /a 10
[05/04/2011 15:28:06] /a 10
[05/04/2011 15:28:07] /a 1
[05/04/2011 15:28:08] /a 1
[05/04/2011 15:28:15] /a 50
[05/04/2011 15:28:16] /a 50
[05/04/2011 15:28:17] /a 50
[05/04/2011 15:28:20] /a 40
[05/04/2011 15:28:22] /a 30
[05/04/2011 15:28:24] /a 20
[05/04/2011 15:28:27] /a 10
[05/04/2011 15:28:28] /a 1
[05/04/2011 15:28:29] /a 1
[05/04/2011 15:29:54] /c test~
[05/04/2011 15:30:31] /c pala~
[05/04/2011 15:30:33] /c pala~
[05/04/2011 15:30:56] /r
[05/04/2011 15:31:03] /i vip amulet
[05/04/2011 15:31:19] /a 5
[05/04/2011 15:31:22] /a 5
[05/04/2011 15:31:32] /t
[05/04/2011 15:31:42] /a 5
[05/04/2011 15:31:42] /a 5
[05/04/2011 15:31:43] /a 5
[05/04/2011 15:31:44] /a 5
[05/04/2011 15:31:44] /a 5
[05/04/2011 15:31:45] /a 5
[05/04/2011 15:31:49] /a 5
[05/04/2011 15:31:49] /a 5
[05/04/2011 15:31:49] /a 5
[05/04/2011 15:31:49] /a 5
[05/04/2011 15:31:49] /a 5
[05/04/2011 15:31:51] /a 5
[05/04/2011 15:31:51] /a 5
[05/04/2011 15:31:56] /a 5
[05/04/2011 15:31:59] /a 5
[05/04/2011 15:31:59] /a 5
[05/04/2011 15:31:59] /a 5
[05/04/2011 15:31:59] /a 5
[05/04/2011 15:32:00] /a 5
[05/04/2011 15:32:01] /a 5
[05/04/2011 15:32:03] /a 5
[05/04/2011 15:32:06] /up
[05/04/2011 15:32:07] /a 5
[05/04/2011 15:32:07] /a 5
[05/04/2011 15:32:07] /a 5
[05/04/2011 15:32:08] /a 5
[05/04/2011 15:32:09] /a 5
[05/04/2011 15:32:09] /a 5
[05/04/2011 15:32:09] /a 5
[05/04/2011 15:32:10] /a 5
[05/04/2011 15:32:11] /a 5
[05/04/2011 15:32:12] /a 5
[05/04/2011 15:32:13] /a 5
[05/04/2011 15:32:13] /a 5
[05/04/2011 15:32:13] /a 5
[05/04/2011 15:32:13] /a 5
[05/04/2011 15:32:13] /a 5
[05/04/2011 15:32:13] /a 5
[05/04/2011 15:32:13] /a 5
[05/04/2011 15:32:13] /a 5
[05/04/2011 15:32:14] /a 5
[05/04/2011 15:32:14] /a 5
[05/04/2011 15:32:14] /a 5
[05/04/2011 15:32:14] /a 5
[05/04/2011 15:32:15] /a 5
[05/04/2011 15:32:15] /a 5
[05/04/2011 15:32:16] /a 5
[05/04/2011 15:32:16] /a 5
[05/04/2011 15:32:17] /a 5
[05/04/2011 15:32:18] /a 5
[05/04/2011 15:32:19] /a
[05/04/2011 15:32:37] /save
[05/04/2011 15:46:50] /i baiak cape
[05/04/2011 15:46:51] /i baiak cap
[05/04/2011 15:48:44] /i vip helmet
[05/04/2011 15:51:10] /i baiak cap
[05/04/2011 15:51:21] /i vip helmet
[05/04/2011 16:30:25] /a
[05/04/2011 16:30:29] /a
[05/04/2011 16:30:36] /a
[05/04/2011 16:30:37] /up
[05/04/2011 16:33:50] /a 100
[05/04/2011 16:33:51] /a 100
[05/04/2011 16:33:53] /a 10
[05/04/2011 16:33:53] /a 10
[05/04/2011 16:33:54] /a 10
[05/04/2011 16:33:54] /a 10
[05/04/2011 16:33:56] /a 10
[05/04/2011 16:33:56] /a 10
[05/04/2011 16:33:56] /a 10
[05/04/2011 16:33:57] /a 10
[05/04/2011 16:33:58] /a 10
[05/04/2011 16:33:58] /a 10
[05/04/2011 16:34:03] /t
[05/04/2011 16:35:13] /r
[05/04/2011 16:35:57] /t
[05/04/2011 16:36:05] /up
[05/04/2011 16:36:14] /t
[05/04/2011 16:36:47] /a 4
[05/04/2011 16:36:52] /a 4
[05/04/2011 16:36:52] /a 4
[05/04/2011 16:36:53] /a 4
[05/04/2011 19:06:48] /a 4
[05/04/2011 19:07:07] /a
[05/04/2011 19:07:53] /attr health 55
[05/04/2011 19:07:59] /attr maxhealth 55
[05/04/2011 19:08:03] /r
[05/04/2011 19:08:06] /m magician
[05/04/2011 19:08:53] /a 30
[05/04/2011 19:08:54] /a
[05/04/2011 19:08:55] /a
[05/04/2011 19:08:56] /a
[05/04/2011 19:09:01] /a 30
[05/04/2011 19:09:01] /a 30
[05/04/2011 19:09:03] /a 30
[05/04/2011 19:09:04] /a 30
[05/04/2011 19:09:05] /a 30
[05/04/2011 19:09:06] /a 30
[05/04/2011 19:09:08] /a 10
[05/04/2011 19:09:11] /a 5
[05/04/2011 19:09:19] /a 10
[05/04/2011 19:09:19] /a 10
[05/04/2011 19:09:20] /a 10
[05/04/2011 19:09:21] /a 10
[05/04/2011 19:09:21] /a 10
[05/04/2011 19:09:22] /a 10
[05/04/2011 19:09:23] /a 10
[05/04/2011 19:09:42] /t
[05/04/2011 19:21:59] /down
[05/04/2011 19:22:02] /a 9
[05/04/2011 19:22:04] /a 
[05/04/2011 19:22:05] /a 
[05/04/2011 19:22:05] /a 
[05/04/2011 19:22:06] /a 
[05/04/2011 19:22:06] /a 
[05/04/2011 19:22:07] /a 
[05/04/2011 19:22:07] /a 
[05/04/2011 19:22:08] /a 
[05/04/2011 19:22:09] /a 
[05/04/2011 19:23:30] /t
[05/04/2011 19:24:09] /t
[05/04/2011 19:25:09] /a
[05/04/2011 19:25:54] /a
[05/04/2011 19:25:58] /t
