[14/11/2012 14:35:01] /ghost
[14/11/2012 14:37:25] /b esse chao da Vip1 Fico Estranho
[14/11/2012 14:38:02] /i 1863
[14/11/2012 14:38:21] /b ow o Char que começa ja vai Ta com 1kk?
[14/11/2012 14:38:40] /i 1863
[14/11/2012 14:38:41] /i 1863
[14/11/2012 14:38:42] /i 1863
[14/11/2012 14:38:43] /i 1863
[14/11/2012 14:39:12] /a 5
[14/11/2012 14:39:13] /a 5
[14/11/2012 14:39:14] /a 5
[14/11/2012 14:39:14] /a 5
[14/11/2012 14:39:14] /a 5
[14/11/2012 14:39:14] /a 5
[14/11/2012 14:39:14] /a 5
[14/11/2012 14:39:15] /a 5
[14/11/2012 14:39:15] /a 5
[14/11/2012 14:39:15] /a 5
[14/11/2012 14:39:15] /a 5
[14/11/2012 14:39:15] /a 5
[14/11/2012 14:39:16] /a 5
[14/11/2012 14:39:16] /a 5
[14/11/2012 14:39:16] /a 5
[14/11/2012 14:39:16] /a 5
[14/11/2012 14:39:17] /a 5
[14/11/2012 14:39:17] /a 5
[14/11/2012 14:39:17] /a 5
[14/11/2012 14:39:17] /a 5
[14/11/2012 14:39:17] /a 5
[14/11/2012 14:39:18] /a 5
[14/11/2012 14:39:18] /a 5
[14/11/2012 14:39:18] /a 5
[14/11/2012 14:39:18] /a 5
[14/11/2012 14:39:18] /a 5
[14/11/2012 14:39:18] /a 5
[14/11/2012 14:39:19] /a 5
[14/11/2012 14:39:19] /a 5
[14/11/2012 14:39:19] /a 5
[14/11/2012 14:39:19] /a 5
[14/11/2012 14:39:20] /a 5
[14/11/2012 14:39:20] /a 5
[14/11/2012 14:39:20] /a 5
[14/11/2012 14:39:20] /a 5
[14/11/2012 14:39:21] /a 5
[14/11/2012 14:39:21] /a 5
[14/11/2012 14:39:21] /a 5
[14/11/2012 14:39:21] /a 5
[14/11/2012 14:39:22] /a 5
[14/11/2012 14:39:22] /a 5
[14/11/2012 14:39:22] /a 5
[14/11/2012 14:39:22] /a 5
[14/11/2012 14:39:23] /a 5
[14/11/2012 14:39:23] /a 5
[14/11/2012 14:39:23] /a 5
[14/11/2012 14:39:24] /a 5
[14/11/2012 14:39:24] /a 5
[14/11/2012 14:39:25] /a 5
[14/11/2012 14:39:25] /a 5
[14/11/2012 14:39:25] /a 5
[14/11/2012 14:39:25] /a 5
[14/11/2012 14:39:26] /a 5
[14/11/2012 14:39:26] /a 5
[14/11/2012 14:39:26] /a 5
[14/11/2012 14:39:26] /a 5
[14/11/2012 14:39:26] /a 5
[14/11/2012 14:39:27] /a 5
[14/11/2012 14:39:27] /a 5
[14/11/2012 14:39:27] /a 5
[14/11/2012 14:39:27] /a 5
[14/11/2012 14:39:27] /a 5
[14/11/2012 14:39:28] /a 5
[14/11/2012 14:39:28] /a 5
[14/11/2012 14:39:28] /a 5
[14/11/2012 14:39:28] /a 5
[14/11/2012 14:39:28] /a 5
[14/11/2012 14:39:28] /a 5
[14/11/2012 14:39:29] /a 5
[14/11/2012 14:39:29] /a 5
[14/11/2012 14:39:29] /a 5
[14/11/2012 14:39:29] /a 5
[14/11/2012 14:39:29] /a 5
[14/11/2012 14:39:30] /a 5
[14/11/2012 14:39:30] /a 5
[14/11/2012 14:39:30] /a 5
[14/11/2012 14:39:31] /a 5
[14/11/2012 14:39:31] /a 5
[14/11/2012 14:39:31] /a 5
[14/11/2012 14:39:33] /a 5
[14/11/2012 14:39:34] /a 5
[14/11/2012 14:39:34] /a 5
[14/11/2012 14:39:34] /a 5
[14/11/2012 14:39:35] /a 5
[14/11/2012 14:39:35] /a 5
[14/11/2012 14:39:44] /b ow vai ter os Itens DONATES??
[14/11/2012 14:39:45] /a 5
[14/11/2012 14:39:46] /a 5
[14/11/2012 14:39:46] /a 5
[14/11/2012 14:39:46] /a 5
[14/11/2012 14:39:46] /a 5
[14/11/2012 14:39:47] /a 5
[14/11/2012 14:39:48] /a 5
[14/11/2012 14:39:48] /a 5
[14/11/2012 14:39:48] /a 5
[14/11/2012 14:39:48] /a 5
[14/11/2012 14:39:49] /a 5
[14/11/2012 14:39:49] /a 5
[14/11/2012 14:39:49] /a 5
[14/11/2012 14:39:49] /a 5
[14/11/2012 14:39:49] /a 5
[14/11/2012 14:39:50] /a 5
[14/11/2012 14:39:50] /a 5
[14/11/2012 14:39:50] /a 5
[14/11/2012 14:39:52] /a 5
[14/11/2012 14:39:53] /a 5
[14/11/2012 14:39:53] /a 5
[14/11/2012 14:40:00] /a 5
[14/11/2012 14:40:01] /a 5
[14/11/2012 14:40:01] /a 5
[14/11/2012 14:40:02] /a 5
[14/11/2012 14:40:02] /a 5
[14/11/2012 14:40:02] /a 5
[14/11/2012 14:40:02] /a 5
[14/11/2012 14:40:02] /a 5
[14/11/2012 14:40:03] /a 5
[14/11/2012 14:40:04] /a 5
[14/11/2012 14:40:04] /a 5
[14/11/2012 14:40:04] /a 5
[14/11/2012 14:40:07] /a 5
[14/11/2012 14:40:07] /a 5
[14/11/2012 14:40:08] /a 5
[14/11/2012 14:40:08] /a 5
[14/11/2012 14:40:09] /a 5
[14/11/2012 14:40:09] /a 5
[14/11/2012 14:40:11] /a 5
[14/11/2012 14:40:11] /a 5
[14/11/2012 14:40:11] /a 5
[14/11/2012 14:40:12] /a 5
[14/11/2012 14:40:12] /a 5
[14/11/2012 14:40:13] /a 5
[14/11/2012 14:40:13] /a 5
[14/11/2012 14:40:13] /a 5
[14/11/2012 14:40:13] /a 5
[14/11/2012 14:40:13] /a 5
[14/11/2012 14:40:13] /a 5
[14/11/2012 14:40:14] /a 5
[14/11/2012 14:40:14] /a 5
[14/11/2012 14:40:14] /a 5
[14/11/2012 14:40:14] /a 5
[14/11/2012 14:40:14] /a 5
[14/11/2012 14:40:15] /a 5
[14/11/2012 14:40:15] /a 5
[14/11/2012 14:40:15] /a 5
[14/11/2012 14:40:15] /a 5
[14/11/2012 14:40:16] /a 5
[14/11/2012 14:40:16] /a 5
[14/11/2012 14:40:16] /a 5
[14/11/2012 14:40:16] /a 5
[14/11/2012 14:40:16] /a 5
[14/11/2012 14:40:16] /a 5
[14/11/2012 14:40:17] /a 5
[14/11/2012 14:40:18] /a 5
[14/11/2012 14:40:18] /a 5
[14/11/2012 14:40:18] /a 5
[14/11/2012 14:40:18] /a 5
[14/11/2012 14:40:18] /a 5
[14/11/2012 14:40:19] /a 5
[14/11/2012 14:40:19] /a 5
[14/11/2012 14:40:19] /a 5
[14/11/2012 14:40:21] /a 5
[14/11/2012 14:40:22] /a 5
[14/11/2012 14:40:22] /a 5
[14/11/2012 14:40:22] /a 5
[14/11/2012 14:40:22] /a 5
[14/11/2012 14:40:24] /a 5
[14/11/2012 14:40:26] /a 5
[14/11/2012 14:40:31] /a 5
[14/11/2012 14:40:32] /a 5
[14/11/2012 14:40:33] /a 5
[14/11/2012 14:40:35] /a 5
[14/11/2012 14:40:36] /a 5
[14/11/2012 14:40:38] /a 3
[14/11/2012 14:40:51] /a 5
[14/11/2012 14:41:01] /t
[14/11/2012 14:41:35] /i vip stone
[14/11/2012 14:41:42] /i vip stone
[14/11/2012 14:41:46] /a 1
[14/11/2012 14:42:23] /t
[14/11/2012 14:42:32] /i imperium sword
[14/11/2012 14:42:46] /t
[14/11/2012 14:42:58] /a 5
[14/11/2012 14:42:59] /a 5
[14/11/2012 14:42:59] /a 5
[14/11/2012 14:42:59] /a 5
[14/11/2012 14:43:01] /a 5
[14/11/2012 14:43:01] /a 5
[14/11/2012 14:43:01] /a 5
[14/11/2012 14:43:02] /a 5
[14/11/2012 14:43:02] /a 5
[14/11/2012 14:43:03] /a 5
[14/11/2012 14:43:04] /a 5
[14/11/2012 14:43:04] /a 5
[14/11/2012 14:43:04] /a 5
[14/11/2012 14:43:10] /a 5
[14/11/2012 14:43:14] /a 5
[14/11/2012 14:43:14] /a 5
[14/11/2012 14:43:14] /a 5
[14/11/2012 14:43:15] /a 5
[14/11/2012 14:43:16] /a 5
[14/11/2012 14:43:16] /a 5
[14/11/2012 14:43:17] /a 5
[14/11/2012 14:43:18] /a 5
[14/11/2012 14:43:19] /a 5
[14/11/2012 14:43:20] /a 5
[14/11/2012 14:43:21] /a 5
[14/11/2012 14:43:22] /a 5
[14/11/2012 14:43:23] /a 5
[14/11/2012 14:43:24] /a 5
[14/11/2012 14:43:25] /a 5
[14/11/2012 14:43:26] /a 5
[14/11/2012 14:43:28] /a 2
[14/11/2012 14:43:33] /a 5
[14/11/2012 14:43:34] /a 5
[14/11/2012 14:43:34] /a 5
[14/11/2012 14:43:44] /a 5
[14/11/2012 14:43:49] /a 5
[14/11/2012 14:43:49] /a 5
[14/11/2012 14:43:49] /a 5
[14/11/2012 14:43:52] /a 5
[14/11/2012 14:43:52] /a 5
[14/11/2012 14:43:52] /a 5
[14/11/2012 14:43:52] /a 5
[14/11/2012 14:43:52] /a 5
[14/11/2012 14:43:52] /a 5
[14/11/2012 14:43:52] /a 5
[14/11/2012 14:43:52] /a 5
[14/11/2012 14:43:53] /a 5
[14/11/2012 14:46:07] /a 5
[14/11/2012 14:46:07] /a 5
[14/11/2012 14:46:07] /a 5
[14/11/2012 14:46:07] /a 5
[14/11/2012 14:46:07] /a 5
[14/11/2012 14:46:08] /a 5
[14/11/2012 14:46:08] /a 5
[14/11/2012 14:46:08] /a 5
[14/11/2012 14:46:08] /a 5
[14/11/2012 14:46:09] /a 5
[14/11/2012 14:46:09] /a 5
[14/11/2012 14:46:09] /a 5
[14/11/2012 14:46:10] /a 5
[14/11/2012 14:46:10] /a 5
[14/11/2012 14:46:10] /a 5
[14/11/2012 14:46:10] /a 5
[14/11/2012 14:46:10] /a 5
[14/11/2012 14:46:12] /a 5
[14/11/2012 14:46:33] /i 7958
[14/11/2012 14:47:25] /i 1269
[14/11/2012 14:47:29] /r
[14/11/2012 14:50:11] /t
[14/11/2012 14:52:54] /b Bug nos Vip trainer
[14/11/2012 14:53:37] /i 12288
