[05/01/2012 12:33:16] /a 2
[05/01/2012 12:33:32] /r
[05/01/2012 12:34:05] /i 2160 
[05/01/2012 12:34:12] /i 2160 
[05/01/2012 12:34:19] /i 2160 
[05/01/2012 12:34:20] /i 2160 
[05/01/2012 12:34:20] /i 2160 
[05/01/2012 12:34:20] /i 2160 
[05/01/2012 12:34:20] /i 2160 
[05/01/2012 12:34:20] /i 2160 
[05/01/2012 12:34:20] /i 2160 
[05/01/2012 12:34:20] /i 2160 
[05/01/2012 12:34:20] /i 2160 
[05/01/2012 12:34:20] /i 2160 
[05/01/2012 12:34:20] /i 2160 
[05/01/2012 12:34:20] /i 2160 
[05/01/2012 12:34:20] /i 2160 
[05/01/2012 12:34:20] /i 2160 
[05/01/2012 12:34:20] /i 2160 
[05/01/2012 12:34:20] /i 2160 
[05/01/2012 12:34:20] /i 2160 
[05/01/2012 12:35:10] /s dragon lor
[05/01/2012 12:35:17] /s dragon lore
[05/01/2012 12:35:33] /s demon
[05/01/2012 12:35:38] /s demon
[05/01/2012 12:35:40] /s demon
[05/01/2012 12:35:44] /s demon
[05/01/2012 12:36:05] /t
