[06/02/2011 19:22:00] /a
[06/02/2011 19:22:33] /a
[06/02/2011 19:22:56] /t
[06/02/2011 19:22:58] /up
[06/02/2011 19:23:06] /i vip amulet
[06/02/2011 19:24:45] /a 10
[06/02/2011 19:24:46] /a 10
[06/02/2011 19:24:48] /a 10
[06/02/2011 19:24:48] /a 10
[06/02/2011 19:24:51] /a 10
[06/02/2011 19:24:52] /a 10
[06/02/2011 19:24:52] /a 10
[06/02/2011 19:24:53] /a 10
[06/02/2011 19:24:55] /a 1
[06/02/2011 19:24:55] /a 1
[06/02/2011 19:24:58] /a 10
[06/02/2011 19:24:58] /a 10
[06/02/2011 19:24:59] /a 10
[06/02/2011 19:27:50] /c t~
[06/02/2011 19:28:18] /attr skull 5
[06/02/2011 19:28:19] /attr skull 3
[06/02/2011 19:28:22] /attr skull 4
[06/02/2011 19:28:34] /m demon
[06/02/2011 19:28:48] /i meat
[06/02/2011 19:29:17] /i meat
[06/02/2011 19:29:18] /m demon
[06/02/2011 19:29:19] /m demon
[06/02/2011 19:29:19] /m demon
[06/02/2011 19:29:42] /r
[06/02/2011 19:29:46] /r
[06/02/2011 19:29:46] /r
[06/02/2011 19:29:47] /r
[06/02/2011 19:29:49] /r
[06/02/2011 19:29:51] /r
[06/02/2011 19:29:52] /r
[06/02/2011 19:29:54] /r
[06/02/2011 19:29:55] /c tç 
[06/02/2011 19:29:57] /c t~
[06/02/2011 19:30:30] /attr skull 5
[06/02/2011 19:30:32] /attr skull 6
[06/02/2011 19:30:34] /attr skull 7
[06/02/2011 19:30:36] /attr skull 4
[06/02/2011 19:30:39] /attr skull 5
[06/02/2011 19:30:43] /r
[06/02/2011 19:30:44] /r
[06/02/2011 19:30:46] /r
[06/02/2011 19:30:55] /i addon doll
[06/02/2011 19:37:37] /t
[06/02/2011 19:37:42] /i vip amulet
[06/02/2011 19:38:11] /m demon
[06/02/2011 19:41:39] /t
[06/02/2011 19:41:42] /i vip amulet
[06/02/2011 19:41:49] /save
[06/02/2011 19:43:25] /m demon
[06/02/2011 19:43:25] /m demon
[06/02/2011 19:43:26] /m demon
[06/02/2011 19:44:48] /r
[06/02/2011 19:44:52] /r
[06/02/2011 19:44:53] /r
[06/02/2011 19:44:54] /r
[06/02/2011 19:44:55] /r
[06/02/2011 19:46:59] /attr skull 4
[06/02/2011 19:48:15] /a
[06/02/2011 19:48:18] /ghost
[06/02/2011 19:48:49] /t t~
[06/02/2011 23:50:38] /i vip rod
[06/02/2011 23:50:41] /i vip wand
[06/02/2011 23:56:13] /i vip wand
[06/02/2011 23:56:15] /i vip rod
[06/02/2011 23:57:10] /clean
[06/02/2011 23:57:15] /i moon backpack
[06/02/2011 23:57:22] /r
[06/02/2011 23:57:27] /i orange backpack
[06/02/2011 23:57:33] /i vip amulet
[06/02/2011 23:57:37] /i vip helmet
[06/02/2011 23:57:42] /i vip wand
[06/02/2011 23:57:55] /i baiak armor
[06/02/2011 23:57:58] /i baiak helmet
[06/02/2011 23:58:01] /i baiak legs[
[06/02/2011 23:58:03] /i baiak legs
[06/02/2011 23:58:10] /i baiak boots
[06/02/2011 23:58:12] /i baiak boot
[06/02/2011 23:58:18] /i pair of soft boots
[06/02/2011 23:58:27] /i necromancer shield
[06/02/2011 23:58:31] /r
[06/02/2011 23:58:35] /i nightmare shield
[06/02/2011 23:58:43] /i starlight
[06/02/2011 23:58:48] /i starl ight
[06/02/2011 23:58:54] /i star light
[06/02/2011 23:58:56] /t
[06/02/2011 23:59:04] /i great mana potio
[06/02/2011 23:59:08] /i great health potion
[06/02/2011 23:59:13] /i great mana potion
[06/02/2011 23:59:26] /save
[06/02/2011 23:59:30] /i vip sword
[06/02/2011 23:59:33] /i vip axe
[06/02/2011 23:59:41] /i vip club
[06/02/2011 23:59:45] /i vip star
[06/02/2011 23:59:49] /i vip rod
[06/02/2011 23:59:56] /up
[07/02/2011 00:00:03] /a
[07/02/2011 00:00:43] /a 8
[07/02/2011 00:00:45] /a 8
[07/02/2011 00:00:46] /a 8
[07/02/2011 00:00:47] /a 8
[07/02/2011 00:00:48] /a 8
[07/02/2011 00:00:49] /a 8
[07/02/2011 00:00:50] /a 8
[07/02/2011 00:02:39] /a 5
[07/02/2011 00:02:41] /a 5
[07/02/2011 00:02:44] /a 9
[07/02/2011 00:02:46] /a 9
[07/02/2011 00:02:47] /a 9
[07/02/2011 00:02:50] /a 9
[07/02/2011 00:02:53] /a 10
[07/02/2011 00:02:56] /a 10
[07/02/2011 00:02:58] /a 10
[07/02/2011 00:03:00] /a 10
[07/02/2011 00:03:02] /a 10
[07/02/2011 00:03:06] /a 10
[07/02/2011 00:03:07] /a 10
[07/02/2011 00:03:10] /a 10
[07/02/2011 00:03:12] /a 10
[07/02/2011 00:03:13] /a 10
[07/02/2011 00:03:15] /a 10
[07/02/2011 00:03:16] /a 10
[07/02/2011 00:03:19] /a 2
[07/02/2011 00:03:22] /a 2
[07/02/2011 00:03:24] /a 20
[07/02/2011 00:03:26] /a 20
[07/02/2011 00:03:30] /a 20
[07/02/2011 00:03:32] /a 20
[07/02/2011 00:03:40] /a 6
[07/02/2011 00:03:41] /a 6
[07/02/2011 00:03:44] /a 6
[07/02/2011 00:03:45] /a 6
[07/02/2011 00:03:49] /a 2
[07/02/2011 00:03:50] /a 2
[07/02/2011 00:03:52] /a 2
[07/02/2011 00:45:06] /a 4
[07/02/2011 00:47:55] /t
[07/02/2011 00:47:59] /up
[07/02/2011 00:48:06] /a 40
[07/02/2011 00:48:08] /a 10
[07/02/2011 00:48:09] /a 10
[07/02/2011 00:48:10] /a 10
[07/02/2011 00:48:12] /a 10
[07/02/2011 00:48:13] /a 10
[07/02/2011 00:48:14] /a 10
[07/02/2011 00:48:15] /a 1
[07/02/2011 00:48:16] /a 1
[07/02/2011 00:48:17] /a 1
[07/02/2011 00:48:18] /up
[07/02/2011 00:48:24] /a 30
[07/02/2011 00:48:25] /a 30
[07/02/2011 00:48:26] /a 30
[07/02/2011 00:48:29] /a 10
[07/02/2011 00:48:30] /a 10
[07/02/2011 00:48:37] /a 4
[07/02/2011 11:59:58] /t
[07/02/2011 12:00:07] /i vip axe
[07/02/2011 12:00:10] /i vip club
[07/02/2011 12:00:19] /save
[07/02/2011 12:00:23] /a 4
[07/02/2011 12:00:28] /t
[07/02/2011 12:00:30] /up
[07/02/2011 12:00:45] /up
[07/02/2011 12:00:51] /a 40
[07/02/2011 12:00:52] /a 40
[07/02/2011 12:00:55] /a 10
[07/02/2011 12:00:55] /a 10
[07/02/2011 12:01:02] /a 4
[07/02/2011 12:01:14] /a 100
[07/02/2011 12:01:16] /a 100
[07/02/2011 12:01:17] /a 100
[07/02/2011 12:01:18] /a 100
[07/02/2011 12:01:20] /a 100
[07/02/2011 12:01:20] /a 100
[07/02/2011 12:01:27] /goto dark abominator
[07/02/2011 12:01:28] /a
[07/02/2011 12:01:45] /r
[07/02/2011 12:02:41] /ghost
[07/02/2011 12:02:47] /r
[07/02/2011 12:02:48] /r
[07/02/2011 12:03:01] /a 3
[07/02/2011 12:03:03] /a
[07/02/2011 12:03:06] /a
[07/02/2011 12:03:16] /r
[07/02/2011 12:03:17] /r
[07/02/2011 12:03:20] /r
[07/02/2011 12:03:23] /r
[07/02/2011 12:03:26] /r
[07/02/2011 12:03:31] /r
[07/02/2011 12:03:33] /r
[07/02/2011 12:03:34] /r
[07/02/2011 12:08:08] /goto dfar~
[07/02/2011 12:08:12] /goto dark abo~
[07/02/2011 12:08:18] /goto dark abominator
[07/02/2011 12:08:20] /a
[07/02/2011 12:08:20] /a
[07/02/2011 12:08:21] /a
[07/02/2011 12:08:21] /a
[07/02/2011 12:08:44] /goto t~
[07/02/2011 12:08:57] /i vip rod
[07/02/2011 12:09:04] /i great mana potion
[07/02/2011 12:09:13] /attr skull
[07/02/2011 12:09:15] /attr skull 4
[07/02/2011 12:09:27] /i baiak armor
[07/02/2011 12:09:29] /i baiak legs
[07/02/2011 12:09:33] /i baiak helmet
[07/02/2011 12:09:39] /i pair of soft boots
[07/02/2011 12:09:41] /i baiak shield
[07/02/2011 12:10:02] /save
[07/02/2011 12:10:08] /goto dark abominator
[07/02/2011 12:10:10] /a
[07/02/2011 12:10:11] /a
[07/02/2011 12:10:12] /a
[07/02/2011 12:10:12] /a
[07/02/2011 12:10:13] /a
[07/02/2011 12:10:15] /c te~
[07/02/2011 12:10:19] /a
[07/02/2011 12:10:25] /i suden death rune
[07/02/2011 12:10:28] /i sudden death rune
[07/02/2011 12:10:45] /r
[07/02/2011 12:11:17] /a 2
[07/02/2011 12:11:19] /r
[07/02/2011 12:12:57] /m dark abominator
[07/02/2011 12:13:26] /c tes~
[07/02/2011 12:14:12] /r
[07/02/2011 12:14:13] /r
[07/02/2011 12:19:10] /goto dark abominator
[07/02/2011 12:19:40] /a
[07/02/2011 12:20:28] /t
[07/02/2011 12:22:20] /goto dark abominator
[07/02/2011 12:22:22] /down
[07/02/2011 16:37:49] /a 40
[07/02/2011 16:37:50] /a 40
[07/02/2011 16:37:50] /a 40
[07/02/2011 16:37:51] /a 40
[07/02/2011 16:37:51] /a 40
[07/02/2011 16:37:52] /a 40
[07/02/2011 16:37:55] /a 100
[07/02/2011 16:37:57] /a 100
[07/02/2011 16:37:57] /a 100
[07/02/2011 16:38:00] /a 50
[07/02/2011 16:38:00] /a 50
[07/02/2011 16:38:01] /a 50
[07/02/2011 16:38:02] /a 50
[07/02/2011 16:38:03] /a 50
[07/02/2011 16:38:03] /a 50
[07/02/2011 16:39:35] /t
[07/02/2011 16:39:44] /t
[07/02/2011 16:39:47] /town 4
[07/02/2011 16:40:49] /t
[07/02/2011 16:40:51] /up
[07/02/2011 16:41:11] /a 5
[07/02/2011 16:41:12] /a 5
[07/02/2011 16:41:13] /a 5
[07/02/2011 16:41:13] /a 5
[07/02/2011 16:41:14] /a 5
[07/02/2011 16:41:14] /a 5
[07/02/2011 16:41:15] /a 5
[07/02/2011 16:41:15] /a 5
[07/02/2011 16:41:15] /a 5
[07/02/2011 16:41:16] /a 5
[07/02/2011 16:41:17] /a 5
[07/02/2011 16:41:17] /a 5
[07/02/2011 16:41:23] /a 5
[07/02/2011 16:42:34] /a 10
[07/02/2011 16:44:16] /b OT VAI CAIR PARA O SAVE VOLTA EM 30 MINUTOS!
[07/02/2011 16:45:07] /bc c FULL SAVER GO SAVED! PLEASE LOGGOUT OF TIBIA, LOGIN AGAIN IN 30 MINUTOS, THANKS
[07/02/2011 16:45:16] /save
[07/02/2011 17:54:18] /goto dark abominator
[07/02/2011 17:54:24] /a 4
[07/02/2011 17:54:25] /a 4
[07/02/2011 17:54:30] /a 4
[07/02/2011 17:54:31] /a 4
[07/02/2011 17:54:37] /a 4
[07/02/2011 17:54:37] /a 4
[07/02/2011 17:54:38] /a 4
[07/02/2011 17:54:38] /a 4
[07/02/2011 17:54:39] /a 4
[07/02/2011 17:54:39] /a 4
[07/02/2011 17:54:40] /a 4
[07/02/2011 17:54:40] /a 4
[07/02/2011 17:54:41] /a 4
[07/02/2011 17:54:41] /a 4
[07/02/2011 17:54:42] /a 4
[07/02/2011 17:54:43] /a 4
[07/02/2011 17:54:47] /a 4
[07/02/2011 17:54:48] /a 4
[07/02/2011 17:54:48] /a 4
[07/02/2011 17:55:04] /r
[07/02/2011 17:55:36] /a 40
[07/02/2011 17:55:37] /a 40
[07/02/2011 17:55:39] /a 10
[07/02/2011 17:55:39] /a 10
[07/02/2011 17:55:40] /a 10
[07/02/2011 17:55:41] /a 10
[07/02/2011 17:55:41] /a 10
[07/02/2011 17:55:42] /a 10
[07/02/2011 17:55:46] /a 10
[07/02/2011 17:55:46] /a 10
[07/02/2011 17:55:47] /a 10
[07/02/2011 17:55:50] /down
[07/02/2011 17:55:51] /a
[07/02/2011 17:55:52] /a
[07/02/2011 17:55:53] /a
[07/02/2011 17:56:38] /t
[07/02/2011 17:56:52] /a 40
[07/02/2011 17:56:54] /a 10
[07/02/2011 17:56:59] /a 10
[07/02/2011 17:56:59] /a 10
[07/02/2011 17:57:00] /a 10
[07/02/2011 17:57:00] /a 10
[07/02/2011 17:57:01] /up
[07/02/2011 17:57:02] /a 10
[07/02/2011 17:57:02] /a 10
[07/02/2011 17:57:03] /up
[07/02/2011 17:57:04] /a 10
[07/02/2011 17:57:04] /a 10
[07/02/2011 17:57:05] /a 10
[07/02/2011 17:57:06] /a 10
[07/02/2011 17:57:07] /up
[07/02/2011 17:57:07] /a 10
[07/02/2011 17:57:08] /a 10
[07/02/2011 17:57:11] /a 10
[07/02/2011 17:57:15] /down
[07/02/2011 17:57:16] /a 10
[07/02/2011 17:57:17] /a 10
[07/02/2011 17:57:19] /a 10
[07/02/2011 17:57:20] /a 10
[07/02/2011 17:57:20] /a 10
[07/02/2011 17:57:22] /a 10
[07/02/2011 17:57:23] /a 10
[07/02/2011 17:57:24] /a 10
[07/02/2011 17:57:28] /a 4
[07/02/2011 17:57:32] /down
[07/02/2011 17:57:33] /a 10
[07/02/2011 17:57:33] /a 10
[07/02/2011 17:57:33] /a 10
[07/02/2011 17:57:34] /a 10
[07/02/2011 17:57:36] /down
[07/02/2011 17:57:40] /a 10
[07/02/2011 17:57:43] /a 10
[07/02/2011 17:57:44] /a 10
[07/02/2011 17:57:44] /a 10
[07/02/2011 17:57:46] /a 10
[07/02/2011 17:57:48] /a 4
[07/02/2011 17:57:51] /a 5
[07/02/2011 17:57:54] /a 2
[07/02/2011 17:57:59] /down
[07/02/2011 17:58:00] /down
[07/02/2011 17:58:01] /a 10
[07/02/2011 17:58:01] /a 10
[07/02/2011 17:58:02] /a 10
[07/02/2011 17:58:02] /a 10
[07/02/2011 17:58:03] /a 10
[07/02/2011 17:58:07] /a 10
[07/02/2011 17:58:11] /a 10
[07/02/2011 17:58:12] /a 10
[07/02/2011 17:58:15] /a 10
[07/02/2011 17:58:15] /a 10
[07/02/2011 17:58:15] /a 10
[07/02/2011 17:58:16] /a 10
[07/02/2011 17:58:16] /a 10
[07/02/2011 17:58:16] /a 10
[07/02/2011 17:58:16] /a 10
[07/02/2011 17:58:17] /a 10
[07/02/2011 17:58:21] /a 10
[07/02/2011 17:58:29] /save
[07/02/2011 17:59:44] /t
[07/02/2011 17:59:52] /m captain cutler
[07/02/2011 17:59:57] /m quara squicher
[07/02/2011 17:59:59] /m quara squicher
[07/02/2011 18:19:12] /goto dark abominator
[07/02/2011 18:19:15] /a
[07/02/2011 18:19:20] /a 40
[07/02/2011 18:19:22] /a 40
[07/02/2011 18:19:28] /a 40
[07/02/2011 18:22:22] /m guardian of the sea
[07/02/2011 18:22:23] /r
[07/02/2011 18:22:33] /m guardian of the sea
[07/02/2011 18:22:54] /m Quara Abominator
[07/02/2011 18:22:59] /m spirit of jack
[07/02/2011 18:28:46] /save
[07/02/2011 18:28:48] /clean
[07/02/2011 18:28:57] /bc c SERVER CAINDO PARA ARRUMAR BUG
[07/02/2011 18:29:41] /m quara abominator
[07/02/2011 18:29:47] /m guardian of the sea
[07/02/2011 18:29:56] /m Guardian of the Sea
[07/02/2011 18:33:00] /m guardian of the sea
[07/02/2011 18:33:01] /m guardian of the sea
[07/02/2011 18:33:23] /m Guardian of The Sea
[07/02/2011 18:34:20] /m  <attack name="fire" interval="1000" chance="30" range="7" radius="7" target="1" min="-850" max="-950"> 		<attribute key="shootEffect" value="fire"/> 		<attribute key="areaEffect" value="firearea"/>
[07/02/2011 18:34:33] /m guardian of the sea
[07/02/2011 18:34:34] /m guardian of the sea
[07/02/2011 18:34:35] /m guardian of the sea
[07/02/2011 18:34:35] /m guardian of the sea
[07/02/2011 18:34:35] /m guardian of the sea
[07/02/2011 18:34:38] /m guardian of the sea
[07/02/2011 18:35:37] /m guardian of the sea
[07/02/2011 18:35:39] /m guardian of the sea
[07/02/2011 18:35:40] /m guardian of the sea
[07/02/2011 18:35:41] /m guardian of the sea
[07/02/2011 18:35:50] /r
[07/02/2011 18:35:51] /r
[07/02/2011 18:35:52] /r
[07/02/2011 18:39:56] /m guardian of the sea
[07/02/2011 18:40:00] /ghost
[07/02/2011 18:41:51] /i staff of baiak
[07/02/2011 18:44:43] /bc c SAVE IN 5 SECONDS
[07/02/2011 18:44:50] /save
[07/02/2011 18:45:23] /attr skull 4
[07/02/2011 18:45:28] /attr skull 4
[07/02/2011 18:45:30] /m demon
[07/02/2011 18:45:31] /m demon
[07/02/2011 18:45:31] /m demon
[07/02/2011 18:45:31] /m demon
[07/02/2011 18:45:32] /m demon
[07/02/2011 18:45:32] /m demon
[07/02/2011 18:45:32] /m demon
[07/02/2011 18:45:33] /m demon
[07/02/2011 18:46:03] /m apocalypse
[07/02/2011 18:46:04] /m apocalypse
[07/02/2011 18:46:05] /m apocalypse
[07/02/2011 18:46:05] /m apocalypse
[07/02/2011 18:46:39] /attr skull 5
[07/02/2011 18:46:48] /attr skull 4
[07/02/2011 18:47:33] /r
[07/02/2011 18:47:35] /r
[07/02/2011 18:47:36] /r
[07/02/2011 18:47:38] /r
[07/02/2011 18:47:39] /r
[07/02/2011 18:47:41] /r
[07/02/2011 18:47:42] /r
[07/02/2011 18:47:45] /goto t~
[07/02/2011 18:47:47] /a
[07/02/2011 18:48:35] /goto dark abominator
[07/02/2011 18:48:38] /a
[07/02/2011 18:48:42] /a 100
[07/02/2011 18:48:46] /a 40
[07/02/2011 18:48:47] /a
[07/02/2011 18:48:50] /c t~
[07/02/2011 19:22:37] /i crystal coin
[07/02/2011 19:22:38] /i crystal coin
[07/02/2011 19:22:38] /i crystal coin
[07/02/2011 19:22:49] /i orange backpack
[07/02/2011 19:22:52] /i crystal coin
[07/02/2011 19:22:52] /i crystal coin
[07/02/2011 19:22:53] /i crystal coin
[07/02/2011 19:22:53] /i crystal coin
[07/02/2011 19:22:54] /i crystal coin
[07/02/2011 19:22:54] /i crystal coin
[07/02/2011 19:22:55] /i crystal coin
[07/02/2011 19:22:55] /i crystal coin
[07/02/2011 19:22:56] /i crystal coin
[07/02/2011 19:26:46] /save
[07/02/2011 19:26:47] /clean
[07/02/2011 19:27:08] /newtype 55
[07/02/2011 19:27:11] /newtype 56
[07/02/2011 19:27:13] /newtype 59
[07/02/2011 19:27:16] /newtype 250
[07/02/2011 19:27:17] /newtype 251
[07/02/2011 19:27:19] /newtype 252
[07/02/2011 19:27:21] /newtype 253
[07/02/2011 19:27:22] /newtype 254
[07/02/2011 19:27:24] /newtype 255
[07/02/2011 19:27:26] /newtype 260
[07/02/2011 19:27:28] /newtype 261
[07/02/2011 19:27:30] /newtype 266
[07/02/2011 19:27:35] /newtype 269
[07/02/2011 19:27:37] /newtype 270
[07/02/2011 19:27:39] /newtype 271
[07/02/2011 19:27:40] /newtype 272
[07/02/2011 19:27:42] /newtype 273
[07/02/2011 19:27:44] /newtype 274
[07/02/2011 19:27:46] /newtype 275
[07/02/2011 19:27:49] /newtype 276
[07/02/2011 19:27:51] /newtype 278
[07/02/2011 19:27:55] /newtype 279
[07/02/2011 19:27:57] /newtype 280
[07/02/2011 19:27:59] /newtype 281
[07/02/2011 19:28:00] /newtype 282
[07/02/2011 19:28:02] /newtype 283
[07/02/2011 19:28:03] /newtype 284
[07/02/2011 19:28:07] /newtype 285
[07/02/2011 19:28:09] /newtype 284
[07/02/2011 19:39:15] /t
[07/02/2011 19:39:34] /a 100
[07/02/2011 19:39:34] /a 100
[07/02/2011 19:39:37] /a 20
[07/02/2011 19:39:38] /a 20
[07/02/2011 19:39:39] /a 20
[07/02/2011 19:39:59] /a 100
[07/02/2011 19:39:59] /a 100
[07/02/2011 19:40:02] /a 20
[07/02/2011 19:40:03] /a 20
[07/02/2011 19:40:04] /a 20
[07/02/2011 19:40:05] /a 20
[07/02/2011 19:41:50] /a
[07/02/2011 19:41:53] /a
[07/02/2011 19:41:56] /a
[07/02/2011 19:41:57] /a
[07/02/2011 19:42:09] /t
[07/02/2011 19:47:59] /i crystal coin
[07/02/2011 19:48:01] /i crystal coin
[07/02/2011 19:48:01] /i crystal coin
[07/02/2011 19:49:04] /save
[08/02/2011 16:08:12] /t
[08/02/2011 16:11:21] /owner nobody
[08/02/2011 16:11:54] /t
[08/02/2011 16:19:52] /t
[08/02/2011 16:20:50] /save
[08/02/2011 16:21:11] /t
[08/02/2011 16:39:23] /t
[08/02/2011 16:39:25] /up
[08/02/2011 20:25:42] /a 3
[08/02/2011 20:25:46] /down
[08/02/2011 20:25:50] /a 100
[08/02/2011 20:25:56] /goto hellspawn
[08/02/2011 20:26:01] /goto hellgorack
[08/02/2011 20:26:03] /goto hellgorak
[08/02/2011 20:26:09] /goto orshabaal
[08/02/2011 20:26:22] /goto grim reaper
[08/02/2011 20:26:33] /goto hellhound
[08/02/2011 20:26:40] /goto hellfire fighter
[08/02/2011 20:26:41] /t
[08/02/2011 20:26:46] /down
[08/02/2011 20:26:47] /a 4
[08/02/2011 20:26:49] /a 40
[08/02/2011 20:26:51] /a 4
[08/02/2011 20:26:55] /a 40
[08/02/2011 20:27:04] /a 10
[08/02/2011 20:27:04] /a 10
[08/02/2011 20:27:05] /a 10
[08/02/2011 20:27:05] /up
[08/02/2011 20:27:05] /a 10
[08/02/2011 20:27:06] /a 10
[08/02/2011 20:27:06] /up
[08/02/2011 20:27:06] /a 10
[08/02/2011 20:27:07] /a 10
[08/02/2011 20:27:08] /a 10
[08/02/2011 20:27:08] /up
[08/02/2011 20:27:09] /a 10
[08/02/2011 20:27:10] /a 10
[08/02/2011 20:27:11] /a 10
[08/02/2011 20:27:14] /a 1
[08/02/2011 20:27:14] /a 1
[08/02/2011 20:27:17] /down
[08/02/2011 20:27:17] /up
[08/02/2011 20:27:18] /down
[08/02/2011 20:27:18] /a 10
[08/02/2011 20:27:19] /a 10
[08/02/2011 20:27:21] /a 10
[08/02/2011 20:27:21] /a 10
[08/02/2011 20:27:22] /a 10
[08/02/2011 20:27:24] /a 10
[08/02/2011 20:27:24] /a 10
[08/02/2011 20:27:25] /down
[08/02/2011 20:27:26] /up
[08/02/2011 20:27:27] /a 10
[08/02/2011 20:27:29] /a
[08/02/2011 20:27:33] /down
[08/02/2011 20:27:34] /a 10
[08/02/2011 20:27:35] /a 10
[08/02/2011 20:27:35] /a 10
[08/02/2011 20:27:36] /a 10
[08/02/2011 20:27:37] /down
[08/02/2011 20:27:41] /a 2
[08/02/2011 20:27:44] /a 10
[08/02/2011 20:27:49] /up
[08/02/2011 20:27:49] /down
[08/02/2011 20:27:51] /down
[08/02/2011 20:27:52] /a 10
[08/02/2011 20:27:55] /a
[08/02/2011 20:27:56] /a
[08/02/2011 20:27:56] /a
[08/02/2011 20:27:59] /down
[08/02/2011 20:27:59] /down
[08/02/2011 20:27:59] /a 10
[08/02/2011 20:28:00] /down
[08/02/2011 20:28:01] /a 10
[08/02/2011 20:28:01] /a 10
[08/02/2011 20:28:02] /a 10
[08/02/2011 20:28:03] /a 10
[08/02/2011 20:28:08] /a 10
[08/02/2011 20:28:12] /a 10
[08/02/2011 20:28:12] /a 10
[08/02/2011 20:28:15] /a 10
[08/02/2011 20:28:15] /a 10
[08/02/2011 20:28:16] /a 10
[08/02/2011 20:28:16] /a 10
[08/02/2011 20:28:16] /a 10
[08/02/2011 20:28:16] /a 10
[08/02/2011 20:28:17] /a 10
[08/02/2011 20:28:17] /a 10
[08/02/2011 20:28:46] /i 8881
[08/02/2011 20:28:51] /i 8930
[08/02/2011 20:28:55] /goto ushuriel
[08/02/2011 20:28:57] /t
[08/02/2011 20:28:59] /save
[08/02/2011 20:29:12] /i demon helmet
[08/02/2011 20:29:21] /i mastermind shield
[08/02/2011 20:29:48] /i golden legs
[08/02/2011 20:32:59] /goto ushu~
[08/02/2011 20:33:01] /goto ushuriel
[08/02/2011 20:33:09] /i 8930
[08/02/2011 20:33:18] /i 8881
[08/02/2011 20:33:22] /t
[08/02/2011 20:33:38] /i earthborn giant armor
[08/02/2011 20:33:42] /i 8882
[08/02/2011 20:33:46] /i 8883
[08/02/2011 20:33:48] /i 8884
[08/02/2011 20:33:51] /i 8880
[08/02/2011 20:33:54] /r
[08/02/2011 20:33:57] /r
[08/02/2011 20:34:17] /i golden legs
[08/02/2011 20:34:25] /i demon helmet
[08/02/2011 20:34:45] /save
[08/02/2011 20:35:21] /i addon doll
[08/02/2011 20:35:22] /i addon doll
[08/02/2011 20:35:22] /i addon doll
[08/02/2011 20:35:22] /i addon doll
[08/02/2011 20:35:56] /i addon doll
[08/02/2011 20:35:57] /i addon doll
[08/02/2011 20:36:16] /save
[08/02/2011 20:41:13] /i hailstorm rod
[08/02/2011 20:41:20] /i demon helmet
[08/02/2011 20:41:33] /i mastermind shield
[08/02/2011 20:44:08] /i blessed legs
[08/02/2011 20:44:14] /i bless legs
[08/02/2011 20:44:23] /i yalaharian mask
[08/02/2011 20:44:27] /i yalahar mask
[08/02/2011 20:44:31] /i yalahari mask
[08/02/2011 20:44:33] /r
[08/02/2011 20:44:39] /i blessed legs
[08/02/2011 20:44:57] /goto ushurial
[08/02/2011 20:44:59] /goto ushuriel
[08/02/2011 20:45:08] /i dwarven legs
[08/02/2011 20:45:19] /i 8918
[08/02/2011 20:45:27] /i demon armor
[08/02/2011 20:45:32] /r
[08/02/2011 20:46:06] /save
[09/02/2011 11:01:52] /save
