[20/11/2012 12:43:32] /t
[20/11/2012 12:46:24] /reload movemments
[20/11/2012 12:46:28] /reload movements
[20/11/2012 12:51:59] /i 1946
[20/11/2012 12:52:08] /i 1550
[20/11/2012 12:52:11] /r
[20/11/2012 12:58:42] /a 3
[20/11/2012 13:00:18] /a 3
[20/11/2012 13:00:32] /a 2
[20/11/2012 13:00:43] /t
[20/11/2012 13:11:49] /goto rusho'zin
[20/11/2012 13:12:02] /t
[20/11/2012 13:13:05] /a 2
[20/11/2012 13:13:12] /a 4
[20/11/2012 13:14:22] /goto rusho'zin
[20/11/2012 13:33:30] /t
[20/11/2012 13:34:41] /i 1387
[20/11/2012 13:35:03] /attr position 291 549 7
[20/11/2012 13:48:23] /t
[20/11/2012 13:49:12] /a 3
[20/11/2012 13:49:46] /a 
[20/11/2012 13:52:12] /t
[20/11/2012 13:52:53] /a 2
[20/11/2012 13:53:00] /owner ~´ADM´~
[20/11/2012 13:53:07] /a 2
[20/11/2012 13:53:09] /owner ~´ADM´~
[20/11/2012 13:53:16] /a
[20/11/2012 13:53:26] /a
[20/11/2012 13:53:27] /owner ~´ADM´~
[20/11/2012 13:53:30] /a
[20/11/2012 13:54:10] /a 3
[20/11/2012 13:54:11] /owner ~´ADM´~
[20/11/2012 13:54:15] /a 3
[20/11/2012 13:54:18] /owner ~´ADM´~
[20/11/2012 14:07:33] /i mana potion
[20/11/2012 14:14:20] /save
[20/11/2012 14:15:55] /i mana potions
[20/11/2012 14:15:57] /i mana potion
[20/11/2012 14:16:06] /c test
[20/11/2012 14:19:58] /i mana potion
[20/11/2012 14:20:05] /c tesrt
[20/11/2012 14:20:07] /c test
[20/11/2012 14:23:20] /save
[20/11/2012 14:35:21] /t
[20/11/2012 14:38:07] /t
[20/11/2012 14:38:23] /a 2
[20/11/2012 14:38:23] /a 2
[20/11/2012 14:38:24] /a 2
[20/11/2012 14:38:25] /a 2
[20/11/2012 14:38:47] /a 20
